<?xml version="1.0" encoding="utf-8"?><testsuites name="pytest tests"><testsuite name="pytest" errors="0" failures="0" skipped="0" tests="4" time="8.997" timestamp="2025-06-12T09:37:21.104159+00:00" hostname="3bbbde37517e"><testcase classname="tests.test_cli" name="test_cli_user_create" time="2.349" /><testcase classname="tests.test_cli" name="test_cli_user_list" time="2.803" /><testcase classname="tests.test_docs" name="test_readme_sync" time="1.768" /><testcase classname="tests.test_docs" name="test_readme_async" time="1.653" /></testsuite></testsuites>