2025-06-06 02:12:43,308 - DEBUG - Logging initialized. Writing to /Users/johnrush/repos/chuck-data/log/sessions/2025-06-06_02-12-43.log
2025-06-06 02:12:43,313 - DEBUG - HTTP error: HTTP 401, Response: {"status":401,"message":"Unauthorized"}
2025-06-06 02:12:43,316 - DEBUG - GET request to: https://test-workspace.cloud.databricks.com/test-endpoint
2025-06-06 02:12:43,316 - DEBUG - Connection error: Connection failed
2025-06-06 02:12:43,318 - DEBUG - GET request to: https://test-workspace.cloud.databricks.com/test-endpoint
2025-06-06 02:12:43,318 - DEBUG - HTTP error: HTTP 404, Response: Not Found
2025-06-06 02:12:43,319 - DEBUG - GET request to: https://test-workspace.cloud.databricks.com/test-endpoint
2025-06-06 02:12:43,321 - DEBUG - POST request to: https://test-workspace.cloud.databricks.com/test-endpoint
2025-06-06 02:12:43,322 - DEBUG - Connection error: Connection failed
2025-06-06 02:12:43,323 - DEBUG - POST request to: https://test-workspace.cloud.databricks.com/test-endpoint
2025-06-06 02:12:43,324 - DEBUG - HTTP error: HTTP 400, Response: Bad Request
2025-06-06 02:12:43,326 - DEBUG - POST request to: https://test-workspace.cloud.databricks.com/test-endpoint
2025-06-06 02:12:43,363 - ERROR - Error listing catalogs: Database connection failed
2025-06-06 02:12:43,369 - ERROR - Error listing schemas: Network error
2025-06-06 02:12:43,476 - DEBUG - Saved configuration to /var/folders/3f/2n5sjdw50vj9gfnrxjbptj4c0000gn/T/tmpjhg8_sjg/test_config.json
2025-06-06 02:12:43,476 - DEBUG - Loaded configuration from /var/folders/3f/2n5sjdw50vj9gfnrxjbptj4c0000gn/T/tmpjhg8_sjg/test_config.json
2025-06-06 02:12:43,476 - DEBUG - Loaded configuration from /var/folders/3f/2n5sjdw50vj9gfnrxjbptj4c0000gn/T/tmpjhg8_sjg/test_config.json
2025-06-06 02:12:43,477 - DEBUG - Saved configuration to /var/folders/3f/2n5sjdw50vj9gfnrxjbptj4c0000gn/T/tmpjhg8_sjg/test_config.json
2025-06-06 02:12:43,477 - DEBUG - Loaded configuration from /var/folders/3f/2n5sjdw50vj9gfnrxjbptj4c0000gn/T/tmpjhg8_sjg/test_config.json
2025-06-06 02:12:43,478 - DEBUG - Saved configuration to /var/folders/3f/2n5sjdw50vj9gfnrxjbptj4c0000gn/T/tmpjhg8_sjg/test_config.json
2025-06-06 02:12:43,478 - DEBUG - Loaded configuration from /var/folders/3f/2n5sjdw50vj9gfnrxjbptj4c0000gn/T/tmpjhg8_sjg/test_config.json
2025-06-06 02:12:43,478 - DEBUG - Saved configuration to /var/folders/3f/2n5sjdw50vj9gfnrxjbptj4c0000gn/T/tmpjhg8_sjg/test_config.json
2025-06-06 02:12:43,478 - DEBUG - Loaded configuration from /var/folders/3f/2n5sjdw50vj9gfnrxjbptj4c0000gn/T/tmpjhg8_sjg/test_config.json
2025-06-06 02:12:43,479 - DEBUG - Saved configuration to /var/folders/3f/2n5sjdw50vj9gfnrxjbptj4c0000gn/T/tmpjhg8_sjg/test_config.json
2025-06-06 02:12:43,479 - DEBUG - Loaded configuration from /var/folders/3f/2n5sjdw50vj9gfnrxjbptj4c0000gn/T/tmpjhg8_sjg/test_config.json
2025-06-06 02:12:43,479 - DEBUG - Loaded configuration from /var/folders/3f/2n5sjdw50vj9gfnrxjbptj4c0000gn/T/tmpjhg8_sjg/test_config.json
2025-06-06 02:12:43,479 - DEBUG - Loaded configuration from /var/folders/3f/2n5sjdw50vj9gfnrxjbptj4c0000gn/T/tmpjhg8_sjg/test_config.json
2025-06-06 02:12:43,479 - DEBUG - Loaded configuration from /var/folders/3f/2n5sjdw50vj9gfnrxjbptj4c0000gn/T/tmpjhg8_sjg/test_config.json
2025-06-06 02:12:43,480 - DEBUG - Loaded configuration from /var/folders/3f/2n5sjdw50vj9gfnrxjbptj4c0000gn/T/tmpjhg8_sjg/test_config.json
2025-06-06 02:12:43,482 - DEBUG - Saved configuration to /var/folders/3f/2n5sjdw50vj9gfnrxjbptj4c0000gn/T/tmpfwan04sg/test_config.json
2025-06-06 02:12:43,483 - DEBUG - Loaded configuration from /var/folders/3f/2n5sjdw50vj9gfnrxjbptj4c0000gn/T/tmpfwan04sg/test_config.json
2025-06-06 02:12:43,485 - DEBUG - Saved configuration to /var/folders/3f/2n5sjdw50vj9gfnrxjbptj4c0000gn/T/tmpsvq_4sq7/test_config.json
2025-06-06 02:12:43,485 - DEBUG - Loaded configuration from /var/folders/3f/2n5sjdw50vj9gfnrxjbptj4c0000gn/T/tmpsvq_4sq7/test_config.json
2025-06-06 02:12:43,488 - DEBUG - Saved configuration to /var/folders/3f/2n5sjdw50vj9gfnrxjbptj4c0000gn/T/tmp6mk26cyp/test_config.json
2025-06-06 02:12:43,488 - DEBUG - Loaded configuration from /var/folders/3f/2n5sjdw50vj9gfnrxjbptj4c0000gn/T/tmp6mk26cyp/test_config.json
2025-06-06 02:12:43,488 - DEBUG - Loaded configuration from /var/folders/3f/2n5sjdw50vj9gfnrxjbptj4c0000gn/T/tmp6mk26cyp/test_config.json
2025-06-06 02:12:43,488 - DEBUG - Saved configuration to /var/folders/3f/2n5sjdw50vj9gfnrxjbptj4c0000gn/T/tmp6mk26cyp/test_config.json
2025-06-06 02:12:43,489 - DEBUG - Loaded configuration from /var/folders/3f/2n5sjdw50vj9gfnrxjbptj4c0000gn/T/tmp6mk26cyp/test_config.json
2025-06-06 02:12:43,489 - DEBUG - Loaded configuration from /var/folders/3f/2n5sjdw50vj9gfnrxjbptj4c0000gn/T/tmp6mk26cyp/test_config.json
2025-06-06 02:12:43,493 - DEBUG - Saved configuration to /var/folders/3f/2n5sjdw50vj9gfnrxjbptj4c0000gn/T/tmpn4gnsjsy/test_config.json
2025-06-06 02:12:43,493 - DEBUG - Loaded configuration from /var/folders/3f/2n5sjdw50vj9gfnrxjbptj4c0000gn/T/tmpn4gnsjsy/test_config.json
2025-06-06 02:12:43,493 - DEBUG - Loaded configuration from /var/folders/3f/2n5sjdw50vj9gfnrxjbptj4c0000gn/T/tmpn4gnsjsy/test_config.json
2025-06-06 02:12:43,494 - DEBUG - Saved configuration to /var/folders/3f/2n5sjdw50vj9gfnrxjbptj4c0000gn/T/tmpn4gnsjsy/test_config.json
2025-06-06 02:12:43,494 - DEBUG - Loaded configuration from /var/folders/3f/2n5sjdw50vj9gfnrxjbptj4c0000gn/T/tmpn4gnsjsy/test_config.json
2025-06-06 02:12:43,494 - DEBUG - Saved configuration to /var/folders/3f/2n5sjdw50vj9gfnrxjbptj4c0000gn/T/tmpn4gnsjsy/test_config.json
2025-06-06 02:12:43,494 - DEBUG - Loaded configuration from /var/folders/3f/2n5sjdw50vj9gfnrxjbptj4c0000gn/T/tmpn4gnsjsy/test_config.json
2025-06-06 02:12:43,495 - DEBUG - Saved configuration to /var/folders/3f/2n5sjdw50vj9gfnrxjbptj4c0000gn/T/tmpn4gnsjsy/test_config.json
2025-06-06 02:12:43,495 - DEBUG - Loaded configuration from /var/folders/3f/2n5sjdw50vj9gfnrxjbptj4c0000gn/T/tmpn4gnsjsy/test_config.json
2025-06-06 02:12:43,495 - DEBUG - Saved configuration to /var/folders/3f/2n5sjdw50vj9gfnrxjbptj4c0000gn/T/tmpn4gnsjsy/test_config.json
2025-06-06 02:12:43,495 - DEBUG - Loaded configuration from /var/folders/3f/2n5sjdw50vj9gfnrxjbptj4c0000gn/T/tmpn4gnsjsy/test_config.json
2025-06-06 02:12:43,495 - DEBUG - Using workspace_url from environment variable CHUCK_WORKSPACE_URL
2025-06-06 02:12:43,496 - DEBUG - Using active_model from environment variable CHUCK_ACTIVE_MODEL
2025-06-06 02:12:43,496 - DEBUG - Using warehouse_id from environment variable CHUCK_WAREHOUSE_ID
2025-06-06 02:12:43,496 - DEBUG - Using active_catalog from environment variable CHUCK_ACTIVE_CATALOG
2025-06-06 02:12:43,496 - DEBUG - Using active_schema from environment variable CHUCK_ACTIVE_SCHEMA
2025-06-06 02:12:43,496 - DEBUG - Using usage_tracking_consent from environment variable CHUCK_USAGE_TRACKING_CONSENT
2025-06-06 02:12:43,496 - DEBUG - Loaded configuration from /var/folders/3f/2n5sjdw50vj9gfnrxjbptj4c0000gn/T/tmpn4gnsjsy/test_config.json
2025-06-06 02:12:43,498 - DEBUG - Saved configuration to /var/folders/3f/2n5sjdw50vj9gfnrxjbptj4c0000gn/T/tmp6_zq3e13/test_config.json
2025-06-06 02:12:43,499 - DEBUG - Loaded configuration from /var/folders/3f/2n5sjdw50vj9gfnrxjbptj4c0000gn/T/tmp6_zq3e13/test_config.json
2025-06-06 02:12:43,499 - DEBUG - Loaded configuration from /var/folders/3f/2n5sjdw50vj9gfnrxjbptj4c0000gn/T/tmp6_zq3e13/test_config.json
2025-06-06 02:12:43,499 - WARNING - Invalid workspace_url provided, using default instead
2025-06-06 02:12:43,499 - DEBUG - Saved configuration to /var/folders/3f/2n5sjdw50vj9gfnrxjbptj4c0000gn/T/tmp6_zq3e13/test_config.json
2025-06-06 02:12:43,499 - DEBUG - Loaded configuration from /var/folders/3f/2n5sjdw50vj9gfnrxjbptj4c0000gn/T/tmp6_zq3e13/test_config.json
2025-06-06 02:12:43,500 - DEBUG - Loaded configuration from /var/folders/3f/2n5sjdw50vj9gfnrxjbptj4c0000gn/T/tmp6_zq3e13/test_config.json
2025-06-06 02:12:43,500 - DEBUG - Saved configuration to /var/folders/3f/2n5sjdw50vj9gfnrxjbptj4c0000gn/T/tmp6_zq3e13/test_config.json
2025-06-06 02:12:43,500 - DEBUG - Loaded configuration from /var/folders/3f/2n5sjdw50vj9gfnrxjbptj4c0000gn/T/tmp6_zq3e13/test_config.json
2025-06-06 02:12:43,502 - DEBUG - Using workspace_url from environment variable CHUCK_WORKSPACE_URL
2025-06-06 02:12:43,503 - DEBUG - Using workspace_url from environment variable CHUCK_WORKSPACE_URL
2025-06-06 02:12:43,503 - DEBUG - Using active_model from environment variable CHUCK_ACTIVE_MODEL
2025-06-06 02:12:43,503 - DEBUG - Using amperity_token from environment variable CHUCK_AMPERITY_TOKEN
2025-06-06 02:12:43,503 - DEBUG - Using databricks_token from environment variable CHUCK_DATABRICKS_TOKEN
2025-06-06 02:12:43,504 - DEBUG - Saved configuration to /var/folders/3f/2n5sjdw50vj9gfnrxjbptj4c0000gn/T/tmpo6wtbu2a/test_config.json
2025-06-06 02:12:43,504 - DEBUG - Loaded configuration from /var/folders/3f/2n5sjdw50vj9gfnrxjbptj4c0000gn/T/tmpo6wtbu2a/test_config.json
2025-06-06 02:12:43,507 - DEBUG - Saved configuration to /var/folders/3f/2n5sjdw50vj9gfnrxjbptj4c0000gn/T/tmp1_9vj899/test_config.json
2025-06-06 02:12:43,527 - DEBUG - GET request to: https://adb-3856707039489412.12.azuredatabricks.net/test-endpoint
2025-06-06 02:12:43,534 - DEBUG - GET request to: https://test-workspace.cloud.databricks.com/test-endpoint
2025-06-06 02:12:43,534 - DEBUG - Connection error: Connection failed
2025-06-06 02:12:43,536 - DEBUG - GET request to: https://test-workspace.cloud.databricks.com/test-endpoint
2025-06-06 02:12:43,536 - DEBUG - HTTP error: HTTP 404, Response: Not Found
2025-06-06 02:12:43,539 - WARNING - Model 'nonexistent-model' not found
2025-06-06 02:12:43,540 - DEBUG - GET request to: https://test-workspace.cloud.databricks.com/test-endpoint
2025-06-06 02:12:43,550 - DEBUG - POST request to: https://test-workspace.cloud.databricks.com/test-endpoint
2025-06-06 02:12:43,550 - DEBUG - Connection error: Connection failed
2025-06-06 02:12:43,552 - DEBUG - POST request to: https://test-workspace.cloud.databricks.com/test-endpoint
2025-06-06 02:12:43,552 - DEBUG - HTTP error: HTTP 400, Response: Bad Request
2025-06-06 02:12:43,554 - DEBUG - POST request to: https://test-workspace.cloud.databricks.com/test-endpoint
2025-06-06 02:12:43,557 - DEBUG - File upload request to: https://test-workspace.cloud.databricks.com/api/2.0/fs/files/test/path.txt
2025-06-06 02:12:43,561 - DEBUG - File upload request to: https://test-workspace.cloud.databricks.com/api/2.0/fs/files/test/path.txt
2025-06-06 02:12:43,563 - DEBUG - Token validation failed: Token validation failed
2025-06-06 02:12:43,575 - ERROR - Error listing catalogs: Random failure 3
2025-06-06 02:12:43,581 - ERROR - Error listing catalogs: Random failure 6
2025-06-06 02:12:43,586 - ERROR - Error listing catalogs: Random failure 9
2025-06-06 02:12:44,170 - ERROR - Error displaying table: Console error
2025-06-06 02:12:44,174 - ERROR - Error listing catalogs: 403 Forbidden: Insufficient permissions
2025-06-06 02:12:44,176 - ERROR - Error listing catalogs: 401 Unauthorized: Invalid token
2025-06-06 02:12:44,178 - ERROR - Error listing catalogs: Access denied to resource
2025-06-06 02:12:44,183 - ERROR - Error listing catalogs: 'NoneType' object has no attribute 'get'
2025-06-06 02:12:44,191 - ERROR - Error listing catalogs: 'str' object has no attribute 'get'
2025-06-06 02:12:44,371 - ERROR - Error listing catalogs: Connection failed
2025-06-06 02:12:44,373 - ERROR - Error listing catalogs: Request timed out
2025-06-06 02:12:44,375 - ERROR - Error listing catalogs: 404 Not Found
2025-06-06 02:12:44,434 - DEBUG - Saved configuration to /tmp/.test_chuck_integration_config.json
2025-06-06 02:12:44,434 - DEBUG - Saved configuration to /tmp/.test_chuck_integration_config.json
2025-06-06 02:12:44,437 - DEBUG - Saved configuration to /tmp/.test_chuck_integration_config.json
2025-06-06 02:12:44,437 - DEBUG - Saved configuration to /tmp/.test_chuck_integration_config.json
2025-06-06 02:12:44,439 - DEBUG - Saved configuration to /tmp/.test_chuck_integration_config.json
2025-06-06 02:12:44,439 - DEBUG - Saved configuration to /tmp/.test_chuck_integration_config.json
2025-06-06 02:12:44,465 - DEBUG - Sending metric: {"event": "USAGE", "prompt": "test prompt"}...
2025-06-06 02:12:44,465 - DEBUG - Error sending metrics: Test exception
Traceback (most recent call last):
  File "/Users/johnrush/repos/chuck-data/src/metrics_collector.py", line 123, in send_metric
    return self._client.submit_metrics(payload, token)
           ^^^^^^^^^^^^^^^^^^^^^^^^^^^^^^^^^^^^^^^^^^^
  File "/Users/johnrush/repos/chuck-data/tests/fixtures.py", line 60, in submit_metrics
    raise Exception("Test exception")
Exception: Test exception
2025-06-06 02:12:44,468 - DEBUG - Sending metric: {"event": "USAGE", "prompt": "test prompt"}...
2025-06-06 02:12:44,470 - DEBUG - Cannot send metrics - no authentication token available
2025-06-06 02:12:44,472 - DEBUG - Sending metric: {"event": "USAGE", "prompt": "test prompt"}...
2025-06-06 02:12:44,476 - DEBUG - Metrics tracking skipped - user has not provided consent
2025-06-06 02:12:44,480 - ERROR - Connection error when getting model: Connection failed
2025-06-06 02:12:44,481 - ERROR - Failed to get model: HTTP error occurred: 500 Internal Server Error
2025-06-06 02:12:44,484 - ERROR - Connection error when listing models: Connection failed
2025-06-06 02:12:44,487 - ERROR - Failed to list models: HTTP error occurred: 404 Not Found
2025-06-06 02:12:44,550 - ERROR - Error executing handler for command 'test_command': Command failed
Traceback (most recent call last):
  File "/Users/johnrush/repos/chuck-data/src/service.py", line 395, in execute_command
    result: CommandResult = command_def.handler(
                            ^^^^^^^^^^^^^^^^^^^^
  File "/usr/local/Cellar/python@3.11/3.11.4_1/Frameworks/Python.framework/Versions/3.11/lib/python3.11/unittest/mock.py", line 1124, in __call__
    return self._mock_call(*args, **kwargs)
           ^^^^^^^^^^^^^^^^^^^^^^^^^^^^^^^^
  File "/usr/local/Cellar/python@3.11/3.11.4_1/Frameworks/Python.framework/Versions/3.11/lib/python3.11/unittest/mock.py", line 1128, in _mock_call
    return self._execute_mock_call(*args, **kwargs)
           ^^^^^^^^^^^^^^^^^^^^^^^^^^^^^^^^^^^^^^^^
  File "/usr/local/Cellar/python@3.11/3.11.4_1/Frameworks/Python.framework/Versions/3.11/lib/python3.11/unittest/mock.py", line 1183, in _execute_mock_call
    raise effect
Exception: Command failed
2025-06-06 02:12:44,732 - DEBUG - Executing SQL: SELECT * INVALID SQL
2025-06-06 02:12:44,734 - DEBUG - Executing SQL: SELECT * INVALID SQL
2025-06-06 02:12:44,736 - DEBUG - Executing SQL: SELECT * FROM table
2025-06-06 02:12:44,738 - DEBUG - Executing SQL: SELECT * FROM table
2025-06-06 02:12:44,740 - DEBUG - Executing SQL: SELECT * FROM table
2025-06-06 02:12:44,742 - DEBUG - Executing SQL: SELECT * FROM table
2025-06-06 02:12:44,751 - ERROR - Authentication state polling received 401
2025-06-06 02:12:44,756 - ERROR - Error creating Stitch report: API Error
Traceback (most recent call last):
  File "/Users/johnrush/repos/chuck-data/src/commands/add_stitch_report.py", line 62, in handle_command
    result = client.create_stitch_notebook(table_path, custom_name)
             ^^^^^^^^^^^^^^^^^^^^^^^^^^^^^^^^^^^^^^^^^^^^^^^^^^^^^^
  File "/Users/johnrush/repos/chuck-data/tests/fixtures.py", line 509, in create_stitch_notebook
    raise self._create_stitch_notebook_error
ValueError: API Error
2025-06-06 02:12:44,763 - ERROR - Agent error: Agent error
Traceback (most recent call last):
  File "/Users/johnrush/repos/chuck-data/src/commands/agent.py", line 79, in handle_command
    agent = AgentManager(client, tool_output_callback=tool_output_callback)
            ^^^^^^^^^^^^^^^^^^^^^^^^^^^^^^^^^^^^^^^^^^^^^^^^^^^^^^^^^^^^^^^
  File "/usr/local/Cellar/python@3.11/3.11.4_1/Frameworks/Python.framework/Versions/3.11/lib/python3.11/unittest/mock.py", line 1124, in __call__
    return self._mock_call(*args, **kwargs)
           ^^^^^^^^^^^^^^^^^^^^^^^^^^^^^^^^
  File "/usr/local/Cellar/python@3.11/3.11.4_1/Frameworks/Python.framework/Versions/3.11/lib/python3.11/unittest/mock.py", line 1128, in _mock_call
    return self._execute_mock_call(*args, **kwargs)
           ^^^^^^^^^^^^^^^^^^^^^^^^^^^^^^^^^^^^^^^^
  File "/usr/local/Cellar/python@3.11/3.11.4_1/Frameworks/Python.framework/Versions/3.11/lib/python3.11/unittest/mock.py", line 1183, in _execute_mock_call
    raise effect
Exception: Agent error
2025-06-06 02:12:44,766 - DEBUG - Sending metric: {"event": "USAGE", "configuration": {"workspace_url": "https://dbc-df998298-4c7e.cloud.databricks.co...
2025-06-06 02:12:44,782 - DEBUG - Starting new HTTPS connection (1): chuck.amperity.com:443
2025-06-06 02:12:44,921 - DEBUG - https://chuck.amperity.com:443 "POST /api/usage HTTP/1.1" 204 0
2025-06-06 02:12:44,922 - DEBUG - Failed to send metrics: 204 - 
2025-06-06 02:12:44,926 - DEBUG - Sending metric: {"event": "USAGE", "configuration": {"workspace_url": "https://dbc-df998298-4c7e.cloud.databricks.co...
2025-06-06 02:12:44,929 - DEBUG - Starting new HTTPS connection (1): chuck.amperity.com:443
2025-06-06 02:12:45,054 - DEBUG - https://chuck.amperity.com:443 "POST /api/usage HTTP/1.1" 204 0
2025-06-06 02:12:45,055 - DEBUG - Failed to send metrics: 204 - 
2025-06-06 02:12:45,070 - DEBUG - Sending metric: {"event": "USAGE", "configuration": {"workspace_url": "https://dbc-df998298-4c7e.cloud.databricks.co...
2025-06-06 02:12:45,073 - DEBUG - Starting new HTTPS connection (1): chuck.amperity.com:443
2025-06-06 02:12:45,208 - DEBUG - https://chuck.amperity.com:443 "POST /api/usage HTTP/1.1" 204 0
2025-06-06 02:12:45,209 - DEBUG - Failed to send metrics: 204 - 
2025-06-06 02:12:45,214 - DEBUG - Sending metric: {"event": "USAGE", "configuration": {"workspace_url": "https://dbc-df998298-4c7e.cloud.databricks.co...
2025-06-06 02:12:45,216 - DEBUG - Starting new HTTPS connection (1): chuck.amperity.com:443
2025-06-06 02:12:45,351 - DEBUG - https://chuck.amperity.com:443 "POST /api/usage HTTP/1.1" 204 0
2025-06-06 02:12:45,352 - DEBUG - Failed to send metrics: 204 - 
2025-06-06 02:12:45,355 - DEBUG - Sending metric: {"event": "USAGE", "configuration": {"workspace_url": "https://dbc-df998298-4c7e.cloud.databricks.co...
2025-06-06 02:12:45,358 - DEBUG - Starting new HTTPS connection (1): chuck.amperity.com:443
2025-06-06 02:12:45,483 - DEBUG - https://chuck.amperity.com:443 "POST /api/usage HTTP/1.1" 204 0
2025-06-06 02:12:45,484 - DEBUG - Failed to send metrics: 204 - 
2025-06-06 02:12:45,500 - INFO - Databricks token set successfully
2025-06-06 02:12:45,502 - INFO - Databricks token cleared
2025-06-06 02:12:45,502 - INFO - Amperity token cleared
2025-06-06 02:12:45,504 - INFO - Amperity token cleared
2025-06-06 02:12:45,506 - INFO - Databricks token cleared
2025-06-06 02:12:45,508 - INFO - Amperity token cleared
2025-06-06 02:12:45,525 - DEBUG - Bug report submitted successfully
2025-06-06 02:12:45,582 - ERROR - Error submitting bug report: Network error
Traceback (most recent call last):
  File "/Users/johnrush/repos/chuck-data/src/commands/bug.py", line 72, in handle_command
    success, message = amperity_client.submit_bug_report(payload, amperity_token)
                       ^^^^^^^^^^^^^^^^^^^^^^^^^^^^^^^^^^^^^^^^^^^^^^^^^^^^^^^^^^
  File "/Users/johnrush/repos/chuck-data/tests/commands/test_bug.py", line 115, in submit_bug_report
    raise Exception("Network error")
Exception: Network error
2025-06-06 02:12:45,585 - DEBUG - Loaded configuration from /var/folders/3f/2n5sjdw50vj9gfnrxjbptj4c0000gn/T/tmp8pqvshk2.json
2025-06-06 02:12:45,587 - DEBUG - Loaded configuration from /var/folders/3f/2n5sjdw50vj9gfnrxjbptj4c0000gn/T/tmpbv3ab_50.json
2025-06-06 02:12:45,599 - DEBUG - Bug report submitted successfully
2025-06-06 02:12:45,601 - ERROR - Error saving config: [Errno 30] Read-only file system: '/invalid'
2025-06-06 02:12:45,602 - DEBUG - Saved configuration to /var/folders/3f/2n5sjdw50vj9gfnrxjbptj4c0000gn/T/tmp0bhlwdaq/test_config.json
2025-06-06 02:12:45,604 - DEBUG - Saved configuration to /var/folders/3f/2n5sjdw50vj9gfnrxjbptj4c0000gn/T/tmpuekmy5uh/test_config.json
2025-06-06 02:12:45,604 - DEBUG - Loaded configuration from /var/folders/3f/2n5sjdw50vj9gfnrxjbptj4c0000gn/T/tmpuekmy5uh/test_config.json
2025-06-06 02:12:45,608 - DEBUG - Saved configuration to /var/folders/3f/2n5sjdw50vj9gfnrxjbptj4c0000gn/T/tmpmnw4bc3p/test_config.json
2025-06-06 02:12:45,608 - DEBUG - Loaded configuration from /var/folders/3f/2n5sjdw50vj9gfnrxjbptj4c0000gn/T/tmpmnw4bc3p/test_config.json
2025-06-06 02:12:45,611 - INFO - Cluster init script uploaded successfully to /Volumes/main/default/chuck/cluster_init-2025-06-02_14-30.sh
2025-06-06 02:12:45,620 - DEBUG - Volume 'chuck' not found in main.default. Attempting to create.
2025-06-06 02:12:45,620 - DEBUG - Volume 'chuck' created successfully.
2025-06-06 02:12:45,620 - INFO - Cluster init script uploaded successfully to /Volumes/main/default/chuck/cluster_init-2025-06-02_14-30.sh
2025-06-06 02:12:45,623 - DEBUG - Volume 'chuck' not found in main.default. Attempting to create.
2025-06-06 02:12:45,623 - DEBUG - Volume 'chuck' created successfully.
2025-06-06 02:12:45,623 - INFO - Cluster init script uploaded successfully to /Volumes/main/default/chuck/cluster_init-2025-06-02_14-30.sh
2025-06-06 02:12:45,626 - DEBUG - Volume 'chuck' not found in main.default. Attempting to create.
2025-06-06 02:12:45,628 - DEBUG - Volume 'chuck' not found in main.default. Attempting to create.
2025-06-06 02:12:45,634 - INFO - Cluster init script uploaded successfully to /Volumes/test_catalog/test_schema/chuck/cluster_init-2025-12-31_23-59.sh
2025-06-06 02:12:45,636 - ERROR - Error generating help: Test error
Traceback (most recent call last):
  File "/Users/johnrush/repos/chuck-data/src/commands/help.py", line 27, in handle_command
    user_commands = get_user_commands()
                    ^^^^^^^^^^^^^^^^^^^
  File "/usr/local/Cellar/python@3.11/3.11.4_1/Frameworks/Python.framework/Versions/3.11/lib/python3.11/unittest/mock.py", line 1124, in __call__
    return self._mock_call(*args, **kwargs)
           ^^^^^^^^^^^^^^^^^^^^^^^^^^^^^^^^
  File "/usr/local/Cellar/python@3.11/3.11.4_1/Frameworks/Python.framework/Versions/3.11/lib/python3.11/unittest/mock.py", line 1128, in _mock_call
    return self._execute_mock_call(*args, **kwargs)
           ^^^^^^^^^^^^^^^^^^^^^^^^^^^^^^^^^^^^^^^^
  File "/usr/local/Cellar/python@3.11/3.11.4_1/Frameworks/Python.framework/Versions/3.11/lib/python3.11/unittest/mock.py", line 1183, in _execute_mock_call
    raise effect
Exception: Test error
2025-06-06 02:12:45,642 - ERROR - Failed to get job status for run '999999': Not Found
Traceback (most recent call last):
  File "/Users/johnrush/repos/chuck-data/src/commands/jobs.py", line 67, in handle_job_status
    data = client.get_job_run_status(run_id_str)
           ^^^^^^^^^^^^^^^^^^^^^^^^^^^^^^^^^^^^^
  File "/Users/johnrush/repos/chuck-data/tests/commands/test_jobs.py", line 119, in get_job_run_status
    raise Exception("Not Found")
Exception: Not Found
2025-06-06 02:12:45,648 - ERROR - Failed to submit job: Bad Request
Traceback (most recent call last):
  File "/Users/johnrush/repos/chuck-data/src/commands/jobs.py", line 32, in handle_launch_job
    run_data = client.submit_job_run(
               ^^^^^^^^^^^^^^^^^^^^^^
  File "/Users/johnrush/repos/chuck-data/tests/commands/test_jobs.py", line 70, in submit_job_run
    raise Exception("Bad Request")
Exception: Bad Request
2025-06-06 02:12:45,652 - ERROR - Failed to launch job, no run_id: {}
2025-06-06 02:12:45,657 - ERROR - Error listing catalogs: API error
2025-06-06 02:12:45,665 - DEBUG - Saved configuration to /var/folders/3f/2n5sjdw50vj9gfnrxjbptj4c0000gn/T/tmprs4aik73/test_config.json
2025-06-06 02:12:45,665 - DEBUG - Loaded configuration from /var/folders/3f/2n5sjdw50vj9gfnrxjbptj4c0000gn/T/tmprs4aik73/test_config.json
2025-06-06 02:12:45,668 - DEBUG - Saved configuration to /var/folders/3f/2n5sjdw50vj9gfnrxjbptj4c0000gn/T/tmptasuaxcl/test_config.json
2025-06-06 02:12:45,668 - DEBUG - Loaded configuration from /var/folders/3f/2n5sjdw50vj9gfnrxjbptj4c0000gn/T/tmptasuaxcl/test_config.json
2025-06-06 02:12:45,671 - DEBUG - Saved configuration to /var/folders/3f/2n5sjdw50vj9gfnrxjbptj4c0000gn/T/tmpqnuouyvq/test_config.json
2025-06-06 02:12:45,671 - DEBUG - Loaded configuration from /var/folders/3f/2n5sjdw50vj9gfnrxjbptj4c0000gn/T/tmpqnuouyvq/test_config.json
2025-06-06 02:12:45,673 - ERROR - Failed to list models: API error
Traceback (most recent call last):
  File "/Users/johnrush/repos/chuck-data/src/commands/list_models.py", line 31, in handle_command
    models_list = list_models_api(client)
                  ^^^^^^^^^^^^^^^^^^^^^^^
  File "/Users/johnrush/repos/chuck-data/src/models.py", line 19, in list_models
    return client.list_models()
           ^^^^^^^^^^^^^^^^^^^^
  File "/Users/johnrush/repos/chuck-data/tests/commands/test_list_models.py", line 112, in list_models
    raise Exception("API error")
Exception: API error
2025-06-06 02:12:45,677 - ERROR - Error listing tables: API error
2025-06-06 02:12:45,681 - DEBUG - Saved configuration to /var/folders/3f/2n5sjdw50vj9gfnrxjbptj4c0000gn/T/tmpx5mqsw9j/test_config.json
2025-06-06 02:12:45,681 - DEBUG - Loaded configuration from /var/folders/3f/2n5sjdw50vj9gfnrxjbptj4c0000gn/T/tmpx5mqsw9j/test_config.json
2025-06-06 02:12:45,681 - DEBUG - Loaded configuration from /var/folders/3f/2n5sjdw50vj9gfnrxjbptj4c0000gn/T/tmpx5mqsw9j/test_config.json
2025-06-06 02:12:45,685 - DEBUG - Saved configuration to /var/folders/3f/2n5sjdw50vj9gfnrxjbptj4c0000gn/T/tmp7cdpr32x/test_config.json
2025-06-06 02:12:45,685 - DEBUG - Loaded configuration from /var/folders/3f/2n5sjdw50vj9gfnrxjbptj4c0000gn/T/tmp7cdpr32x/test_config.json
2025-06-06 02:12:45,685 - DEBUG - Saved configuration to /var/folders/3f/2n5sjdw50vj9gfnrxjbptj4c0000gn/T/tmp7cdpr32x/test_config.json
2025-06-06 02:12:45,686 - DEBUG - Loaded configuration from /var/folders/3f/2n5sjdw50vj9gfnrxjbptj4c0000gn/T/tmp7cdpr32x/test_config.json
2025-06-06 02:12:45,686 - DEBUG - Loaded configuration from /var/folders/3f/2n5sjdw50vj9gfnrxjbptj4c0000gn/T/tmp7cdpr32x/test_config.json
2025-06-06 02:12:45,692 - ERROR - Failed to set model 'claude-v1': API error
Traceback (most recent call last):
  File "/Users/johnrush/repos/chuck-data/src/commands/model_selection.py", line 28, in handle_command
    models_list = list_models_api(client)
                  ^^^^^^^^^^^^^^^^^^^^^^^
  File "/Users/johnrush/repos/chuck-data/src/models.py", line 19, in list_models
    return client.list_models()
           ^^^^^^^^^^^^^^^^^^^^
  File "/Users/johnrush/repos/chuck-data/tests/commands/test_model_selection.py", line 79, in list_models
    raise Exception("API error")
Exception: API error
2025-06-06 02:12:45,695 - DEBUG - Saved configuration to /var/folders/3f/2n5sjdw50vj9gfnrxjbptj4c0000gn/T/tmph381k25t/test_config.json
2025-06-06 02:12:45,695 - DEBUG - Loaded configuration from /var/folders/3f/2n5sjdw50vj9gfnrxjbptj4c0000gn/T/tmph381k25t/test_config.json
2025-06-06 02:12:45,698 - DEBUG - Saved configuration to /var/folders/3f/2n5sjdw50vj9gfnrxjbptj4c0000gn/T/tmp0lzsb24t/test_config.json
2025-06-06 02:12:45,698 - DEBUG - Loaded configuration from /var/folders/3f/2n5sjdw50vj9gfnrxjbptj4c0000gn/T/tmp0lzsb24t/test_config.json
2025-06-06 02:12:45,700 - DEBUG - Saved configuration to /var/folders/3f/2n5sjdw50vj9gfnrxjbptj4c0000gn/T/tmpddt_bsot/test_config.json
2025-06-06 02:12:45,700 - DEBUG - Loaded configuration from /var/folders/3f/2n5sjdw50vj9gfnrxjbptj4c0000gn/T/tmpddt_bsot/test_config.json
2025-06-06 02:12:45,705 - DEBUG - Saved configuration to /var/folders/3f/2n5sjdw50vj9gfnrxjbptj4c0000gn/T/tmpajo_tfq3/test_config.json
2025-06-06 02:12:45,705 - DEBUG - Loaded configuration from /var/folders/3f/2n5sjdw50vj9gfnrxjbptj4c0000gn/T/tmpajo_tfq3/test_config.json
2025-06-06 02:12:45,712 - INFO - Starting PII Scan for 2 tables in test_cat.test_schema.
2025-06-06 02:12:45,723 - ERROR - Bulk PII scan error: LLM client error
Traceback (most recent call last):
  File "/Users/johnrush/repos/chuck-data/src/commands/scan_pii.py", line 46, in handle_command
    llm_client = LLMClient()
                 ^^^^^^^^^^^
  File "/usr/local/Cellar/python@3.11/3.11.4_1/Frameworks/Python.framework/Versions/3.11/lib/python3.11/unittest/mock.py", line 1124, in __call__
    return self._mock_call(*args, **kwargs)
           ^^^^^^^^^^^^^^^^^^^^^^^^^^^^^^^^
  File "/usr/local/Cellar/python@3.11/3.11.4_1/Frameworks/Python.framework/Versions/3.11/lib/python3.11/unittest/mock.py", line 1128, in _mock_call
    return self._execute_mock_call(*args, **kwargs)
           ^^^^^^^^^^^^^^^^^^^^^^^^^^^^^^^^^^^^^^^^
  File "/usr/local/Cellar/python@3.11/3.11.4_1/Frameworks/Python.framework/Versions/3.11/lib/python3.11/unittest/mock.py", line 1183, in _execute_mock_call
    raise effect
Exception: LLM client error
2025-06-06 02:12:45,732 - DEBUG - Saved configuration to /var/folders/3f/2n5sjdw50vj9gfnrxjbptj4c0000gn/T/tmp4ed_cd7q/test_config.json
2025-06-06 02:12:45,732 - DEBUG - Loaded configuration from /var/folders/3f/2n5sjdw50vj9gfnrxjbptj4c0000gn/T/tmp4ed_cd7q/test_config.json
2025-06-06 02:12:45,733 - DEBUG - Loaded configuration from /var/folders/3f/2n5sjdw50vj9gfnrxjbptj4c0000gn/T/tmp4ed_cd7q/test_config.json
2025-06-06 02:12:45,733 - DEBUG - Saved configuration to /var/folders/3f/2n5sjdw50vj9gfnrxjbptj4c0000gn/T/tmp4ed_cd7q/test_config.json
2025-06-06 02:12:45,735 - DEBUG - Saved configuration to /var/folders/3f/2n5sjdw50vj9gfnrxjbptj4c0000gn/T/tmp46vxg4yw/test_config.json
2025-06-06 02:12:45,736 - DEBUG - Loaded configuration from /var/folders/3f/2n5sjdw50vj9gfnrxjbptj4c0000gn/T/tmp46vxg4yw/test_config.json
2025-06-06 02:12:45,736 - DEBUG - Loaded configuration from /var/folders/3f/2n5sjdw50vj9gfnrxjbptj4c0000gn/T/tmp46vxg4yw/test_config.json
2025-06-06 02:12:45,736 - DEBUG - Saved configuration to /var/folders/3f/2n5sjdw50vj9gfnrxjbptj4c0000gn/T/tmp46vxg4yw/test_config.json
2025-06-06 02:12:45,736 - DEBUG - Loaded configuration from /var/folders/3f/2n5sjdw50vj9gfnrxjbptj4c0000gn/T/tmp46vxg4yw/test_config.json
2025-06-06 02:12:45,738 - DEBUG - Saved configuration to /var/folders/3f/2n5sjdw50vj9gfnrxjbptj4c0000gn/T/tmpfr2lgii1/test_config.json
2025-06-06 02:12:45,738 - DEBUG - Loaded configuration from /var/folders/3f/2n5sjdw50vj9gfnrxjbptj4c0000gn/T/tmpfr2lgii1/test_config.json
2025-06-06 02:12:45,739 - DEBUG - Loaded configuration from /var/folders/3f/2n5sjdw50vj9gfnrxjbptj4c0000gn/T/tmpfr2lgii1/test_config.json
2025-06-06 02:12:45,739 - DEBUG - Saved configuration to /var/folders/3f/2n5sjdw50vj9gfnrxjbptj4c0000gn/T/tmpfr2lgii1/test_config.json
2025-06-06 02:12:45,739 - DEBUG - Loaded configuration from /var/folders/3f/2n5sjdw50vj9gfnrxjbptj4c0000gn/T/tmpfr2lgii1/test_config.json
2025-06-06 02:12:45,746 - DEBUG - Sending metric: {"event": "USAGE", "configuration": {"workspace_url": "https://dbc-df998298-4c7e.cloud.databricks.co...
2025-06-06 02:12:45,749 - DEBUG - Starting new HTTPS connection (1): chuck.amperity.com:443
2025-06-06 02:12:45,872 - DEBUG - https://chuck.amperity.com:443 "POST /api/usage HTTP/1.1" 204 0
2025-06-06 02:12:45,873 - DEBUG - Failed to send metrics: 204 - 
2025-06-06 02:12:45,877 - ERROR - Stitch setup error: LLM client error
Traceback (most recent call last):
  File "/Users/johnrush/repos/chuck-data/src/commands/setup_stitch.py", line 111, in handle_command
    return _phase_1_prepare_config(
           ^^^^^^^^^^^^^^^^^^^^^^^^
  File "/Users/johnrush/repos/chuck-data/src/commands/setup_stitch.py", line 273, in _phase_1_prepare_config
    llm_client = LLMClient()
                 ^^^^^^^^^^^
  File "/usr/local/Cellar/python@3.11/3.11.4_1/Frameworks/Python.framework/Versions/3.11/lib/python3.11/unittest/mock.py", line 1124, in __call__
    return self._mock_call(*args, **kwargs)
           ^^^^^^^^^^^^^^^^^^^^^^^^^^^^^^^^
  File "/usr/local/Cellar/python@3.11/3.11.4_1/Frameworks/Python.framework/Versions/3.11/lib/python3.11/unittest/mock.py", line 1128, in _mock_call
    return self._execute_mock_call(*args, **kwargs)
           ^^^^^^^^^^^^^^^^^^^^^^^^^^^^^^^^^^^^^^^^
  File "/usr/local/Cellar/python@3.11/3.11.4_1/Frameworks/Python.framework/Versions/3.11/lib/python3.11/unittest/mock.py", line 1183, in _execute_mock_call
    raise effect
Exception: LLM client error
2025-06-06 02:12:45,892 - DEBUG - GET request to: https://.cloud.databricks.com/api/2.0/preview/scim/v2/Me
2025-06-06 02:12:45,892 - DEBUG - Connection error: URL has an invalid label.
2025-06-06 02:12:45,892 - DEBUG - Token validation failed: Connection error occurred: URL has an invalid label.
2025-06-06 02:12:45,896 - ERROR - Error validating token: Connection failed
2025-06-06 02:12:45,905 - DEBUG - GET request to: https://invalid-workspace.nonexistent.com.cloud.databricks.com/api/2.0/preview/scim/v2/Me
2025-06-06 02:12:45,908 - DEBUG - Starting new HTTPS connection (1): invalid-workspace.nonexistent.com.cloud.databricks.com:443
2025-06-06 02:12:45,909 - DEBUG - Connection error: HTTPSConnectionPool(host='invalid-workspace.nonexistent.com.cloud.databricks.com', port=443): Max retries exceeded with url: /api/2.0/preview/scim/v2/Me (Caused by NameResolutionError("<urllib3.connection.HTTPSConnection object at 0x11015e1d0>: Failed to resolve 'invalid-workspace.nonexistent.com.cloud.databricks.com' ([Errno 8] nodename nor servname provided, or not known)"))
2025-06-06 02:12:45,909 - DEBUG - Token validation failed: Connection error occurred: HTTPSConnectionPool(host='invalid-workspace.nonexistent.com.cloud.databricks.com', port=443): Max retries exceeded with url: /api/2.0/preview/scim/v2/Me (Caused by NameResolutionError("<urllib3.connection.HTTPSConnection object at 0x11015e1d0>: Failed to resolve 'invalid-workspace.nonexistent.com.cloud.databricks.com' ([Errno 8] nodename nor servname provided, or not known)"))
2025-06-06 02:12:46,020 - DEBUG - GET request to: https://invalid.nonexistent.com.cloud.databricks.com/api/2.0/preview/scim/v2/Me
2025-06-06 02:12:46,023 - DEBUG - Starting new HTTPS connection (1): invalid.nonexistent.com.cloud.databricks.com:443
2025-06-06 02:12:46,024 - DEBUG - Connection error: HTTPSConnectionPool(host='invalid.nonexistent.com.cloud.databricks.com', port=443): Max retries exceeded with url: /api/2.0/preview/scim/v2/Me (Caused by NameResolutionError("<urllib3.connection.HTTPSConnection object at 0x1100b5650>: Failed to resolve 'invalid.nonexistent.com.cloud.databricks.com' ([Errno 8] nodename nor servname provided, or not known)"))
2025-06-06 02:12:46,024 - DEBUG - Token validation failed: Connection error occurred: HTTPSConnectionPool(host='invalid.nonexistent.com.cloud.databricks.com', port=443): Max retries exceeded with url: /api/2.0/preview/scim/v2/Me (Caused by NameResolutionError("<urllib3.connection.HTTPSConnection object at 0x1100b5650>: Failed to resolve 'invalid.nonexistent.com.cloud.databricks.com' ([Errno 8] nodename nor servname provided, or not known)"))
2025-06-06 02:12:46,025 - ERROR - Error validating token: Validation failed
2025-06-06 02:12:46,156 - ERROR - Error validating token: Connection failed
2025-06-06 02:12:46,194 - ERROR - Error validating token: Network error with secret details
2025-06-06 02:12:46,234 - ERROR - Error validating token: Connection error: Failed to resolve 'workspace123.cloud.databricks.com'
2025-06-06 02:12:46,250 - ERROR - Error fetching Amperity init script: API Error
Traceback (most recent call last):
  File "/Users/johnrush/repos/chuck-data/src/commands/stitch_tools.py", line 179, in _helper_prepare_stitch_config
    init_script_data = client.fetch_amperity_job_init(amperity_token)
                       ^^^^^^^^^^^^^^^^^^^^^^^^^^^^^^^^^^^^^^^^^^^^^^
  File "/usr/local/Cellar/python@3.11/3.11.4_1/Frameworks/Python.framework/Versions/3.11/lib/python3.11/unittest/mock.py", line 1124, in __call__
    return self._mock_call(*args, **kwargs)
           ^^^^^^^^^^^^^^^^^^^^^^^^^^^^^^^^
  File "/usr/local/Cellar/python@3.11/3.11.4_1/Frameworks/Python.framework/Versions/3.11/lib/python3.11/unittest/mock.py", line 1128, in _mock_call
    return self._execute_mock_call(*args, **kwargs)
           ^^^^^^^^^^^^^^^^^^^^^^^^^^^^^^^^^^^^^^^^
  File "/usr/local/Cellar/python@3.11/3.11.4_1/Frameworks/Python.framework/Versions/3.11/lib/python3.11/unittest/mock.py", line 1183, in _execute_mock_call
    raise effect
Exception: API Error
2025-06-06 02:12:46,261 - DEBUG - Versioned cluster init script uploaded to /Volumes/test_catalog/test_schema/chuck/cluster_init-2025-06-02_14-30.sh
2025-06-06 02:12:46,264 - DEBUG - Versioned cluster init script uploaded to /Volumes/test_catalog/test_schema/chuck/cluster_init-2025-06-02_14-30.sh
2025-06-06 02:12:46,268 - DEBUG - Volume 'chuck' not found in test_catalog.test_schema. Attempting to create.
2025-06-06 02:12:46,281 - DEBUG - Saved configuration to /var/folders/3f/2n5sjdw50vj9gfnrxjbptj4c0000gn/T/tmph_u30j43/test_config.json
2025-06-06 02:12:46,281 - DEBUG - Loaded configuration from /var/folders/3f/2n5sjdw50vj9gfnrxjbptj4c0000gn/T/tmph_u30j43/test_config.json
2025-06-06 02:12:46,281 - DEBUG - Loaded configuration from /var/folders/3f/2n5sjdw50vj9gfnrxjbptj4c0000gn/T/tmph_u30j43/test_config.json
2025-06-06 02:12:46,281 - DEBUG - Loaded configuration from /var/folders/3f/2n5sjdw50vj9gfnrxjbptj4c0000gn/T/tmph_u30j43/test_config.json
2025-06-06 02:12:46,284 - DEBUG - Saved configuration to /var/folders/3f/2n5sjdw50vj9gfnrxjbptj4c0000gn/T/tmpbaqj_ydd/test_config.json
2025-06-06 02:12:46,284 - DEBUG - Loaded configuration from /var/folders/3f/2n5sjdw50vj9gfnrxjbptj4c0000gn/T/tmpbaqj_ydd/test_config.json
2025-06-06 02:12:46,284 - DEBUG - Saved configuration to /var/folders/3f/2n5sjdw50vj9gfnrxjbptj4c0000gn/T/tmpbaqj_ydd/test_config.json
2025-06-06 02:12:46,285 - DEBUG - Loaded configuration from /var/folders/3f/2n5sjdw50vj9gfnrxjbptj4c0000gn/T/tmpbaqj_ydd/test_config.json
2025-06-06 02:12:46,285 - DEBUG - Saved configuration to /var/folders/3f/2n5sjdw50vj9gfnrxjbptj4c0000gn/T/tmpbaqj_ydd/test_config.json
2025-06-06 02:12:46,285 - DEBUG - Loaded configuration from /var/folders/3f/2n5sjdw50vj9gfnrxjbptj4c0000gn/T/tmpbaqj_ydd/test_config.json
2025-06-06 02:12:46,286 - DEBUG - Loaded configuration from /var/folders/3f/2n5sjdw50vj9gfnrxjbptj4c0000gn/T/tmpbaqj_ydd/test_config.json
2025-06-06 02:12:46,286 - DEBUG - Loaded configuration from /var/folders/3f/2n5sjdw50vj9gfnrxjbptj4c0000gn/T/tmpbaqj_ydd/test_config.json
2025-06-06 02:12:46,288 - INFO - Applying tag 'email' to column 'email_col'
2025-06-06 02:12:46,288 - INFO - Applying tag 'given-name' to column 'name_col'
2025-06-06 02:12:46,289 - INFO - Applying tag 'phone' to column 'good_col'
2025-06-06 02:12:46,291 - INFO - Applying tag 'email' to column 'email_col'
2025-06-06 02:12:46,293 - INFO - Applying tag 'email' to column 'email_col'
2025-06-06 02:12:46,293 - ERROR - Error applying tag to email_col: Connection error
2025-06-06 02:12:46,297 - DEBUG - Saved configuration to /var/folders/3f/2n5sjdw50vj9gfnrxjbptj4c0000gn/T/tmp8nu5j3t9/test_config.json
2025-06-06 02:12:46,297 - DEBUG - Loaded configuration from /var/folders/3f/2n5sjdw50vj9gfnrxjbptj4c0000gn/T/tmp8nu5j3t9/test_config.json
2025-06-06 02:12:46,299 - DEBUG - Saved configuration to /var/folders/3f/2n5sjdw50vj9gfnrxjbptj4c0000gn/T/tmpa60n2tg2/test_config.json
2025-06-06 02:12:46,301 - DEBUG - Saved configuration to /var/folders/3f/2n5sjdw50vj9gfnrxjbptj4c0000gn/T/tmpyb3ycote/test_config.json
2025-06-06 02:12:46,301 - DEBUG - Loaded configuration from /var/folders/3f/2n5sjdw50vj9gfnrxjbptj4c0000gn/T/tmpyb3ycote/test_config.json
2025-06-06 02:12:46,303 - DEBUG - Saved configuration to /var/folders/3f/2n5sjdw50vj9gfnrxjbptj4c0000gn/T/tmpzjhtp2cu/test_config.json
2025-06-06 02:12:46,303 - DEBUG - Loaded configuration from /var/folders/3f/2n5sjdw50vj9gfnrxjbptj4c0000gn/T/tmpzjhtp2cu/test_config.json
2025-06-06 02:12:46,310 - ERROR - Failed to set workspace URL: Validation error
Traceback (most recent call last):
  File "/Users/johnrush/repos/chuck-data/src/commands/workspace_selection.py", line 37, in handle_command
    is_valid, error_message = validate_workspace_url(workspace_url)
                              ^^^^^^^^^^^^^^^^^^^^^^^^^^^^^^^^^^^^^
  File "/usr/local/Cellar/python@3.11/3.11.4_1/Frameworks/Python.framework/Versions/3.11/lib/python3.11/unittest/mock.py", line 1124, in __call__
    return self._mock_call(*args, **kwargs)
           ^^^^^^^^^^^^^^^^^^^^^^^^^^^^^^^^
  File "/usr/local/Cellar/python@3.11/3.11.4_1/Frameworks/Python.framework/Versions/3.11/lib/python3.11/unittest/mock.py", line 1128, in _mock_call
    return self._execute_mock_call(*args, **kwargs)
           ^^^^^^^^^^^^^^^^^^^^^^^^^^^^^^^^^^^^^^^^
  File "/usr/local/Cellar/python@3.11/3.11.4_1/Frameworks/Python.framework/Versions/3.11/lib/python3.11/unittest/mock.py", line 1183, in _execute_mock_call
    raise effect
Exception: Validation error
