2025-06-05 14:13:35,526 - DEBUG - Logging initialized. Writing to /Users/johnrush/repos/chuck-data/log/sessions/2025-06-05_14-13-35.log
2025-06-05 14:13:35,529 - DEBUG - HTTP error: HTTP 401, Response: {"status":401,"message":"Unauthorized"}
2025-06-05 14:13:35,531 - DEBUG - GET request to: https://test-workspace.cloud.databricks.com/test-endpoint
2025-06-05 14:13:35,531 - DEBUG - Connection error: Connection failed
2025-06-05 14:13:35,532 - DEBUG - GET request to: https://test-workspace.cloud.databricks.com/test-endpoint
2025-06-05 14:13:35,532 - DEBUG - HTTP error: HTTP 404, Response: Not Found
2025-06-05 14:13:35,533 - DEBUG - GET request to: https://test-workspace.cloud.databricks.com/test-endpoint
2025-06-05 14:13:35,534 - DEBUG - POST request to: https://test-workspace.cloud.databricks.com/test-endpoint
2025-06-05 14:13:35,534 - DEBUG - Connection error: Connection failed
2025-06-05 14:13:35,535 - DEBUG - POST request to: https://test-workspace.cloud.databricks.com/test-endpoint
2025-06-05 14:13:35,535 - DEBUG - HTTP error: HTTP 400, Response: Bad Request
2025-06-05 14:13:35,536 - DEBUG - POST request to: https://test-workspace.cloud.databricks.com/test-endpoint
2025-06-05 14:13:35,540 - DEBUG - Saved configuration to /var/folders/3f/2n5sjdw50vj9gfnrxjbptj4c0000gn/T/tmpqspf38w5/test_config.json
2025-06-05 14:13:35,540 - DEBUG - Loaded configuration from /var/folders/3f/2n5sjdw50vj9gfnrxjbptj4c0000gn/T/tmpqspf38w5/test_config.json
2025-06-05 14:13:35,540 - DEBUG - Loaded configuration from /var/folders/3f/2n5sjdw50vj9gfnrxjbptj4c0000gn/T/tmpqspf38w5/test_config.json
2025-06-05 14:13:35,540 - DEBUG - Saved configuration to /var/folders/3f/2n5sjdw50vj9gfnrxjbptj4c0000gn/T/tmpqspf38w5/test_config.json
2025-06-05 14:13:35,541 - DEBUG - Loaded configuration from /var/folders/3f/2n5sjdw50vj9gfnrxjbptj4c0000gn/T/tmpqspf38w5/test_config.json
2025-06-05 14:13:35,541 - DEBUG - Saved configuration to /var/folders/3f/2n5sjdw50vj9gfnrxjbptj4c0000gn/T/tmpqspf38w5/test_config.json
2025-06-05 14:13:35,541 - DEBUG - Loaded configuration from /var/folders/3f/2n5sjdw50vj9gfnrxjbptj4c0000gn/T/tmpqspf38w5/test_config.json
2025-06-05 14:13:35,541 - DEBUG - Saved configuration to /var/folders/3f/2n5sjdw50vj9gfnrxjbptj4c0000gn/T/tmpqspf38w5/test_config.json
2025-06-05 14:13:35,541 - DEBUG - Loaded configuration from /var/folders/3f/2n5sjdw50vj9gfnrxjbptj4c0000gn/T/tmpqspf38w5/test_config.json
2025-06-05 14:13:35,542 - DEBUG - Saved configuration to /var/folders/3f/2n5sjdw50vj9gfnrxjbptj4c0000gn/T/tmpqspf38w5/test_config.json
2025-06-05 14:13:35,542 - DEBUG - Loaded configuration from /var/folders/3f/2n5sjdw50vj9gfnrxjbptj4c0000gn/T/tmpqspf38w5/test_config.json
2025-06-05 14:13:35,542 - DEBUG - Loaded configuration from /var/folders/3f/2n5sjdw50vj9gfnrxjbptj4c0000gn/T/tmpqspf38w5/test_config.json
2025-06-05 14:13:35,542 - DEBUG - Loaded configuration from /var/folders/3f/2n5sjdw50vj9gfnrxjbptj4c0000gn/T/tmpqspf38w5/test_config.json
2025-06-05 14:13:35,542 - DEBUG - Loaded configuration from /var/folders/3f/2n5sjdw50vj9gfnrxjbptj4c0000gn/T/tmpqspf38w5/test_config.json
2025-06-05 14:13:35,543 - DEBUG - Loaded configuration from /var/folders/3f/2n5sjdw50vj9gfnrxjbptj4c0000gn/T/tmpqspf38w5/test_config.json
2025-06-05 14:13:35,544 - DEBUG - Saved configuration to /var/folders/3f/2n5sjdw50vj9gfnrxjbptj4c0000gn/T/tmpna1j31m4/test_config.json
2025-06-05 14:13:35,544 - DEBUG - Loaded configuration from /var/folders/3f/2n5sjdw50vj9gfnrxjbptj4c0000gn/T/tmpna1j31m4/test_config.json
2025-06-05 14:13:35,546 - DEBUG - Saved configuration to /var/folders/3f/2n5sjdw50vj9gfnrxjbptj4c0000gn/T/tmpr598t0if/test_config.json
2025-06-05 14:13:35,546 - DEBUG - Loaded configuration from /var/folders/3f/2n5sjdw50vj9gfnrxjbptj4c0000gn/T/tmpr598t0if/test_config.json
2025-06-05 14:13:35,548 - DEBUG - Saved configuration to /var/folders/3f/2n5sjdw50vj9gfnrxjbptj4c0000gn/T/tmp_evohgti/test_config.json
2025-06-05 14:13:35,548 - DEBUG - Loaded configuration from /var/folders/3f/2n5sjdw50vj9gfnrxjbptj4c0000gn/T/tmp_evohgti/test_config.json
2025-06-05 14:13:35,548 - DEBUG - Loaded configuration from /var/folders/3f/2n5sjdw50vj9gfnrxjbptj4c0000gn/T/tmp_evohgti/test_config.json
2025-06-05 14:13:35,549 - DEBUG - Saved configuration to /var/folders/3f/2n5sjdw50vj9gfnrxjbptj4c0000gn/T/tmp_evohgti/test_config.json
2025-06-05 14:13:35,549 - DEBUG - Loaded configuration from /var/folders/3f/2n5sjdw50vj9gfnrxjbptj4c0000gn/T/tmp_evohgti/test_config.json
2025-06-05 14:13:35,549 - DEBUG - Loaded configuration from /var/folders/3f/2n5sjdw50vj9gfnrxjbptj4c0000gn/T/tmp_evohgti/test_config.json
2025-06-05 14:13:35,552 - DEBUG - Saved configuration to /var/folders/3f/2n5sjdw50vj9gfnrxjbptj4c0000gn/T/tmp8984jx7h/test_config.json
2025-06-05 14:13:35,552 - DEBUG - Loaded configuration from /var/folders/3f/2n5sjdw50vj9gfnrxjbptj4c0000gn/T/tmp8984jx7h/test_config.json
2025-06-05 14:13:35,552 - DEBUG - Loaded configuration from /var/folders/3f/2n5sjdw50vj9gfnrxjbptj4c0000gn/T/tmp8984jx7h/test_config.json
2025-06-05 14:13:35,552 - DEBUG - Saved configuration to /var/folders/3f/2n5sjdw50vj9gfnrxjbptj4c0000gn/T/tmp8984jx7h/test_config.json
2025-06-05 14:13:35,552 - DEBUG - Loaded configuration from /var/folders/3f/2n5sjdw50vj9gfnrxjbptj4c0000gn/T/tmp8984jx7h/test_config.json
2025-06-05 14:13:35,553 - DEBUG - Saved configuration to /var/folders/3f/2n5sjdw50vj9gfnrxjbptj4c0000gn/T/tmp8984jx7h/test_config.json
2025-06-05 14:13:35,553 - DEBUG - Loaded configuration from /var/folders/3f/2n5sjdw50vj9gfnrxjbptj4c0000gn/T/tmp8984jx7h/test_config.json
2025-06-05 14:13:35,553 - DEBUG - Saved configuration to /var/folders/3f/2n5sjdw50vj9gfnrxjbptj4c0000gn/T/tmp8984jx7h/test_config.json
2025-06-05 14:13:35,553 - DEBUG - Loaded configuration from /var/folders/3f/2n5sjdw50vj9gfnrxjbptj4c0000gn/T/tmp8984jx7h/test_config.json
2025-06-05 14:13:35,554 - DEBUG - Saved configuration to /var/folders/3f/2n5sjdw50vj9gfnrxjbptj4c0000gn/T/tmp8984jx7h/test_config.json
2025-06-05 14:13:35,554 - DEBUG - Loaded configuration from /var/folders/3f/2n5sjdw50vj9gfnrxjbptj4c0000gn/T/tmp8984jx7h/test_config.json
2025-06-05 14:13:35,554 - DEBUG - Using workspace_url from environment variable CHUCK_WORKSPACE_URL
2025-06-05 14:13:35,554 - DEBUG - Using active_model from environment variable CHUCK_ACTIVE_MODEL
2025-06-05 14:13:35,554 - DEBUG - Using warehouse_id from environment variable CHUCK_WAREHOUSE_ID
2025-06-05 14:13:35,554 - DEBUG - Using active_catalog from environment variable CHUCK_ACTIVE_CATALOG
2025-06-05 14:13:35,554 - DEBUG - Using active_schema from environment variable CHUCK_ACTIVE_SCHEMA
2025-06-05 14:13:35,554 - DEBUG - Using usage_tracking_consent from environment variable CHUCK_USAGE_TRACKING_CONSENT
2025-06-05 14:13:35,554 - DEBUG - Loaded configuration from /var/folders/3f/2n5sjdw50vj9gfnrxjbptj4c0000gn/T/tmp8984jx7h/test_config.json
2025-06-05 14:13:35,556 - DEBUG - Saved configuration to /var/folders/3f/2n5sjdw50vj9gfnrxjbptj4c0000gn/T/tmpxy8_pd9f/test_config.json
2025-06-05 14:13:35,556 - DEBUG - Loaded configuration from /var/folders/3f/2n5sjdw50vj9gfnrxjbptj4c0000gn/T/tmpxy8_pd9f/test_config.json
2025-06-05 14:13:35,556 - DEBUG - Loaded configuration from /var/folders/3f/2n5sjdw50vj9gfnrxjbptj4c0000gn/T/tmpxy8_pd9f/test_config.json
2025-06-05 14:13:35,556 - WARNING - Invalid workspace_url provided, using default instead
2025-06-05 14:13:35,556 - DEBUG - Saved configuration to /var/folders/3f/2n5sjdw50vj9gfnrxjbptj4c0000gn/T/tmpxy8_pd9f/test_config.json
2025-06-05 14:13:35,557 - DEBUG - Loaded configuration from /var/folders/3f/2n5sjdw50vj9gfnrxjbptj4c0000gn/T/tmpxy8_pd9f/test_config.json
2025-06-05 14:13:35,557 - DEBUG - Loaded configuration from /var/folders/3f/2n5sjdw50vj9gfnrxjbptj4c0000gn/T/tmpxy8_pd9f/test_config.json
2025-06-05 14:13:35,557 - DEBUG - Saved configuration to /var/folders/3f/2n5sjdw50vj9gfnrxjbptj4c0000gn/T/tmpxy8_pd9f/test_config.json
2025-06-05 14:13:35,557 - DEBUG - Loaded configuration from /var/folders/3f/2n5sjdw50vj9gfnrxjbptj4c0000gn/T/tmpxy8_pd9f/test_config.json
2025-06-05 14:13:35,559 - DEBUG - Using workspace_url from environment variable CHUCK_WORKSPACE_URL
2025-06-05 14:13:35,559 - DEBUG - Using workspace_url from environment variable CHUCK_WORKSPACE_URL
2025-06-05 14:13:35,559 - DEBUG - Using active_model from environment variable CHUCK_ACTIVE_MODEL
2025-06-05 14:13:35,559 - DEBUG - Using amperity_token from environment variable CHUCK_AMPERITY_TOKEN
2025-06-05 14:13:35,559 - DEBUG - Using databricks_token from environment variable CHUCK_DATABRICKS_TOKEN
2025-06-05 14:13:35,559 - DEBUG - Saved configuration to /var/folders/3f/2n5sjdw50vj9gfnrxjbptj4c0000gn/T/tmprh99viq3/test_config.json
2025-06-05 14:13:35,560 - DEBUG - Loaded configuration from /var/folders/3f/2n5sjdw50vj9gfnrxjbptj4c0000gn/T/tmprh99viq3/test_config.json
2025-06-05 14:13:35,561 - DEBUG - Saved configuration to /var/folders/3f/2n5sjdw50vj9gfnrxjbptj4c0000gn/T/tmpbfpd1ziw/test_config.json
2025-06-05 14:13:35,573 - DEBUG - GET request to: https://adb-3856707039489412.12.azuredatabricks.net/test-endpoint
2025-06-05 14:13:35,576 - DEBUG - GET request to: https://test-workspace.cloud.databricks.com/test-endpoint
2025-06-05 14:13:35,576 - DEBUG - Connection error: Connection failed
2025-06-05 14:13:35,577 - DEBUG - GET request to: https://test-workspace.cloud.databricks.com/test-endpoint
2025-06-05 14:13:35,577 - DEBUG - HTTP error: HTTP 404, Response: Not Found
2025-06-05 14:13:35,579 - WARNING - Model 'nonexistent-model' not found
2025-06-05 14:13:35,581 - DEBUG - GET request to: https://test-workspace.cloud.databricks.com/test-endpoint
2025-06-05 14:13:35,585 - CRITICAL - Warehouses response: {'warehouses': [{'id': '123'}, {'id': '456'}]}
2025-06-05 14:13:35,587 - DEBUG - POST request to: https://test-workspace.cloud.databricks.com/test-endpoint
2025-06-05 14:13:35,587 - DEBUG - Connection error: Connection failed
2025-06-05 14:13:35,588 - DEBUG - POST request to: https://test-workspace.cloud.databricks.com/test-endpoint
2025-06-05 14:13:35,588 - DEBUG - HTTP error: HTTP 400, Response: Bad Request
2025-06-05 14:13:35,590 - DEBUG - POST request to: https://test-workspace.cloud.databricks.com/test-endpoint
2025-06-05 14:13:35,591 - DEBUG - File upload request to: https://test-workspace.cloud.databricks.com/api/2.0/fs/files/test/path.txt
2025-06-05 14:13:35,594 - DEBUG - File upload request to: https://test-workspace.cloud.databricks.com/api/2.0/fs/files/test/path.txt
2025-06-05 14:13:35,595 - DEBUG - Token validation failed: Token validation failed
2025-06-05 14:13:35,597 - DEBUG - Saved configuration to /tmp/.test_chuck_integration_config.json
2025-06-05 14:13:35,597 - DEBUG - Saved configuration to /tmp/.test_chuck_integration_config.json
2025-06-05 14:13:35,599 - DEBUG - Saved configuration to /tmp/.test_chuck_integration_config.json
2025-06-05 14:13:35,599 - DEBUG - Saved configuration to /tmp/.test_chuck_integration_config.json
2025-06-05 14:13:35,600 - DEBUG - Saved configuration to /tmp/.test_chuck_integration_config.json
2025-06-05 14:13:35,600 - DEBUG - Saved configuration to /tmp/.test_chuck_integration_config.json
2025-06-05 14:13:35,605 - DEBUG - Sending metric: {"event": "USAGE", "prompt": "test prompt"}...
2025-06-05 14:13:35,605 - DEBUG - Error sending metrics: Test exception
Traceback (most recent call last):
  File "/Users/johnrush/repos/chuck-data/src/metrics_collector.py", line 123, in send_metric
    return self._client.submit_metrics(payload, token)
           ^^^^^^^^^^^^^^^^^^^^^^^^^^^^^^^^^^^^^^^^^^^
  File "/Users/johnrush/repos/chuck-data/tests/fixtures.py", line 60, in submit_metrics
    raise Exception("Test exception")
Exception: Test exception
2025-06-05 14:13:35,606 - DEBUG - Sending metric: {"event": "USAGE", "prompt": "test prompt"}...
2025-06-05 14:13:35,608 - DEBUG - Cannot send metrics - no authentication token available
2025-06-05 14:13:35,609 - DEBUG - Sending metric: {"event": "USAGE", "prompt": "test prompt"}...
2025-06-05 14:13:35,612 - DEBUG - Metrics tracking skipped - user has not provided consent
2025-06-05 14:13:35,614 - ERROR - Connection error when getting model: Connection failed
2025-06-05 14:13:35,615 - ERROR - Failed to get model: HTTP error occurred: 500 Internal Server Error
2025-06-05 14:13:35,617 - ERROR - Connection error when listing models: Connection failed
2025-06-05 14:13:35,618 - ERROR - Failed to list models: HTTP error occurred: 404 Not Found
2025-06-05 14:13:35,658 - ERROR - Error executing handler for command 'test_command': Command failed
Traceback (most recent call last):
  File "/Users/johnrush/repos/chuck-data/src/service.py", line 395, in execute_command
    result: CommandResult = command_def.handler(
                            ^^^^^^^^^^^^^^^^^^^^
  File "/usr/local/Cellar/python@3.11/3.11.4_1/Frameworks/Python.framework/Versions/3.11/lib/python3.11/unittest/mock.py", line 1124, in __call__
    return self._mock_call(*args, **kwargs)
           ^^^^^^^^^^^^^^^^^^^^^^^^^^^^^^^^
  File "/usr/local/Cellar/python@3.11/3.11.4_1/Frameworks/Python.framework/Versions/3.11/lib/python3.11/unittest/mock.py", line 1128, in _mock_call
    return self._execute_mock_call(*args, **kwargs)
           ^^^^^^^^^^^^^^^^^^^^^^^^^^^^^^^^^^^^^^^^
  File "/usr/local/Cellar/python@3.11/3.11.4_1/Frameworks/Python.framework/Versions/3.11/lib/python3.11/unittest/mock.py", line 1183, in _execute_mock_call
    raise effect
Exception: Command failed
2025-06-05 14:13:35,695 - DEBUG - Executing SQL: SELECT * INVALID SQL
2025-06-05 14:13:35,697 - DEBUG - Executing SQL: SELECT * INVALID SQL
2025-06-05 14:13:35,698 - DEBUG - Executing SQL: SELECT * FROM table
2025-06-05 14:13:35,699 - DEBUG - Executing SQL: SELECT * FROM table
2025-06-05 14:13:35,700 - DEBUG - Executing SQL: SELECT * FROM table
2025-06-05 14:13:35,701 - DEBUG - Executing SQL: SELECT * FROM table
2025-06-05 14:13:35,706 - ERROR - Authentication state polling received 401
2025-06-05 14:13:35,710 - ERROR - Error creating Stitch report: API Error
Traceback (most recent call last):
  File "/Users/johnrush/repos/chuck-data/src/commands/add_stitch_report.py", line 62, in handle_command
    result = client.create_stitch_notebook(table_path, custom_name)
             ^^^^^^^^^^^^^^^^^^^^^^^^^^^^^^^^^^^^^^^^^^^^^^^^^^^^^^
  File "/Users/johnrush/repos/chuck-data/tests/fixtures.py", line 526, in create_stitch_notebook
    raise self._create_stitch_notebook_error
ValueError: API Error
2025-06-05 14:13:35,714 - ERROR - Agent error: Agent error
Traceback (most recent call last):
  File "/Users/johnrush/repos/chuck-data/src/commands/agent.py", line 79, in handle_command
    agent = AgentManager(client, tool_output_callback=tool_output_callback)
            ^^^^^^^^^^^^^^^^^^^^^^^^^^^^^^^^^^^^^^^^^^^^^^^^^^^^^^^^^^^^^^^
  File "/usr/local/Cellar/python@3.11/3.11.4_1/Frameworks/Python.framework/Versions/3.11/lib/python3.11/unittest/mock.py", line 1124, in __call__
    return self._mock_call(*args, **kwargs)
           ^^^^^^^^^^^^^^^^^^^^^^^^^^^^^^^^
  File "/usr/local/Cellar/python@3.11/3.11.4_1/Frameworks/Python.framework/Versions/3.11/lib/python3.11/unittest/mock.py", line 1128, in _mock_call
    return self._execute_mock_call(*args, **kwargs)
           ^^^^^^^^^^^^^^^^^^^^^^^^^^^^^^^^^^^^^^^^
  File "/usr/local/Cellar/python@3.11/3.11.4_1/Frameworks/Python.framework/Versions/3.11/lib/python3.11/unittest/mock.py", line 1183, in _execute_mock_call
    raise effect
Exception: Agent error
2025-06-05 14:13:35,716 - DEBUG - Sending metric: {"event": "USAGE", "configuration": {"workspace_url": "https://dbc-df998298-4c7e.cloud.databricks.co...
2025-06-05 14:13:35,793 - DEBUG - Starting new HTTPS connection (1): chuck.amperity.com:443
2025-06-05 14:13:35,951 - DEBUG - https://chuck.amperity.com:443 "POST /api/usage HTTP/1.1" 204 0
2025-06-05 14:13:35,952 - DEBUG - Failed to send metrics: 204 - 
2025-06-05 14:13:35,956 - DEBUG - Sending metric: {"event": "USAGE", "configuration": {"workspace_url": "https://dbc-df998298-4c7e.cloud.databricks.co...
2025-06-05 14:13:35,960 - DEBUG - Starting new HTTPS connection (1): chuck.amperity.com:443
2025-06-05 14:13:36,051 - DEBUG - https://chuck.amperity.com:443 "POST /api/usage HTTP/1.1" 204 0
2025-06-05 14:13:36,051 - DEBUG - Failed to send metrics: 204 - 
2025-06-05 14:13:36,064 - DEBUG - Sending metric: {"event": "USAGE", "configuration": {"workspace_url": "https://dbc-df998298-4c7e.cloud.databricks.co...
2025-06-05 14:13:36,066 - DEBUG - Starting new HTTPS connection (1): chuck.amperity.com:443
2025-06-05 14:13:36,144 - DEBUG - https://chuck.amperity.com:443 "POST /api/usage HTTP/1.1" 204 0
2025-06-05 14:13:36,144 - DEBUG - Failed to send metrics: 204 - 
2025-06-05 14:13:36,147 - DEBUG - Sending metric: {"event": "USAGE", "configuration": {"workspace_url": "https://dbc-df998298-4c7e.cloud.databricks.co...
2025-06-05 14:13:36,149 - DEBUG - Starting new HTTPS connection (1): chuck.amperity.com:443
2025-06-05 14:13:36,227 - DEBUG - https://chuck.amperity.com:443 "POST /api/usage HTTP/1.1" 204 0
2025-06-05 14:13:36,227 - DEBUG - Failed to send metrics: 204 - 
2025-06-05 14:13:36,230 - DEBUG - Sending metric: {"event": "USAGE", "configuration": {"workspace_url": "https://dbc-df998298-4c7e.cloud.databricks.co...
2025-06-05 14:13:36,233 - DEBUG - Starting new HTTPS connection (1): chuck.amperity.com:443
2025-06-05 14:13:36,310 - DEBUG - https://chuck.amperity.com:443 "POST /api/usage HTTP/1.1" 204 0
2025-06-05 14:13:36,310 - DEBUG - Failed to send metrics: 204 - 
2025-06-05 14:13:36,319 - INFO - Databricks token set successfully
2025-06-05 14:13:36,321 - INFO - Databricks token cleared
2025-06-05 14:13:36,321 - INFO - Amperity token cleared
2025-06-05 14:13:36,323 - INFO - Amperity token cleared
2025-06-05 14:13:36,324 - INFO - Databricks token cleared
2025-06-05 14:13:36,326 - INFO - Amperity token cleared
2025-06-05 14:13:36,339 - DEBUG - Bug report submitted successfully
2025-06-05 14:13:36,396 - ERROR - Error submitting bug report: Network error
Traceback (most recent call last):
  File "/Users/johnrush/repos/chuck-data/src/commands/bug.py", line 72, in handle_command
    success, message = amperity_client.submit_bug_report(payload, amperity_token)
                       ^^^^^^^^^^^^^^^^^^^^^^^^^^^^^^^^^^^^^^^^^^^^^^^^^^^^^^^^^^
  File "/Users/johnrush/repos/chuck-data/tests/commands/test_bug.py", line 115, in submit_bug_report
    raise Exception("Network error")
Exception: Network error
2025-06-05 14:13:36,399 - DEBUG - Loaded configuration from /var/folders/3f/2n5sjdw50vj9gfnrxjbptj4c0000gn/T/tmppzkx9rs_.json
2025-06-05 14:13:36,401 - DEBUG - Loaded configuration from /var/folders/3f/2n5sjdw50vj9gfnrxjbptj4c0000gn/T/tmpx3ledqts.json
2025-06-05 14:13:36,409 - DEBUG - Bug report submitted successfully
2025-06-05 14:13:36,410 - ERROR - Error saving config: [Errno 30] Read-only file system: '/invalid'
2025-06-05 14:13:36,411 - DEBUG - Saved configuration to /var/folders/3f/2n5sjdw50vj9gfnrxjbptj4c0000gn/T/tmp_fu4008r/test_config.json
2025-06-05 14:13:36,413 - DEBUG - Saved configuration to /var/folders/3f/2n5sjdw50vj9gfnrxjbptj4c0000gn/T/tmp3f6f00oz/test_config.json
2025-06-05 14:13:36,413 - DEBUG - Loaded configuration from /var/folders/3f/2n5sjdw50vj9gfnrxjbptj4c0000gn/T/tmp3f6f00oz/test_config.json
2025-06-05 14:13:36,415 - DEBUG - Saved configuration to /var/folders/3f/2n5sjdw50vj9gfnrxjbptj4c0000gn/T/tmp82yuvbnt/test_config.json
2025-06-05 14:13:36,416 - DEBUG - Loaded configuration from /var/folders/3f/2n5sjdw50vj9gfnrxjbptj4c0000gn/T/tmp82yuvbnt/test_config.json
2025-06-05 14:13:36,418 - INFO - Cluster init script uploaded successfully to /Volumes/main/default/chuck/cluster_init-2025-06-02_14-30.sh
2025-06-05 14:13:36,423 - DEBUG - Volume 'chuck' not found in main.default. Attempting to create.
2025-06-05 14:13:36,423 - DEBUG - Volume 'chuck' created successfully.
2025-06-05 14:13:36,423 - INFO - Cluster init script uploaded successfully to /Volumes/main/default/chuck/cluster_init-2025-06-02_14-30.sh
2025-06-05 14:13:36,424 - DEBUG - Volume 'chuck' not found in main.default. Attempting to create.
2025-06-05 14:13:36,424 - DEBUG - Volume 'chuck' created successfully.
2025-06-05 14:13:36,424 - INFO - Cluster init script uploaded successfully to /Volumes/main/default/chuck/cluster_init-2025-06-02_14-30.sh
2025-06-05 14:13:36,426 - DEBUG - Volume 'chuck' not found in main.default. Attempting to create.
2025-06-05 14:13:36,427 - DEBUG - Volume 'chuck' not found in main.default. Attempting to create.
2025-06-05 14:13:36,431 - INFO - Cluster init script uploaded successfully to /Volumes/test_catalog/test_schema/chuck/cluster_init-2025-12-31_23-59.sh
2025-06-05 14:13:36,433 - ERROR - Error generating help: Test error
Traceback (most recent call last):
  File "/Users/johnrush/repos/chuck-data/src/commands/help.py", line 27, in handle_command
    user_commands = get_user_commands()
                    ^^^^^^^^^^^^^^^^^^^
  File "/usr/local/Cellar/python@3.11/3.11.4_1/Frameworks/Python.framework/Versions/3.11/lib/python3.11/unittest/mock.py", line 1124, in __call__
    return self._mock_call(*args, **kwargs)
           ^^^^^^^^^^^^^^^^^^^^^^^^^^^^^^^^
  File "/usr/local/Cellar/python@3.11/3.11.4_1/Frameworks/Python.framework/Versions/3.11/lib/python3.11/unittest/mock.py", line 1128, in _mock_call
    return self._execute_mock_call(*args, **kwargs)
           ^^^^^^^^^^^^^^^^^^^^^^^^^^^^^^^^^^^^^^^^
  File "/usr/local/Cellar/python@3.11/3.11.4_1/Frameworks/Python.framework/Versions/3.11/lib/python3.11/unittest/mock.py", line 1183, in _execute_mock_call
    raise effect
Exception: Test error
2025-06-05 14:13:36,437 - ERROR - Failed to get job status for run '999999': Not Found
Traceback (most recent call last):
  File "/Users/johnrush/repos/chuck-data/src/commands/jobs.py", line 67, in handle_job_status
    data = client.get_job_run_status(run_id_str)
           ^^^^^^^^^^^^^^^^^^^^^^^^^^^^^^^^^^^^^
  File "/Users/johnrush/repos/chuck-data/tests/commands/test_jobs.py", line 119, in get_job_run_status
    raise Exception("Not Found")
Exception: Not Found
2025-06-05 14:13:36,441 - ERROR - Failed to submit job: Bad Request
Traceback (most recent call last):
  File "/Users/johnrush/repos/chuck-data/src/commands/jobs.py", line 32, in handle_launch_job
    run_data = client.submit_job_run(
               ^^^^^^^^^^^^^^^^^^^^^^
  File "/Users/johnrush/repos/chuck-data/tests/commands/test_jobs.py", line 70, in submit_job_run
    raise Exception("Bad Request")
Exception: Bad Request
2025-06-05 14:13:36,444 - ERROR - Failed to launch job, no run_id: {}
2025-06-05 14:13:36,447 - ERROR - Error listing catalogs: API error
2025-06-05 14:13:36,452 - DEBUG - Saved configuration to /var/folders/3f/2n5sjdw50vj9gfnrxjbptj4c0000gn/T/tmpmcrg_ig0/test_config.json
2025-06-05 14:13:36,453 - DEBUG - Loaded configuration from /var/folders/3f/2n5sjdw50vj9gfnrxjbptj4c0000gn/T/tmpmcrg_ig0/test_config.json
2025-06-05 14:13:36,454 - DEBUG - Saved configuration to /var/folders/3f/2n5sjdw50vj9gfnrxjbptj4c0000gn/T/tmpwvqg1oxj/test_config.json
2025-06-05 14:13:36,455 - DEBUG - Loaded configuration from /var/folders/3f/2n5sjdw50vj9gfnrxjbptj4c0000gn/T/tmpwvqg1oxj/test_config.json
2025-06-05 14:13:36,457 - DEBUG - Saved configuration to /var/folders/3f/2n5sjdw50vj9gfnrxjbptj4c0000gn/T/tmptbj0uy84/test_config.json
2025-06-05 14:13:36,458 - DEBUG - Loaded configuration from /var/folders/3f/2n5sjdw50vj9gfnrxjbptj4c0000gn/T/tmptbj0uy84/test_config.json
2025-06-05 14:13:36,459 - ERROR - Failed to list models: API error
Traceback (most recent call last):
  File "/Users/johnrush/repos/chuck-data/src/commands/list_models.py", line 31, in handle_command
    models_list = list_models_api(client)
                  ^^^^^^^^^^^^^^^^^^^^^^^
  File "/Users/johnrush/repos/chuck-data/src/models.py", line 19, in list_models
    return client.list_models()
           ^^^^^^^^^^^^^^^^^^^^
  File "/Users/johnrush/repos/chuck-data/tests/commands/test_list_models.py", line 112, in list_models
    raise Exception("API error")
Exception: API error
2025-06-05 14:13:36,462 - ERROR - Error listing tables: API error
2025-06-05 14:13:36,464 - DEBUG - Saved configuration to /var/folders/3f/2n5sjdw50vj9gfnrxjbptj4c0000gn/T/tmppft0ps2c/test_config.json
2025-06-05 14:13:36,464 - DEBUG - Loaded configuration from /var/folders/3f/2n5sjdw50vj9gfnrxjbptj4c0000gn/T/tmppft0ps2c/test_config.json
2025-06-05 14:13:36,465 - DEBUG - Loaded configuration from /var/folders/3f/2n5sjdw50vj9gfnrxjbptj4c0000gn/T/tmppft0ps2c/test_config.json
2025-06-05 14:13:36,467 - DEBUG - Saved configuration to /var/folders/3f/2n5sjdw50vj9gfnrxjbptj4c0000gn/T/tmpe9ejofo0/test_config.json
2025-06-05 14:13:36,467 - DEBUG - Loaded configuration from /var/folders/3f/2n5sjdw50vj9gfnrxjbptj4c0000gn/T/tmpe9ejofo0/test_config.json
2025-06-05 14:13:36,468 - DEBUG - Saved configuration to /var/folders/3f/2n5sjdw50vj9gfnrxjbptj4c0000gn/T/tmpe9ejofo0/test_config.json
2025-06-05 14:13:36,468 - DEBUG - Loaded configuration from /var/folders/3f/2n5sjdw50vj9gfnrxjbptj4c0000gn/T/tmpe9ejofo0/test_config.json
2025-06-05 14:13:36,468 - DEBUG - Loaded configuration from /var/folders/3f/2n5sjdw50vj9gfnrxjbptj4c0000gn/T/tmpe9ejofo0/test_config.json
2025-06-05 14:13:36,471 - ERROR - Error fetching warehouses: API connection error
2025-06-05 14:13:36,478 - ERROR - Failed to set model 'claude-v1': API error
Traceback (most recent call last):
  File "/Users/johnrush/repos/chuck-data/src/commands/model_selection.py", line 28, in handle_command
    models_list = list_models_api(client)
                  ^^^^^^^^^^^^^^^^^^^^^^^
  File "/Users/johnrush/repos/chuck-data/src/models.py", line 19, in list_models
    return client.list_models()
           ^^^^^^^^^^^^^^^^^^^^
  File "/Users/johnrush/repos/chuck-data/tests/commands/test_model_selection.py", line 79, in list_models
    raise Exception("API error")
Exception: API error
2025-06-05 14:13:36,480 - DEBUG - Saved configuration to /var/folders/3f/2n5sjdw50vj9gfnrxjbptj4c0000gn/T/tmp4mke3zkw/test_config.json
2025-06-05 14:13:36,480 - DEBUG - Loaded configuration from /var/folders/3f/2n5sjdw50vj9gfnrxjbptj4c0000gn/T/tmp4mke3zkw/test_config.json
2025-06-05 14:13:36,482 - DEBUG - Saved configuration to /var/folders/3f/2n5sjdw50vj9gfnrxjbptj4c0000gn/T/tmp72i2yvqa/test_config.json
2025-06-05 14:13:36,482 - DEBUG - Loaded configuration from /var/folders/3f/2n5sjdw50vj9gfnrxjbptj4c0000gn/T/tmp72i2yvqa/test_config.json
2025-06-05 14:13:36,483 - DEBUG - Saved configuration to /var/folders/3f/2n5sjdw50vj9gfnrxjbptj4c0000gn/T/tmp6io_p56i/test_config.json
2025-06-05 14:13:36,483 - DEBUG - Loaded configuration from /var/folders/3f/2n5sjdw50vj9gfnrxjbptj4c0000gn/T/tmp6io_p56i/test_config.json
2025-06-05 14:13:36,487 - DEBUG - Saved configuration to /var/folders/3f/2n5sjdw50vj9gfnrxjbptj4c0000gn/T/tmpnpnaenx0/test_config.json
2025-06-05 14:13:36,487 - DEBUG - Loaded configuration from /var/folders/3f/2n5sjdw50vj9gfnrxjbptj4c0000gn/T/tmpnpnaenx0/test_config.json
2025-06-05 14:13:36,492 - INFO - Starting PII Scan for 2 tables in test_cat.test_schema.
2025-06-05 14:13:36,498 - ERROR - Bulk PII scan error: LLM client error
Traceback (most recent call last):
  File "/Users/johnrush/repos/chuck-data/src/commands/scan_pii.py", line 46, in handle_command
    llm_client = LLMClient()
                 ^^^^^^^^^^^
  File "/usr/local/Cellar/python@3.11/3.11.4_1/Frameworks/Python.framework/Versions/3.11/lib/python3.11/unittest/mock.py", line 1124, in __call__
    return self._mock_call(*args, **kwargs)
           ^^^^^^^^^^^^^^^^^^^^^^^^^^^^^^^^
  File "/usr/local/Cellar/python@3.11/3.11.4_1/Frameworks/Python.framework/Versions/3.11/lib/python3.11/unittest/mock.py", line 1128, in _mock_call
    return self._execute_mock_call(*args, **kwargs)
           ^^^^^^^^^^^^^^^^^^^^^^^^^^^^^^^^^^^^^^^^
  File "/usr/local/Cellar/python@3.11/3.11.4_1/Frameworks/Python.framework/Versions/3.11/lib/python3.11/unittest/mock.py", line 1183, in _execute_mock_call
    raise effect
Exception: LLM client error
2025-06-05 14:13:36,504 - DEBUG - Saved configuration to /var/folders/3f/2n5sjdw50vj9gfnrxjbptj4c0000gn/T/tmppzabhcwh/test_config.json
2025-06-05 14:13:36,504 - DEBUG - Loaded configuration from /var/folders/3f/2n5sjdw50vj9gfnrxjbptj4c0000gn/T/tmppzabhcwh/test_config.json
2025-06-05 14:13:36,505 - DEBUG - Loaded configuration from /var/folders/3f/2n5sjdw50vj9gfnrxjbptj4c0000gn/T/tmppzabhcwh/test_config.json
2025-06-05 14:13:36,505 - DEBUG - Saved configuration to /var/folders/3f/2n5sjdw50vj9gfnrxjbptj4c0000gn/T/tmppzabhcwh/test_config.json
2025-06-05 14:13:36,506 - DEBUG - Saved configuration to /var/folders/3f/2n5sjdw50vj9gfnrxjbptj4c0000gn/T/tmpg2ws487l/test_config.json
2025-06-05 14:13:36,507 - DEBUG - Loaded configuration from /var/folders/3f/2n5sjdw50vj9gfnrxjbptj4c0000gn/T/tmpg2ws487l/test_config.json
2025-06-05 14:13:36,507 - DEBUG - Loaded configuration from /var/folders/3f/2n5sjdw50vj9gfnrxjbptj4c0000gn/T/tmpg2ws487l/test_config.json
2025-06-05 14:13:36,507 - DEBUG - Saved configuration to /var/folders/3f/2n5sjdw50vj9gfnrxjbptj4c0000gn/T/tmpg2ws487l/test_config.json
2025-06-05 14:13:36,507 - DEBUG - Loaded configuration from /var/folders/3f/2n5sjdw50vj9gfnrxjbptj4c0000gn/T/tmpg2ws487l/test_config.json
2025-06-05 14:13:36,509 - DEBUG - Saved configuration to /var/folders/3f/2n5sjdw50vj9gfnrxjbptj4c0000gn/T/tmp_1kw1zse/test_config.json
2025-06-05 14:13:36,509 - DEBUG - Loaded configuration from /var/folders/3f/2n5sjdw50vj9gfnrxjbptj4c0000gn/T/tmp_1kw1zse/test_config.json
2025-06-05 14:13:36,509 - DEBUG - Loaded configuration from /var/folders/3f/2n5sjdw50vj9gfnrxjbptj4c0000gn/T/tmp_1kw1zse/test_config.json
2025-06-05 14:13:36,509 - DEBUG - Saved configuration to /var/folders/3f/2n5sjdw50vj9gfnrxjbptj4c0000gn/T/tmp_1kw1zse/test_config.json
2025-06-05 14:13:36,509 - DEBUG - Loaded configuration from /var/folders/3f/2n5sjdw50vj9gfnrxjbptj4c0000gn/T/tmp_1kw1zse/test_config.json
2025-06-05 14:13:36,513 - DEBUG - Sending metric: {"event": "USAGE", "configuration": {"workspace_url": "https://dbc-df998298-4c7e.cloud.databricks.co...
2025-06-05 14:13:36,516 - DEBUG - Starting new HTTPS connection (1): chuck.amperity.com:443
2025-06-05 14:13:36,594 - DEBUG - https://chuck.amperity.com:443 "POST /api/usage HTTP/1.1" 204 0
2025-06-05 14:13:36,595 - DEBUG - Failed to send metrics: 204 - 
2025-06-05 14:13:36,597 - ERROR - Stitch setup error: LLM client error
Traceback (most recent call last):
  File "/Users/johnrush/repos/chuck-data/src/commands/setup_stitch.py", line 111, in handle_command
    return _phase_1_prepare_config(
           ^^^^^^^^^^^^^^^^^^^^^^^^
  File "/Users/johnrush/repos/chuck-data/src/commands/setup_stitch.py", line 273, in _phase_1_prepare_config
    llm_client = LLMClient()
                 ^^^^^^^^^^^
  File "/usr/local/Cellar/python@3.11/3.11.4_1/Frameworks/Python.framework/Versions/3.11/lib/python3.11/unittest/mock.py", line 1124, in __call__
    return self._mock_call(*args, **kwargs)
           ^^^^^^^^^^^^^^^^^^^^^^^^^^^^^^^^
  File "/usr/local/Cellar/python@3.11/3.11.4_1/Frameworks/Python.framework/Versions/3.11/lib/python3.11/unittest/mock.py", line 1128, in _mock_call
    return self._execute_mock_call(*args, **kwargs)
           ^^^^^^^^^^^^^^^^^^^^^^^^^^^^^^^^^^^^^^^^
  File "/usr/local/Cellar/python@3.11/3.11.4_1/Frameworks/Python.framework/Versions/3.11/lib/python3.11/unittest/mock.py", line 1183, in _execute_mock_call
    raise effect
Exception: LLM client error
2025-06-05 14:13:36,607 - DEBUG - GET request to: https://.cloud.databricks.com/api/2.0/preview/scim/v2/Me
2025-06-05 14:13:36,607 - DEBUG - Connection error: URL has an invalid label.
2025-06-05 14:13:36,607 - DEBUG - Token validation failed: Connection error occurred: URL has an invalid label.
2025-06-05 14:13:36,610 - ERROR - Error validating token: Connection failed
2025-06-05 14:13:36,615 - DEBUG - GET request to: https://invalid-workspace.nonexistent.com.cloud.databricks.com/api/2.0/preview/scim/v2/Me
2025-06-05 14:13:36,681 - DEBUG - Starting new HTTPS connection (1): invalid-workspace.nonexistent.com.cloud.databricks.com:443
2025-06-05 14:13:36,682 - DEBUG - Connection error: HTTPSConnectionPool(host='invalid-workspace.nonexistent.com.cloud.databricks.com', port=443): Max retries exceeded with url: /api/2.0/preview/scim/v2/Me (Caused by NameResolutionError("<urllib3.connection.HTTPSConnection object at 0x10fe35810>: Failed to resolve 'invalid-workspace.nonexistent.com.cloud.databricks.com' ([Errno 8] nodename nor servname provided, or not known)"))
2025-06-05 14:13:36,682 - DEBUG - Token validation failed: Connection error occurred: HTTPSConnectionPool(host='invalid-workspace.nonexistent.com.cloud.databricks.com', port=443): Max retries exceeded with url: /api/2.0/preview/scim/v2/Me (Caused by NameResolutionError("<urllib3.connection.HTTPSConnection object at 0x10fe35810>: Failed to resolve 'invalid-workspace.nonexistent.com.cloud.databricks.com' ([Errno 8] nodename nor servname provided, or not known)"))
2025-06-05 14:13:36,780 - DEBUG - GET request to: https://invalid.nonexistent.com.cloud.databricks.com/api/2.0/preview/scim/v2/Me
2025-06-05 14:13:36,819 - DEBUG - Starting new HTTPS connection (1): invalid.nonexistent.com.cloud.databricks.com:443
2025-06-05 14:13:36,821 - DEBUG - Connection error: HTTPSConnectionPool(host='invalid.nonexistent.com.cloud.databricks.com', port=443): Max retries exceeded with url: /api/2.0/preview/scim/v2/Me (Caused by NameResolutionError("<urllib3.connection.HTTPSConnection object at 0x10fd3ab50>: Failed to resolve 'invalid.nonexistent.com.cloud.databricks.com' ([Errno 8] nodename nor servname provided, or not known)"))
2025-06-05 14:13:36,821 - DEBUG - Token validation failed: Connection error occurred: HTTPSConnectionPool(host='invalid.nonexistent.com.cloud.databricks.com', port=443): Max retries exceeded with url: /api/2.0/preview/scim/v2/Me (Caused by NameResolutionError("<urllib3.connection.HTTPSConnection object at 0x10fd3ab50>: Failed to resolve 'invalid.nonexistent.com.cloud.databricks.com' ([Errno 8] nodename nor servname provided, or not known)"))
2025-06-05 14:13:36,822 - ERROR - Error validating token: Validation failed
2025-06-05 14:13:36,933 - ERROR - Error validating token: Connection failed
2025-06-05 14:13:36,966 - ERROR - Error validating token: Network error with secret details
2025-06-05 14:13:37,001 - ERROR - Error validating token: Connection error: Failed to resolve 'workspace123.cloud.databricks.com'
2025-06-05 14:13:37,010 - ERROR - Error fetching Amperity init script: API Error
Traceback (most recent call last):
  File "/Users/johnrush/repos/chuck-data/src/commands/stitch_tools.py", line 179, in _helper_prepare_stitch_config
    init_script_data = client.fetch_amperity_job_init(amperity_token)
                       ^^^^^^^^^^^^^^^^^^^^^^^^^^^^^^^^^^^^^^^^^^^^^^
  File "/usr/local/Cellar/python@3.11/3.11.4_1/Frameworks/Python.framework/Versions/3.11/lib/python3.11/unittest/mock.py", line 1124, in __call__
    return self._mock_call(*args, **kwargs)
           ^^^^^^^^^^^^^^^^^^^^^^^^^^^^^^^^
  File "/usr/local/Cellar/python@3.11/3.11.4_1/Frameworks/Python.framework/Versions/3.11/lib/python3.11/unittest/mock.py", line 1128, in _mock_call
    return self._execute_mock_call(*args, **kwargs)
           ^^^^^^^^^^^^^^^^^^^^^^^^^^^^^^^^^^^^^^^^
  File "/usr/local/Cellar/python@3.11/3.11.4_1/Frameworks/Python.framework/Versions/3.11/lib/python3.11/unittest/mock.py", line 1183, in _execute_mock_call
    raise effect
Exception: API Error
2025-06-05 14:13:37,017 - DEBUG - Versioned cluster init script uploaded to /Volumes/test_catalog/test_schema/chuck/cluster_init-2025-06-02_14-30.sh
2025-06-05 14:13:37,019 - DEBUG - Versioned cluster init script uploaded to /Volumes/test_catalog/test_schema/chuck/cluster_init-2025-06-02_14-30.sh
2025-06-05 14:13:37,022 - DEBUG - Volume 'chuck' not found in test_catalog.test_schema. Attempting to create.
2025-06-05 14:13:37,031 - DEBUG - Saved configuration to /var/folders/3f/2n5sjdw50vj9gfnrxjbptj4c0000gn/T/tmpm1id24gv/test_config.json
2025-06-05 14:13:37,031 - DEBUG - Loaded configuration from /var/folders/3f/2n5sjdw50vj9gfnrxjbptj4c0000gn/T/tmpm1id24gv/test_config.json
2025-06-05 14:13:37,032 - DEBUG - Loaded configuration from /var/folders/3f/2n5sjdw50vj9gfnrxjbptj4c0000gn/T/tmpm1id24gv/test_config.json
2025-06-05 14:13:37,032 - DEBUG - Loaded configuration from /var/folders/3f/2n5sjdw50vj9gfnrxjbptj4c0000gn/T/tmpm1id24gv/test_config.json
2025-06-05 14:13:37,033 - DEBUG - Saved configuration to /var/folders/3f/2n5sjdw50vj9gfnrxjbptj4c0000gn/T/tmpf_qo9zxj/test_config.json
2025-06-05 14:13:37,034 - DEBUG - Loaded configuration from /var/folders/3f/2n5sjdw50vj9gfnrxjbptj4c0000gn/T/tmpf_qo9zxj/test_config.json
2025-06-05 14:13:37,034 - DEBUG - Saved configuration to /var/folders/3f/2n5sjdw50vj9gfnrxjbptj4c0000gn/T/tmpf_qo9zxj/test_config.json
2025-06-05 14:13:37,034 - DEBUG - Loaded configuration from /var/folders/3f/2n5sjdw50vj9gfnrxjbptj4c0000gn/T/tmpf_qo9zxj/test_config.json
2025-06-05 14:13:37,034 - DEBUG - Saved configuration to /var/folders/3f/2n5sjdw50vj9gfnrxjbptj4c0000gn/T/tmpf_qo9zxj/test_config.json
2025-06-05 14:13:37,034 - DEBUG - Loaded configuration from /var/folders/3f/2n5sjdw50vj9gfnrxjbptj4c0000gn/T/tmpf_qo9zxj/test_config.json
2025-06-05 14:13:37,035 - DEBUG - Loaded configuration from /var/folders/3f/2n5sjdw50vj9gfnrxjbptj4c0000gn/T/tmpf_qo9zxj/test_config.json
2025-06-05 14:13:37,035 - DEBUG - Loaded configuration from /var/folders/3f/2n5sjdw50vj9gfnrxjbptj4c0000gn/T/tmpf_qo9zxj/test_config.json
2025-06-05 14:13:37,036 - INFO - Applying tag 'email' to column 'email_col'
2025-06-05 14:13:37,036 - INFO - Applying tag 'given-name' to column 'name_col'
2025-06-05 14:13:37,037 - INFO - Applying tag 'phone' to column 'good_col'
2025-06-05 14:13:37,038 - INFO - Applying tag 'email' to column 'email_col'
2025-06-05 14:13:37,040 - INFO - Applying tag 'email' to column 'email_col'
2025-06-05 14:13:37,040 - ERROR - Error applying tag to email_col: Connection error
2025-06-05 14:13:37,042 - DEBUG - Saved configuration to /var/folders/3f/2n5sjdw50vj9gfnrxjbptj4c0000gn/T/tmphrwmf8dz/test_config.json
2025-06-05 14:13:37,075 - DEBUG - Saved configuration to /var/folders/3f/2n5sjdw50vj9gfnrxjbptj4c0000gn/T/tmpwdhx4hj8/test_config.json
2025-06-05 14:13:37,076 - DEBUG - Saved configuration to /var/folders/3f/2n5sjdw50vj9gfnrxjbptj4c0000gn/T/tmpk4a8_w_3/test_config.json
2025-06-05 14:13:37,076 - DEBUG - Loaded configuration from /var/folders/3f/2n5sjdw50vj9gfnrxjbptj4c0000gn/T/tmpk4a8_w_3/test_config.json
2025-06-05 14:13:37,078 - DEBUG - Saved configuration to /var/folders/3f/2n5sjdw50vj9gfnrxjbptj4c0000gn/T/tmpv287l5pm/test_config.json
2025-06-05 14:13:37,078 - DEBUG - Loaded configuration from /var/folders/3f/2n5sjdw50vj9gfnrxjbptj4c0000gn/T/tmpv287l5pm/test_config.json
2025-06-05 14:13:37,083 - ERROR - Failed to set workspace URL: Validation error
Traceback (most recent call last):
  File "/Users/johnrush/repos/chuck-data/src/commands/workspace_selection.py", line 37, in handle_command
    is_valid, error_message = validate_workspace_url(workspace_url)
                              ^^^^^^^^^^^^^^^^^^^^^^^^^^^^^^^^^^^^^
  File "/usr/local/Cellar/python@3.11/3.11.4_1/Frameworks/Python.framework/Versions/3.11/lib/python3.11/unittest/mock.py", line 1124, in __call__
    return self._mock_call(*args, **kwargs)
           ^^^^^^^^^^^^^^^^^^^^^^^^^^^^^^^^
  File "/usr/local/Cellar/python@3.11/3.11.4_1/Frameworks/Python.framework/Versions/3.11/lib/python3.11/unittest/mock.py", line 1128, in _mock_call
    return self._execute_mock_call(*args, **kwargs)
           ^^^^^^^^^^^^^^^^^^^^^^^^^^^^^^^^^^^^^^^^
  File "/usr/local/Cellar/python@3.11/3.11.4_1/Frameworks/Python.framework/Versions/3.11/lib/python3.11/unittest/mock.py", line 1183, in _execute_mock_call
    raise effect
Exception: Validation error
