2025-06-04 14:13:47,281 - DEBUG - Logging initialized. Writing to /Users/johnrush/repos/clamp-internal/log/sessions/2025-06-04_14-13-47.log
2025-06-04 14:13:47,283 - DEBUG - HTTP error: HTTP 401, Response: {"status":401,"message":"Unauthorized"}
2025-06-04 14:13:47,285 - DEBUG - GET request to: https://test-workspace.cloud.databricks.com/test-endpoint
2025-06-04 14:13:47,285 - DEBUG - Connection error: Connection failed
2025-06-04 14:13:47,287 - DEBUG - GET request to: https://test-workspace.cloud.databricks.com/test-endpoint
2025-06-04 14:13:47,287 - DEBUG - HTTP error: HTTP 404, Response: Not Found
2025-06-04 14:13:47,288 - DEBUG - GET request to: https://test-workspace.cloud.databricks.com/test-endpoint
2025-06-04 14:13:47,305 - DEBUG - POST request to: https://test-workspace.cloud.databricks.com/test-endpoint
2025-06-04 14:13:47,305 - DEBUG - Connection error: Connection failed
2025-06-04 14:13:47,306 - DEBUG - POST request to: https://test-workspace.cloud.databricks.com/test-endpoint
2025-06-04 14:13:47,306 - DEBUG - HTTP error: HTTP 400, Response: Bad Request
2025-06-04 14:13:47,308 - DEBUG - POST request to: https://test-workspace.cloud.databricks.com/test-endpoint
2025-06-04 14:13:47,311 - DEBUG - Saved configuration to /var/folders/3f/2n5sjdw50vj9gfnrxjbptj4c0000gn/T/tmpv469q7a7/test_config.json
2025-06-04 14:13:47,311 - DEBUG - Loaded configuration from /var/folders/3f/2n5sjdw50vj9gfnrxjbptj4c0000gn/T/tmpv469q7a7/test_config.json
2025-06-04 14:13:47,311 - DEBUG - Loaded configuration from /var/folders/3f/2n5sjdw50vj9gfnrxjbptj4c0000gn/T/tmpv469q7a7/test_config.json
2025-06-04 14:13:47,312 - DEBUG - Saved configuration to /var/folders/3f/2n5sjdw50vj9gfnrxjbptj4c0000gn/T/tmpv469q7a7/test_config.json
2025-06-04 14:13:47,312 - DEBUG - Loaded configuration from /var/folders/3f/2n5sjdw50vj9gfnrxjbptj4c0000gn/T/tmpv469q7a7/test_config.json
2025-06-04 14:13:47,312 - DEBUG - Saved configuration to /var/folders/3f/2n5sjdw50vj9gfnrxjbptj4c0000gn/T/tmpv469q7a7/test_config.json
2025-06-04 14:13:47,312 - DEBUG - Loaded configuration from /var/folders/3f/2n5sjdw50vj9gfnrxjbptj4c0000gn/T/tmpv469q7a7/test_config.json
2025-06-04 14:13:47,313 - DEBUG - Saved configuration to /var/folders/3f/2n5sjdw50vj9gfnrxjbptj4c0000gn/T/tmpv469q7a7/test_config.json
2025-06-04 14:13:47,313 - DEBUG - Loaded configuration from /var/folders/3f/2n5sjdw50vj9gfnrxjbptj4c0000gn/T/tmpv469q7a7/test_config.json
2025-06-04 14:13:47,313 - DEBUG - Saved configuration to /var/folders/3f/2n5sjdw50vj9gfnrxjbptj4c0000gn/T/tmpv469q7a7/test_config.json
2025-06-04 14:13:47,313 - DEBUG - Loaded configuration from /var/folders/3f/2n5sjdw50vj9gfnrxjbptj4c0000gn/T/tmpv469q7a7/test_config.json
2025-06-04 14:13:47,313 - DEBUG - Loaded configuration from /var/folders/3f/2n5sjdw50vj9gfnrxjbptj4c0000gn/T/tmpv469q7a7/test_config.json
2025-06-04 14:13:47,313 - DEBUG - Loaded configuration from /var/folders/3f/2n5sjdw50vj9gfnrxjbptj4c0000gn/T/tmpv469q7a7/test_config.json
2025-06-04 14:13:47,314 - DEBUG - Loaded configuration from /var/folders/3f/2n5sjdw50vj9gfnrxjbptj4c0000gn/T/tmpv469q7a7/test_config.json
2025-06-04 14:13:47,314 - DEBUG - Loaded configuration from /var/folders/3f/2n5sjdw50vj9gfnrxjbptj4c0000gn/T/tmpv469q7a7/test_config.json
2025-06-04 14:13:47,316 - DEBUG - Saved configuration to /var/folders/3f/2n5sjdw50vj9gfnrxjbptj4c0000gn/T/tmpmv5mxojj/test_config.json
2025-06-04 14:13:47,316 - DEBUG - Loaded configuration from /var/folders/3f/2n5sjdw50vj9gfnrxjbptj4c0000gn/T/tmpmv5mxojj/test_config.json
2025-06-04 14:13:47,317 - DEBUG - Saved configuration to /var/folders/3f/2n5sjdw50vj9gfnrxjbptj4c0000gn/T/tmp71uja9_o/test_config.json
2025-06-04 14:13:47,318 - DEBUG - Loaded configuration from /var/folders/3f/2n5sjdw50vj9gfnrxjbptj4c0000gn/T/tmp71uja9_o/test_config.json
2025-06-04 14:13:47,319 - DEBUG - Saved configuration to /var/folders/3f/2n5sjdw50vj9gfnrxjbptj4c0000gn/T/tmp_np4toru/test_config.json
2025-06-04 14:13:47,320 - DEBUG - Loaded configuration from /var/folders/3f/2n5sjdw50vj9gfnrxjbptj4c0000gn/T/tmp_np4toru/test_config.json
2025-06-04 14:13:47,320 - DEBUG - Loaded configuration from /var/folders/3f/2n5sjdw50vj9gfnrxjbptj4c0000gn/T/tmp_np4toru/test_config.json
2025-06-04 14:13:47,320 - DEBUG - Saved configuration to /var/folders/3f/2n5sjdw50vj9gfnrxjbptj4c0000gn/T/tmp_np4toru/test_config.json
2025-06-04 14:13:47,320 - DEBUG - Loaded configuration from /var/folders/3f/2n5sjdw50vj9gfnrxjbptj4c0000gn/T/tmp_np4toru/test_config.json
2025-06-04 14:13:47,320 - DEBUG - Loaded configuration from /var/folders/3f/2n5sjdw50vj9gfnrxjbptj4c0000gn/T/tmp_np4toru/test_config.json
2025-06-04 14:13:47,323 - DEBUG - Saved configuration to /var/folders/3f/2n5sjdw50vj9gfnrxjbptj4c0000gn/T/tmp53w20w9k/test_config.json
2025-06-04 14:13:47,323 - DEBUG - Loaded configuration from /var/folders/3f/2n5sjdw50vj9gfnrxjbptj4c0000gn/T/tmp53w20w9k/test_config.json
2025-06-04 14:13:47,323 - DEBUG - Loaded configuration from /var/folders/3f/2n5sjdw50vj9gfnrxjbptj4c0000gn/T/tmp53w20w9k/test_config.json
2025-06-04 14:13:47,324 - DEBUG - Saved configuration to /var/folders/3f/2n5sjdw50vj9gfnrxjbptj4c0000gn/T/tmp53w20w9k/test_config.json
2025-06-04 14:13:47,324 - DEBUG - Loaded configuration from /var/folders/3f/2n5sjdw50vj9gfnrxjbptj4c0000gn/T/tmp53w20w9k/test_config.json
2025-06-04 14:13:47,324 - DEBUG - Saved configuration to /var/folders/3f/2n5sjdw50vj9gfnrxjbptj4c0000gn/T/tmp53w20w9k/test_config.json
2025-06-04 14:13:47,324 - DEBUG - Loaded configuration from /var/folders/3f/2n5sjdw50vj9gfnrxjbptj4c0000gn/T/tmp53w20w9k/test_config.json
2025-06-04 14:13:47,324 - DEBUG - Saved configuration to /var/folders/3f/2n5sjdw50vj9gfnrxjbptj4c0000gn/T/tmp53w20w9k/test_config.json
2025-06-04 14:13:47,324 - DEBUG - Loaded configuration from /var/folders/3f/2n5sjdw50vj9gfnrxjbptj4c0000gn/T/tmp53w20w9k/test_config.json
2025-06-04 14:13:47,325 - DEBUG - Saved configuration to /var/folders/3f/2n5sjdw50vj9gfnrxjbptj4c0000gn/T/tmp53w20w9k/test_config.json
2025-06-04 14:13:47,325 - DEBUG - Loaded configuration from /var/folders/3f/2n5sjdw50vj9gfnrxjbptj4c0000gn/T/tmp53w20w9k/test_config.json
2025-06-04 14:13:47,325 - DEBUG - Using workspace_url from environment variable CHUCK_WORKSPACE_URL
2025-06-04 14:13:47,325 - DEBUG - Using active_model from environment variable CHUCK_ACTIVE_MODEL
2025-06-04 14:13:47,325 - DEBUG - Using warehouse_id from environment variable CHUCK_WAREHOUSE_ID
2025-06-04 14:13:47,325 - DEBUG - Using active_catalog from environment variable CHUCK_ACTIVE_CATALOG
2025-06-04 14:13:47,325 - DEBUG - Using active_schema from environment variable CHUCK_ACTIVE_SCHEMA
2025-06-04 14:13:47,325 - DEBUG - Using usage_tracking_consent from environment variable CHUCK_USAGE_TRACKING_CONSENT
2025-06-04 14:13:47,325 - DEBUG - Loaded configuration from /var/folders/3f/2n5sjdw50vj9gfnrxjbptj4c0000gn/T/tmp53w20w9k/test_config.json
2025-06-04 14:13:47,327 - DEBUG - Saved configuration to /var/folders/3f/2n5sjdw50vj9gfnrxjbptj4c0000gn/T/tmp7_usb3cv/test_config.json
2025-06-04 14:13:47,327 - DEBUG - Loaded configuration from /var/folders/3f/2n5sjdw50vj9gfnrxjbptj4c0000gn/T/tmp7_usb3cv/test_config.json
2025-06-04 14:13:47,327 - DEBUG - Loaded configuration from /var/folders/3f/2n5sjdw50vj9gfnrxjbptj4c0000gn/T/tmp7_usb3cv/test_config.json
2025-06-04 14:13:47,327 - WARNING - Invalid workspace_url provided, using default instead
2025-06-04 14:13:47,327 - DEBUG - Saved configuration to /var/folders/3f/2n5sjdw50vj9gfnrxjbptj4c0000gn/T/tmp7_usb3cv/test_config.json
2025-06-04 14:13:47,328 - DEBUG - Loaded configuration from /var/folders/3f/2n5sjdw50vj9gfnrxjbptj4c0000gn/T/tmp7_usb3cv/test_config.json
2025-06-04 14:13:47,328 - DEBUG - Loaded configuration from /var/folders/3f/2n5sjdw50vj9gfnrxjbptj4c0000gn/T/tmp7_usb3cv/test_config.json
2025-06-04 14:13:47,328 - DEBUG - Saved configuration to /var/folders/3f/2n5sjdw50vj9gfnrxjbptj4c0000gn/T/tmp7_usb3cv/test_config.json
2025-06-04 14:13:47,328 - DEBUG - Loaded configuration from /var/folders/3f/2n5sjdw50vj9gfnrxjbptj4c0000gn/T/tmp7_usb3cv/test_config.json
2025-06-04 14:13:47,330 - DEBUG - Using workspace_url from environment variable CHUCK_WORKSPACE_URL
2025-06-04 14:13:47,330 - DEBUG - Using workspace_url from environment variable CHUCK_WORKSPACE_URL
2025-06-04 14:13:47,330 - DEBUG - Using active_model from environment variable CHUCK_ACTIVE_MODEL
2025-06-04 14:13:47,330 - DEBUG - Using amperity_token from environment variable CHUCK_AMPERITY_TOKEN
2025-06-04 14:13:47,330 - DEBUG - Using databricks_token from environment variable CHUCK_DATABRICKS_TOKEN
2025-06-04 14:13:47,331 - DEBUG - Saved configuration to /var/folders/3f/2n5sjdw50vj9gfnrxjbptj4c0000gn/T/tmp05h_k_1_/test_config.json
2025-06-04 14:13:47,331 - DEBUG - Loaded configuration from /var/folders/3f/2n5sjdw50vj9gfnrxjbptj4c0000gn/T/tmp05h_k_1_/test_config.json
2025-06-04 14:13:47,333 - DEBUG - Saved configuration to /var/folders/3f/2n5sjdw50vj9gfnrxjbptj4c0000gn/T/tmp9vago9sb/test_config.json
2025-06-04 14:13:47,345 - DEBUG - GET request to: https://adb-3856707039489412.12.azuredatabricks.net/test-endpoint
2025-06-04 14:13:47,349 - DEBUG - GET request to: https://test-workspace.cloud.databricks.com/test-endpoint
2025-06-04 14:13:47,349 - DEBUG - Connection error: Connection failed
2025-06-04 14:13:47,350 - DEBUG - GET request to: https://test-workspace.cloud.databricks.com/test-endpoint
2025-06-04 14:13:47,350 - DEBUG - HTTP error: HTTP 404, Response: Not Found
2025-06-04 14:13:47,351 - WARNING - Model 'nonexistent-model' not found
2025-06-04 14:13:47,352 - DEBUG - GET request to: https://test-workspace.cloud.databricks.com/test-endpoint
2025-06-04 14:13:47,358 - DEBUG - POST request to: https://test-workspace.cloud.databricks.com/test-endpoint
2025-06-04 14:13:47,359 - DEBUG - Connection error: Connection failed
2025-06-04 14:13:47,360 - DEBUG - POST request to: https://test-workspace.cloud.databricks.com/test-endpoint
2025-06-04 14:13:47,360 - DEBUG - HTTP error: HTTP 400, Response: Bad Request
2025-06-04 14:13:47,361 - DEBUG - POST request to: https://test-workspace.cloud.databricks.com/test-endpoint
2025-06-04 14:13:47,363 - DEBUG - File upload request to: https://test-workspace.cloud.databricks.com/api/2.0/fs/files/test/path.txt
2025-06-04 14:13:47,366 - DEBUG - File upload request to: https://test-workspace.cloud.databricks.com/api/2.0/fs/files/test/path.txt
2025-06-04 14:13:47,367 - DEBUG - Token validation failed: Token validation failed
2025-06-04 14:13:47,369 - DEBUG - Saved configuration to /tmp/.test_chuck_integration_config.json
2025-06-04 14:13:47,369 - DEBUG - Saved configuration to /tmp/.test_chuck_integration_config.json
2025-06-04 14:13:47,371 - DEBUG - Saved configuration to /tmp/.test_chuck_integration_config.json
2025-06-04 14:13:47,371 - DEBUG - Saved configuration to /tmp/.test_chuck_integration_config.json
2025-06-04 14:13:47,372 - DEBUG - Saved configuration to /tmp/.test_chuck_integration_config.json
2025-06-04 14:13:47,373 - DEBUG - Saved configuration to /tmp/.test_chuck_integration_config.json
2025-06-04 14:13:47,377 - DEBUG - Sending metric: {"event": "USAGE", "prompt": "test prompt"}...
2025-06-04 14:13:47,377 - DEBUG - Error sending metrics: Test exception
Traceback (most recent call last):
  File "/Users/johnrush/repos/clamp-internal/src/metrics_collector.py", line 123, in send_metric
    return self._client.submit_metrics(payload, token)
           ^^^^^^^^^^^^^^^^^^^^^^^^^^^^^^^^^^^^^^^^^^^
  File "/Users/johnrush/repos/clamp-internal/tests/fixtures.py", line 60, in submit_metrics
    raise Exception("Test exception")
Exception: Test exception
2025-06-04 14:13:47,379 - DEBUG - Sending metric: {"event": "USAGE", "prompt": "test prompt"}...
2025-06-04 14:13:47,380 - DEBUG - Cannot send metrics - no authentication token available
2025-06-04 14:13:47,381 - DEBUG - Sending metric: {"event": "USAGE", "prompt": "test prompt"}...
2025-06-04 14:13:47,384 - DEBUG - Metrics tracking skipped - user has not provided consent
2025-06-04 14:13:47,386 - ERROR - Connection error when getting model: Connection failed
2025-06-04 14:13:47,387 - ERROR - Failed to get model: HTTP error occurred: 500 Internal Server Error
2025-06-04 14:13:47,388 - ERROR - Connection error when listing models: Connection failed
2025-06-04 14:13:47,390 - ERROR - Failed to list models: HTTP error occurred: 404 Not Found
2025-06-04 14:13:47,423 - ERROR - Error executing handler for command 'test_command': Command failed
Traceback (most recent call last):
  File "/Users/johnrush/repos/clamp-internal/src/service.py", line 395, in execute_command
    result: CommandResult = command_def.handler(
                            ^^^^^^^^^^^^^^^^^^^^
  File "/usr/local/Cellar/python@3.11/3.11.4_1/Frameworks/Python.framework/Versions/3.11/lib/python3.11/unittest/mock.py", line 1124, in __call__
    return self._mock_call(*args, **kwargs)
           ^^^^^^^^^^^^^^^^^^^^^^^^^^^^^^^^
  File "/usr/local/Cellar/python@3.11/3.11.4_1/Frameworks/Python.framework/Versions/3.11/lib/python3.11/unittest/mock.py", line 1128, in _mock_call
    return self._execute_mock_call(*args, **kwargs)
           ^^^^^^^^^^^^^^^^^^^^^^^^^^^^^^^^^^^^^^^^
  File "/usr/local/Cellar/python@3.11/3.11.4_1/Frameworks/Python.framework/Versions/3.11/lib/python3.11/unittest/mock.py", line 1183, in _execute_mock_call
    raise effect
Exception: Command failed
2025-06-04 14:13:47,458 - DEBUG - Executing SQL: SELECT * INVALID SQL
2025-06-04 14:13:47,464 - DEBUG - Executing SQL: SELECT * INVALID SQL
2025-06-04 14:13:47,465 - DEBUG - Executing SQL: SELECT * FROM table
2025-06-04 14:13:47,466 - DEBUG - Executing SQL: SELECT * FROM table
2025-06-04 14:13:47,467 - DEBUG - Executing SQL: SELECT * FROM table
2025-06-04 14:13:47,469 - DEBUG - Executing SQL: SELECT * FROM table
2025-06-04 14:13:47,474 - ERROR - Authentication state polling received 401
2025-06-04 14:13:47,477 - ERROR - Error creating Stitch report: API Error
Traceback (most recent call last):
  File "/Users/johnrush/repos/clamp-internal/src/commands/add_stitch_report.py", line 62, in handle_command
    result = client.create_stitch_notebook(table_path, custom_name)
             ^^^^^^^^^^^^^^^^^^^^^^^^^^^^^^^^^^^^^^^^^^^^^^^^^^^^^^
  File "/Users/johnrush/repos/clamp-internal/tests/fixtures.py", line 509, in create_stitch_notebook
    raise self._create_stitch_notebook_error
ValueError: API Error
2025-06-04 14:13:47,481 - ERROR - Agent error: Agent error
Traceback (most recent call last):
  File "/Users/johnrush/repos/clamp-internal/src/commands/agent.py", line 79, in handle_command
    agent = AgentManager(client, tool_output_callback=tool_output_callback)
            ^^^^^^^^^^^^^^^^^^^^^^^^^^^^^^^^^^^^^^^^^^^^^^^^^^^^^^^^^^^^^^^
  File "/usr/local/Cellar/python@3.11/3.11.4_1/Frameworks/Python.framework/Versions/3.11/lib/python3.11/unittest/mock.py", line 1124, in __call__
    return self._mock_call(*args, **kwargs)
           ^^^^^^^^^^^^^^^^^^^^^^^^^^^^^^^^
  File "/usr/local/Cellar/python@3.11/3.11.4_1/Frameworks/Python.framework/Versions/3.11/lib/python3.11/unittest/mock.py", line 1128, in _mock_call
    return self._execute_mock_call(*args, **kwargs)
           ^^^^^^^^^^^^^^^^^^^^^^^^^^^^^^^^^^^^^^^^
  File "/usr/local/Cellar/python@3.11/3.11.4_1/Frameworks/Python.framework/Versions/3.11/lib/python3.11/unittest/mock.py", line 1183, in _execute_mock_call
    raise effect
Exception: Agent error
2025-06-04 14:13:47,483 - DEBUG - Metrics tracking skipped - user has not provided consent
2025-06-04 14:13:47,485 - DEBUG - Metrics tracking skipped - user has not provided consent
2025-06-04 14:13:47,489 - DEBUG - Metrics tracking skipped - user has not provided consent
2025-06-04 14:13:47,491 - DEBUG - Metrics tracking skipped - user has not provided consent
2025-06-04 14:13:47,492 - DEBUG - Metrics tracking skipped - user has not provided consent
2025-06-04 14:13:47,497 - INFO - Databricks token set successfully
2025-06-04 14:13:47,498 - INFO - Databricks token cleared
2025-06-04 14:13:47,498 - INFO - Amperity token cleared
2025-06-04 14:13:47,499 - INFO - Amperity token cleared
2025-06-04 14:13:47,499 - INFO - Databricks token cleared
2025-06-04 14:13:47,500 - INFO - Amperity token cleared
2025-06-04 14:13:47,508 - DEBUG - Bug report submitted successfully
2025-06-04 14:13:47,560 - ERROR - Error submitting bug report: Network error
Traceback (most recent call last):
  File "/Users/johnrush/repos/clamp-internal/src/commands/bug.py", line 72, in handle_command
    success, message = amperity_client.submit_bug_report(payload, amperity_token)
                       ^^^^^^^^^^^^^^^^^^^^^^^^^^^^^^^^^^^^^^^^^^^^^^^^^^^^^^^^^^
  File "/Users/johnrush/repos/clamp-internal/tests/commands/test_bug.py", line 115, in submit_bug_report
    raise Exception("Network error")
Exception: Network error
2025-06-04 14:13:47,562 - DEBUG - Loaded configuration from /var/folders/3f/2n5sjdw50vj9gfnrxjbptj4c0000gn/T/tmpm3q_juzn.json
2025-06-04 14:13:47,563 - DEBUG - Loaded configuration from /var/folders/3f/2n5sjdw50vj9gfnrxjbptj4c0000gn/T/tmpb8zjrfgd.json
2025-06-04 14:13:47,571 - DEBUG - Bug report submitted successfully
2025-06-04 14:13:47,572 - ERROR - Error saving config: [Errno 30] Read-only file system: '/invalid'
2025-06-04 14:13:47,573 - DEBUG - Saved configuration to /var/folders/3f/2n5sjdw50vj9gfnrxjbptj4c0000gn/T/tmp9hlniqcl/test_config.json
2025-06-04 14:13:47,575 - DEBUG - Saved configuration to /var/folders/3f/2n5sjdw50vj9gfnrxjbptj4c0000gn/T/tmp6w2g8wb_/test_config.json
2025-06-04 14:13:47,575 - DEBUG - Loaded configuration from /var/folders/3f/2n5sjdw50vj9gfnrxjbptj4c0000gn/T/tmp6w2g8wb_/test_config.json
2025-06-04 14:13:47,578 - DEBUG - Saved configuration to /var/folders/3f/2n5sjdw50vj9gfnrxjbptj4c0000gn/T/tmprdjoqaxd/test_config.json
2025-06-04 14:13:47,578 - DEBUG - Loaded configuration from /var/folders/3f/2n5sjdw50vj9gfnrxjbptj4c0000gn/T/tmprdjoqaxd/test_config.json
2025-06-04 14:13:47,580 - INFO - Cluster init script uploaded successfully to /Volumes/main/default/chuck/cluster_init-2025-06-02_14-30.sh
2025-06-04 14:13:47,586 - DEBUG - Volume 'chuck' not found in main.default. Attempting to create.
2025-06-04 14:13:47,586 - DEBUG - Volume 'chuck' created successfully.
2025-06-04 14:13:47,586 - INFO - Cluster init script uploaded successfully to /Volumes/main/default/chuck/cluster_init-2025-06-02_14-30.sh
2025-06-04 14:13:47,587 - DEBUG - Volume 'chuck' not found in main.default. Attempting to create.
2025-06-04 14:13:47,588 - DEBUG - Volume 'chuck' created successfully.
2025-06-04 14:13:47,588 - INFO - Cluster init script uploaded successfully to /Volumes/main/default/chuck/cluster_init-2025-06-02_14-30.sh
2025-06-04 14:13:47,589 - DEBUG - Volume 'chuck' not found in main.default. Attempting to create.
2025-06-04 14:13:47,590 - DEBUG - Volume 'chuck' not found in main.default. Attempting to create.
2025-06-04 14:13:47,594 - INFO - Cluster init script uploaded successfully to /Volumes/test_catalog/test_schema/chuck/cluster_init-2025-12-31_23-59.sh
2025-06-04 14:13:47,597 - ERROR - Error generating help: Test error
Traceback (most recent call last):
  File "/Users/johnrush/repos/clamp-internal/src/commands/help.py", line 27, in handle_command
    user_commands = get_user_commands()
                    ^^^^^^^^^^^^^^^^^^^
  File "/usr/local/Cellar/python@3.11/3.11.4_1/Frameworks/Python.framework/Versions/3.11/lib/python3.11/unittest/mock.py", line 1124, in __call__
    return self._mock_call(*args, **kwargs)
           ^^^^^^^^^^^^^^^^^^^^^^^^^^^^^^^^
  File "/usr/local/Cellar/python@3.11/3.11.4_1/Frameworks/Python.framework/Versions/3.11/lib/python3.11/unittest/mock.py", line 1128, in _mock_call
    return self._execute_mock_call(*args, **kwargs)
           ^^^^^^^^^^^^^^^^^^^^^^^^^^^^^^^^^^^^^^^^
  File "/usr/local/Cellar/python@3.11/3.11.4_1/Frameworks/Python.framework/Versions/3.11/lib/python3.11/unittest/mock.py", line 1183, in _execute_mock_call
    raise effect
Exception: Test error
2025-06-04 14:13:47,601 - ERROR - Failed to get job status for run '999999': Not Found
Traceback (most recent call last):
  File "/Users/johnrush/repos/clamp-internal/src/commands/jobs.py", line 67, in handle_job_status
    data = client.get_job_run_status(run_id_str)
           ^^^^^^^^^^^^^^^^^^^^^^^^^^^^^^^^^^^^^
  File "/Users/johnrush/repos/clamp-internal/tests/commands/test_jobs.py", line 119, in get_job_run_status
    raise Exception("Not Found")
Exception: Not Found
2025-06-04 14:13:47,605 - ERROR - Failed to submit job: Bad Request
Traceback (most recent call last):
  File "/Users/johnrush/repos/clamp-internal/src/commands/jobs.py", line 32, in handle_launch_job
    run_data = client.submit_job_run(
               ^^^^^^^^^^^^^^^^^^^^^^
  File "/Users/johnrush/repos/clamp-internal/tests/commands/test_jobs.py", line 70, in submit_job_run
    raise Exception("Bad Request")
Exception: Bad Request
2025-06-04 14:13:47,608 - ERROR - Failed to launch job, no run_id: {}
2025-06-04 14:13:47,611 - ERROR - Error listing catalogs: API error
2025-06-04 14:13:47,616 - DEBUG - Saved configuration to /var/folders/3f/2n5sjdw50vj9gfnrxjbptj4c0000gn/T/tmpik6f4y8a/test_config.json
2025-06-04 14:13:47,616 - DEBUG - Loaded configuration from /var/folders/3f/2n5sjdw50vj9gfnrxjbptj4c0000gn/T/tmpik6f4y8a/test_config.json
2025-06-04 14:13:47,618 - DEBUG - Saved configuration to /var/folders/3f/2n5sjdw50vj9gfnrxjbptj4c0000gn/T/tmpyojqum6u/test_config.json
2025-06-04 14:13:47,618 - DEBUG - Loaded configuration from /var/folders/3f/2n5sjdw50vj9gfnrxjbptj4c0000gn/T/tmpyojqum6u/test_config.json
2025-06-04 14:13:47,621 - DEBUG - Saved configuration to /var/folders/3f/2n5sjdw50vj9gfnrxjbptj4c0000gn/T/tmp0y2uk14c/test_config.json
2025-06-04 14:13:47,621 - DEBUG - Loaded configuration from /var/folders/3f/2n5sjdw50vj9gfnrxjbptj4c0000gn/T/tmp0y2uk14c/test_config.json
2025-06-04 14:13:47,622 - ERROR - Failed to list models: API error
Traceback (most recent call last):
  File "/Users/johnrush/repos/clamp-internal/src/commands/list_models.py", line 31, in handle_command
    models_list = list_models_api(client)
                  ^^^^^^^^^^^^^^^^^^^^^^^
  File "/Users/johnrush/repos/clamp-internal/src/models.py", line 19, in list_models
    return client.list_models()
           ^^^^^^^^^^^^^^^^^^^^
  File "/Users/johnrush/repos/clamp-internal/tests/commands/test_list_models.py", line 112, in list_models
    raise Exception("API error")
Exception: API error
2025-06-04 14:13:47,625 - ERROR - Error listing tables: API error
2025-06-04 14:13:47,628 - DEBUG - Saved configuration to /var/folders/3f/2n5sjdw50vj9gfnrxjbptj4c0000gn/T/tmpxzdjw5ln/test_config.json
2025-06-04 14:13:47,628 - DEBUG - Loaded configuration from /var/folders/3f/2n5sjdw50vj9gfnrxjbptj4c0000gn/T/tmpxzdjw5ln/test_config.json
2025-06-04 14:13:47,628 - DEBUG - Loaded configuration from /var/folders/3f/2n5sjdw50vj9gfnrxjbptj4c0000gn/T/tmpxzdjw5ln/test_config.json
2025-06-04 14:13:47,630 - DEBUG - Saved configuration to /var/folders/3f/2n5sjdw50vj9gfnrxjbptj4c0000gn/T/tmpzimw8xl2/test_config.json
2025-06-04 14:13:47,631 - DEBUG - Loaded configuration from /var/folders/3f/2n5sjdw50vj9gfnrxjbptj4c0000gn/T/tmpzimw8xl2/test_config.json
2025-06-04 14:13:47,631 - DEBUG - Saved configuration to /var/folders/3f/2n5sjdw50vj9gfnrxjbptj4c0000gn/T/tmpzimw8xl2/test_config.json
2025-06-04 14:13:47,631 - DEBUG - Loaded configuration from /var/folders/3f/2n5sjdw50vj9gfnrxjbptj4c0000gn/T/tmpzimw8xl2/test_config.json
2025-06-04 14:13:47,631 - DEBUG - Loaded configuration from /var/folders/3f/2n5sjdw50vj9gfnrxjbptj4c0000gn/T/tmpzimw8xl2/test_config.json
2025-06-04 14:13:47,636 - ERROR - Failed to set model 'claude-v1': API error
Traceback (most recent call last):
  File "/Users/johnrush/repos/clamp-internal/src/commands/model_selection.py", line 28, in handle_command
    models_list = list_models_api(client)
                  ^^^^^^^^^^^^^^^^^^^^^^^
  File "/Users/johnrush/repos/clamp-internal/src/models.py", line 19, in list_models
    return client.list_models()
           ^^^^^^^^^^^^^^^^^^^^
  File "/Users/johnrush/repos/clamp-internal/tests/commands/test_model_selection.py", line 79, in list_models
    raise Exception("API error")
Exception: API error
2025-06-04 14:13:47,638 - DEBUG - Saved configuration to /var/folders/3f/2n5sjdw50vj9gfnrxjbptj4c0000gn/T/tmpsgp52372/test_config.json
2025-06-04 14:13:47,638 - DEBUG - Loaded configuration from /var/folders/3f/2n5sjdw50vj9gfnrxjbptj4c0000gn/T/tmpsgp52372/test_config.json
2025-06-04 14:13:47,640 - DEBUG - Saved configuration to /var/folders/3f/2n5sjdw50vj9gfnrxjbptj4c0000gn/T/tmpopmwtfwc/test_config.json
2025-06-04 14:13:47,640 - DEBUG - Loaded configuration from /var/folders/3f/2n5sjdw50vj9gfnrxjbptj4c0000gn/T/tmpopmwtfwc/test_config.json
2025-06-04 14:13:47,642 - DEBUG - Saved configuration to /var/folders/3f/2n5sjdw50vj9gfnrxjbptj4c0000gn/T/tmpwmca4sk5/test_config.json
2025-06-04 14:13:47,642 - DEBUG - Loaded configuration from /var/folders/3f/2n5sjdw50vj9gfnrxjbptj4c0000gn/T/tmpwmca4sk5/test_config.json
2025-06-04 14:13:47,646 - DEBUG - Saved configuration to /var/folders/3f/2n5sjdw50vj9gfnrxjbptj4c0000gn/T/tmpsf6svn8y/test_config.json
2025-06-04 14:13:47,646 - DEBUG - Loaded configuration from /var/folders/3f/2n5sjdw50vj9gfnrxjbptj4c0000gn/T/tmpsf6svn8y/test_config.json
2025-06-04 14:13:47,650 - INFO - Starting PII Scan for 2 tables in test_cat.test_schema.
2025-06-04 14:13:47,657 - ERROR - Bulk PII scan error: LLM client error
Traceback (most recent call last):
  File "/Users/johnrush/repos/clamp-internal/src/commands/scan_pii.py", line 46, in handle_command
    llm_client = LLMClient()
                 ^^^^^^^^^^^
  File "/usr/local/Cellar/python@3.11/3.11.4_1/Frameworks/Python.framework/Versions/3.11/lib/python3.11/unittest/mock.py", line 1124, in __call__
    return self._mock_call(*args, **kwargs)
           ^^^^^^^^^^^^^^^^^^^^^^^^^^^^^^^^
  File "/usr/local/Cellar/python@3.11/3.11.4_1/Frameworks/Python.framework/Versions/3.11/lib/python3.11/unittest/mock.py", line 1128, in _mock_call
    return self._execute_mock_call(*args, **kwargs)
           ^^^^^^^^^^^^^^^^^^^^^^^^^^^^^^^^^^^^^^^^
  File "/usr/local/Cellar/python@3.11/3.11.4_1/Frameworks/Python.framework/Versions/3.11/lib/python3.11/unittest/mock.py", line 1183, in _execute_mock_call
    raise effect
Exception: LLM client error
2025-06-04 14:13:47,663 - DEBUG - Saved configuration to /var/folders/3f/2n5sjdw50vj9gfnrxjbptj4c0000gn/T/tmpa9bjhufe/test_config.json
2025-06-04 14:13:47,663 - DEBUG - Loaded configuration from /var/folders/3f/2n5sjdw50vj9gfnrxjbptj4c0000gn/T/tmpa9bjhufe/test_config.json
2025-06-04 14:13:47,663 - DEBUG - Loaded configuration from /var/folders/3f/2n5sjdw50vj9gfnrxjbptj4c0000gn/T/tmpa9bjhufe/test_config.json
2025-06-04 14:13:47,664 - DEBUG - Saved configuration to /var/folders/3f/2n5sjdw50vj9gfnrxjbptj4c0000gn/T/tmpa9bjhufe/test_config.json
2025-06-04 14:13:47,665 - DEBUG - Saved configuration to /var/folders/3f/2n5sjdw50vj9gfnrxjbptj4c0000gn/T/tmpvh_abipl/test_config.json
2025-06-04 14:13:47,665 - DEBUG - Loaded configuration from /var/folders/3f/2n5sjdw50vj9gfnrxjbptj4c0000gn/T/tmpvh_abipl/test_config.json
2025-06-04 14:13:47,666 - DEBUG - Loaded configuration from /var/folders/3f/2n5sjdw50vj9gfnrxjbptj4c0000gn/T/tmpvh_abipl/test_config.json
2025-06-04 14:13:47,666 - DEBUG - Saved configuration to /var/folders/3f/2n5sjdw50vj9gfnrxjbptj4c0000gn/T/tmpvh_abipl/test_config.json
2025-06-04 14:13:47,666 - DEBUG - Loaded configuration from /var/folders/3f/2n5sjdw50vj9gfnrxjbptj4c0000gn/T/tmpvh_abipl/test_config.json
2025-06-04 14:13:47,667 - DEBUG - Saved configuration to /var/folders/3f/2n5sjdw50vj9gfnrxjbptj4c0000gn/T/tmps4b5oiuz/test_config.json
2025-06-04 14:13:47,668 - DEBUG - Loaded configuration from /var/folders/3f/2n5sjdw50vj9gfnrxjbptj4c0000gn/T/tmps4b5oiuz/test_config.json
2025-06-04 14:13:47,668 - DEBUG - Loaded configuration from /var/folders/3f/2n5sjdw50vj9gfnrxjbptj4c0000gn/T/tmps4b5oiuz/test_config.json
2025-06-04 14:13:47,669 - DEBUG - Saved configuration to /var/folders/3f/2n5sjdw50vj9gfnrxjbptj4c0000gn/T/tmps4b5oiuz/test_config.json
2025-06-04 14:13:47,669 - DEBUG - Loaded configuration from /var/folders/3f/2n5sjdw50vj9gfnrxjbptj4c0000gn/T/tmps4b5oiuz/test_config.json
2025-06-04 14:13:47,673 - DEBUG - Metrics tracking skipped - user has not provided consent
2025-06-04 14:13:47,676 - ERROR - Stitch setup error: LLM client error
Traceback (most recent call last):
  File "/Users/johnrush/repos/clamp-internal/src/commands/setup_stitch.py", line 111, in handle_command
    return _phase_1_prepare_config(
           ^^^^^^^^^^^^^^^^^^^^^^^^
  File "/Users/johnrush/repos/clamp-internal/src/commands/setup_stitch.py", line 273, in _phase_1_prepare_config
    llm_client = LLMClient()
                 ^^^^^^^^^^^
  File "/usr/local/Cellar/python@3.11/3.11.4_1/Frameworks/Python.framework/Versions/3.11/lib/python3.11/unittest/mock.py", line 1124, in __call__
    return self._mock_call(*args, **kwargs)
           ^^^^^^^^^^^^^^^^^^^^^^^^^^^^^^^^
  File "/usr/local/Cellar/python@3.11/3.11.4_1/Frameworks/Python.framework/Versions/3.11/lib/python3.11/unittest/mock.py", line 1128, in _mock_call
    return self._execute_mock_call(*args, **kwargs)
           ^^^^^^^^^^^^^^^^^^^^^^^^^^^^^^^^^^^^^^^^
  File "/usr/local/Cellar/python@3.11/3.11.4_1/Frameworks/Python.framework/Versions/3.11/lib/python3.11/unittest/mock.py", line 1183, in _execute_mock_call
    raise effect
Exception: LLM client error
2025-06-04 14:13:47,682 - DEBUG - GET request to: https://.cloud.databricks.com/api/2.0/preview/scim/v2/Me
2025-06-04 14:13:47,683 - DEBUG - Connection error: URL has an invalid label.
2025-06-04 14:13:47,683 - DEBUG - Token validation failed: Connection error occurred: URL has an invalid label.
2025-06-04 14:13:47,685 - ERROR - Error validating token: Connection failed
2025-06-04 14:13:47,689 - DEBUG - GET request to: https://invalid-workspace.nonexistent.com.cloud.databricks.com/api/2.0/preview/scim/v2/Me
2025-06-04 14:13:48,203 - DEBUG - Starting new HTTPS connection (1): invalid-workspace.nonexistent.com.cloud.databricks.com:443
2025-06-04 14:13:48,207 - DEBUG - Connection error: HTTPSConnectionPool(host='invalid-workspace.nonexistent.com.cloud.databricks.com', port=443): Max retries exceeded with url: /api/2.0/preview/scim/v2/Me (Caused by NameResolutionError("<urllib3.connection.HTTPSConnection object at 0x10dad1110>: Failed to resolve 'invalid-workspace.nonexistent.com.cloud.databricks.com' ([Errno 8] nodename nor servname provided, or not known)"))
2025-06-04 14:13:48,207 - DEBUG - Token validation failed: Connection error occurred: HTTPSConnectionPool(host='invalid-workspace.nonexistent.com.cloud.databricks.com', port=443): Max retries exceeded with url: /api/2.0/preview/scim/v2/Me (Caused by NameResolutionError("<urllib3.connection.HTTPSConnection object at 0x10dad1110>: Failed to resolve 'invalid-workspace.nonexistent.com.cloud.databricks.com' ([Errno 8] nodename nor servname provided, or not known)"))
2025-06-04 14:13:48,336 - DEBUG - GET request to: https://invalid.nonexistent.com.cloud.databricks.com/api/2.0/preview/scim/v2/Me
2025-06-04 14:13:48,453 - DEBUG - Starting new HTTPS connection (1): invalid.nonexistent.com.cloud.databricks.com:443
2025-06-04 14:13:48,455 - DEBUG - Connection error: HTTPSConnectionPool(host='invalid.nonexistent.com.cloud.databricks.com', port=443): Max retries exceeded with url: /api/2.0/preview/scim/v2/Me (Caused by NameResolutionError("<urllib3.connection.HTTPSConnection object at 0x10dc172d0>: Failed to resolve 'invalid.nonexistent.com.cloud.databricks.com' ([Errno 8] nodename nor servname provided, or not known)"))
2025-06-04 14:13:48,455 - DEBUG - Token validation failed: Connection error occurred: HTTPSConnectionPool(host='invalid.nonexistent.com.cloud.databricks.com', port=443): Max retries exceeded with url: /api/2.0/preview/scim/v2/Me (Caused by NameResolutionError("<urllib3.connection.HTTPSConnection object at 0x10dc172d0>: Failed to resolve 'invalid.nonexistent.com.cloud.databricks.com' ([Errno 8] nodename nor servname provided, or not known)"))
2025-06-04 14:13:48,457 - ERROR - Error validating token: Validation failed
2025-06-04 14:13:48,593 - ERROR - Error validating token: Connection failed
2025-06-04 14:13:48,628 - ERROR - Error validating token: Network error with secret details
2025-06-04 14:13:48,665 - ERROR - Error validating token: Connection error: Failed to resolve 'workspace123.cloud.databricks.com'
2025-06-04 14:13:48,675 - ERROR - Error fetching Amperity init script: API Error
Traceback (most recent call last):
  File "/Users/johnrush/repos/clamp-internal/src/commands/stitch_tools.py", line 179, in _helper_prepare_stitch_config
    init_script_data = client.fetch_amperity_job_init(amperity_token)
                       ^^^^^^^^^^^^^^^^^^^^^^^^^^^^^^^^^^^^^^^^^^^^^^
  File "/usr/local/Cellar/python@3.11/3.11.4_1/Frameworks/Python.framework/Versions/3.11/lib/python3.11/unittest/mock.py", line 1124, in __call__
    return self._mock_call(*args, **kwargs)
           ^^^^^^^^^^^^^^^^^^^^^^^^^^^^^^^^
  File "/usr/local/Cellar/python@3.11/3.11.4_1/Frameworks/Python.framework/Versions/3.11/lib/python3.11/unittest/mock.py", line 1128, in _mock_call
    return self._execute_mock_call(*args, **kwargs)
           ^^^^^^^^^^^^^^^^^^^^^^^^^^^^^^^^^^^^^^^^
  File "/usr/local/Cellar/python@3.11/3.11.4_1/Frameworks/Python.framework/Versions/3.11/lib/python3.11/unittest/mock.py", line 1183, in _execute_mock_call
    raise effect
Exception: API Error
2025-06-04 14:13:48,681 - DEBUG - Versioned cluster init script uploaded to /Volumes/test_catalog/test_schema/chuck/cluster_init-2025-06-02_14-30.sh
2025-06-04 14:13:48,683 - DEBUG - Versioned cluster init script uploaded to /Volumes/test_catalog/test_schema/chuck/cluster_init-2025-06-02_14-30.sh
2025-06-04 14:13:48,687 - DEBUG - Volume 'chuck' not found in test_catalog.test_schema. Attempting to create.
2025-06-04 14:13:48,696 - DEBUG - Saved configuration to /var/folders/3f/2n5sjdw50vj9gfnrxjbptj4c0000gn/T/tmpza4tg775/test_config.json
2025-06-04 14:13:48,697 - DEBUG - Loaded configuration from /var/folders/3f/2n5sjdw50vj9gfnrxjbptj4c0000gn/T/tmpza4tg775/test_config.json
2025-06-04 14:13:48,697 - DEBUG - Loaded configuration from /var/folders/3f/2n5sjdw50vj9gfnrxjbptj4c0000gn/T/tmpza4tg775/test_config.json
2025-06-04 14:13:48,697 - DEBUG - Loaded configuration from /var/folders/3f/2n5sjdw50vj9gfnrxjbptj4c0000gn/T/tmpza4tg775/test_config.json
2025-06-04 14:13:48,699 - DEBUG - Saved configuration to /var/folders/3f/2n5sjdw50vj9gfnrxjbptj4c0000gn/T/tmp979gyokq/test_config.json
2025-06-04 14:13:48,699 - DEBUG - Loaded configuration from /var/folders/3f/2n5sjdw50vj9gfnrxjbptj4c0000gn/T/tmp979gyokq/test_config.json
2025-06-04 14:13:48,700 - DEBUG - Saved configuration to /var/folders/3f/2n5sjdw50vj9gfnrxjbptj4c0000gn/T/tmp979gyokq/test_config.json
2025-06-04 14:13:48,700 - DEBUG - Loaded configuration from /var/folders/3f/2n5sjdw50vj9gfnrxjbptj4c0000gn/T/tmp979gyokq/test_config.json
2025-06-04 14:13:48,700 - DEBUG - Saved configuration to /var/folders/3f/2n5sjdw50vj9gfnrxjbptj4c0000gn/T/tmp979gyokq/test_config.json
2025-06-04 14:13:48,700 - DEBUG - Loaded configuration from /var/folders/3f/2n5sjdw50vj9gfnrxjbptj4c0000gn/T/tmp979gyokq/test_config.json
2025-06-04 14:13:48,700 - DEBUG - Loaded configuration from /var/folders/3f/2n5sjdw50vj9gfnrxjbptj4c0000gn/T/tmp979gyokq/test_config.json
2025-06-04 14:13:48,701 - DEBUG - Loaded configuration from /var/folders/3f/2n5sjdw50vj9gfnrxjbptj4c0000gn/T/tmp979gyokq/test_config.json
2025-06-04 14:13:48,702 - INFO - Applying tag 'email' to column 'email_col'
2025-06-04 14:13:48,702 - INFO - Applying tag 'given-name' to column 'name_col'
2025-06-04 14:13:48,703 - INFO - Applying tag 'phone' to column 'good_col'
2025-06-04 14:13:48,704 - INFO - Applying tag 'email' to column 'email_col'
2025-06-04 14:13:48,706 - INFO - Applying tag 'email' to column 'email_col'
2025-06-04 14:13:48,706 - ERROR - Error applying tag to email_col: Connection error
2025-06-04 14:13:48,708 - DEBUG - Saved configuration to /var/folders/3f/2n5sjdw50vj9gfnrxjbptj4c0000gn/T/tmpsct5aiu9/test_config.json
2025-06-04 14:13:48,709 - DEBUG - Loaded configuration from /var/folders/3f/2n5sjdw50vj9gfnrxjbptj4c0000gn/T/tmpsct5aiu9/test_config.json
2025-06-04 14:13:48,710 - DEBUG - Saved configuration to /var/folders/3f/2n5sjdw50vj9gfnrxjbptj4c0000gn/T/tmpedrw97dy/test_config.json
2025-06-04 14:13:48,712 - DEBUG - Saved configuration to /var/folders/3f/2n5sjdw50vj9gfnrxjbptj4c0000gn/T/tmpmr61bnp3/test_config.json
2025-06-04 14:13:48,712 - DEBUG - Loaded configuration from /var/folders/3f/2n5sjdw50vj9gfnrxjbptj4c0000gn/T/tmpmr61bnp3/test_config.json
2025-06-04 14:13:48,713 - DEBUG - Saved configuration to /var/folders/3f/2n5sjdw50vj9gfnrxjbptj4c0000gn/T/tmpgvutevzj/test_config.json
2025-06-04 14:13:48,713 - DEBUG - Loaded configuration from /var/folders/3f/2n5sjdw50vj9gfnrxjbptj4c0000gn/T/tmpgvutevzj/test_config.json
2025-06-04 14:13:48,718 - ERROR - Failed to set workspace URL: Validation error
Traceback (most recent call last):
  File "/Users/johnrush/repos/clamp-internal/src/commands/workspace_selection.py", line 37, in handle_command
    is_valid, error_message = validate_workspace_url(workspace_url)
                              ^^^^^^^^^^^^^^^^^^^^^^^^^^^^^^^^^^^^^
  File "/usr/local/Cellar/python@3.11/3.11.4_1/Frameworks/Python.framework/Versions/3.11/lib/python3.11/unittest/mock.py", line 1124, in __call__
    return self._mock_call(*args, **kwargs)
           ^^^^^^^^^^^^^^^^^^^^^^^^^^^^^^^^
  File "/usr/local/Cellar/python@3.11/3.11.4_1/Frameworks/Python.framework/Versions/3.11/lib/python3.11/unittest/mock.py", line 1128, in _mock_call
    return self._execute_mock_call(*args, **kwargs)
           ^^^^^^^^^^^^^^^^^^^^^^^^^^^^^^^^^^^^^^^^
  File "/usr/local/Cellar/python@3.11/3.11.4_1/Frameworks/Python.framework/Versions/3.11/lib/python3.11/unittest/mock.py", line 1183, in _execute_mock_call
    raise effect
Exception: Validation error
