2025-06-04 11:43:15,773 - DEBUG - Logging initialized. Writing to /Users/johnrush/repos/clamp-internal/log/sessions/2025-06-04_11-43-15.log
2025-06-04 11:43:15,776 - DEBUG - HTTP error: HTTP 401, Response: {"status":401,"message":"Unauthorized"}
2025-06-04 11:43:15,777 - DEBUG - GET request to: https://test-workspace.cloud.databricks.com/test-endpoint
2025-06-04 11:43:15,777 - DEBUG - Connection error: Connection failed
2025-06-04 11:43:15,778 - DEBUG - GET request to: https://test-workspace.cloud.databricks.com/test-endpoint
2025-06-04 11:43:15,779 - DEBUG - HTTP error: HTTP 404, Response: Not Found
2025-06-04 11:43:15,780 - DEBUG - GET request to: https://test-workspace.cloud.databricks.com/test-endpoint
2025-06-04 11:43:15,781 - DEBUG - POST request to: https://test-workspace.cloud.databricks.com/test-endpoint
2025-06-04 11:43:15,781 - DEBUG - Connection error: Connection failed
2025-06-04 11:43:15,782 - DEBUG - POST request to: https://test-workspace.cloud.databricks.com/test-endpoint
2025-06-04 11:43:15,782 - DEBUG - HTTP error: HTTP 400, Response: Bad Request
2025-06-04 11:43:15,783 - DEBUG - POST request to: https://test-workspace.cloud.databricks.com/test-endpoint
2025-06-04 11:43:15,787 - DEBUG - Saved configuration to /var/folders/3f/2n5sjdw50vj9gfnrxjbptj4c0000gn/T/tmpi3qyleh5/test_config.json
2025-06-04 11:43:15,787 - DEBUG - Loaded configuration from /var/folders/3f/2n5sjdw50vj9gfnrxjbptj4c0000gn/T/tmpi3qyleh5/test_config.json
2025-06-04 11:43:15,787 - DEBUG - Loaded configuration from /var/folders/3f/2n5sjdw50vj9gfnrxjbptj4c0000gn/T/tmpi3qyleh5/test_config.json
2025-06-04 11:43:15,788 - DEBUG - Saved configuration to /var/folders/3f/2n5sjdw50vj9gfnrxjbptj4c0000gn/T/tmpi3qyleh5/test_config.json
2025-06-04 11:43:15,788 - DEBUG - Loaded configuration from /var/folders/3f/2n5sjdw50vj9gfnrxjbptj4c0000gn/T/tmpi3qyleh5/test_config.json
2025-06-04 11:43:15,788 - DEBUG - Saved configuration to /var/folders/3f/2n5sjdw50vj9gfnrxjbptj4c0000gn/T/tmpi3qyleh5/test_config.json
2025-06-04 11:43:15,788 - DEBUG - Loaded configuration from /var/folders/3f/2n5sjdw50vj9gfnrxjbptj4c0000gn/T/tmpi3qyleh5/test_config.json
2025-06-04 11:43:15,789 - DEBUG - Saved configuration to /var/folders/3f/2n5sjdw50vj9gfnrxjbptj4c0000gn/T/tmpi3qyleh5/test_config.json
2025-06-04 11:43:15,789 - DEBUG - Loaded configuration from /var/folders/3f/2n5sjdw50vj9gfnrxjbptj4c0000gn/T/tmpi3qyleh5/test_config.json
2025-06-04 11:43:15,789 - DEBUG - Saved configuration to /var/folders/3f/2n5sjdw50vj9gfnrxjbptj4c0000gn/T/tmpi3qyleh5/test_config.json
2025-06-04 11:43:15,789 - DEBUG - Loaded configuration from /var/folders/3f/2n5sjdw50vj9gfnrxjbptj4c0000gn/T/tmpi3qyleh5/test_config.json
2025-06-04 11:43:15,789 - DEBUG - Loaded configuration from /var/folders/3f/2n5sjdw50vj9gfnrxjbptj4c0000gn/T/tmpi3qyleh5/test_config.json
2025-06-04 11:43:15,790 - DEBUG - Loaded configuration from /var/folders/3f/2n5sjdw50vj9gfnrxjbptj4c0000gn/T/tmpi3qyleh5/test_config.json
2025-06-04 11:43:15,790 - DEBUG - Loaded configuration from /var/folders/3f/2n5sjdw50vj9gfnrxjbptj4c0000gn/T/tmpi3qyleh5/test_config.json
2025-06-04 11:43:15,790 - DEBUG - Loaded configuration from /var/folders/3f/2n5sjdw50vj9gfnrxjbptj4c0000gn/T/tmpi3qyleh5/test_config.json
2025-06-04 11:43:15,792 - DEBUG - Saved configuration to /var/folders/3f/2n5sjdw50vj9gfnrxjbptj4c0000gn/T/tmpm7wmfhn3/test_config.json
2025-06-04 11:43:15,792 - DEBUG - Loaded configuration from /var/folders/3f/2n5sjdw50vj9gfnrxjbptj4c0000gn/T/tmpm7wmfhn3/test_config.json
2025-06-04 11:43:15,794 - DEBUG - Saved configuration to /var/folders/3f/2n5sjdw50vj9gfnrxjbptj4c0000gn/T/tmp9tpa6zyf/test_config.json
2025-06-04 11:43:15,794 - DEBUG - Loaded configuration from /var/folders/3f/2n5sjdw50vj9gfnrxjbptj4c0000gn/T/tmp9tpa6zyf/test_config.json
2025-06-04 11:43:15,796 - DEBUG - Saved configuration to /var/folders/3f/2n5sjdw50vj9gfnrxjbptj4c0000gn/T/tmp2eiv78r3/test_config.json
2025-06-04 11:43:15,796 - DEBUG - Loaded configuration from /var/folders/3f/2n5sjdw50vj9gfnrxjbptj4c0000gn/T/tmp2eiv78r3/test_config.json
2025-06-04 11:43:15,797 - DEBUG - Loaded configuration from /var/folders/3f/2n5sjdw50vj9gfnrxjbptj4c0000gn/T/tmp2eiv78r3/test_config.json
2025-06-04 11:43:15,797 - DEBUG - Saved configuration to /var/folders/3f/2n5sjdw50vj9gfnrxjbptj4c0000gn/T/tmp2eiv78r3/test_config.json
2025-06-04 11:43:15,797 - DEBUG - Loaded configuration from /var/folders/3f/2n5sjdw50vj9gfnrxjbptj4c0000gn/T/tmp2eiv78r3/test_config.json
2025-06-04 11:43:15,797 - DEBUG - Loaded configuration from /var/folders/3f/2n5sjdw50vj9gfnrxjbptj4c0000gn/T/tmp2eiv78r3/test_config.json
2025-06-04 11:43:15,800 - DEBUG - Saved configuration to /var/folders/3f/2n5sjdw50vj9gfnrxjbptj4c0000gn/T/tmp8f3n44nq/test_config.json
2025-06-04 11:43:15,801 - DEBUG - Loaded configuration from /var/folders/3f/2n5sjdw50vj9gfnrxjbptj4c0000gn/T/tmp8f3n44nq/test_config.json
2025-06-04 11:43:15,801 - DEBUG - Loaded configuration from /var/folders/3f/2n5sjdw50vj9gfnrxjbptj4c0000gn/T/tmp8f3n44nq/test_config.json
2025-06-04 11:43:15,801 - DEBUG - Saved configuration to /var/folders/3f/2n5sjdw50vj9gfnrxjbptj4c0000gn/T/tmp8f3n44nq/test_config.json
2025-06-04 11:43:15,801 - DEBUG - Loaded configuration from /var/folders/3f/2n5sjdw50vj9gfnrxjbptj4c0000gn/T/tmp8f3n44nq/test_config.json
2025-06-04 11:43:15,801 - DEBUG - Saved configuration to /var/folders/3f/2n5sjdw50vj9gfnrxjbptj4c0000gn/T/tmp8f3n44nq/test_config.json
2025-06-04 11:43:15,801 - DEBUG - Loaded configuration from /var/folders/3f/2n5sjdw50vj9gfnrxjbptj4c0000gn/T/tmp8f3n44nq/test_config.json
2025-06-04 11:43:15,802 - DEBUG - Saved configuration to /var/folders/3f/2n5sjdw50vj9gfnrxjbptj4c0000gn/T/tmp8f3n44nq/test_config.json
2025-06-04 11:43:15,802 - DEBUG - Loaded configuration from /var/folders/3f/2n5sjdw50vj9gfnrxjbptj4c0000gn/T/tmp8f3n44nq/test_config.json
2025-06-04 11:43:15,802 - DEBUG - Saved configuration to /var/folders/3f/2n5sjdw50vj9gfnrxjbptj4c0000gn/T/tmp8f3n44nq/test_config.json
2025-06-04 11:43:15,802 - DEBUG - Loaded configuration from /var/folders/3f/2n5sjdw50vj9gfnrxjbptj4c0000gn/T/tmp8f3n44nq/test_config.json
2025-06-04 11:43:15,802 - DEBUG - Using workspace_url from environment variable CHUCK_WORKSPACE_URL
2025-06-04 11:43:15,802 - DEBUG - Using active_model from environment variable CHUCK_ACTIVE_MODEL
2025-06-04 11:43:15,802 - DEBUG - Using warehouse_id from environment variable CHUCK_WAREHOUSE_ID
2025-06-04 11:43:15,802 - DEBUG - Using active_catalog from environment variable CHUCK_ACTIVE_CATALOG
2025-06-04 11:43:15,802 - DEBUG - Using active_schema from environment variable CHUCK_ACTIVE_SCHEMA
2025-06-04 11:43:15,802 - DEBUG - Using usage_tracking_consent from environment variable CHUCK_USAGE_TRACKING_CONSENT
2025-06-04 11:43:15,803 - DEBUG - Loaded configuration from /var/folders/3f/2n5sjdw50vj9gfnrxjbptj4c0000gn/T/tmp8f3n44nq/test_config.json
2025-06-04 11:43:15,804 - DEBUG - Saved configuration to /var/folders/3f/2n5sjdw50vj9gfnrxjbptj4c0000gn/T/tmpnggpsoln/test_config.json
2025-06-04 11:43:15,804 - DEBUG - Loaded configuration from /var/folders/3f/2n5sjdw50vj9gfnrxjbptj4c0000gn/T/tmpnggpsoln/test_config.json
2025-06-04 11:43:15,804 - DEBUG - Loaded configuration from /var/folders/3f/2n5sjdw50vj9gfnrxjbptj4c0000gn/T/tmpnggpsoln/test_config.json
2025-06-04 11:43:15,804 - WARNING - Invalid workspace_url provided, using default instead
2025-06-04 11:43:15,805 - DEBUG - Saved configuration to /var/folders/3f/2n5sjdw50vj9gfnrxjbptj4c0000gn/T/tmpnggpsoln/test_config.json
2025-06-04 11:43:15,805 - DEBUG - Loaded configuration from /var/folders/3f/2n5sjdw50vj9gfnrxjbptj4c0000gn/T/tmpnggpsoln/test_config.json
2025-06-04 11:43:15,805 - DEBUG - Loaded configuration from /var/folders/3f/2n5sjdw50vj9gfnrxjbptj4c0000gn/T/tmpnggpsoln/test_config.json
2025-06-04 11:43:15,805 - DEBUG - Saved configuration to /var/folders/3f/2n5sjdw50vj9gfnrxjbptj4c0000gn/T/tmpnggpsoln/test_config.json
2025-06-04 11:43:15,805 - DEBUG - Loaded configuration from /var/folders/3f/2n5sjdw50vj9gfnrxjbptj4c0000gn/T/tmpnggpsoln/test_config.json
2025-06-04 11:43:15,807 - DEBUG - Using workspace_url from environment variable CHUCK_WORKSPACE_URL
2025-06-04 11:43:15,807 - DEBUG - Using workspace_url from environment variable CHUCK_WORKSPACE_URL
2025-06-04 11:43:15,807 - DEBUG - Using active_model from environment variable CHUCK_ACTIVE_MODEL
2025-06-04 11:43:15,807 - DEBUG - Using amperity_token from environment variable CHUCK_AMPERITY_TOKEN
2025-06-04 11:43:15,807 - DEBUG - Using databricks_token from environment variable CHUCK_DATABRICKS_TOKEN
2025-06-04 11:43:15,808 - DEBUG - Saved configuration to /var/folders/3f/2n5sjdw50vj9gfnrxjbptj4c0000gn/T/tmp8fuz_uji/test_config.json
2025-06-04 11:43:15,808 - DEBUG - Loaded configuration from /var/folders/3f/2n5sjdw50vj9gfnrxjbptj4c0000gn/T/tmp8fuz_uji/test_config.json
2025-06-04 11:43:15,810 - DEBUG - Saved configuration to /var/folders/3f/2n5sjdw50vj9gfnrxjbptj4c0000gn/T/tmp7olbd3lh/test_config.json
2025-06-04 11:43:15,837 - DEBUG - GET request to: https://adb-3856707039489412.12.azuredatabricks.net/test-endpoint
2025-06-04 11:43:15,841 - DEBUG - GET request to: https://test-workspace.cloud.databricks.com/test-endpoint
2025-06-04 11:43:15,841 - DEBUG - Connection error: Connection failed
2025-06-04 11:43:15,842 - DEBUG - GET request to: https://test-workspace.cloud.databricks.com/test-endpoint
2025-06-04 11:43:15,842 - DEBUG - HTTP error: HTTP 404, Response: Not Found
2025-06-04 11:43:15,844 - WARNING - Model 'nonexistent-model' not found
2025-06-04 11:43:15,845 - DEBUG - GET request to: https://test-workspace.cloud.databricks.com/test-endpoint
2025-06-04 11:43:15,852 - DEBUG - POST request to: https://test-workspace.cloud.databricks.com/test-endpoint
2025-06-04 11:43:15,852 - DEBUG - Connection error: Connection failed
2025-06-04 11:43:15,853 - DEBUG - POST request to: https://test-workspace.cloud.databricks.com/test-endpoint
2025-06-04 11:43:15,853 - DEBUG - HTTP error: HTTP 400, Response: Bad Request
2025-06-04 11:43:15,854 - DEBUG - POST request to: https://test-workspace.cloud.databricks.com/test-endpoint
2025-06-04 11:43:15,856 - DEBUG - File upload request to: https://test-workspace.cloud.databricks.com/api/2.0/fs/files/test/path.txt
2025-06-04 11:43:15,859 - DEBUG - File upload request to: https://test-workspace.cloud.databricks.com/api/2.0/fs/files/test/path.txt
2025-06-04 11:43:15,860 - DEBUG - Token validation failed: Token validation failed
2025-06-04 11:43:15,862 - DEBUG - Saved configuration to /tmp/.test_chuck_integration_config.json
2025-06-04 11:43:15,863 - DEBUG - Saved configuration to /tmp/.test_chuck_integration_config.json
2025-06-04 11:43:15,864 - DEBUG - Saved configuration to /tmp/.test_chuck_integration_config.json
2025-06-04 11:43:15,864 - DEBUG - Saved configuration to /tmp/.test_chuck_integration_config.json
2025-06-04 11:43:15,866 - DEBUG - Saved configuration to /tmp/.test_chuck_integration_config.json
2025-06-04 11:43:15,866 - DEBUG - Saved configuration to /tmp/.test_chuck_integration_config.json
2025-06-04 11:43:15,871 - DEBUG - Sending metric: {"event": "USAGE", "prompt": "test prompt"}...
2025-06-04 11:43:15,871 - DEBUG - Error sending metrics: Test exception
Traceback (most recent call last):
  File "/Users/johnrush/repos/clamp-internal/src/metrics_collector.py", line 123, in send_metric
    return self._client.submit_metrics(payload, token)
           ^^^^^^^^^^^^^^^^^^^^^^^^^^^^^^^^^^^^^^^^^^^
  File "/Users/johnrush/repos/clamp-internal/tests/fixtures.py", line 61, in submit_metrics
    raise Exception("Test exception")
Exception: Test exception
2025-06-04 11:43:15,874 - DEBUG - Sending metric: {"event": "USAGE", "prompt": "test prompt"}...
2025-06-04 11:43:15,875 - DEBUG - Cannot send metrics - no authentication token available
2025-06-04 11:43:15,876 - DEBUG - Sending metric: {"event": "USAGE", "prompt": "test prompt"}...
2025-06-04 11:43:15,879 - DEBUG - Metrics tracking skipped - user has not provided consent
2025-06-04 11:43:15,881 - ERROR - Connection error when getting model: Connection failed
2025-06-04 11:43:15,882 - ERROR - Failed to get model: HTTP error occurred: 500 Internal Server Error
2025-06-04 11:43:15,884 - ERROR - Connection error when listing models: Connection failed
2025-06-04 11:43:15,885 - ERROR - Failed to list models: HTTP error occurred: 404 Not Found
2025-06-04 11:43:15,923 - ERROR - Error executing handler for command 'test_command': Command failed
Traceback (most recent call last):
  File "/Users/johnrush/repos/clamp-internal/src/service.py", line 395, in execute_command
    result: CommandResult = command_def.handler(
                            ^^^^^^^^^^^^^^^^^^^^
  File "/usr/local/Cellar/python@3.11/3.11.4_1/Frameworks/Python.framework/Versions/3.11/lib/python3.11/unittest/mock.py", line 1124, in __call__
    return self._mock_call(*args, **kwargs)
           ^^^^^^^^^^^^^^^^^^^^^^^^^^^^^^^^
  File "/usr/local/Cellar/python@3.11/3.11.4_1/Frameworks/Python.framework/Versions/3.11/lib/python3.11/unittest/mock.py", line 1128, in _mock_call
    return self._execute_mock_call(*args, **kwargs)
           ^^^^^^^^^^^^^^^^^^^^^^^^^^^^^^^^^^^^^^^^
  File "/usr/local/Cellar/python@3.11/3.11.4_1/Frameworks/Python.framework/Versions/3.11/lib/python3.11/unittest/mock.py", line 1183, in _execute_mock_call
    raise effect
Exception: Command failed
2025-06-04 11:43:15,952 - DEBUG - Executing SQL: SELECT * INVALID SQL
2025-06-04 11:43:15,953 - DEBUG - Executing SQL: SELECT * INVALID SQL
2025-06-04 11:43:15,955 - DEBUG - Executing SQL: SELECT * FROM table
2025-06-04 11:43:15,956 - DEBUG - Executing SQL: SELECT * FROM table
2025-06-04 11:43:15,957 - DEBUG - Executing SQL: SELECT * FROM table
2025-06-04 11:43:15,959 - DEBUG - Executing SQL: SELECT * FROM table
2025-06-04 11:43:15,964 - ERROR - Authentication state polling received 401
2025-06-04 11:43:15,967 - ERROR - Error creating Stitch report: API Error
Traceback (most recent call last):
  File "/Users/johnrush/repos/clamp-internal/src/commands/add_stitch_report.py", line 62, in handle_command
    result = client.create_stitch_notebook(table_path, custom_name)
             ^^^^^^^^^^^^^^^^^^^^^^^^^^^^^^^^^^^^^^^^^^^^^^^^^^^^^^
  File "/Users/johnrush/repos/clamp-internal/tests/fixtures.py", line 510, in create_stitch_notebook
    raise self._create_stitch_notebook_error
ValueError: API Error
2025-06-04 11:43:15,971 - ERROR - Agent error: Agent error
Traceback (most recent call last):
  File "/Users/johnrush/repos/clamp-internal/src/commands/agent.py", line 79, in handle_command
    agent = AgentManager(client, tool_output_callback=tool_output_callback)
            ^^^^^^^^^^^^^^^^^^^^^^^^^^^^^^^^^^^^^^^^^^^^^^^^^^^^^^^^^^^^^^^
  File "/usr/local/Cellar/python@3.11/3.11.4_1/Frameworks/Python.framework/Versions/3.11/lib/python3.11/unittest/mock.py", line 1124, in __call__
    return self._mock_call(*args, **kwargs)
           ^^^^^^^^^^^^^^^^^^^^^^^^^^^^^^^^
  File "/usr/local/Cellar/python@3.11/3.11.4_1/Frameworks/Python.framework/Versions/3.11/lib/python3.11/unittest/mock.py", line 1128, in _mock_call
    return self._execute_mock_call(*args, **kwargs)
           ^^^^^^^^^^^^^^^^^^^^^^^^^^^^^^^^^^^^^^^^
  File "/usr/local/Cellar/python@3.11/3.11.4_1/Frameworks/Python.framework/Versions/3.11/lib/python3.11/unittest/mock.py", line 1183, in _execute_mock_call
    raise effect
Exception: Agent error
2025-06-04 11:43:15,973 - DEBUG - Metrics tracking skipped - user has not provided consent
2025-06-04 11:43:15,974 - DEBUG - Metrics tracking skipped - user has not provided consent
2025-06-04 11:43:15,979 - DEBUG - Metrics tracking skipped - user has not provided consent
2025-06-04 11:43:15,981 - DEBUG - Metrics tracking skipped - user has not provided consent
2025-06-04 11:43:15,982 - DEBUG - Metrics tracking skipped - user has not provided consent
2025-06-04 11:43:15,987 - INFO - Databricks token set successfully
2025-06-04 11:43:15,988 - INFO - Databricks token cleared
2025-06-04 11:43:15,988 - INFO - Amperity token cleared
2025-06-04 11:43:15,989 - INFO - Amperity token cleared
2025-06-04 11:43:15,990 - INFO - Databricks token cleared
2025-06-04 11:43:15,991 - INFO - Amperity token cleared
2025-06-04 11:43:16,000 - DEBUG - Bug report submitted successfully
2025-06-04 11:43:16,057 - ERROR - Error submitting bug report: Network error
Traceback (most recent call last):
  File "/Users/johnrush/repos/clamp-internal/src/commands/bug.py", line 72, in handle_command
    success, message = amperity_client.submit_bug_report(payload, amperity_token)
                       ^^^^^^^^^^^^^^^^^^^^^^^^^^^^^^^^^^^^^^^^^^^^^^^^^^^^^^^^^^
  File "/Users/johnrush/repos/clamp-internal/tests/commands/test_bug.py", line 115, in submit_bug_report
    raise Exception("Network error")
Exception: Network error
2025-06-04 11:43:16,059 - DEBUG - Loaded configuration from /var/folders/3f/2n5sjdw50vj9gfnrxjbptj4c0000gn/T/tmp_i1tesly.json
2025-06-04 11:43:16,061 - DEBUG - Loaded configuration from /var/folders/3f/2n5sjdw50vj9gfnrxjbptj4c0000gn/T/tmpw6td65nv.json
2025-06-04 11:43:16,070 - DEBUG - Bug report submitted successfully
2025-06-04 11:43:16,071 - ERROR - Error saving config: [Errno 30] Read-only file system: '/invalid'
2025-06-04 11:43:16,072 - DEBUG - Saved configuration to /var/folders/3f/2n5sjdw50vj9gfnrxjbptj4c0000gn/T/tmp57pwb91_/test_config.json
2025-06-04 11:43:16,074 - DEBUG - Saved configuration to /var/folders/3f/2n5sjdw50vj9gfnrxjbptj4c0000gn/T/tmp82q93o7i/test_config.json
2025-06-04 11:43:16,074 - DEBUG - Loaded configuration from /var/folders/3f/2n5sjdw50vj9gfnrxjbptj4c0000gn/T/tmp82q93o7i/test_config.json
2025-06-04 11:43:16,078 - DEBUG - Saved configuration to /var/folders/3f/2n5sjdw50vj9gfnrxjbptj4c0000gn/T/tmp0ulj_6sv/test_config.json
2025-06-04 11:43:16,078 - DEBUG - Loaded configuration from /var/folders/3f/2n5sjdw50vj9gfnrxjbptj4c0000gn/T/tmp0ulj_6sv/test_config.json
2025-06-04 11:43:16,080 - INFO - Cluster init script uploaded successfully to /Volumes/main/default/chuck/cluster_init-2025-06-02_14-30.sh
2025-06-04 11:43:16,086 - DEBUG - Volume 'chuck' not found in main.default. Attempting to create.
2025-06-04 11:43:16,086 - DEBUG - Volume 'chuck' created successfully.
2025-06-04 11:43:16,086 - INFO - Cluster init script uploaded successfully to /Volumes/main/default/chuck/cluster_init-2025-06-02_14-30.sh
2025-06-04 11:43:16,088 - DEBUG - Volume 'chuck' not found in main.default. Attempting to create.
2025-06-04 11:43:16,088 - DEBUG - Volume 'chuck' created successfully.
2025-06-04 11:43:16,088 - INFO - Cluster init script uploaded successfully to /Volumes/main/default/chuck/cluster_init-2025-06-02_14-30.sh
2025-06-04 11:43:16,091 - DEBUG - Volume 'chuck' not found in main.default. Attempting to create.
2025-06-04 11:43:16,092 - DEBUG - Volume 'chuck' not found in main.default. Attempting to create.
2025-06-04 11:43:16,095 - INFO - Cluster init script uploaded successfully to /Volumes/test_catalog/test_schema/chuck/cluster_init-2025-12-31_23-59.sh
2025-06-04 11:43:16,097 - ERROR - Error generating help: Test error
Traceback (most recent call last):
  File "/Users/johnrush/repos/clamp-internal/src/commands/help.py", line 27, in handle_command
    user_commands = get_user_commands()
                    ^^^^^^^^^^^^^^^^^^^
  File "/usr/local/Cellar/python@3.11/3.11.4_1/Frameworks/Python.framework/Versions/3.11/lib/python3.11/unittest/mock.py", line 1124, in __call__
    return self._mock_call(*args, **kwargs)
           ^^^^^^^^^^^^^^^^^^^^^^^^^^^^^^^^
  File "/usr/local/Cellar/python@3.11/3.11.4_1/Frameworks/Python.framework/Versions/3.11/lib/python3.11/unittest/mock.py", line 1128, in _mock_call
    return self._execute_mock_call(*args, **kwargs)
           ^^^^^^^^^^^^^^^^^^^^^^^^^^^^^^^^^^^^^^^^
  File "/usr/local/Cellar/python@3.11/3.11.4_1/Frameworks/Python.framework/Versions/3.11/lib/python3.11/unittest/mock.py", line 1183, in _execute_mock_call
    raise effect
Exception: Test error
2025-06-04 11:43:16,101 - ERROR - Failed to get job status for run '999999': Not Found
Traceback (most recent call last):
  File "/Users/johnrush/repos/clamp-internal/src/commands/jobs.py", line 67, in handle_job_status
    data = client.get_job_run_status(run_id_str)
           ^^^^^^^^^^^^^^^^^^^^^^^^^^^^^^^^^^^^^
  File "/Users/johnrush/repos/clamp-internal/tests/commands/test_jobs.py", line 119, in get_job_run_status
    raise Exception("Not Found")
Exception: Not Found
2025-06-04 11:43:16,106 - ERROR - Failed to submit job: Bad Request
Traceback (most recent call last):
  File "/Users/johnrush/repos/clamp-internal/src/commands/jobs.py", line 32, in handle_launch_job
    run_data = client.submit_job_run(
               ^^^^^^^^^^^^^^^^^^^^^^
  File "/Users/johnrush/repos/clamp-internal/tests/commands/test_jobs.py", line 70, in submit_job_run
    raise Exception("Bad Request")
Exception: Bad Request
2025-06-04 11:43:16,110 - ERROR - Failed to launch job, no run_id: {}
2025-06-04 11:43:16,113 - ERROR - Error listing catalogs: API error
2025-06-04 11:43:16,119 - DEBUG - Saved configuration to /var/folders/3f/2n5sjdw50vj9gfnrxjbptj4c0000gn/T/tmpildc5cb6/test_config.json
2025-06-04 11:43:16,120 - DEBUG - Loaded configuration from /var/folders/3f/2n5sjdw50vj9gfnrxjbptj4c0000gn/T/tmpildc5cb6/test_config.json
2025-06-04 11:43:16,121 - DEBUG - Saved configuration to /var/folders/3f/2n5sjdw50vj9gfnrxjbptj4c0000gn/T/tmp3yob3vil/test_config.json
2025-06-04 11:43:16,121 - DEBUG - Loaded configuration from /var/folders/3f/2n5sjdw50vj9gfnrxjbptj4c0000gn/T/tmp3yob3vil/test_config.json
2025-06-04 11:43:16,124 - DEBUG - Saved configuration to /var/folders/3f/2n5sjdw50vj9gfnrxjbptj4c0000gn/T/tmptod3b2oj/test_config.json
2025-06-04 11:43:16,124 - DEBUG - Loaded configuration from /var/folders/3f/2n5sjdw50vj9gfnrxjbptj4c0000gn/T/tmptod3b2oj/test_config.json
2025-06-04 11:43:16,126 - ERROR - Failed to list models: API error
Traceback (most recent call last):
  File "/Users/johnrush/repos/clamp-internal/src/commands/list_models.py", line 31, in handle_command
    models_list = list_models_api(client)
                  ^^^^^^^^^^^^^^^^^^^^^^^
  File "/Users/johnrush/repos/clamp-internal/src/models.py", line 19, in list_models
    return client.list_models()
           ^^^^^^^^^^^^^^^^^^^^
  File "/Users/johnrush/repos/clamp-internal/tests/commands/test_list_models.py", line 112, in list_models
    raise Exception("API error")
Exception: API error
2025-06-04 11:43:16,129 - ERROR - Error listing tables: API error
2025-06-04 11:43:16,132 - DEBUG - Saved configuration to /var/folders/3f/2n5sjdw50vj9gfnrxjbptj4c0000gn/T/tmpolz62_a1/test_config.json
2025-06-04 11:43:16,132 - DEBUG - Loaded configuration from /var/folders/3f/2n5sjdw50vj9gfnrxjbptj4c0000gn/T/tmpolz62_a1/test_config.json
2025-06-04 11:43:16,132 - DEBUG - Loaded configuration from /var/folders/3f/2n5sjdw50vj9gfnrxjbptj4c0000gn/T/tmpolz62_a1/test_config.json
2025-06-04 11:43:16,135 - DEBUG - Saved configuration to /var/folders/3f/2n5sjdw50vj9gfnrxjbptj4c0000gn/T/tmph0mkmhin/test_config.json
2025-06-04 11:43:16,135 - DEBUG - Loaded configuration from /var/folders/3f/2n5sjdw50vj9gfnrxjbptj4c0000gn/T/tmph0mkmhin/test_config.json
2025-06-04 11:43:16,136 - DEBUG - Saved configuration to /var/folders/3f/2n5sjdw50vj9gfnrxjbptj4c0000gn/T/tmph0mkmhin/test_config.json
2025-06-04 11:43:16,136 - DEBUG - Loaded configuration from /var/folders/3f/2n5sjdw50vj9gfnrxjbptj4c0000gn/T/tmph0mkmhin/test_config.json
2025-06-04 11:43:16,136 - DEBUG - Loaded configuration from /var/folders/3f/2n5sjdw50vj9gfnrxjbptj4c0000gn/T/tmph0mkmhin/test_config.json
2025-06-04 11:43:16,141 - ERROR - Failed to set model 'claude-v1': API error
Traceback (most recent call last):
  File "/Users/johnrush/repos/clamp-internal/src/commands/model_selection.py", line 28, in handle_command
    models_list = list_models_api(client)
                  ^^^^^^^^^^^^^^^^^^^^^^^
  File "/Users/johnrush/repos/clamp-internal/src/models.py", line 19, in list_models
    return client.list_models()
           ^^^^^^^^^^^^^^^^^^^^
  File "/Users/johnrush/repos/clamp-internal/tests/commands/test_model_selection.py", line 79, in list_models
    raise Exception("API error")
Exception: API error
2025-06-04 11:43:16,143 - DEBUG - Saved configuration to /var/folders/3f/2n5sjdw50vj9gfnrxjbptj4c0000gn/T/tmpe9zsd63r/test_config.json
2025-06-04 11:43:16,143 - DEBUG - Loaded configuration from /var/folders/3f/2n5sjdw50vj9gfnrxjbptj4c0000gn/T/tmpe9zsd63r/test_config.json
2025-06-04 11:43:16,146 - DEBUG - Saved configuration to /var/folders/3f/2n5sjdw50vj9gfnrxjbptj4c0000gn/T/tmpql95i6st/test_config.json
2025-06-04 11:43:16,146 - DEBUG - Loaded configuration from /var/folders/3f/2n5sjdw50vj9gfnrxjbptj4c0000gn/T/tmpql95i6st/test_config.json
2025-06-04 11:43:16,147 - DEBUG - Saved configuration to /var/folders/3f/2n5sjdw50vj9gfnrxjbptj4c0000gn/T/tmpr0426rbh/test_config.json
2025-06-04 11:43:16,148 - DEBUG - Loaded configuration from /var/folders/3f/2n5sjdw50vj9gfnrxjbptj4c0000gn/T/tmpr0426rbh/test_config.json
2025-06-04 11:43:16,152 - DEBUG - Saved configuration to /var/folders/3f/2n5sjdw50vj9gfnrxjbptj4c0000gn/T/tmpo3yazc3e/test_config.json
2025-06-04 11:43:16,152 - DEBUG - Loaded configuration from /var/folders/3f/2n5sjdw50vj9gfnrxjbptj4c0000gn/T/tmpo3yazc3e/test_config.json
2025-06-04 11:43:16,157 - INFO - Starting PII Scan for 2 tables in test_cat.test_schema.
2025-06-04 11:43:16,166 - ERROR - Bulk PII scan error: LLM client error
Traceback (most recent call last):
  File "/Users/johnrush/repos/clamp-internal/src/commands/scan_pii.py", line 46, in handle_command
    llm_client = LLMClient()
                 ^^^^^^^^^^^
  File "/usr/local/Cellar/python@3.11/3.11.4_1/Frameworks/Python.framework/Versions/3.11/lib/python3.11/unittest/mock.py", line 1124, in __call__
    return self._mock_call(*args, **kwargs)
           ^^^^^^^^^^^^^^^^^^^^^^^^^^^^^^^^
  File "/usr/local/Cellar/python@3.11/3.11.4_1/Frameworks/Python.framework/Versions/3.11/lib/python3.11/unittest/mock.py", line 1128, in _mock_call
    return self._execute_mock_call(*args, **kwargs)
           ^^^^^^^^^^^^^^^^^^^^^^^^^^^^^^^^^^^^^^^^
  File "/usr/local/Cellar/python@3.11/3.11.4_1/Frameworks/Python.framework/Versions/3.11/lib/python3.11/unittest/mock.py", line 1183, in _execute_mock_call
    raise effect
Exception: LLM client error
2025-06-04 11:43:16,173 - DEBUG - Saved configuration to /var/folders/3f/2n5sjdw50vj9gfnrxjbptj4c0000gn/T/tmp3dtefm1m/test_config.json
2025-06-04 11:43:16,174 - DEBUG - Loaded configuration from /var/folders/3f/2n5sjdw50vj9gfnrxjbptj4c0000gn/T/tmp3dtefm1m/test_config.json
2025-06-04 11:43:16,174 - DEBUG - Loaded configuration from /var/folders/3f/2n5sjdw50vj9gfnrxjbptj4c0000gn/T/tmp3dtefm1m/test_config.json
2025-06-04 11:43:16,174 - DEBUG - Saved configuration to /var/folders/3f/2n5sjdw50vj9gfnrxjbptj4c0000gn/T/tmp3dtefm1m/test_config.json
2025-06-04 11:43:16,176 - DEBUG - Saved configuration to /var/folders/3f/2n5sjdw50vj9gfnrxjbptj4c0000gn/T/tmpeicm3aoc/test_config.json
2025-06-04 11:43:16,176 - DEBUG - Loaded configuration from /var/folders/3f/2n5sjdw50vj9gfnrxjbptj4c0000gn/T/tmpeicm3aoc/test_config.json
2025-06-04 11:43:16,176 - DEBUG - Loaded configuration from /var/folders/3f/2n5sjdw50vj9gfnrxjbptj4c0000gn/T/tmpeicm3aoc/test_config.json
2025-06-04 11:43:16,176 - DEBUG - Saved configuration to /var/folders/3f/2n5sjdw50vj9gfnrxjbptj4c0000gn/T/tmpeicm3aoc/test_config.json
2025-06-04 11:43:16,177 - DEBUG - Loaded configuration from /var/folders/3f/2n5sjdw50vj9gfnrxjbptj4c0000gn/T/tmpeicm3aoc/test_config.json
2025-06-04 11:43:16,178 - DEBUG - Saved configuration to /var/folders/3f/2n5sjdw50vj9gfnrxjbptj4c0000gn/T/tmpaobzc1s9/test_config.json
2025-06-04 11:43:16,179 - DEBUG - Loaded configuration from /var/folders/3f/2n5sjdw50vj9gfnrxjbptj4c0000gn/T/tmpaobzc1s9/test_config.json
2025-06-04 11:43:16,179 - DEBUG - Loaded configuration from /var/folders/3f/2n5sjdw50vj9gfnrxjbptj4c0000gn/T/tmpaobzc1s9/test_config.json
2025-06-04 11:43:16,179 - DEBUG - Saved configuration to /var/folders/3f/2n5sjdw50vj9gfnrxjbptj4c0000gn/T/tmpaobzc1s9/test_config.json
2025-06-04 11:43:16,179 - DEBUG - Loaded configuration from /var/folders/3f/2n5sjdw50vj9gfnrxjbptj4c0000gn/T/tmpaobzc1s9/test_config.json
2025-06-04 11:43:16,184 - DEBUG - Metrics tracking skipped - user has not provided consent
2025-06-04 11:43:16,187 - ERROR - Stitch setup error: LLM client error
Traceback (most recent call last):
  File "/Users/johnrush/repos/clamp-internal/src/commands/setup_stitch.py", line 111, in handle_command
    return _phase_1_prepare_config(
           ^^^^^^^^^^^^^^^^^^^^^^^^
  File "/Users/johnrush/repos/clamp-internal/src/commands/setup_stitch.py", line 273, in _phase_1_prepare_config
    llm_client = LLMClient()
                 ^^^^^^^^^^^
  File "/usr/local/Cellar/python@3.11/3.11.4_1/Frameworks/Python.framework/Versions/3.11/lib/python3.11/unittest/mock.py", line 1124, in __call__
    return self._mock_call(*args, **kwargs)
           ^^^^^^^^^^^^^^^^^^^^^^^^^^^^^^^^
  File "/usr/local/Cellar/python@3.11/3.11.4_1/Frameworks/Python.framework/Versions/3.11/lib/python3.11/unittest/mock.py", line 1128, in _mock_call
    return self._execute_mock_call(*args, **kwargs)
           ^^^^^^^^^^^^^^^^^^^^^^^^^^^^^^^^^^^^^^^^
  File "/usr/local/Cellar/python@3.11/3.11.4_1/Frameworks/Python.framework/Versions/3.11/lib/python3.11/unittest/mock.py", line 1183, in _execute_mock_call
    raise effect
Exception: LLM client error
2025-06-04 11:43:16,194 - DEBUG - GET request to: https://.cloud.databricks.com/api/2.0/preview/scim/v2/Me
2025-06-04 11:43:16,195 - DEBUG - Connection error: URL has an invalid label.
2025-06-04 11:43:16,195 - DEBUG - Token validation failed: Connection error occurred: URL has an invalid label.
2025-06-04 11:43:16,197 - ERROR - Error validating token: Connection failed
2025-06-04 11:43:16,201 - DEBUG - GET request to: https://invalid-workspace.nonexistent.com.cloud.databricks.com/api/2.0/preview/scim/v2/Me
2025-06-04 11:43:16,263 - DEBUG - Starting new HTTPS connection (1): invalid-workspace.nonexistent.com.cloud.databricks.com:443
2025-06-04 11:43:16,264 - DEBUG - Connection error: HTTPSConnectionPool(host='invalid-workspace.nonexistent.com.cloud.databricks.com', port=443): Max retries exceeded with url: /api/2.0/preview/scim/v2/Me (Caused by NameResolutionError("<urllib3.connection.HTTPSConnection object at 0x11212b3d0>: Failed to resolve 'invalid-workspace.nonexistent.com.cloud.databricks.com' ([Errno 8] nodename nor servname provided, or not known)"))
2025-06-04 11:43:16,264 - DEBUG - Token validation failed: Connection error occurred: HTTPSConnectionPool(host='invalid-workspace.nonexistent.com.cloud.databricks.com', port=443): Max retries exceeded with url: /api/2.0/preview/scim/v2/Me (Caused by NameResolutionError("<urllib3.connection.HTTPSConnection object at 0x11212b3d0>: Failed to resolve 'invalid-workspace.nonexistent.com.cloud.databricks.com' ([Errno 8] nodename nor servname provided, or not known)"))
2025-06-04 11:43:16,376 - DEBUG - GET request to: https://invalid.nonexistent.com.cloud.databricks.com/api/2.0/preview/scim/v2/Me
2025-06-04 11:43:16,378 - DEBUG - Starting new HTTPS connection (1): invalid.nonexistent.com.cloud.databricks.com:443
2025-06-04 11:43:16,379 - DEBUG - Connection error: HTTPSConnectionPool(host='invalid.nonexistent.com.cloud.databricks.com', port=443): Max retries exceeded with url: /api/2.0/preview/scim/v2/Me (Caused by NameResolutionError("<urllib3.connection.HTTPSConnection object at 0x1121e1f10>: Failed to resolve 'invalid.nonexistent.com.cloud.databricks.com' ([Errno 8] nodename nor servname provided, or not known)"))
2025-06-04 11:43:16,379 - DEBUG - Token validation failed: Connection error occurred: HTTPSConnectionPool(host='invalid.nonexistent.com.cloud.databricks.com', port=443): Max retries exceeded with url: /api/2.0/preview/scim/v2/Me (Caused by NameResolutionError("<urllib3.connection.HTTPSConnection object at 0x1121e1f10>: Failed to resolve 'invalid.nonexistent.com.cloud.databricks.com' ([Errno 8] nodename nor servname provided, or not known)"))
2025-06-04 11:43:16,381 - ERROR - Error validating token: Validation failed
2025-06-04 11:43:16,517 - ERROR - Error validating token: Connection failed
2025-06-04 11:43:16,557 - ERROR - Error validating token: Network error with secret details
2025-06-04 11:43:16,598 - ERROR - Error validating token: Connection error: Failed to resolve 'workspace123.cloud.databricks.com'
2025-06-04 11:43:16,609 - ERROR - Error fetching Amperity init script: API Error
Traceback (most recent call last):
  File "/Users/johnrush/repos/clamp-internal/src/commands/stitch_tools.py", line 179, in _helper_prepare_stitch_config
    init_script_data = client.fetch_amperity_job_init(amperity_token)
                       ^^^^^^^^^^^^^^^^^^^^^^^^^^^^^^^^^^^^^^^^^^^^^^
  File "/usr/local/Cellar/python@3.11/3.11.4_1/Frameworks/Python.framework/Versions/3.11/lib/python3.11/unittest/mock.py", line 1124, in __call__
    return self._mock_call(*args, **kwargs)
           ^^^^^^^^^^^^^^^^^^^^^^^^^^^^^^^^
  File "/usr/local/Cellar/python@3.11/3.11.4_1/Frameworks/Python.framework/Versions/3.11/lib/python3.11/unittest/mock.py", line 1128, in _mock_call
    return self._execute_mock_call(*args, **kwargs)
           ^^^^^^^^^^^^^^^^^^^^^^^^^^^^^^^^^^^^^^^^
  File "/usr/local/Cellar/python@3.11/3.11.4_1/Frameworks/Python.framework/Versions/3.11/lib/python3.11/unittest/mock.py", line 1183, in _execute_mock_call
    raise effect
Exception: API Error
2025-06-04 11:43:16,617 - DEBUG - Versioned cluster init script uploaded to /Volumes/test_catalog/test_schema/chuck/cluster_init-2025-06-02_14-30.sh
2025-06-04 11:43:16,619 - DEBUG - Versioned cluster init script uploaded to /Volumes/test_catalog/test_schema/chuck/cluster_init-2025-06-02_14-30.sh
2025-06-04 11:43:16,622 - DEBUG - Volume 'chuck' not found in test_catalog.test_schema. Attempting to create.
2025-06-04 11:43:16,633 - DEBUG - Saved configuration to /var/folders/3f/2n5sjdw50vj9gfnrxjbptj4c0000gn/T/tmp1ru_pgbx/test_config.json
2025-06-04 11:43:16,633 - DEBUG - Loaded configuration from /var/folders/3f/2n5sjdw50vj9gfnrxjbptj4c0000gn/T/tmp1ru_pgbx/test_config.json
2025-06-04 11:43:16,633 - DEBUG - Loaded configuration from /var/folders/3f/2n5sjdw50vj9gfnrxjbptj4c0000gn/T/tmp1ru_pgbx/test_config.json
2025-06-04 11:43:16,633 - DEBUG - Loaded configuration from /var/folders/3f/2n5sjdw50vj9gfnrxjbptj4c0000gn/T/tmp1ru_pgbx/test_config.json
2025-06-04 11:43:16,635 - DEBUG - Saved configuration to /var/folders/3f/2n5sjdw50vj9gfnrxjbptj4c0000gn/T/tmpkqa6nd_b/test_config.json
2025-06-04 11:43:16,636 - DEBUG - Loaded configuration from /var/folders/3f/2n5sjdw50vj9gfnrxjbptj4c0000gn/T/tmpkqa6nd_b/test_config.json
2025-06-04 11:43:16,636 - DEBUG - Saved configuration to /var/folders/3f/2n5sjdw50vj9gfnrxjbptj4c0000gn/T/tmpkqa6nd_b/test_config.json
2025-06-04 11:43:16,636 - DEBUG - Loaded configuration from /var/folders/3f/2n5sjdw50vj9gfnrxjbptj4c0000gn/T/tmpkqa6nd_b/test_config.json
2025-06-04 11:43:16,637 - DEBUG - Saved configuration to /var/folders/3f/2n5sjdw50vj9gfnrxjbptj4c0000gn/T/tmpkqa6nd_b/test_config.json
2025-06-04 11:43:16,637 - DEBUG - Loaded configuration from /var/folders/3f/2n5sjdw50vj9gfnrxjbptj4c0000gn/T/tmpkqa6nd_b/test_config.json
2025-06-04 11:43:16,637 - DEBUG - Loaded configuration from /var/folders/3f/2n5sjdw50vj9gfnrxjbptj4c0000gn/T/tmpkqa6nd_b/test_config.json
2025-06-04 11:43:16,637 - DEBUG - Loaded configuration from /var/folders/3f/2n5sjdw50vj9gfnrxjbptj4c0000gn/T/tmpkqa6nd_b/test_config.json
2025-06-04 11:43:16,639 - INFO - Applying tag 'email' to column 'email_col'
2025-06-04 11:43:16,639 - INFO - Applying tag 'given-name' to column 'name_col'
2025-06-04 11:43:16,641 - INFO - Applying tag 'phone' to column 'good_col'
2025-06-04 11:43:16,642 - INFO - Applying tag 'email' to column 'email_col'
2025-06-04 11:43:16,643 - INFO - Applying tag 'email' to column 'email_col'
2025-06-04 11:43:16,643 - ERROR - Error applying tag to email_col: Connection error
2025-06-04 11:43:16,646 - DEBUG - Saved configuration to /var/folders/3f/2n5sjdw50vj9gfnrxjbptj4c0000gn/T/tmp9b6hottm/test_config.json
2025-06-04 11:43:16,647 - DEBUG - Loaded configuration from /var/folders/3f/2n5sjdw50vj9gfnrxjbptj4c0000gn/T/tmp9b6hottm/test_config.json
2025-06-04 11:43:16,648 - DEBUG - Saved configuration to /var/folders/3f/2n5sjdw50vj9gfnrxjbptj4c0000gn/T/tmp64fdrhtc/test_config.json
2025-06-04 11:43:16,650 - DEBUG - Saved configuration to /var/folders/3f/2n5sjdw50vj9gfnrxjbptj4c0000gn/T/tmp6ch_7r_o/test_config.json
2025-06-04 11:43:16,650 - DEBUG - Loaded configuration from /var/folders/3f/2n5sjdw50vj9gfnrxjbptj4c0000gn/T/tmp6ch_7r_o/test_config.json
2025-06-04 11:43:16,652 - DEBUG - Saved configuration to /var/folders/3f/2n5sjdw50vj9gfnrxjbptj4c0000gn/T/tmpxnyq5xh7/test_config.json
2025-06-04 11:43:16,652 - DEBUG - Loaded configuration from /var/folders/3f/2n5sjdw50vj9gfnrxjbptj4c0000gn/T/tmpxnyq5xh7/test_config.json
2025-06-04 11:43:16,657 - ERROR - Failed to set workspace URL: Validation error
Traceback (most recent call last):
  File "/Users/johnrush/repos/clamp-internal/src/commands/workspace_selection.py", line 37, in handle_command
    is_valid, error_message = validate_workspace_url(workspace_url)
                              ^^^^^^^^^^^^^^^^^^^^^^^^^^^^^^^^^^^^^
  File "/usr/local/Cellar/python@3.11/3.11.4_1/Frameworks/Python.framework/Versions/3.11/lib/python3.11/unittest/mock.py", line 1124, in __call__
    return self._mock_call(*args, **kwargs)
           ^^^^^^^^^^^^^^^^^^^^^^^^^^^^^^^^
  File "/usr/local/Cellar/python@3.11/3.11.4_1/Frameworks/Python.framework/Versions/3.11/lib/python3.11/unittest/mock.py", line 1128, in _mock_call
    return self._execute_mock_call(*args, **kwargs)
           ^^^^^^^^^^^^^^^^^^^^^^^^^^^^^^^^^^^^^^^^
  File "/usr/local/Cellar/python@3.11/3.11.4_1/Frameworks/Python.framework/Versions/3.11/lib/python3.11/unittest/mock.py", line 1183, in _execute_mock_call
    raise effect
Exception: Validation error
