2025-06-04 17:49:28,386 - DEBUG - Logging initialized. Writing to /Users/johnrush/repos/chuck-data/log/sessions/2025-06-04_17-49-28.log
2025-06-04 17:49:28,389 - DEBUG - HTTP error: HTTP 401, Response: {"status":401,"message":"Unauthorized"}
2025-06-04 17:49:28,390 - DEBUG - GET request to: https://test-workspace.cloud.databricks.com/test-endpoint
2025-06-04 17:49:28,390 - DEBUG - Connection error: Connection failed
2025-06-04 17:49:28,392 - DEBUG - GET request to: https://test-workspace.cloud.databricks.com/test-endpoint
2025-06-04 17:49:28,392 - DEBUG - HTTP error: HTTP 404, Response: Not Found
2025-06-04 17:49:28,393 - DEBUG - GET request to: https://test-workspace.cloud.databricks.com/test-endpoint
2025-06-04 17:49:28,394 - DEBUG - POST request to: https://test-workspace.cloud.databricks.com/test-endpoint
2025-06-04 17:49:28,394 - DEBUG - Connection error: Connection failed
2025-06-04 17:49:28,395 - DEBUG - POST request to: https://test-workspace.cloud.databricks.com/test-endpoint
2025-06-04 17:49:28,396 - DEBUG - HTTP error: HTTP 400, Response: Bad Request
2025-06-04 17:49:28,396 - DEBUG - POST request to: https://test-workspace.cloud.databricks.com/test-endpoint
2025-06-04 17:49:28,400 - DEBUG - Saved configuration to /var/folders/3f/2n5sjdw50vj9gfnrxjbptj4c0000gn/T/tmp8hk7_wvr/test_config.json
2025-06-04 17:49:28,400 - DEBUG - Loaded configuration from /var/folders/3f/2n5sjdw50vj9gfnrxjbptj4c0000gn/T/tmp8hk7_wvr/test_config.json
2025-06-04 17:49:28,400 - DEBUG - Loaded configuration from /var/folders/3f/2n5sjdw50vj9gfnrxjbptj4c0000gn/T/tmp8hk7_wvr/test_config.json
2025-06-04 17:49:28,400 - DEBUG - Saved configuration to /var/folders/3f/2n5sjdw50vj9gfnrxjbptj4c0000gn/T/tmp8hk7_wvr/test_config.json
2025-06-04 17:49:28,400 - DEBUG - Loaded configuration from /var/folders/3f/2n5sjdw50vj9gfnrxjbptj4c0000gn/T/tmp8hk7_wvr/test_config.json
2025-06-04 17:49:28,401 - DEBUG - Saved configuration to /var/folders/3f/2n5sjdw50vj9gfnrxjbptj4c0000gn/T/tmp8hk7_wvr/test_config.json
2025-06-04 17:49:28,401 - DEBUG - Loaded configuration from /var/folders/3f/2n5sjdw50vj9gfnrxjbptj4c0000gn/T/tmp8hk7_wvr/test_config.json
2025-06-04 17:49:28,401 - DEBUG - Saved configuration to /var/folders/3f/2n5sjdw50vj9gfnrxjbptj4c0000gn/T/tmp8hk7_wvr/test_config.json
2025-06-04 17:49:28,401 - DEBUG - Loaded configuration from /var/folders/3f/2n5sjdw50vj9gfnrxjbptj4c0000gn/T/tmp8hk7_wvr/test_config.json
2025-06-04 17:49:28,401 - DEBUG - Saved configuration to /var/folders/3f/2n5sjdw50vj9gfnrxjbptj4c0000gn/T/tmp8hk7_wvr/test_config.json
2025-06-04 17:49:28,402 - DEBUG - Loaded configuration from /var/folders/3f/2n5sjdw50vj9gfnrxjbptj4c0000gn/T/tmp8hk7_wvr/test_config.json
2025-06-04 17:49:28,402 - DEBUG - Loaded configuration from /var/folders/3f/2n5sjdw50vj9gfnrxjbptj4c0000gn/T/tmp8hk7_wvr/test_config.json
2025-06-04 17:49:28,402 - DEBUG - Loaded configuration from /var/folders/3f/2n5sjdw50vj9gfnrxjbptj4c0000gn/T/tmp8hk7_wvr/test_config.json
2025-06-04 17:49:28,402 - DEBUG - Loaded configuration from /var/folders/3f/2n5sjdw50vj9gfnrxjbptj4c0000gn/T/tmp8hk7_wvr/test_config.json
2025-06-04 17:49:28,402 - DEBUG - Loaded configuration from /var/folders/3f/2n5sjdw50vj9gfnrxjbptj4c0000gn/T/tmp8hk7_wvr/test_config.json
2025-06-04 17:49:28,404 - DEBUG - Saved configuration to /var/folders/3f/2n5sjdw50vj9gfnrxjbptj4c0000gn/T/tmpyivmtwup/test_config.json
2025-06-04 17:49:28,404 - DEBUG - Loaded configuration from /var/folders/3f/2n5sjdw50vj9gfnrxjbptj4c0000gn/T/tmpyivmtwup/test_config.json
2025-06-04 17:49:28,405 - DEBUG - Saved configuration to /var/folders/3f/2n5sjdw50vj9gfnrxjbptj4c0000gn/T/tmp6dmgjvr_/test_config.json
2025-06-04 17:49:28,406 - DEBUG - Loaded configuration from /var/folders/3f/2n5sjdw50vj9gfnrxjbptj4c0000gn/T/tmp6dmgjvr_/test_config.json
2025-06-04 17:49:28,407 - DEBUG - Saved configuration to /var/folders/3f/2n5sjdw50vj9gfnrxjbptj4c0000gn/T/tmpkgrdfnf5/test_config.json
2025-06-04 17:49:28,407 - DEBUG - Loaded configuration from /var/folders/3f/2n5sjdw50vj9gfnrxjbptj4c0000gn/T/tmpkgrdfnf5/test_config.json
2025-06-04 17:49:28,407 - DEBUG - Loaded configuration from /var/folders/3f/2n5sjdw50vj9gfnrxjbptj4c0000gn/T/tmpkgrdfnf5/test_config.json
2025-06-04 17:49:28,407 - DEBUG - Saved configuration to /var/folders/3f/2n5sjdw50vj9gfnrxjbptj4c0000gn/T/tmpkgrdfnf5/test_config.json
2025-06-04 17:49:28,408 - DEBUG - Loaded configuration from /var/folders/3f/2n5sjdw50vj9gfnrxjbptj4c0000gn/T/tmpkgrdfnf5/test_config.json
2025-06-04 17:49:28,408 - DEBUG - Loaded configuration from /var/folders/3f/2n5sjdw50vj9gfnrxjbptj4c0000gn/T/tmpkgrdfnf5/test_config.json
2025-06-04 17:49:28,410 - DEBUG - Saved configuration to /var/folders/3f/2n5sjdw50vj9gfnrxjbptj4c0000gn/T/tmp_azv1_vs/test_config.json
2025-06-04 17:49:28,411 - DEBUG - Loaded configuration from /var/folders/3f/2n5sjdw50vj9gfnrxjbptj4c0000gn/T/tmp_azv1_vs/test_config.json
2025-06-04 17:49:28,411 - DEBUG - Loaded configuration from /var/folders/3f/2n5sjdw50vj9gfnrxjbptj4c0000gn/T/tmp_azv1_vs/test_config.json
2025-06-04 17:49:28,411 - DEBUG - Saved configuration to /var/folders/3f/2n5sjdw50vj9gfnrxjbptj4c0000gn/T/tmp_azv1_vs/test_config.json
2025-06-04 17:49:28,411 - DEBUG - Loaded configuration from /var/folders/3f/2n5sjdw50vj9gfnrxjbptj4c0000gn/T/tmp_azv1_vs/test_config.json
2025-06-04 17:49:28,411 - DEBUG - Saved configuration to /var/folders/3f/2n5sjdw50vj9gfnrxjbptj4c0000gn/T/tmp_azv1_vs/test_config.json
2025-06-04 17:49:28,411 - DEBUG - Loaded configuration from /var/folders/3f/2n5sjdw50vj9gfnrxjbptj4c0000gn/T/tmp_azv1_vs/test_config.json
2025-06-04 17:49:28,411 - DEBUG - Saved configuration to /var/folders/3f/2n5sjdw50vj9gfnrxjbptj4c0000gn/T/tmp_azv1_vs/test_config.json
2025-06-04 17:49:28,412 - DEBUG - Loaded configuration from /var/folders/3f/2n5sjdw50vj9gfnrxjbptj4c0000gn/T/tmp_azv1_vs/test_config.json
2025-06-04 17:49:28,412 - DEBUG - Saved configuration to /var/folders/3f/2n5sjdw50vj9gfnrxjbptj4c0000gn/T/tmp_azv1_vs/test_config.json
2025-06-04 17:49:28,412 - DEBUG - Loaded configuration from /var/folders/3f/2n5sjdw50vj9gfnrxjbptj4c0000gn/T/tmp_azv1_vs/test_config.json
2025-06-04 17:49:28,412 - DEBUG - Using workspace_url from environment variable CHUCK_WORKSPACE_URL
2025-06-04 17:49:28,412 - DEBUG - Using active_model from environment variable CHUCK_ACTIVE_MODEL
2025-06-04 17:49:28,412 - DEBUG - Using warehouse_id from environment variable CHUCK_WAREHOUSE_ID
2025-06-04 17:49:28,412 - DEBUG - Using active_catalog from environment variable CHUCK_ACTIVE_CATALOG
2025-06-04 17:49:28,412 - DEBUG - Using active_schema from environment variable CHUCK_ACTIVE_SCHEMA
2025-06-04 17:49:28,412 - DEBUG - Using usage_tracking_consent from environment variable CHUCK_USAGE_TRACKING_CONSENT
2025-06-04 17:49:28,412 - DEBUG - Loaded configuration from /var/folders/3f/2n5sjdw50vj9gfnrxjbptj4c0000gn/T/tmp_azv1_vs/test_config.json
2025-06-04 17:49:28,414 - DEBUG - Saved configuration to /var/folders/3f/2n5sjdw50vj9gfnrxjbptj4c0000gn/T/tmppsuudu1y/test_config.json
2025-06-04 17:49:28,414 - DEBUG - Loaded configuration from /var/folders/3f/2n5sjdw50vj9gfnrxjbptj4c0000gn/T/tmppsuudu1y/test_config.json
2025-06-04 17:49:28,414 - DEBUG - Loaded configuration from /var/folders/3f/2n5sjdw50vj9gfnrxjbptj4c0000gn/T/tmppsuudu1y/test_config.json
2025-06-04 17:49:28,414 - WARNING - Invalid workspace_url provided, using default instead
2025-06-04 17:49:28,414 - DEBUG - Saved configuration to /var/folders/3f/2n5sjdw50vj9gfnrxjbptj4c0000gn/T/tmppsuudu1y/test_config.json
2025-06-04 17:49:28,414 - DEBUG - Loaded configuration from /var/folders/3f/2n5sjdw50vj9gfnrxjbptj4c0000gn/T/tmppsuudu1y/test_config.json
2025-06-04 17:49:28,414 - DEBUG - Loaded configuration from /var/folders/3f/2n5sjdw50vj9gfnrxjbptj4c0000gn/T/tmppsuudu1y/test_config.json
2025-06-04 17:49:28,415 - DEBUG - Saved configuration to /var/folders/3f/2n5sjdw50vj9gfnrxjbptj4c0000gn/T/tmppsuudu1y/test_config.json
2025-06-04 17:49:28,415 - DEBUG - Loaded configuration from /var/folders/3f/2n5sjdw50vj9gfnrxjbptj4c0000gn/T/tmppsuudu1y/test_config.json
2025-06-04 17:49:28,416 - DEBUG - Using workspace_url from environment variable CHUCK_WORKSPACE_URL
2025-06-04 17:49:28,417 - DEBUG - Using workspace_url from environment variable CHUCK_WORKSPACE_URL
2025-06-04 17:49:28,417 - DEBUG - Using active_model from environment variable CHUCK_ACTIVE_MODEL
2025-06-04 17:49:28,417 - DEBUG - Using amperity_token from environment variable CHUCK_AMPERITY_TOKEN
2025-06-04 17:49:28,417 - DEBUG - Using databricks_token from environment variable CHUCK_DATABRICKS_TOKEN
2025-06-04 17:49:28,417 - DEBUG - Saved configuration to /var/folders/3f/2n5sjdw50vj9gfnrxjbptj4c0000gn/T/tmp8bdstkiu/test_config.json
2025-06-04 17:49:28,417 - DEBUG - Loaded configuration from /var/folders/3f/2n5sjdw50vj9gfnrxjbptj4c0000gn/T/tmp8bdstkiu/test_config.json
2025-06-04 17:49:28,419 - DEBUG - Saved configuration to /var/folders/3f/2n5sjdw50vj9gfnrxjbptj4c0000gn/T/tmpcx46jj2v/test_config.json
2025-06-04 17:49:28,430 - DEBUG - GET request to: https://adb-3856707039489412.12.azuredatabricks.net/test-endpoint
2025-06-04 17:49:28,433 - DEBUG - GET request to: https://test-workspace.cloud.databricks.com/test-endpoint
2025-06-04 17:49:28,433 - DEBUG - Connection error: Connection failed
2025-06-04 17:49:28,434 - DEBUG - GET request to: https://test-workspace.cloud.databricks.com/test-endpoint
2025-06-04 17:49:28,434 - DEBUG - HTTP error: HTTP 404, Response: Not Found
2025-06-04 17:49:28,436 - WARNING - Model 'nonexistent-model' not found
2025-06-04 17:49:28,437 - DEBUG - GET request to: https://test-workspace.cloud.databricks.com/test-endpoint
2025-06-04 17:49:28,443 - DEBUG - POST request to: https://test-workspace.cloud.databricks.com/test-endpoint
2025-06-04 17:49:28,443 - DEBUG - Connection error: Connection failed
2025-06-04 17:49:28,444 - DEBUG - POST request to: https://test-workspace.cloud.databricks.com/test-endpoint
2025-06-04 17:49:28,444 - DEBUG - HTTP error: HTTP 400, Response: Bad Request
2025-06-04 17:49:28,445 - DEBUG - POST request to: https://test-workspace.cloud.databricks.com/test-endpoint
2025-06-04 17:49:28,448 - DEBUG - File upload request to: https://test-workspace.cloud.databricks.com/api/2.0/fs/files/test/path.txt
2025-06-04 17:49:28,450 - DEBUG - File upload request to: https://test-workspace.cloud.databricks.com/api/2.0/fs/files/test/path.txt
2025-06-04 17:49:28,452 - DEBUG - Token validation failed: Token validation failed
2025-06-04 17:49:28,455 - DEBUG - Saved configuration to /tmp/.test_chuck_integration_config.json
2025-06-04 17:49:28,455 - DEBUG - Saved configuration to /tmp/.test_chuck_integration_config.json
2025-06-04 17:49:28,456 - DEBUG - Saved configuration to /tmp/.test_chuck_integration_config.json
2025-06-04 17:49:28,457 - DEBUG - Saved configuration to /tmp/.test_chuck_integration_config.json
2025-06-04 17:49:28,458 - DEBUG - Saved configuration to /tmp/.test_chuck_integration_config.json
2025-06-04 17:49:28,458 - DEBUG - Saved configuration to /tmp/.test_chuck_integration_config.json
2025-06-04 17:49:28,463 - DEBUG - Sending metric: {"event": "USAGE", "prompt": "test prompt"}...
2025-06-04 17:49:28,463 - DEBUG - Error sending metrics: Test exception
Traceback (most recent call last):
  File "/Users/johnrush/repos/chuck-data/src/metrics_collector.py", line 123, in send_metric
    return self._client.submit_metrics(payload, token)
           ^^^^^^^^^^^^^^^^^^^^^^^^^^^^^^^^^^^^^^^^^^^
  File "/Users/johnrush/repos/chuck-data/tests/fixtures.py", line 60, in submit_metrics
    raise Exception("Test exception")
Exception: Test exception
2025-06-04 17:49:28,464 - DEBUG - Sending metric: {"event": "USAGE", "prompt": "test prompt"}...
2025-06-04 17:49:28,465 - DEBUG - Cannot send metrics - no authentication token available
2025-06-04 17:49:28,466 - DEBUG - Sending metric: {"event": "USAGE", "prompt": "test prompt"}...
2025-06-04 17:49:28,469 - DEBUG - Metrics tracking skipped - user has not provided consent
2025-06-04 17:49:28,471 - ERROR - Connection error when getting model: Connection failed
2025-06-04 17:49:28,471 - ERROR - Failed to get model: HTTP error occurred: 500 Internal Server Error
2025-06-04 17:49:28,473 - ERROR - Connection error when listing models: Connection failed
2025-06-04 17:49:28,475 - ERROR - Failed to list models: HTTP error occurred: 404 Not Found
2025-06-04 17:49:28,512 - ERROR - Error executing handler for command 'test_command': Command failed
Traceback (most recent call last):
  File "/Users/johnrush/repos/chuck-data/src/service.py", line 395, in execute_command
    result: CommandResult = command_def.handler(
                            ^^^^^^^^^^^^^^^^^^^^
  File "/usr/local/Cellar/python@3.11/3.11.4_1/Frameworks/Python.framework/Versions/3.11/lib/python3.11/unittest/mock.py", line 1124, in __call__
    return self._mock_call(*args, **kwargs)
           ^^^^^^^^^^^^^^^^^^^^^^^^^^^^^^^^
  File "/usr/local/Cellar/python@3.11/3.11.4_1/Frameworks/Python.framework/Versions/3.11/lib/python3.11/unittest/mock.py", line 1128, in _mock_call
    return self._execute_mock_call(*args, **kwargs)
           ^^^^^^^^^^^^^^^^^^^^^^^^^^^^^^^^^^^^^^^^
  File "/usr/local/Cellar/python@3.11/3.11.4_1/Frameworks/Python.framework/Versions/3.11/lib/python3.11/unittest/mock.py", line 1183, in _execute_mock_call
    raise effect
Exception: Command failed
2025-06-04 17:49:28,537 - DEBUG - Executing SQL: SELECT * INVALID SQL
2025-06-04 17:49:28,539 - DEBUG - Executing SQL: SELECT * INVALID SQL
2025-06-04 17:49:28,540 - DEBUG - Executing SQL: SELECT * FROM table
2025-06-04 17:49:28,541 - DEBUG - Executing SQL: SELECT * FROM table
2025-06-04 17:49:28,542 - DEBUG - Executing SQL: SELECT * FROM table
2025-06-04 17:49:28,543 - DEBUG - Executing SQL: SELECT * FROM table
2025-06-04 17:49:28,548 - ERROR - Authentication state polling received 401
2025-06-04 17:49:28,551 - ERROR - Error creating Stitch report: API Error
Traceback (most recent call last):
  File "/Users/johnrush/repos/chuck-data/src/commands/add_stitch_report.py", line 62, in handle_command
    result = client.create_stitch_notebook(table_path, custom_name)
             ^^^^^^^^^^^^^^^^^^^^^^^^^^^^^^^^^^^^^^^^^^^^^^^^^^^^^^
  File "/Users/johnrush/repos/chuck-data/tests/fixtures.py", line 509, in create_stitch_notebook
    raise self._create_stitch_notebook_error
ValueError: API Error
2025-06-04 17:49:28,555 - ERROR - Agent error: Agent error
Traceback (most recent call last):
  File "/Users/johnrush/repos/chuck-data/src/commands/agent.py", line 79, in handle_command
    agent = AgentManager(client, tool_output_callback=tool_output_callback)
            ^^^^^^^^^^^^^^^^^^^^^^^^^^^^^^^^^^^^^^^^^^^^^^^^^^^^^^^^^^^^^^^
  File "/usr/local/Cellar/python@3.11/3.11.4_1/Frameworks/Python.framework/Versions/3.11/lib/python3.11/unittest/mock.py", line 1124, in __call__
    return self._mock_call(*args, **kwargs)
           ^^^^^^^^^^^^^^^^^^^^^^^^^^^^^^^^
  File "/usr/local/Cellar/python@3.11/3.11.4_1/Frameworks/Python.framework/Versions/3.11/lib/python3.11/unittest/mock.py", line 1128, in _mock_call
    return self._execute_mock_call(*args, **kwargs)
           ^^^^^^^^^^^^^^^^^^^^^^^^^^^^^^^^^^^^^^^^
  File "/usr/local/Cellar/python@3.11/3.11.4_1/Frameworks/Python.framework/Versions/3.11/lib/python3.11/unittest/mock.py", line 1183, in _execute_mock_call
    raise effect
Exception: Agent error
2025-06-04 17:49:28,557 - DEBUG - Sending metric: {"event": "USAGE", "configuration": {"workspace_url": "https://dbc-df998298-4c7e.cloud.databricks.co...
2025-06-04 17:49:28,629 - DEBUG - Starting new HTTPS connection (1): chuck.amperity.com:443
2025-06-04 17:49:28,744 - DEBUG - https://chuck.amperity.com:443 "POST /api/usage HTTP/1.1" 204 0
2025-06-04 17:49:28,745 - DEBUG - Failed to send metrics: 204 - 
2025-06-04 17:49:28,749 - DEBUG - Sending metric: {"event": "USAGE", "configuration": {"workspace_url": "https://dbc-df998298-4c7e.cloud.databricks.co...
2025-06-04 17:49:28,752 - DEBUG - Starting new HTTPS connection (1): chuck.amperity.com:443
2025-06-04 17:49:28,856 - DEBUG - https://chuck.amperity.com:443 "POST /api/usage HTTP/1.1" 204 0
2025-06-04 17:49:28,856 - DEBUG - Failed to send metrics: 204 - 
2025-06-04 17:49:28,867 - DEBUG - Sending metric: {"event": "USAGE", "configuration": {"workspace_url": "https://dbc-df998298-4c7e.cloud.databricks.co...
2025-06-04 17:49:28,869 - DEBUG - Starting new HTTPS connection (1): chuck.amperity.com:443
2025-06-04 17:49:28,968 - DEBUG - https://chuck.amperity.com:443 "POST /api/usage HTTP/1.1" 204 0
2025-06-04 17:49:28,969 - DEBUG - Failed to send metrics: 204 - 
2025-06-04 17:49:28,971 - DEBUG - Sending metric: {"event": "USAGE", "configuration": {"workspace_url": "https://dbc-df998298-4c7e.cloud.databricks.co...
2025-06-04 17:49:28,975 - DEBUG - Starting new HTTPS connection (1): chuck.amperity.com:443
2025-06-04 17:49:29,070 - DEBUG - https://chuck.amperity.com:443 "POST /api/usage HTTP/1.1" 204 0
2025-06-04 17:49:29,071 - DEBUG - Failed to send metrics: 204 - 
2025-06-04 17:49:29,074 - DEBUG - Sending metric: {"event": "USAGE", "configuration": {"workspace_url": "https://dbc-df998298-4c7e.cloud.databricks.co...
2025-06-04 17:49:29,077 - DEBUG - Starting new HTTPS connection (1): chuck.amperity.com:443
2025-06-04 17:49:29,169 - DEBUG - https://chuck.amperity.com:443 "POST /api/usage HTTP/1.1" 204 0
2025-06-04 17:49:29,169 - DEBUG - Failed to send metrics: 204 - 
2025-06-04 17:49:29,179 - INFO - Databricks token set successfully
2025-06-04 17:49:29,181 - INFO - Databricks token cleared
2025-06-04 17:49:29,181 - INFO - Amperity token cleared
2025-06-04 17:49:29,183 - INFO - Amperity token cleared
2025-06-04 17:49:29,184 - INFO - Databricks token cleared
2025-06-04 17:49:29,186 - INFO - Amperity token cleared
2025-06-04 17:49:29,198 - DEBUG - Bug report submitted successfully
2025-06-04 17:49:29,261 - ERROR - Error submitting bug report: Network error
Traceback (most recent call last):
  File "/Users/johnrush/repos/chuck-data/src/commands/bug.py", line 72, in handle_command
    success, message = amperity_client.submit_bug_report(payload, amperity_token)
                       ^^^^^^^^^^^^^^^^^^^^^^^^^^^^^^^^^^^^^^^^^^^^^^^^^^^^^^^^^^
  File "/Users/johnrush/repos/chuck-data/tests/commands/test_bug.py", line 115, in submit_bug_report
    raise Exception("Network error")
Exception: Network error
2025-06-04 17:49:29,263 - DEBUG - Loaded configuration from /var/folders/3f/2n5sjdw50vj9gfnrxjbptj4c0000gn/T/tmpj41v1izp.json
2025-06-04 17:49:29,264 - DEBUG - Loaded configuration from /var/folders/3f/2n5sjdw50vj9gfnrxjbptj4c0000gn/T/tmpf0h7r425.json
2025-06-04 17:49:29,271 - DEBUG - Bug report submitted successfully
2025-06-04 17:49:29,273 - ERROR - Error saving config: [Errno 30] Read-only file system: '/invalid'
2025-06-04 17:49:29,273 - DEBUG - Saved configuration to /var/folders/3f/2n5sjdw50vj9gfnrxjbptj4c0000gn/T/tmp1egljbjj/test_config.json
2025-06-04 17:49:29,275 - DEBUG - Saved configuration to /var/folders/3f/2n5sjdw50vj9gfnrxjbptj4c0000gn/T/tmpkp9537ga/test_config.json
2025-06-04 17:49:29,275 - DEBUG - Loaded configuration from /var/folders/3f/2n5sjdw50vj9gfnrxjbptj4c0000gn/T/tmpkp9537ga/test_config.json
2025-06-04 17:49:29,278 - DEBUG - Saved configuration to /var/folders/3f/2n5sjdw50vj9gfnrxjbptj4c0000gn/T/tmpc8x0kdeq/test_config.json
2025-06-04 17:49:29,278 - DEBUG - Loaded configuration from /var/folders/3f/2n5sjdw50vj9gfnrxjbptj4c0000gn/T/tmpc8x0kdeq/test_config.json
2025-06-04 17:49:29,281 - INFO - Cluster init script uploaded successfully to /Volumes/main/default/chuck/cluster_init-2025-06-02_14-30.sh
2025-06-04 17:49:29,286 - DEBUG - Volume 'chuck' not found in main.default. Attempting to create.
2025-06-04 17:49:29,286 - DEBUG - Volume 'chuck' created successfully.
2025-06-04 17:49:29,286 - INFO - Cluster init script uploaded successfully to /Volumes/main/default/chuck/cluster_init-2025-06-02_14-30.sh
2025-06-04 17:49:29,287 - DEBUG - Volume 'chuck' not found in main.default. Attempting to create.
2025-06-04 17:49:29,287 - DEBUG - Volume 'chuck' created successfully.
2025-06-04 17:49:29,288 - INFO - Cluster init script uploaded successfully to /Volumes/main/default/chuck/cluster_init-2025-06-02_14-30.sh
2025-06-04 17:49:29,289 - DEBUG - Volume 'chuck' not found in main.default. Attempting to create.
2025-06-04 17:49:29,290 - DEBUG - Volume 'chuck' not found in main.default. Attempting to create.
2025-06-04 17:49:29,293 - INFO - Cluster init script uploaded successfully to /Volumes/test_catalog/test_schema/chuck/cluster_init-2025-12-31_23-59.sh
2025-06-04 17:49:29,296 - ERROR - Error generating help: Test error
Traceback (most recent call last):
  File "/Users/johnrush/repos/chuck-data/src/commands/help.py", line 27, in handle_command
    user_commands = get_user_commands()
                    ^^^^^^^^^^^^^^^^^^^
  File "/usr/local/Cellar/python@3.11/3.11.4_1/Frameworks/Python.framework/Versions/3.11/lib/python3.11/unittest/mock.py", line 1124, in __call__
    return self._mock_call(*args, **kwargs)
           ^^^^^^^^^^^^^^^^^^^^^^^^^^^^^^^^
  File "/usr/local/Cellar/python@3.11/3.11.4_1/Frameworks/Python.framework/Versions/3.11/lib/python3.11/unittest/mock.py", line 1128, in _mock_call
    return self._execute_mock_call(*args, **kwargs)
           ^^^^^^^^^^^^^^^^^^^^^^^^^^^^^^^^^^^^^^^^
  File "/usr/local/Cellar/python@3.11/3.11.4_1/Frameworks/Python.framework/Versions/3.11/lib/python3.11/unittest/mock.py", line 1183, in _execute_mock_call
    raise effect
Exception: Test error
2025-06-04 17:49:29,300 - ERROR - Failed to get job status for run '999999': Not Found
Traceback (most recent call last):
  File "/Users/johnrush/repos/chuck-data/src/commands/jobs.py", line 67, in handle_job_status
    data = client.get_job_run_status(run_id_str)
           ^^^^^^^^^^^^^^^^^^^^^^^^^^^^^^^^^^^^^
  File "/Users/johnrush/repos/chuck-data/tests/commands/test_jobs.py", line 119, in get_job_run_status
    raise Exception("Not Found")
Exception: Not Found
2025-06-04 17:49:29,303 - ERROR - Failed to submit job: Bad Request
Traceback (most recent call last):
  File "/Users/johnrush/repos/chuck-data/src/commands/jobs.py", line 32, in handle_launch_job
    run_data = client.submit_job_run(
               ^^^^^^^^^^^^^^^^^^^^^^
  File "/Users/johnrush/repos/chuck-data/tests/commands/test_jobs.py", line 70, in submit_job_run
    raise Exception("Bad Request")
Exception: Bad Request
2025-06-04 17:49:29,307 - ERROR - Failed to launch job, no run_id: {}
2025-06-04 17:49:29,310 - ERROR - Error listing catalogs: API error
2025-06-04 17:49:29,315 - DEBUG - Saved configuration to /var/folders/3f/2n5sjdw50vj9gfnrxjbptj4c0000gn/T/tmp66dc8e09/test_config.json
2025-06-04 17:49:29,315 - DEBUG - Loaded configuration from /var/folders/3f/2n5sjdw50vj9gfnrxjbptj4c0000gn/T/tmp66dc8e09/test_config.json
2025-06-04 17:49:29,316 - DEBUG - Saved configuration to /var/folders/3f/2n5sjdw50vj9gfnrxjbptj4c0000gn/T/tmpzshgeei8/test_config.json
2025-06-04 17:49:29,317 - DEBUG - Loaded configuration from /var/folders/3f/2n5sjdw50vj9gfnrxjbptj4c0000gn/T/tmpzshgeei8/test_config.json
2025-06-04 17:49:29,319 - DEBUG - Saved configuration to /var/folders/3f/2n5sjdw50vj9gfnrxjbptj4c0000gn/T/tmpaoec45r8/test_config.json
2025-06-04 17:49:29,319 - DEBUG - Loaded configuration from /var/folders/3f/2n5sjdw50vj9gfnrxjbptj4c0000gn/T/tmpaoec45r8/test_config.json
2025-06-04 17:49:29,320 - ERROR - Failed to list models: API error
Traceback (most recent call last):
  File "/Users/johnrush/repos/chuck-data/src/commands/list_models.py", line 31, in handle_command
    models_list = list_models_api(client)
                  ^^^^^^^^^^^^^^^^^^^^^^^
  File "/Users/johnrush/repos/chuck-data/src/models.py", line 19, in list_models
    return client.list_models()
           ^^^^^^^^^^^^^^^^^^^^
  File "/Users/johnrush/repos/chuck-data/tests/commands/test_list_models.py", line 112, in list_models
    raise Exception("API error")
Exception: API error
2025-06-04 17:49:29,323 - ERROR - Error listing tables: API error
2025-06-04 17:49:29,325 - DEBUG - Saved configuration to /var/folders/3f/2n5sjdw50vj9gfnrxjbptj4c0000gn/T/tmpkxj0on22/test_config.json
2025-06-04 17:49:29,326 - DEBUG - Loaded configuration from /var/folders/3f/2n5sjdw50vj9gfnrxjbptj4c0000gn/T/tmpkxj0on22/test_config.json
2025-06-04 17:49:29,326 - DEBUG - Loaded configuration from /var/folders/3f/2n5sjdw50vj9gfnrxjbptj4c0000gn/T/tmpkxj0on22/test_config.json
2025-06-04 17:49:29,328 - DEBUG - Saved configuration to /var/folders/3f/2n5sjdw50vj9gfnrxjbptj4c0000gn/T/tmp5acrgbww/test_config.json
2025-06-04 17:49:29,329 - DEBUG - Loaded configuration from /var/folders/3f/2n5sjdw50vj9gfnrxjbptj4c0000gn/T/tmp5acrgbww/test_config.json
2025-06-04 17:49:29,329 - DEBUG - Saved configuration to /var/folders/3f/2n5sjdw50vj9gfnrxjbptj4c0000gn/T/tmp5acrgbww/test_config.json
2025-06-04 17:49:29,329 - DEBUG - Loaded configuration from /var/folders/3f/2n5sjdw50vj9gfnrxjbptj4c0000gn/T/tmp5acrgbww/test_config.json
2025-06-04 17:49:29,329 - DEBUG - Loaded configuration from /var/folders/3f/2n5sjdw50vj9gfnrxjbptj4c0000gn/T/tmp5acrgbww/test_config.json
2025-06-04 17:49:29,334 - ERROR - Failed to set model 'claude-v1': API error
Traceback (most recent call last):
  File "/Users/johnrush/repos/chuck-data/src/commands/model_selection.py", line 28, in handle_command
    models_list = list_models_api(client)
                  ^^^^^^^^^^^^^^^^^^^^^^^
  File "/Users/johnrush/repos/chuck-data/src/models.py", line 19, in list_models
    return client.list_models()
           ^^^^^^^^^^^^^^^^^^^^
  File "/Users/johnrush/repos/chuck-data/tests/commands/test_model_selection.py", line 79, in list_models
    raise Exception("API error")
Exception: API error
2025-06-04 17:49:29,335 - DEBUG - Saved configuration to /var/folders/3f/2n5sjdw50vj9gfnrxjbptj4c0000gn/T/tmp1u0tqezq/test_config.json
2025-06-04 17:49:29,335 - DEBUG - Loaded configuration from /var/folders/3f/2n5sjdw50vj9gfnrxjbptj4c0000gn/T/tmp1u0tqezq/test_config.json
2025-06-04 17:49:29,337 - DEBUG - Saved configuration to /var/folders/3f/2n5sjdw50vj9gfnrxjbptj4c0000gn/T/tmpjm4oe2fy/test_config.json
2025-06-04 17:49:29,337 - DEBUG - Loaded configuration from /var/folders/3f/2n5sjdw50vj9gfnrxjbptj4c0000gn/T/tmpjm4oe2fy/test_config.json
2025-06-04 17:49:29,339 - DEBUG - Saved configuration to /var/folders/3f/2n5sjdw50vj9gfnrxjbptj4c0000gn/T/tmp185n4wx0/test_config.json
2025-06-04 17:49:29,339 - DEBUG - Loaded configuration from /var/folders/3f/2n5sjdw50vj9gfnrxjbptj4c0000gn/T/tmp185n4wx0/test_config.json
2025-06-04 17:49:29,342 - DEBUG - Saved configuration to /var/folders/3f/2n5sjdw50vj9gfnrxjbptj4c0000gn/T/tmphfafggh_/test_config.json
2025-06-04 17:49:29,342 - DEBUG - Loaded configuration from /var/folders/3f/2n5sjdw50vj9gfnrxjbptj4c0000gn/T/tmphfafggh_/test_config.json
2025-06-04 17:49:29,347 - INFO - Starting PII Scan for 2 tables in test_cat.test_schema.
2025-06-04 17:49:29,353 - ERROR - Bulk PII scan error: LLM client error
Traceback (most recent call last):
  File "/Users/johnrush/repos/chuck-data/src/commands/scan_pii.py", line 46, in handle_command
    llm_client = LLMClient()
                 ^^^^^^^^^^^
  File "/usr/local/Cellar/python@3.11/3.11.4_1/Frameworks/Python.framework/Versions/3.11/lib/python3.11/unittest/mock.py", line 1124, in __call__
    return self._mock_call(*args, **kwargs)
           ^^^^^^^^^^^^^^^^^^^^^^^^^^^^^^^^
  File "/usr/local/Cellar/python@3.11/3.11.4_1/Frameworks/Python.framework/Versions/3.11/lib/python3.11/unittest/mock.py", line 1128, in _mock_call
    return self._execute_mock_call(*args, **kwargs)
           ^^^^^^^^^^^^^^^^^^^^^^^^^^^^^^^^^^^^^^^^
  File "/usr/local/Cellar/python@3.11/3.11.4_1/Frameworks/Python.framework/Versions/3.11/lib/python3.11/unittest/mock.py", line 1183, in _execute_mock_call
    raise effect
Exception: LLM client error
2025-06-04 17:49:29,359 - DEBUG - Saved configuration to /var/folders/3f/2n5sjdw50vj9gfnrxjbptj4c0000gn/T/tmp1l0jjru9/test_config.json
2025-06-04 17:49:29,359 - DEBUG - Loaded configuration from /var/folders/3f/2n5sjdw50vj9gfnrxjbptj4c0000gn/T/tmp1l0jjru9/test_config.json
2025-06-04 17:49:29,360 - DEBUG - Loaded configuration from /var/folders/3f/2n5sjdw50vj9gfnrxjbptj4c0000gn/T/tmp1l0jjru9/test_config.json
2025-06-04 17:49:29,360 - DEBUG - Saved configuration to /var/folders/3f/2n5sjdw50vj9gfnrxjbptj4c0000gn/T/tmp1l0jjru9/test_config.json
2025-06-04 17:49:29,361 - DEBUG - Saved configuration to /var/folders/3f/2n5sjdw50vj9gfnrxjbptj4c0000gn/T/tmpcl8n74sd/test_config.json
2025-06-04 17:49:29,361 - DEBUG - Loaded configuration from /var/folders/3f/2n5sjdw50vj9gfnrxjbptj4c0000gn/T/tmpcl8n74sd/test_config.json
2025-06-04 17:49:29,362 - DEBUG - Loaded configuration from /var/folders/3f/2n5sjdw50vj9gfnrxjbptj4c0000gn/T/tmpcl8n74sd/test_config.json
2025-06-04 17:49:29,362 - DEBUG - Saved configuration to /var/folders/3f/2n5sjdw50vj9gfnrxjbptj4c0000gn/T/tmpcl8n74sd/test_config.json
2025-06-04 17:49:29,362 - DEBUG - Loaded configuration from /var/folders/3f/2n5sjdw50vj9gfnrxjbptj4c0000gn/T/tmpcl8n74sd/test_config.json
2025-06-04 17:49:29,363 - DEBUG - Saved configuration to /var/folders/3f/2n5sjdw50vj9gfnrxjbptj4c0000gn/T/tmpoixw_ra2/test_config.json
2025-06-04 17:49:29,364 - DEBUG - Loaded configuration from /var/folders/3f/2n5sjdw50vj9gfnrxjbptj4c0000gn/T/tmpoixw_ra2/test_config.json
2025-06-04 17:49:29,364 - DEBUG - Loaded configuration from /var/folders/3f/2n5sjdw50vj9gfnrxjbptj4c0000gn/T/tmpoixw_ra2/test_config.json
2025-06-04 17:49:29,364 - DEBUG - Saved configuration to /var/folders/3f/2n5sjdw50vj9gfnrxjbptj4c0000gn/T/tmpoixw_ra2/test_config.json
2025-06-04 17:49:29,364 - DEBUG - Loaded configuration from /var/folders/3f/2n5sjdw50vj9gfnrxjbptj4c0000gn/T/tmpoixw_ra2/test_config.json
2025-06-04 17:49:29,369 - DEBUG - Sending metric: {"event": "USAGE", "configuration": {"workspace_url": "https://dbc-df998298-4c7e.cloud.databricks.co...
2025-06-04 17:49:29,371 - DEBUG - Starting new HTTPS connection (1): chuck.amperity.com:443
2025-06-04 17:49:29,465 - DEBUG - https://chuck.amperity.com:443 "POST /api/usage HTTP/1.1" 204 0
2025-06-04 17:49:29,465 - DEBUG - Failed to send metrics: 204 - 
2025-06-04 17:49:29,469 - ERROR - Stitch setup error: LLM client error
Traceback (most recent call last):
  File "/Users/johnrush/repos/chuck-data/src/commands/setup_stitch.py", line 111, in handle_command
    return _phase_1_prepare_config(
           ^^^^^^^^^^^^^^^^^^^^^^^^
  File "/Users/johnrush/repos/chuck-data/src/commands/setup_stitch.py", line 273, in _phase_1_prepare_config
    llm_client = LLMClient()
                 ^^^^^^^^^^^
  File "/usr/local/Cellar/python@3.11/3.11.4_1/Frameworks/Python.framework/Versions/3.11/lib/python3.11/unittest/mock.py", line 1124, in __call__
    return self._mock_call(*args, **kwargs)
           ^^^^^^^^^^^^^^^^^^^^^^^^^^^^^^^^
  File "/usr/local/Cellar/python@3.11/3.11.4_1/Frameworks/Python.framework/Versions/3.11/lib/python3.11/unittest/mock.py", line 1128, in _mock_call
    return self._execute_mock_call(*args, **kwargs)
           ^^^^^^^^^^^^^^^^^^^^^^^^^^^^^^^^^^^^^^^^
  File "/usr/local/Cellar/python@3.11/3.11.4_1/Frameworks/Python.framework/Versions/3.11/lib/python3.11/unittest/mock.py", line 1183, in _execute_mock_call
    raise effect
Exception: LLM client error
2025-06-04 17:49:29,477 - DEBUG - GET request to: https://.cloud.databricks.com/api/2.0/preview/scim/v2/Me
2025-06-04 17:49:29,478 - DEBUG - Connection error: URL has an invalid label.
2025-06-04 17:49:29,478 - DEBUG - Token validation failed: Connection error occurred: URL has an invalid label.
2025-06-04 17:49:29,480 - ERROR - Error validating token: Connection failed
2025-06-04 17:49:29,485 - DEBUG - GET request to: https://invalid-workspace.nonexistent.com.cloud.databricks.com/api/2.0/preview/scim/v2/Me
2025-06-04 17:49:29,851 - DEBUG - Starting new HTTPS connection (1): invalid-workspace.nonexistent.com.cloud.databricks.com:443
2025-06-04 17:49:29,852 - DEBUG - Connection error: HTTPSConnectionPool(host='invalid-workspace.nonexistent.com.cloud.databricks.com', port=443): Max retries exceeded with url: /api/2.0/preview/scim/v2/Me (Caused by NameResolutionError("<urllib3.connection.HTTPSConnection object at 0x10fbbead0>: Failed to resolve 'invalid-workspace.nonexistent.com.cloud.databricks.com' ([Errno 8] nodename nor servname provided, or not known)"))
2025-06-04 17:49:29,852 - DEBUG - Token validation failed: Connection error occurred: HTTPSConnectionPool(host='invalid-workspace.nonexistent.com.cloud.databricks.com', port=443): Max retries exceeded with url: /api/2.0/preview/scim/v2/Me (Caused by NameResolutionError("<urllib3.connection.HTTPSConnection object at 0x10fbbead0>: Failed to resolve 'invalid-workspace.nonexistent.com.cloud.databricks.com' ([Errno 8] nodename nor servname provided, or not known)"))
2025-06-04 17:49:29,967 - DEBUG - GET request to: https://invalid.nonexistent.com.cloud.databricks.com/api/2.0/preview/scim/v2/Me
2025-06-04 17:49:30,062 - DEBUG - Starting new HTTPS connection (1): invalid.nonexistent.com.cloud.databricks.com:443
2025-06-04 17:49:30,065 - DEBUG - Connection error: HTTPSConnectionPool(host='invalid.nonexistent.com.cloud.databricks.com', port=443): Max retries exceeded with url: /api/2.0/preview/scim/v2/Me (Caused by NameResolutionError("<urllib3.connection.HTTPSConnection object at 0x10fb91b10>: Failed to resolve 'invalid.nonexistent.com.cloud.databricks.com' ([Errno 8] nodename nor servname provided, or not known)"))
2025-06-04 17:49:30,065 - DEBUG - Token validation failed: Connection error occurred: HTTPSConnectionPool(host='invalid.nonexistent.com.cloud.databricks.com', port=443): Max retries exceeded with url: /api/2.0/preview/scim/v2/Me (Caused by NameResolutionError("<urllib3.connection.HTTPSConnection object at 0x10fb91b10>: Failed to resolve 'invalid.nonexistent.com.cloud.databricks.com' ([Errno 8] nodename nor servname provided, or not known)"))
2025-06-04 17:49:30,067 - ERROR - Error validating token: Validation failed
2025-06-04 17:49:30,201 - ERROR - Error validating token: Connection failed
2025-06-04 17:49:30,236 - ERROR - Error validating token: Network error with secret details
2025-06-04 17:49:30,275 - ERROR - Error validating token: Connection error: Failed to resolve 'workspace123.cloud.databricks.com'
2025-06-04 17:49:30,284 - ERROR - Error fetching Amperity init script: API Error
Traceback (most recent call last):
  File "/Users/johnrush/repos/chuck-data/src/commands/stitch_tools.py", line 179, in _helper_prepare_stitch_config
    init_script_data = client.fetch_amperity_job_init(amperity_token)
                       ^^^^^^^^^^^^^^^^^^^^^^^^^^^^^^^^^^^^^^^^^^^^^^
  File "/usr/local/Cellar/python@3.11/3.11.4_1/Frameworks/Python.framework/Versions/3.11/lib/python3.11/unittest/mock.py", line 1124, in __call__
    return self._mock_call(*args, **kwargs)
           ^^^^^^^^^^^^^^^^^^^^^^^^^^^^^^^^
  File "/usr/local/Cellar/python@3.11/3.11.4_1/Frameworks/Python.framework/Versions/3.11/lib/python3.11/unittest/mock.py", line 1128, in _mock_call
    return self._execute_mock_call(*args, **kwargs)
           ^^^^^^^^^^^^^^^^^^^^^^^^^^^^^^^^^^^^^^^^
  File "/usr/local/Cellar/python@3.11/3.11.4_1/Frameworks/Python.framework/Versions/3.11/lib/python3.11/unittest/mock.py", line 1183, in _execute_mock_call
    raise effect
Exception: API Error
2025-06-04 17:49:30,292 - DEBUG - Versioned cluster init script uploaded to /Volumes/test_catalog/test_schema/chuck/cluster_init-2025-06-02_14-30.sh
2025-06-04 17:49:30,294 - DEBUG - Versioned cluster init script uploaded to /Volumes/test_catalog/test_schema/chuck/cluster_init-2025-06-02_14-30.sh
2025-06-04 17:49:30,297 - DEBUG - Volume 'chuck' not found in test_catalog.test_schema. Attempting to create.
2025-06-04 17:49:30,306 - DEBUG - Saved configuration to /var/folders/3f/2n5sjdw50vj9gfnrxjbptj4c0000gn/T/tmp34z2zaae/test_config.json
2025-06-04 17:49:30,306 - DEBUG - Loaded configuration from /var/folders/3f/2n5sjdw50vj9gfnrxjbptj4c0000gn/T/tmp34z2zaae/test_config.json
2025-06-04 17:49:30,306 - DEBUG - Loaded configuration from /var/folders/3f/2n5sjdw50vj9gfnrxjbptj4c0000gn/T/tmp34z2zaae/test_config.json
2025-06-04 17:49:30,306 - DEBUG - Loaded configuration from /var/folders/3f/2n5sjdw50vj9gfnrxjbptj4c0000gn/T/tmp34z2zaae/test_config.json
2025-06-04 17:49:30,308 - DEBUG - Saved configuration to /var/folders/3f/2n5sjdw50vj9gfnrxjbptj4c0000gn/T/tmpdmf99ev5/test_config.json
2025-06-04 17:49:30,308 - DEBUG - Loaded configuration from /var/folders/3f/2n5sjdw50vj9gfnrxjbptj4c0000gn/T/tmpdmf99ev5/test_config.json
2025-06-04 17:49:30,309 - DEBUG - Saved configuration to /var/folders/3f/2n5sjdw50vj9gfnrxjbptj4c0000gn/T/tmpdmf99ev5/test_config.json
2025-06-04 17:49:30,309 - DEBUG - Loaded configuration from /var/folders/3f/2n5sjdw50vj9gfnrxjbptj4c0000gn/T/tmpdmf99ev5/test_config.json
2025-06-04 17:49:30,309 - DEBUG - Saved configuration to /var/folders/3f/2n5sjdw50vj9gfnrxjbptj4c0000gn/T/tmpdmf99ev5/test_config.json
2025-06-04 17:49:30,309 - DEBUG - Loaded configuration from /var/folders/3f/2n5sjdw50vj9gfnrxjbptj4c0000gn/T/tmpdmf99ev5/test_config.json
2025-06-04 17:49:30,310 - DEBUG - Loaded configuration from /var/folders/3f/2n5sjdw50vj9gfnrxjbptj4c0000gn/T/tmpdmf99ev5/test_config.json
2025-06-04 17:49:30,310 - DEBUG - Loaded configuration from /var/folders/3f/2n5sjdw50vj9gfnrxjbptj4c0000gn/T/tmpdmf99ev5/test_config.json
2025-06-04 17:49:30,311 - INFO - Applying tag 'email' to column 'email_col'
2025-06-04 17:49:30,311 - INFO - Applying tag 'given-name' to column 'name_col'
2025-06-04 17:49:30,312 - INFO - Applying tag 'phone' to column 'good_col'
2025-06-04 17:49:30,313 - INFO - Applying tag 'email' to column 'email_col'
2025-06-04 17:49:30,315 - INFO - Applying tag 'email' to column 'email_col'
2025-06-04 17:49:30,315 - ERROR - Error applying tag to email_col: Connection error
2025-06-04 17:49:30,318 - DEBUG - Saved configuration to /var/folders/3f/2n5sjdw50vj9gfnrxjbptj4c0000gn/T/tmpajsotu34/test_config.json
2025-06-04 17:49:30,318 - DEBUG - Loaded configuration from /var/folders/3f/2n5sjdw50vj9gfnrxjbptj4c0000gn/T/tmpajsotu34/test_config.json
2025-06-04 17:49:30,320 - DEBUG - Saved configuration to /var/folders/3f/2n5sjdw50vj9gfnrxjbptj4c0000gn/T/tmpo9d5te47/test_config.json
2025-06-04 17:49:30,321 - DEBUG - Saved configuration to /var/folders/3f/2n5sjdw50vj9gfnrxjbptj4c0000gn/T/tmphi3kuinh/test_config.json
2025-06-04 17:49:30,321 - DEBUG - Loaded configuration from /var/folders/3f/2n5sjdw50vj9gfnrxjbptj4c0000gn/T/tmphi3kuinh/test_config.json
2025-06-04 17:49:30,323 - DEBUG - Saved configuration to /var/folders/3f/2n5sjdw50vj9gfnrxjbptj4c0000gn/T/tmp1yy95ly3/test_config.json
2025-06-04 17:49:30,323 - DEBUG - Loaded configuration from /var/folders/3f/2n5sjdw50vj9gfnrxjbptj4c0000gn/T/tmp1yy95ly3/test_config.json
2025-06-04 17:49:30,327 - ERROR - Failed to set workspace URL: Validation error
Traceback (most recent call last):
  File "/Users/johnrush/repos/chuck-data/src/commands/workspace_selection.py", line 37, in handle_command
    is_valid, error_message = validate_workspace_url(workspace_url)
                              ^^^^^^^^^^^^^^^^^^^^^^^^^^^^^^^^^^^^^
  File "/usr/local/Cellar/python@3.11/3.11.4_1/Frameworks/Python.framework/Versions/3.11/lib/python3.11/unittest/mock.py", line 1124, in __call__
    return self._mock_call(*args, **kwargs)
           ^^^^^^^^^^^^^^^^^^^^^^^^^^^^^^^^
  File "/usr/local/Cellar/python@3.11/3.11.4_1/Frameworks/Python.framework/Versions/3.11/lib/python3.11/unittest/mock.py", line 1128, in _mock_call
    return self._execute_mock_call(*args, **kwargs)
           ^^^^^^^^^^^^^^^^^^^^^^^^^^^^^^^^^^^^^^^^
  File "/usr/local/Cellar/python@3.11/3.11.4_1/Frameworks/Python.framework/Versions/3.11/lib/python3.11/unittest/mock.py", line 1183, in _execute_mock_call
    raise effect
Exception: Validation error
