2025-06-06 02:27:26,471 - DEBUG - Logging initialized. Writing to /Users/johnrush/repos/chuck-data/log/sessions/2025-06-06_02-27-26.log
2025-06-06 02:27:26,476 - DEBUG - HTTP error: HTTP 401, Response: {"status":401,"message":"Unauthorized"}
2025-06-06 02:27:26,479 - DEBUG - GET request to: https://test-workspace.cloud.databricks.com/test-endpoint
2025-06-06 02:27:26,479 - DEBUG - Connection error: Connection failed
2025-06-06 02:27:26,481 - DEBUG - GET request to: https://test-workspace.cloud.databricks.com/test-endpoint
2025-06-06 02:27:26,481 - DEBUG - HTTP error: HTTP 404, Response: Not Found
2025-06-06 02:27:26,483 - DEBUG - GET request to: https://test-workspace.cloud.databricks.com/test-endpoint
2025-06-06 02:27:26,485 - DEBUG - POST request to: https://test-workspace.cloud.databricks.com/test-endpoint
2025-06-06 02:27:26,485 - DEBUG - Connection error: Connection failed
2025-06-06 02:27:26,487 - DEBUG - POST request to: https://test-workspace.cloud.databricks.com/test-endpoint
2025-06-06 02:27:26,487 - DEBUG - HTTP error: HTTP 400, Response: Bad Request
2025-06-06 02:27:26,489 - DEBUG - POST request to: https://test-workspace.cloud.databricks.com/test-endpoint
2025-06-06 02:27:26,521 - ERROR - Error listing catalogs: Database connection failed
2025-06-06 02:27:26,528 - ERROR - Error listing schemas: Network error
2025-06-06 02:27:26,656 - DEBUG - Saved configuration to /var/folders/3f/2n5sjdw50vj9gfnrxjbptj4c0000gn/T/tmpc5bc8h5p/test_config.json
2025-06-06 02:27:26,657 - DEBUG - Loaded configuration from /var/folders/3f/2n5sjdw50vj9gfnrxjbptj4c0000gn/T/tmpc5bc8h5p/test_config.json
2025-06-06 02:27:26,657 - DEBUG - Loaded configuration from /var/folders/3f/2n5sjdw50vj9gfnrxjbptj4c0000gn/T/tmpc5bc8h5p/test_config.json
2025-06-06 02:27:26,658 - DEBUG - Saved configuration to /var/folders/3f/2n5sjdw50vj9gfnrxjbptj4c0000gn/T/tmpc5bc8h5p/test_config.json
2025-06-06 02:27:26,658 - DEBUG - Loaded configuration from /var/folders/3f/2n5sjdw50vj9gfnrxjbptj4c0000gn/T/tmpc5bc8h5p/test_config.json
2025-06-06 02:27:26,659 - DEBUG - Saved configuration to /var/folders/3f/2n5sjdw50vj9gfnrxjbptj4c0000gn/T/tmpc5bc8h5p/test_config.json
2025-06-06 02:27:26,659 - DEBUG - Loaded configuration from /var/folders/3f/2n5sjdw50vj9gfnrxjbptj4c0000gn/T/tmpc5bc8h5p/test_config.json
2025-06-06 02:27:26,659 - DEBUG - Saved configuration to /var/folders/3f/2n5sjdw50vj9gfnrxjbptj4c0000gn/T/tmpc5bc8h5p/test_config.json
2025-06-06 02:27:26,659 - DEBUG - Loaded configuration from /var/folders/3f/2n5sjdw50vj9gfnrxjbptj4c0000gn/T/tmpc5bc8h5p/test_config.json
2025-06-06 02:27:26,660 - DEBUG - Saved configuration to /var/folders/3f/2n5sjdw50vj9gfnrxjbptj4c0000gn/T/tmpc5bc8h5p/test_config.json
2025-06-06 02:27:26,660 - DEBUG - Loaded configuration from /var/folders/3f/2n5sjdw50vj9gfnrxjbptj4c0000gn/T/tmpc5bc8h5p/test_config.json
2025-06-06 02:27:26,660 - DEBUG - Loaded configuration from /var/folders/3f/2n5sjdw50vj9gfnrxjbptj4c0000gn/T/tmpc5bc8h5p/test_config.json
2025-06-06 02:27:26,660 - DEBUG - Loaded configuration from /var/folders/3f/2n5sjdw50vj9gfnrxjbptj4c0000gn/T/tmpc5bc8h5p/test_config.json
2025-06-06 02:27:26,661 - DEBUG - Loaded configuration from /var/folders/3f/2n5sjdw50vj9gfnrxjbptj4c0000gn/T/tmpc5bc8h5p/test_config.json
2025-06-06 02:27:26,661 - DEBUG - Loaded configuration from /var/folders/3f/2n5sjdw50vj9gfnrxjbptj4c0000gn/T/tmpc5bc8h5p/test_config.json
2025-06-06 02:27:26,664 - DEBUG - Saved configuration to /var/folders/3f/2n5sjdw50vj9gfnrxjbptj4c0000gn/T/tmpgueztln2/test_config.json
2025-06-06 02:27:26,664 - DEBUG - Loaded configuration from /var/folders/3f/2n5sjdw50vj9gfnrxjbptj4c0000gn/T/tmpgueztln2/test_config.json
2025-06-06 02:27:26,666 - DEBUG - Saved configuration to /var/folders/3f/2n5sjdw50vj9gfnrxjbptj4c0000gn/T/tmp0wy3rhks/test_config.json
2025-06-06 02:27:26,667 - DEBUG - Loaded configuration from /var/folders/3f/2n5sjdw50vj9gfnrxjbptj4c0000gn/T/tmp0wy3rhks/test_config.json
2025-06-06 02:27:26,669 - DEBUG - Saved configuration to /var/folders/3f/2n5sjdw50vj9gfnrxjbptj4c0000gn/T/tmpxapjr40n/test_config.json
2025-06-06 02:27:26,669 - DEBUG - Loaded configuration from /var/folders/3f/2n5sjdw50vj9gfnrxjbptj4c0000gn/T/tmpxapjr40n/test_config.json
2025-06-06 02:27:26,669 - DEBUG - Loaded configuration from /var/folders/3f/2n5sjdw50vj9gfnrxjbptj4c0000gn/T/tmpxapjr40n/test_config.json
2025-06-06 02:27:26,670 - DEBUG - Saved configuration to /var/folders/3f/2n5sjdw50vj9gfnrxjbptj4c0000gn/T/tmpxapjr40n/test_config.json
2025-06-06 02:27:26,670 - DEBUG - Loaded configuration from /var/folders/3f/2n5sjdw50vj9gfnrxjbptj4c0000gn/T/tmpxapjr40n/test_config.json
2025-06-06 02:27:26,670 - DEBUG - Loaded configuration from /var/folders/3f/2n5sjdw50vj9gfnrxjbptj4c0000gn/T/tmpxapjr40n/test_config.json
2025-06-06 02:27:26,674 - DEBUG - Saved configuration to /var/folders/3f/2n5sjdw50vj9gfnrxjbptj4c0000gn/T/tmp812ih4jh/test_config.json
2025-06-06 02:27:26,674 - DEBUG - Loaded configuration from /var/folders/3f/2n5sjdw50vj9gfnrxjbptj4c0000gn/T/tmp812ih4jh/test_config.json
2025-06-06 02:27:26,675 - DEBUG - Loaded configuration from /var/folders/3f/2n5sjdw50vj9gfnrxjbptj4c0000gn/T/tmp812ih4jh/test_config.json
2025-06-06 02:27:26,675 - DEBUG - Saved configuration to /var/folders/3f/2n5sjdw50vj9gfnrxjbptj4c0000gn/T/tmp812ih4jh/test_config.json
2025-06-06 02:27:26,675 - DEBUG - Loaded configuration from /var/folders/3f/2n5sjdw50vj9gfnrxjbptj4c0000gn/T/tmp812ih4jh/test_config.json
2025-06-06 02:27:26,676 - DEBUG - Saved configuration to /var/folders/3f/2n5sjdw50vj9gfnrxjbptj4c0000gn/T/tmp812ih4jh/test_config.json
2025-06-06 02:27:26,676 - DEBUG - Loaded configuration from /var/folders/3f/2n5sjdw50vj9gfnrxjbptj4c0000gn/T/tmp812ih4jh/test_config.json
2025-06-06 02:27:26,676 - DEBUG - Saved configuration to /var/folders/3f/2n5sjdw50vj9gfnrxjbptj4c0000gn/T/tmp812ih4jh/test_config.json
2025-06-06 02:27:26,676 - DEBUG - Loaded configuration from /var/folders/3f/2n5sjdw50vj9gfnrxjbptj4c0000gn/T/tmp812ih4jh/test_config.json
2025-06-06 02:27:26,677 - DEBUG - Saved configuration to /var/folders/3f/2n5sjdw50vj9gfnrxjbptj4c0000gn/T/tmp812ih4jh/test_config.json
2025-06-06 02:27:26,677 - DEBUG - Loaded configuration from /var/folders/3f/2n5sjdw50vj9gfnrxjbptj4c0000gn/T/tmp812ih4jh/test_config.json
2025-06-06 02:27:26,677 - DEBUG - Using workspace_url from environment variable CHUCK_WORKSPACE_URL
2025-06-06 02:27:26,677 - DEBUG - Using active_model from environment variable CHUCK_ACTIVE_MODEL
2025-06-06 02:27:26,677 - DEBUG - Using warehouse_id from environment variable CHUCK_WAREHOUSE_ID
2025-06-06 02:27:26,677 - DEBUG - Using active_catalog from environment variable CHUCK_ACTIVE_CATALOG
2025-06-06 02:27:26,677 - DEBUG - Using active_schema from environment variable CHUCK_ACTIVE_SCHEMA
2025-06-06 02:27:26,677 - DEBUG - Using usage_tracking_consent from environment variable CHUCK_USAGE_TRACKING_CONSENT
2025-06-06 02:27:26,677 - DEBUG - Loaded configuration from /var/folders/3f/2n5sjdw50vj9gfnrxjbptj4c0000gn/T/tmp812ih4jh/test_config.json
2025-06-06 02:27:26,680 - DEBUG - Saved configuration to /var/folders/3f/2n5sjdw50vj9gfnrxjbptj4c0000gn/T/tmpor4be3pd/test_config.json
2025-06-06 02:27:26,680 - DEBUG - Loaded configuration from /var/folders/3f/2n5sjdw50vj9gfnrxjbptj4c0000gn/T/tmpor4be3pd/test_config.json
2025-06-06 02:27:26,680 - DEBUG - Loaded configuration from /var/folders/3f/2n5sjdw50vj9gfnrxjbptj4c0000gn/T/tmpor4be3pd/test_config.json
2025-06-06 02:27:26,680 - WARNING - Invalid workspace_url provided, using default instead
2025-06-06 02:27:26,681 - DEBUG - Saved configuration to /var/folders/3f/2n5sjdw50vj9gfnrxjbptj4c0000gn/T/tmpor4be3pd/test_config.json
2025-06-06 02:27:26,681 - DEBUG - Loaded configuration from /var/folders/3f/2n5sjdw50vj9gfnrxjbptj4c0000gn/T/tmpor4be3pd/test_config.json
2025-06-06 02:27:26,681 - DEBUG - Loaded configuration from /var/folders/3f/2n5sjdw50vj9gfnrxjbptj4c0000gn/T/tmpor4be3pd/test_config.json
2025-06-06 02:27:26,681 - DEBUG - Saved configuration to /var/folders/3f/2n5sjdw50vj9gfnrxjbptj4c0000gn/T/tmpor4be3pd/test_config.json
2025-06-06 02:27:26,682 - DEBUG - Loaded configuration from /var/folders/3f/2n5sjdw50vj9gfnrxjbptj4c0000gn/T/tmpor4be3pd/test_config.json
2025-06-06 02:27:26,684 - DEBUG - Using workspace_url from environment variable CHUCK_WORKSPACE_URL
2025-06-06 02:27:26,684 - DEBUG - Using workspace_url from environment variable CHUCK_WORKSPACE_URL
2025-06-06 02:27:26,684 - DEBUG - Using active_model from environment variable CHUCK_ACTIVE_MODEL
2025-06-06 02:27:26,684 - DEBUG - Using amperity_token from environment variable CHUCK_AMPERITY_TOKEN
2025-06-06 02:27:26,685 - DEBUG - Using databricks_token from environment variable CHUCK_DATABRICKS_TOKEN
2025-06-06 02:27:26,685 - DEBUG - Saved configuration to /var/folders/3f/2n5sjdw50vj9gfnrxjbptj4c0000gn/T/tmpznymbctf/test_config.json
2025-06-06 02:27:26,686 - DEBUG - Loaded configuration from /var/folders/3f/2n5sjdw50vj9gfnrxjbptj4c0000gn/T/tmpznymbctf/test_config.json
2025-06-06 02:27:26,688 - DEBUG - Saved configuration to /var/folders/3f/2n5sjdw50vj9gfnrxjbptj4c0000gn/T/tmpkcrc75zp/test_config.json
2025-06-06 02:27:26,708 - DEBUG - GET request to: https://adb-3856707039489412.12.azuredatabricks.net/test-endpoint
2025-06-06 02:27:26,714 - DEBUG - GET request to: https://test-workspace.cloud.databricks.com/test-endpoint
2025-06-06 02:27:26,715 - DEBUG - Connection error: Connection failed
2025-06-06 02:27:26,716 - DEBUG - GET request to: https://test-workspace.cloud.databricks.com/test-endpoint
2025-06-06 02:27:26,716 - DEBUG - HTTP error: HTTP 404, Response: Not Found
2025-06-06 02:27:26,719 - WARNING - Model 'nonexistent-model' not found
2025-06-06 02:27:26,721 - DEBUG - GET request to: https://test-workspace.cloud.databricks.com/test-endpoint
2025-06-06 02:27:26,731 - DEBUG - POST request to: https://test-workspace.cloud.databricks.com/test-endpoint
2025-06-06 02:27:26,731 - DEBUG - Connection error: Connection failed
2025-06-06 02:27:26,733 - DEBUG - POST request to: https://test-workspace.cloud.databricks.com/test-endpoint
2025-06-06 02:27:26,733 - DEBUG - HTTP error: HTTP 400, Response: Bad Request
2025-06-06 02:27:26,735 - DEBUG - POST request to: https://test-workspace.cloud.databricks.com/test-endpoint
2025-06-06 02:27:26,739 - DEBUG - File upload request to: https://test-workspace.cloud.databricks.com/api/2.0/fs/files/test/path.txt
2025-06-06 02:27:26,743 - DEBUG - File upload request to: https://test-workspace.cloud.databricks.com/api/2.0/fs/files/test/path.txt
2025-06-06 02:27:26,745 - DEBUG - Token validation failed: Token validation failed
2025-06-06 02:27:26,757 - ERROR - Error listing catalogs: Random failure 3
2025-06-06 02:27:26,763 - ERROR - Error listing catalogs: Random failure 6
2025-06-06 02:27:26,768 - ERROR - Error listing catalogs: Random failure 9
2025-06-06 02:27:27,357 - ERROR - Error displaying table: Console error
2025-06-06 02:27:27,362 - ERROR - Error listing catalogs: 403 Forbidden: Insufficient permissions
2025-06-06 02:27:27,364 - ERROR - Error listing catalogs: 401 Unauthorized: Invalid token
2025-06-06 02:27:27,366 - ERROR - Error listing catalogs: Access denied to resource
2025-06-06 02:27:27,371 - ERROR - Error listing catalogs: 'NoneType' object has no attribute 'get'
2025-06-06 02:27:27,380 - ERROR - Error listing catalogs: 'str' object has no attribute 'get'
2025-06-06 02:27:27,543 - ERROR - Error listing catalogs: Connection failed
2025-06-06 02:27:27,545 - ERROR - Error listing catalogs: Request timed out
2025-06-06 02:27:27,547 - ERROR - Error listing catalogs: 404 Not Found
2025-06-06 02:27:27,606 - DEBUG - Saved configuration to /tmp/.test_chuck_integration_config.json
2025-06-06 02:27:27,607 - DEBUG - Saved configuration to /tmp/.test_chuck_integration_config.json
2025-06-06 02:27:27,609 - DEBUG - Saved configuration to /tmp/.test_chuck_integration_config.json
2025-06-06 02:27:27,609 - DEBUG - Saved configuration to /tmp/.test_chuck_integration_config.json
2025-06-06 02:27:27,611 - DEBUG - Saved configuration to /tmp/.test_chuck_integration_config.json
2025-06-06 02:27:27,612 - DEBUG - Saved configuration to /tmp/.test_chuck_integration_config.json
2025-06-06 02:27:27,637 - DEBUG - Sending metric: {"event": "USAGE", "prompt": "test prompt"}...
2025-06-06 02:27:27,637 - DEBUG - Error sending metrics: Test exception
Traceback (most recent call last):
  File "/usr/local/lib/python3.11/site-packages/chuck_data/metrics_collector.py", line 123, in send_metric
    return self._client.submit_metrics(payload, token)
           ^^^^^^^^^^^^^^^^^^^^^^^^^^^^^^^^^^^^^^^^^^^
  File "/Users/johnrush/repos/chuck-data/tests/fixtures.py", line 60, in submit_metrics
    raise Exception("Test exception")
Exception: Test exception
2025-06-06 02:27:27,639 - DEBUG - Sending metric: {"event": "USAGE", "prompt": "test prompt"}...
2025-06-06 02:27:27,641 - DEBUG - Cannot send metrics - no authentication token available
2025-06-06 02:27:27,643 - DEBUG - Sending metric: {"event": "USAGE", "prompt": "test prompt"}...
2025-06-06 02:27:27,648 - DEBUG - Metrics tracking skipped - user has not provided consent
2025-06-06 02:27:27,651 - ERROR - Connection error when getting model: Connection failed
2025-06-06 02:27:27,652 - ERROR - Failed to get model: HTTP error occurred: 500 Internal Server Error
2025-06-06 02:27:27,655 - ERROR - Connection error when listing models: Connection failed
2025-06-06 02:27:27,657 - ERROR - Failed to list models: HTTP error occurred: 404 Not Found
2025-06-06 02:27:27,719 - ERROR - Error executing handler for command 'test_command': Command failed
Traceback (most recent call last):
  File "/usr/local/lib/python3.11/site-packages/chuck_data/service.py", line 395, in execute_command
    result: CommandResult = command_def.handler(
                            ^^^^^^^^^^^^^^^^^^^^
  File "/usr/local/Cellar/python@3.11/3.11.4_1/Frameworks/Python.framework/Versions/3.11/lib/python3.11/unittest/mock.py", line 1124, in __call__
    return self._mock_call(*args, **kwargs)
           ^^^^^^^^^^^^^^^^^^^^^^^^^^^^^^^^
  File "/usr/local/Cellar/python@3.11/3.11.4_1/Frameworks/Python.framework/Versions/3.11/lib/python3.11/unittest/mock.py", line 1128, in _mock_call
    return self._execute_mock_call(*args, **kwargs)
           ^^^^^^^^^^^^^^^^^^^^^^^^^^^^^^^^^^^^^^^^
  File "/usr/local/Cellar/python@3.11/3.11.4_1/Frameworks/Python.framework/Versions/3.11/lib/python3.11/unittest/mock.py", line 1183, in _execute_mock_call
    raise effect
Exception: Command failed
2025-06-06 02:27:27,925 - DEBUG - Executing SQL: SELECT * INVALID SQL
2025-06-06 02:27:27,928 - DEBUG - Executing SQL: SELECT * INVALID SQL
2025-06-06 02:27:27,930 - DEBUG - Executing SQL: SELECT * FROM table
2025-06-06 02:27:27,932 - DEBUG - Executing SQL: SELECT * FROM table
2025-06-06 02:27:27,934 - DEBUG - Executing SQL: SELECT * FROM table
2025-06-06 02:27:27,936 - DEBUG - Executing SQL: SELECT * FROM table
2025-06-06 02:27:27,945 - ERROR - Authentication state polling received 401
2025-06-06 02:27:27,950 - ERROR - Error creating Stitch report: API Error
Traceback (most recent call last):
  File "/usr/local/lib/python3.11/site-packages/chuck_data/commands/add_stitch_report.py", line 62, in handle_command
    result = client.create_stitch_notebook(table_path, custom_name)
             ^^^^^^^^^^^^^^^^^^^^^^^^^^^^^^^^^^^^^^^^^^^^^^^^^^^^^^
  File "/Users/johnrush/repos/chuck-data/tests/fixtures.py", line 509, in create_stitch_notebook
    raise self._create_stitch_notebook_error
ValueError: API Error
2025-06-06 02:27:27,957 - ERROR - Agent error: Agent error
Traceback (most recent call last):
  File "/usr/local/lib/python3.11/site-packages/chuck_data/commands/agent.py", line 79, in handle_command
    agent = AgentManager(client, tool_output_callback=tool_output_callback)
            ^^^^^^^^^^^^^^^^^^^^^^^^^^^^^^^^^^^^^^^^^^^^^^^^^^^^^^^^^^^^^^^
  File "/usr/local/Cellar/python@3.11/3.11.4_1/Frameworks/Python.framework/Versions/3.11/lib/python3.11/unittest/mock.py", line 1124, in __call__
    return self._mock_call(*args, **kwargs)
           ^^^^^^^^^^^^^^^^^^^^^^^^^^^^^^^^
  File "/usr/local/Cellar/python@3.11/3.11.4_1/Frameworks/Python.framework/Versions/3.11/lib/python3.11/unittest/mock.py", line 1128, in _mock_call
    return self._execute_mock_call(*args, **kwargs)
           ^^^^^^^^^^^^^^^^^^^^^^^^^^^^^^^^^^^^^^^^
  File "/usr/local/Cellar/python@3.11/3.11.4_1/Frameworks/Python.framework/Versions/3.11/lib/python3.11/unittest/mock.py", line 1183, in _execute_mock_call
    raise effect
Exception: Agent error
2025-06-06 02:27:27,959 - DEBUG - Sending metric: {"event": "USAGE", "configuration": {"workspace_url": "https://dbc-df998298-4c7e.cloud.databricks.co...
2025-06-06 02:27:27,974 - DEBUG - Starting new HTTPS connection (1): chuck.amperity.com:443
2025-06-06 02:27:28,114 - DEBUG - https://chuck.amperity.com:443 "POST /api/usage HTTP/1.1" 204 0
2025-06-06 02:27:28,115 - DEBUG - Failed to send metrics: 204 - 
2025-06-06 02:27:28,119 - DEBUG - Sending metric: {"event": "USAGE", "configuration": {"workspace_url": "https://dbc-df998298-4c7e.cloud.databricks.co...
2025-06-06 02:27:28,121 - DEBUG - Starting new HTTPS connection (1): chuck.amperity.com:443
2025-06-06 02:27:28,259 - DEBUG - https://chuck.amperity.com:443 "POST /api/usage HTTP/1.1" 204 0
2025-06-06 02:27:28,259 - DEBUG - Failed to send metrics: 204 - 
2025-06-06 02:27:28,272 - DEBUG - Sending metric: {"event": "USAGE", "configuration": {"workspace_url": "https://dbc-df998298-4c7e.cloud.databricks.co...
2025-06-06 02:27:28,275 - DEBUG - Starting new HTTPS connection (1): chuck.amperity.com:443
2025-06-06 02:27:28,421 - DEBUG - https://chuck.amperity.com:443 "POST /api/usage HTTP/1.1" 204 0
2025-06-06 02:27:28,421 - DEBUG - Failed to send metrics: 204 - 
2025-06-06 02:27:28,425 - DEBUG - Sending metric: {"event": "USAGE", "configuration": {"workspace_url": "https://dbc-df998298-4c7e.cloud.databricks.co...
2025-06-06 02:27:28,428 - DEBUG - Starting new HTTPS connection (1): chuck.amperity.com:443
2025-06-06 02:27:28,568 - DEBUG - https://chuck.amperity.com:443 "POST /api/usage HTTP/1.1" 204 0
2025-06-06 02:27:28,568 - DEBUG - Failed to send metrics: 204 - 
2025-06-06 02:27:28,572 - DEBUG - Sending metric: {"event": "USAGE", "configuration": {"workspace_url": "https://dbc-df998298-4c7e.cloud.databricks.co...
2025-06-06 02:27:28,575 - DEBUG - Starting new HTTPS connection (1): chuck.amperity.com:443
2025-06-06 02:27:28,716 - DEBUG - https://chuck.amperity.com:443 "POST /api/usage HTTP/1.1" 204 0
2025-06-06 02:27:28,717 - DEBUG - Failed to send metrics: 204 - 
2025-06-06 02:27:28,729 - INFO - Databricks token set successfully
2025-06-06 02:27:28,732 - INFO - Databricks token cleared
2025-06-06 02:27:28,732 - INFO - Amperity token cleared
2025-06-06 02:27:28,734 - INFO - Amperity token cleared
2025-06-06 02:27:28,736 - INFO - Databricks token cleared
2025-06-06 02:27:28,738 - INFO - Amperity token cleared
2025-06-06 02:27:28,755 - DEBUG - Bug report submitted successfully
2025-06-06 02:27:28,812 - ERROR - Error submitting bug report: Network error
Traceback (most recent call last):
  File "/usr/local/lib/python3.11/site-packages/chuck_data/commands/bug.py", line 72, in handle_command
    success, message = amperity_client.submit_bug_report(payload, amperity_token)
                       ^^^^^^^^^^^^^^^^^^^^^^^^^^^^^^^^^^^^^^^^^^^^^^^^^^^^^^^^^^
  File "/Users/johnrush/repos/chuck-data/tests/commands/test_bug.py", line 115, in submit_bug_report
    raise Exception("Network error")
Exception: Network error
2025-06-06 02:27:28,815 - DEBUG - Loaded configuration from /var/folders/3f/2n5sjdw50vj9gfnrxjbptj4c0000gn/T/tmpqnockwkc.json
2025-06-06 02:27:28,817 - DEBUG - Loaded configuration from /var/folders/3f/2n5sjdw50vj9gfnrxjbptj4c0000gn/T/tmpv7016m0r.json
2025-06-06 02:27:28,829 - DEBUG - Bug report submitted successfully
2025-06-06 02:27:28,831 - ERROR - Error saving config: [Errno 30] Read-only file system: '/invalid'
2025-06-06 02:27:28,832 - DEBUG - Saved configuration to /var/folders/3f/2n5sjdw50vj9gfnrxjbptj4c0000gn/T/tmpd1xfqpyo/test_config.json
2025-06-06 02:27:28,834 - DEBUG - Saved configuration to /var/folders/3f/2n5sjdw50vj9gfnrxjbptj4c0000gn/T/tmp860krtmb/test_config.json
2025-06-06 02:27:28,835 - DEBUG - Loaded configuration from /var/folders/3f/2n5sjdw50vj9gfnrxjbptj4c0000gn/T/tmp860krtmb/test_config.json
2025-06-06 02:27:28,838 - DEBUG - Saved configuration to /var/folders/3f/2n5sjdw50vj9gfnrxjbptj4c0000gn/T/tmpchtop_c4/test_config.json
2025-06-06 02:27:28,838 - DEBUG - Loaded configuration from /var/folders/3f/2n5sjdw50vj9gfnrxjbptj4c0000gn/T/tmpchtop_c4/test_config.json
2025-06-06 02:27:28,842 - INFO - Cluster init script uploaded successfully to /Volumes/main/default/chuck/cluster_init-2025-06-02_14-30.sh
2025-06-06 02:27:28,850 - DEBUG - Volume 'chuck' not found in main.default. Attempting to create.
2025-06-06 02:27:28,850 - DEBUG - Volume 'chuck' created successfully.
2025-06-06 02:27:28,850 - INFO - Cluster init script uploaded successfully to /Volumes/main/default/chuck/cluster_init-2025-06-02_14-30.sh
2025-06-06 02:27:28,853 - DEBUG - Volume 'chuck' not found in main.default. Attempting to create.
2025-06-06 02:27:28,853 - DEBUG - Volume 'chuck' created successfully.
2025-06-06 02:27:28,853 - INFO - Cluster init script uploaded successfully to /Volumes/main/default/chuck/cluster_init-2025-06-02_14-30.sh
2025-06-06 02:27:28,856 - DEBUG - Volume 'chuck' not found in main.default. Attempting to create.
2025-06-06 02:27:28,858 - DEBUG - Volume 'chuck' not found in main.default. Attempting to create.
2025-06-06 02:27:28,863 - INFO - Cluster init script uploaded successfully to /Volumes/test_catalog/test_schema/chuck/cluster_init-2025-12-31_23-59.sh
2025-06-06 02:27:28,865 - ERROR - Error generating help: Test error
Traceback (most recent call last):
  File "/usr/local/lib/python3.11/site-packages/chuck_data/commands/help.py", line 27, in handle_command
    user_commands = get_user_commands()
                    ^^^^^^^^^^^^^^^^^^^
  File "/usr/local/Cellar/python@3.11/3.11.4_1/Frameworks/Python.framework/Versions/3.11/lib/python3.11/unittest/mock.py", line 1124, in __call__
    return self._mock_call(*args, **kwargs)
           ^^^^^^^^^^^^^^^^^^^^^^^^^^^^^^^^
  File "/usr/local/Cellar/python@3.11/3.11.4_1/Frameworks/Python.framework/Versions/3.11/lib/python3.11/unittest/mock.py", line 1128, in _mock_call
    return self._execute_mock_call(*args, **kwargs)
           ^^^^^^^^^^^^^^^^^^^^^^^^^^^^^^^^^^^^^^^^
  File "/usr/local/Cellar/python@3.11/3.11.4_1/Frameworks/Python.framework/Versions/3.11/lib/python3.11/unittest/mock.py", line 1183, in _execute_mock_call
    raise effect
Exception: Test error
2025-06-06 02:27:28,871 - ERROR - Failed to get job status for run '999999': Not Found
Traceback (most recent call last):
  File "/usr/local/lib/python3.11/site-packages/chuck_data/commands/jobs.py", line 67, in handle_job_status
    data = client.get_job_run_status(run_id_str)
           ^^^^^^^^^^^^^^^^^^^^^^^^^^^^^^^^^^^^^
  File "/Users/johnrush/repos/chuck-data/tests/commands/test_jobs.py", line 119, in get_job_run_status
    raise Exception("Not Found")
Exception: Not Found
2025-06-06 02:27:28,877 - ERROR - Failed to submit job: Bad Request
Traceback (most recent call last):
  File "/usr/local/lib/python3.11/site-packages/chuck_data/commands/jobs.py", line 32, in handle_launch_job
    run_data = client.submit_job_run(
               ^^^^^^^^^^^^^^^^^^^^^^
  File "/Users/johnrush/repos/chuck-data/tests/commands/test_jobs.py", line 70, in submit_job_run
    raise Exception("Bad Request")
Exception: Bad Request
2025-06-06 02:27:28,881 - ERROR - Failed to launch job, no run_id: {}
2025-06-06 02:27:28,886 - ERROR - Error listing catalogs: API error
2025-06-06 02:27:28,894 - DEBUG - Saved configuration to /var/folders/3f/2n5sjdw50vj9gfnrxjbptj4c0000gn/T/tmpgsbqh107/test_config.json
2025-06-06 02:27:28,894 - DEBUG - Loaded configuration from /var/folders/3f/2n5sjdw50vj9gfnrxjbptj4c0000gn/T/tmpgsbqh107/test_config.json
2025-06-06 02:27:28,897 - DEBUG - Saved configuration to /var/folders/3f/2n5sjdw50vj9gfnrxjbptj4c0000gn/T/tmpgpnww92x/test_config.json
2025-06-06 02:27:28,897 - DEBUG - Loaded configuration from /var/folders/3f/2n5sjdw50vj9gfnrxjbptj4c0000gn/T/tmpgpnww92x/test_config.json
2025-06-06 02:27:28,900 - DEBUG - Saved configuration to /var/folders/3f/2n5sjdw50vj9gfnrxjbptj4c0000gn/T/tmpc4_nrl1o/test_config.json
2025-06-06 02:27:28,901 - DEBUG - Loaded configuration from /var/folders/3f/2n5sjdw50vj9gfnrxjbptj4c0000gn/T/tmpc4_nrl1o/test_config.json
2025-06-06 02:27:28,902 - ERROR - Failed to list models: API error
Traceback (most recent call last):
  File "/usr/local/lib/python3.11/site-packages/chuck_data/commands/list_models.py", line 31, in handle_command
    models_list = list_models_api(client)
                  ^^^^^^^^^^^^^^^^^^^^^^^
  File "/usr/local/lib/python3.11/site-packages/chuck_data/models.py", line 19, in list_models
    return client.list_models()
           ^^^^^^^^^^^^^^^^^^^^
  File "/Users/johnrush/repos/chuck-data/tests/commands/test_list_models.py", line 112, in list_models
    raise Exception("API error")
Exception: API error
2025-06-06 02:27:28,906 - ERROR - Error listing tables: API error
2025-06-06 02:27:28,910 - DEBUG - Saved configuration to /var/folders/3f/2n5sjdw50vj9gfnrxjbptj4c0000gn/T/tmpwyojfs8a/test_config.json
2025-06-06 02:27:28,910 - DEBUG - Loaded configuration from /var/folders/3f/2n5sjdw50vj9gfnrxjbptj4c0000gn/T/tmpwyojfs8a/test_config.json
2025-06-06 02:27:28,910 - DEBUG - Loaded configuration from /var/folders/3f/2n5sjdw50vj9gfnrxjbptj4c0000gn/T/tmpwyojfs8a/test_config.json
2025-06-06 02:27:28,914 - DEBUG - Saved configuration to /var/folders/3f/2n5sjdw50vj9gfnrxjbptj4c0000gn/T/tmp3ciezopm/test_config.json
2025-06-06 02:27:28,914 - DEBUG - Loaded configuration from /var/folders/3f/2n5sjdw50vj9gfnrxjbptj4c0000gn/T/tmp3ciezopm/test_config.json
2025-06-06 02:27:28,914 - DEBUG - Saved configuration to /var/folders/3f/2n5sjdw50vj9gfnrxjbptj4c0000gn/T/tmp3ciezopm/test_config.json
2025-06-06 02:27:28,914 - DEBUG - Loaded configuration from /var/folders/3f/2n5sjdw50vj9gfnrxjbptj4c0000gn/T/tmp3ciezopm/test_config.json
2025-06-06 02:27:28,915 - DEBUG - Loaded configuration from /var/folders/3f/2n5sjdw50vj9gfnrxjbptj4c0000gn/T/tmp3ciezopm/test_config.json
2025-06-06 02:27:28,921 - ERROR - Failed to set model 'claude-v1': API error
Traceback (most recent call last):
  File "/usr/local/lib/python3.11/site-packages/chuck_data/commands/model_selection.py", line 28, in handle_command
    models_list = list_models_api(client)
                  ^^^^^^^^^^^^^^^^^^^^^^^
  File "/usr/local/lib/python3.11/site-packages/chuck_data/models.py", line 19, in list_models
    return client.list_models()
           ^^^^^^^^^^^^^^^^^^^^
  File "/Users/johnrush/repos/chuck-data/tests/commands/test_model_selection.py", line 79, in list_models
    raise Exception("API error")
Exception: API error
2025-06-06 02:27:28,924 - DEBUG - Saved configuration to /var/folders/3f/2n5sjdw50vj9gfnrxjbptj4c0000gn/T/tmpqjaeabc0/test_config.json
2025-06-06 02:27:28,924 - DEBUG - Loaded configuration from /var/folders/3f/2n5sjdw50vj9gfnrxjbptj4c0000gn/T/tmpqjaeabc0/test_config.json
2025-06-06 02:27:28,926 - DEBUG - Saved configuration to /var/folders/3f/2n5sjdw50vj9gfnrxjbptj4c0000gn/T/tmps75ualw4/test_config.json
2025-06-06 02:27:28,927 - DEBUG - Loaded configuration from /var/folders/3f/2n5sjdw50vj9gfnrxjbptj4c0000gn/T/tmps75ualw4/test_config.json
2025-06-06 02:27:28,929 - DEBUG - Saved configuration to /var/folders/3f/2n5sjdw50vj9gfnrxjbptj4c0000gn/T/tmpjxjsjmvd/test_config.json
2025-06-06 02:27:28,929 - DEBUG - Loaded configuration from /var/folders/3f/2n5sjdw50vj9gfnrxjbptj4c0000gn/T/tmpjxjsjmvd/test_config.json
2025-06-06 02:27:28,934 - DEBUG - Saved configuration to /var/folders/3f/2n5sjdw50vj9gfnrxjbptj4c0000gn/T/tmpv11u794m/test_config.json
2025-06-06 02:27:28,934 - DEBUG - Loaded configuration from /var/folders/3f/2n5sjdw50vj9gfnrxjbptj4c0000gn/T/tmpv11u794m/test_config.json
2025-06-06 02:27:28,941 - INFO - Starting PII Scan for 2 tables in test_cat.test_schema.
2025-06-06 02:27:28,952 - ERROR - Bulk PII scan error: LLM client error
Traceback (most recent call last):
  File "/usr/local/lib/python3.11/site-packages/chuck_data/commands/scan_pii.py", line 46, in handle_command
    llm_client = LLMClient()
                 ^^^^^^^^^^^
  File "/usr/local/Cellar/python@3.11/3.11.4_1/Frameworks/Python.framework/Versions/3.11/lib/python3.11/unittest/mock.py", line 1124, in __call__
    return self._mock_call(*args, **kwargs)
           ^^^^^^^^^^^^^^^^^^^^^^^^^^^^^^^^
  File "/usr/local/Cellar/python@3.11/3.11.4_1/Frameworks/Python.framework/Versions/3.11/lib/python3.11/unittest/mock.py", line 1128, in _mock_call
    return self._execute_mock_call(*args, **kwargs)
           ^^^^^^^^^^^^^^^^^^^^^^^^^^^^^^^^^^^^^^^^
  File "/usr/local/Cellar/python@3.11/3.11.4_1/Frameworks/Python.framework/Versions/3.11/lib/python3.11/unittest/mock.py", line 1183, in _execute_mock_call
    raise effect
Exception: LLM client error
2025-06-06 02:27:28,962 - DEBUG - Saved configuration to /var/folders/3f/2n5sjdw50vj9gfnrxjbptj4c0000gn/T/tmpi15dgduq/test_config.json
2025-06-06 02:27:28,962 - DEBUG - Loaded configuration from /var/folders/3f/2n5sjdw50vj9gfnrxjbptj4c0000gn/T/tmpi15dgduq/test_config.json
2025-06-06 02:27:28,962 - DEBUG - Loaded configuration from /var/folders/3f/2n5sjdw50vj9gfnrxjbptj4c0000gn/T/tmpi15dgduq/test_config.json
2025-06-06 02:27:28,963 - DEBUG - Saved configuration to /var/folders/3f/2n5sjdw50vj9gfnrxjbptj4c0000gn/T/tmpi15dgduq/test_config.json
2025-06-06 02:27:28,965 - DEBUG - Saved configuration to /var/folders/3f/2n5sjdw50vj9gfnrxjbptj4c0000gn/T/tmphqm7_wwg/test_config.json
2025-06-06 02:27:28,965 - DEBUG - Loaded configuration from /var/folders/3f/2n5sjdw50vj9gfnrxjbptj4c0000gn/T/tmphqm7_wwg/test_config.json
2025-06-06 02:27:28,965 - DEBUG - Loaded configuration from /var/folders/3f/2n5sjdw50vj9gfnrxjbptj4c0000gn/T/tmphqm7_wwg/test_config.json
2025-06-06 02:27:28,965 - DEBUG - Saved configuration to /var/folders/3f/2n5sjdw50vj9gfnrxjbptj4c0000gn/T/tmphqm7_wwg/test_config.json
2025-06-06 02:27:28,966 - DEBUG - Loaded configuration from /var/folders/3f/2n5sjdw50vj9gfnrxjbptj4c0000gn/T/tmphqm7_wwg/test_config.json
2025-06-06 02:27:28,968 - DEBUG - Saved configuration to /var/folders/3f/2n5sjdw50vj9gfnrxjbptj4c0000gn/T/tmpp_dou2gd/test_config.json
2025-06-06 02:27:28,968 - DEBUG - Loaded configuration from /var/folders/3f/2n5sjdw50vj9gfnrxjbptj4c0000gn/T/tmpp_dou2gd/test_config.json
2025-06-06 02:27:28,968 - DEBUG - Loaded configuration from /var/folders/3f/2n5sjdw50vj9gfnrxjbptj4c0000gn/T/tmpp_dou2gd/test_config.json
2025-06-06 02:27:28,968 - DEBUG - Saved configuration to /var/folders/3f/2n5sjdw50vj9gfnrxjbptj4c0000gn/T/tmpp_dou2gd/test_config.json
2025-06-06 02:27:28,969 - DEBUG - Loaded configuration from /var/folders/3f/2n5sjdw50vj9gfnrxjbptj4c0000gn/T/tmpp_dou2gd/test_config.json
2025-06-06 02:27:28,975 - DEBUG - Sending metric: {"event": "USAGE", "configuration": {"workspace_url": "https://dbc-df998298-4c7e.cloud.databricks.co...
2025-06-06 02:27:28,978 - DEBUG - Starting new HTTPS connection (1): chuck.amperity.com:443
2025-06-06 02:27:29,105 - DEBUG - https://chuck.amperity.com:443 "POST /api/usage HTTP/1.1" 204 0
2025-06-06 02:27:29,105 - DEBUG - Failed to send metrics: 204 - 
2025-06-06 02:27:29,109 - ERROR - Stitch setup error: LLM client error
Traceback (most recent call last):
  File "/usr/local/lib/python3.11/site-packages/chuck_data/commands/setup_stitch.py", line 111, in handle_command
    return _phase_1_prepare_config(
           ^^^^^^^^^^^^^^^^^^^^^^^^
  File "/usr/local/lib/python3.11/site-packages/chuck_data/commands/setup_stitch.py", line 273, in _phase_1_prepare_config
    llm_client = LLMClient()
                 ^^^^^^^^^^^
  File "/usr/local/Cellar/python@3.11/3.11.4_1/Frameworks/Python.framework/Versions/3.11/lib/python3.11/unittest/mock.py", line 1124, in __call__
    return self._mock_call(*args, **kwargs)
           ^^^^^^^^^^^^^^^^^^^^^^^^^^^^^^^^
  File "/usr/local/Cellar/python@3.11/3.11.4_1/Frameworks/Python.framework/Versions/3.11/lib/python3.11/unittest/mock.py", line 1128, in _mock_call
    return self._execute_mock_call(*args, **kwargs)
           ^^^^^^^^^^^^^^^^^^^^^^^^^^^^^^^^^^^^^^^^
  File "/usr/local/Cellar/python@3.11/3.11.4_1/Frameworks/Python.framework/Versions/3.11/lib/python3.11/unittest/mock.py", line 1183, in _execute_mock_call
    raise effect
Exception: LLM client error
2025-06-06 02:27:29,123 - DEBUG - GET request to: https://.cloud.databricks.com/api/2.0/preview/scim/v2/Me
2025-06-06 02:27:29,123 - DEBUG - Connection error: URL has an invalid label.
2025-06-06 02:27:29,123 - DEBUG - Token validation failed: Connection error occurred: URL has an invalid label.
2025-06-06 02:27:29,128 - ERROR - Error validating token: Connection failed
2025-06-06 02:27:29,136 - DEBUG - GET request to: https://invalid-workspace.nonexistent.com.cloud.databricks.com/api/2.0/preview/scim/v2/Me
2025-06-06 02:27:29,139 - DEBUG - Starting new HTTPS connection (1): invalid-workspace.nonexistent.com.cloud.databricks.com:443
2025-06-06 02:27:29,140 - DEBUG - Connection error: HTTPSConnectionPool(host='invalid-workspace.nonexistent.com.cloud.databricks.com', port=443): Max retries exceeded with url: /api/2.0/preview/scim/v2/Me (Caused by NameResolutionError("<urllib3.connection.HTTPSConnection object at 0x111f006d0>: Failed to resolve 'invalid-workspace.nonexistent.com.cloud.databricks.com' ([Errno 8] nodename nor servname provided, or not known)"))
2025-06-06 02:27:29,140 - DEBUG - Token validation failed: Connection error occurred: HTTPSConnectionPool(host='invalid-workspace.nonexistent.com.cloud.databricks.com', port=443): Max retries exceeded with url: /api/2.0/preview/scim/v2/Me (Caused by NameResolutionError("<urllib3.connection.HTTPSConnection object at 0x111f006d0>: Failed to resolve 'invalid-workspace.nonexistent.com.cloud.databricks.com' ([Errno 8] nodename nor servname provided, or not known)"))
2025-06-06 02:27:29,247 - DEBUG - GET request to: https://invalid.nonexistent.com.cloud.databricks.com/api/2.0/preview/scim/v2/Me
2025-06-06 02:27:29,250 - DEBUG - Starting new HTTPS connection (1): invalid.nonexistent.com.cloud.databricks.com:443
2025-06-06 02:27:29,251 - DEBUG - Connection error: HTTPSConnectionPool(host='invalid.nonexistent.com.cloud.databricks.com', port=443): Max retries exceeded with url: /api/2.0/preview/scim/v2/Me (Caused by NameResolutionError("<urllib3.connection.HTTPSConnection object at 0x111e801d0>: Failed to resolve 'invalid.nonexistent.com.cloud.databricks.com' ([Errno 8] nodename nor servname provided, or not known)"))
2025-06-06 02:27:29,251 - DEBUG - Token validation failed: Connection error occurred: HTTPSConnectionPool(host='invalid.nonexistent.com.cloud.databricks.com', port=443): Max retries exceeded with url: /api/2.0/preview/scim/v2/Me (Caused by NameResolutionError("<urllib3.connection.HTTPSConnection object at 0x111e801d0>: Failed to resolve 'invalid.nonexistent.com.cloud.databricks.com' ([Errno 8] nodename nor servname provided, or not known)"))
2025-06-06 02:27:29,252 - ERROR - Error validating token: Validation failed
2025-06-06 02:27:29,394 - ERROR - Error validating token: Connection failed
2025-06-06 02:27:29,438 - ERROR - Error validating token: Network error with secret details
2025-06-06 02:27:29,484 - ERROR - Error validating token: Connection error: Failed to resolve 'workspace123.cloud.databricks.com'
2025-06-06 02:27:29,502 - ERROR - Error fetching Amperity init script: API Error
Traceback (most recent call last):
  File "/usr/local/lib/python3.11/site-packages/chuck_data/commands/stitch_tools.py", line 179, in _helper_prepare_stitch_config
    init_script_data = client.fetch_amperity_job_init(amperity_token)
                       ^^^^^^^^^^^^^^^^^^^^^^^^^^^^^^^^^^^^^^^^^^^^^^
  File "/usr/local/Cellar/python@3.11/3.11.4_1/Frameworks/Python.framework/Versions/3.11/lib/python3.11/unittest/mock.py", line 1124, in __call__
    return self._mock_call(*args, **kwargs)
           ^^^^^^^^^^^^^^^^^^^^^^^^^^^^^^^^
  File "/usr/local/Cellar/python@3.11/3.11.4_1/Frameworks/Python.framework/Versions/3.11/lib/python3.11/unittest/mock.py", line 1128, in _mock_call
    return self._execute_mock_call(*args, **kwargs)
           ^^^^^^^^^^^^^^^^^^^^^^^^^^^^^^^^^^^^^^^^
  File "/usr/local/Cellar/python@3.11/3.11.4_1/Frameworks/Python.framework/Versions/3.11/lib/python3.11/unittest/mock.py", line 1183, in _execute_mock_call
    raise effect
Exception: API Error
2025-06-06 02:27:29,513 - DEBUG - Versioned cluster init script uploaded to /Volumes/test_catalog/test_schema/chuck/cluster_init-2025-06-02_14-30.sh
2025-06-06 02:27:29,516 - DEBUG - Versioned cluster init script uploaded to /Volumes/test_catalog/test_schema/chuck/cluster_init-2025-06-02_14-30.sh
2025-06-06 02:27:29,520 - DEBUG - Volume 'chuck' not found in test_catalog.test_schema. Attempting to create.
2025-06-06 02:27:29,533 - DEBUG - Saved configuration to /var/folders/3f/2n5sjdw50vj9gfnrxjbptj4c0000gn/T/tmps2z88wok/test_config.json
2025-06-06 02:27:29,533 - DEBUG - Loaded configuration from /var/folders/3f/2n5sjdw50vj9gfnrxjbptj4c0000gn/T/tmps2z88wok/test_config.json
2025-06-06 02:27:29,533 - DEBUG - Loaded configuration from /var/folders/3f/2n5sjdw50vj9gfnrxjbptj4c0000gn/T/tmps2z88wok/test_config.json
2025-06-06 02:27:29,533 - DEBUG - Loaded configuration from /var/folders/3f/2n5sjdw50vj9gfnrxjbptj4c0000gn/T/tmps2z88wok/test_config.json
2025-06-06 02:27:29,535 - DEBUG - Saved configuration to /var/folders/3f/2n5sjdw50vj9gfnrxjbptj4c0000gn/T/tmp60le3_3n/test_config.json
2025-06-06 02:27:29,535 - DEBUG - Loaded configuration from /var/folders/3f/2n5sjdw50vj9gfnrxjbptj4c0000gn/T/tmp60le3_3n/test_config.json
2025-06-06 02:27:29,536 - DEBUG - Saved configuration to /var/folders/3f/2n5sjdw50vj9gfnrxjbptj4c0000gn/T/tmp60le3_3n/test_config.json
2025-06-06 02:27:29,536 - DEBUG - Loaded configuration from /var/folders/3f/2n5sjdw50vj9gfnrxjbptj4c0000gn/T/tmp60le3_3n/test_config.json
2025-06-06 02:27:29,536 - DEBUG - Saved configuration to /var/folders/3f/2n5sjdw50vj9gfnrxjbptj4c0000gn/T/tmp60le3_3n/test_config.json
2025-06-06 02:27:29,536 - DEBUG - Loaded configuration from /var/folders/3f/2n5sjdw50vj9gfnrxjbptj4c0000gn/T/tmp60le3_3n/test_config.json
2025-06-06 02:27:29,537 - DEBUG - Loaded configuration from /var/folders/3f/2n5sjdw50vj9gfnrxjbptj4c0000gn/T/tmp60le3_3n/test_config.json
2025-06-06 02:27:29,537 - DEBUG - Loaded configuration from /var/folders/3f/2n5sjdw50vj9gfnrxjbptj4c0000gn/T/tmp60le3_3n/test_config.json
2025-06-06 02:27:29,538 - INFO - Applying tag 'email' to column 'email_col'
2025-06-06 02:27:29,539 - INFO - Applying tag 'given-name' to column 'name_col'
2025-06-06 02:27:29,540 - INFO - Applying tag 'phone' to column 'good_col'
2025-06-06 02:27:29,542 - INFO - Applying tag 'email' to column 'email_col'
2025-06-06 02:27:29,544 - INFO - Applying tag 'email' to column 'email_col'
2025-06-06 02:27:29,544 - ERROR - Error applying tag to email_col: Connection error
2025-06-06 02:27:29,547 - DEBUG - Saved configuration to /var/folders/3f/2n5sjdw50vj9gfnrxjbptj4c0000gn/T/tmppa812050/test_config.json
2025-06-06 02:27:29,548 - DEBUG - Loaded configuration from /var/folders/3f/2n5sjdw50vj9gfnrxjbptj4c0000gn/T/tmppa812050/test_config.json
2025-06-06 02:27:29,550 - DEBUG - Saved configuration to /var/folders/3f/2n5sjdw50vj9gfnrxjbptj4c0000gn/T/tmpw7b7k2j0/test_config.json
2025-06-06 02:27:29,551 - DEBUG - Saved configuration to /var/folders/3f/2n5sjdw50vj9gfnrxjbptj4c0000gn/T/tmpzhz0i42q/test_config.json
2025-06-06 02:27:29,552 - DEBUG - Loaded configuration from /var/folders/3f/2n5sjdw50vj9gfnrxjbptj4c0000gn/T/tmpzhz0i42q/test_config.json
2025-06-06 02:27:29,553 - DEBUG - Saved configuration to /var/folders/3f/2n5sjdw50vj9gfnrxjbptj4c0000gn/T/tmpltztm0rv/test_config.json
2025-06-06 02:27:29,554 - DEBUG - Loaded configuration from /var/folders/3f/2n5sjdw50vj9gfnrxjbptj4c0000gn/T/tmpltztm0rv/test_config.json
2025-06-06 02:27:29,560 - ERROR - Failed to set workspace URL: Validation error
Traceback (most recent call last):
  File "/usr/local/lib/python3.11/site-packages/chuck_data/commands/workspace_selection.py", line 37, in handle_command
    is_valid, error_message = validate_workspace_url(workspace_url)
                              ^^^^^^^^^^^^^^^^^^^^^^^^^^^^^^^^^^^^^
  File "/usr/local/Cellar/python@3.11/3.11.4_1/Frameworks/Python.framework/Versions/3.11/lib/python3.11/unittest/mock.py", line 1124, in __call__
    return self._mock_call(*args, **kwargs)
           ^^^^^^^^^^^^^^^^^^^^^^^^^^^^^^^^
  File "/usr/local/Cellar/python@3.11/3.11.4_1/Frameworks/Python.framework/Versions/3.11/lib/python3.11/unittest/mock.py", line 1128, in _mock_call
    return self._execute_mock_call(*args, **kwargs)
           ^^^^^^^^^^^^^^^^^^^^^^^^^^^^^^^^^^^^^^^^
  File "/usr/local/Cellar/python@3.11/3.11.4_1/Frameworks/Python.framework/Versions/3.11/lib/python3.11/unittest/mock.py", line 1183, in _execute_mock_call
    raise effect
Exception: Validation error
