2025-06-06 02:12:07,060 - DEBUG - Logging initialized. Writing to /Users/johnrush/repos/chuck-data/log/sessions/2025-06-06_02-12-07.log
2025-06-06 02:12:07,065 - DEBUG - HTTP error: HTTP 401, Response: {"status":401,"message":"Unauthorized"}
2025-06-06 02:12:07,068 - DEBUG - GET request to: https://test-workspace.cloud.databricks.com/test-endpoint
2025-06-06 02:12:07,068 - DEBUG - Connection error: Connection failed
2025-06-06 02:12:07,070 - DEBUG - GET request to: https://test-workspace.cloud.databricks.com/test-endpoint
2025-06-06 02:12:07,070 - DEBUG - HTTP error: HTTP 404, Response: Not Found
2025-06-06 02:12:07,071 - DEBUG - GET request to: https://test-workspace.cloud.databricks.com/test-endpoint
2025-06-06 02:12:07,073 - DEBUG - POST request to: https://test-workspace.cloud.databricks.com/test-endpoint
2025-06-06 02:12:07,073 - DEBUG - Connection error: Connection failed
2025-06-06 02:12:07,075 - DEBUG - POST request to: https://test-workspace.cloud.databricks.com/test-endpoint
2025-06-06 02:12:07,075 - DEBUG - HTTP error: HTTP 400, Response: Bad Request
2025-06-06 02:12:07,078 - DEBUG - POST request to: https://test-workspace.cloud.databricks.com/test-endpoint
2025-06-06 02:12:07,110 - ERROR - Error listing catalogs: Database connection failed
2025-06-06 02:12:07,116 - ERROR - Error listing schemas: Network error
2025-06-06 02:12:07,220 - DEBUG - Saved configuration to /var/folders/3f/2n5sjdw50vj9gfnrxjbptj4c0000gn/T/tmpmz0uz1tm/test_config.json
2025-06-06 02:12:07,220 - DEBUG - Loaded configuration from /var/folders/3f/2n5sjdw50vj9gfnrxjbptj4c0000gn/T/tmpmz0uz1tm/test_config.json
2025-06-06 02:12:07,220 - DEBUG - Loaded configuration from /var/folders/3f/2n5sjdw50vj9gfnrxjbptj4c0000gn/T/tmpmz0uz1tm/test_config.json
2025-06-06 02:12:07,221 - DEBUG - Saved configuration to /var/folders/3f/2n5sjdw50vj9gfnrxjbptj4c0000gn/T/tmpmz0uz1tm/test_config.json
2025-06-06 02:12:07,221 - DEBUG - Loaded configuration from /var/folders/3f/2n5sjdw50vj9gfnrxjbptj4c0000gn/T/tmpmz0uz1tm/test_config.json
2025-06-06 02:12:07,222 - DEBUG - Saved configuration to /var/folders/3f/2n5sjdw50vj9gfnrxjbptj4c0000gn/T/tmpmz0uz1tm/test_config.json
2025-06-06 02:12:07,222 - DEBUG - Loaded configuration from /var/folders/3f/2n5sjdw50vj9gfnrxjbptj4c0000gn/T/tmpmz0uz1tm/test_config.json
2025-06-06 02:12:07,222 - DEBUG - Saved configuration to /var/folders/3f/2n5sjdw50vj9gfnrxjbptj4c0000gn/T/tmpmz0uz1tm/test_config.json
2025-06-06 02:12:07,222 - DEBUG - Loaded configuration from /var/folders/3f/2n5sjdw50vj9gfnrxjbptj4c0000gn/T/tmpmz0uz1tm/test_config.json
2025-06-06 02:12:07,223 - DEBUG - Saved configuration to /var/folders/3f/2n5sjdw50vj9gfnrxjbptj4c0000gn/T/tmpmz0uz1tm/test_config.json
2025-06-06 02:12:07,223 - DEBUG - Loaded configuration from /var/folders/3f/2n5sjdw50vj9gfnrxjbptj4c0000gn/T/tmpmz0uz1tm/test_config.json
2025-06-06 02:12:07,223 - DEBUG - Loaded configuration from /var/folders/3f/2n5sjdw50vj9gfnrxjbptj4c0000gn/T/tmpmz0uz1tm/test_config.json
2025-06-06 02:12:07,223 - DEBUG - Loaded configuration from /var/folders/3f/2n5sjdw50vj9gfnrxjbptj4c0000gn/T/tmpmz0uz1tm/test_config.json
2025-06-06 02:12:07,224 - DEBUG - Loaded configuration from /var/folders/3f/2n5sjdw50vj9gfnrxjbptj4c0000gn/T/tmpmz0uz1tm/test_config.json
2025-06-06 02:12:07,224 - DEBUG - Loaded configuration from /var/folders/3f/2n5sjdw50vj9gfnrxjbptj4c0000gn/T/tmpmz0uz1tm/test_config.json
2025-06-06 02:12:07,226 - DEBUG - Saved configuration to /var/folders/3f/2n5sjdw50vj9gfnrxjbptj4c0000gn/T/tmpxqewyyos/test_config.json
2025-06-06 02:12:07,226 - DEBUG - Loaded configuration from /var/folders/3f/2n5sjdw50vj9gfnrxjbptj4c0000gn/T/tmpxqewyyos/test_config.json
2025-06-06 02:12:07,229 - DEBUG - Saved configuration to /var/folders/3f/2n5sjdw50vj9gfnrxjbptj4c0000gn/T/tmpzls2p1pu/test_config.json
2025-06-06 02:12:07,229 - DEBUG - Loaded configuration from /var/folders/3f/2n5sjdw50vj9gfnrxjbptj4c0000gn/T/tmpzls2p1pu/test_config.json
2025-06-06 02:12:07,232 - DEBUG - Saved configuration to /var/folders/3f/2n5sjdw50vj9gfnrxjbptj4c0000gn/T/tmp7swd8ek6/test_config.json
2025-06-06 02:12:07,232 - DEBUG - Loaded configuration from /var/folders/3f/2n5sjdw50vj9gfnrxjbptj4c0000gn/T/tmp7swd8ek6/test_config.json
2025-06-06 02:12:07,232 - DEBUG - Loaded configuration from /var/folders/3f/2n5sjdw50vj9gfnrxjbptj4c0000gn/T/tmp7swd8ek6/test_config.json
2025-06-06 02:12:07,232 - DEBUG - Saved configuration to /var/folders/3f/2n5sjdw50vj9gfnrxjbptj4c0000gn/T/tmp7swd8ek6/test_config.json
2025-06-06 02:12:07,233 - DEBUG - Loaded configuration from /var/folders/3f/2n5sjdw50vj9gfnrxjbptj4c0000gn/T/tmp7swd8ek6/test_config.json
2025-06-06 02:12:07,233 - DEBUG - Loaded configuration from /var/folders/3f/2n5sjdw50vj9gfnrxjbptj4c0000gn/T/tmp7swd8ek6/test_config.json
2025-06-06 02:12:07,237 - DEBUG - Saved configuration to /var/folders/3f/2n5sjdw50vj9gfnrxjbptj4c0000gn/T/tmpv4zh_btu/test_config.json
2025-06-06 02:12:07,238 - DEBUG - Loaded configuration from /var/folders/3f/2n5sjdw50vj9gfnrxjbptj4c0000gn/T/tmpv4zh_btu/test_config.json
2025-06-06 02:12:07,238 - DEBUG - Loaded configuration from /var/folders/3f/2n5sjdw50vj9gfnrxjbptj4c0000gn/T/tmpv4zh_btu/test_config.json
2025-06-06 02:12:07,238 - DEBUG - Saved configuration to /var/folders/3f/2n5sjdw50vj9gfnrxjbptj4c0000gn/T/tmpv4zh_btu/test_config.json
2025-06-06 02:12:07,238 - DEBUG - Loaded configuration from /var/folders/3f/2n5sjdw50vj9gfnrxjbptj4c0000gn/T/tmpv4zh_btu/test_config.json
2025-06-06 02:12:07,239 - DEBUG - Saved configuration to /var/folders/3f/2n5sjdw50vj9gfnrxjbptj4c0000gn/T/tmpv4zh_btu/test_config.json
2025-06-06 02:12:07,239 - DEBUG - Loaded configuration from /var/folders/3f/2n5sjdw50vj9gfnrxjbptj4c0000gn/T/tmpv4zh_btu/test_config.json
2025-06-06 02:12:07,239 - DEBUG - Saved configuration to /var/folders/3f/2n5sjdw50vj9gfnrxjbptj4c0000gn/T/tmpv4zh_btu/test_config.json
2025-06-06 02:12:07,240 - DEBUG - Loaded configuration from /var/folders/3f/2n5sjdw50vj9gfnrxjbptj4c0000gn/T/tmpv4zh_btu/test_config.json
2025-06-06 02:12:07,240 - DEBUG - Saved configuration to /var/folders/3f/2n5sjdw50vj9gfnrxjbptj4c0000gn/T/tmpv4zh_btu/test_config.json
2025-06-06 02:12:07,240 - DEBUG - Loaded configuration from /var/folders/3f/2n5sjdw50vj9gfnrxjbptj4c0000gn/T/tmpv4zh_btu/test_config.json
2025-06-06 02:12:07,240 - DEBUG - Using workspace_url from environment variable CHUCK_WORKSPACE_URL
2025-06-06 02:12:07,240 - DEBUG - Using active_model from environment variable CHUCK_ACTIVE_MODEL
2025-06-06 02:12:07,240 - DEBUG - Using warehouse_id from environment variable CHUCK_WAREHOUSE_ID
2025-06-06 02:12:07,240 - DEBUG - Using active_catalog from environment variable CHUCK_ACTIVE_CATALOG
2025-06-06 02:12:07,240 - DEBUG - Using active_schema from environment variable CHUCK_ACTIVE_SCHEMA
2025-06-06 02:12:07,240 - DEBUG - Using usage_tracking_consent from environment variable CHUCK_USAGE_TRACKING_CONSENT
2025-06-06 02:12:07,241 - DEBUG - Loaded configuration from /var/folders/3f/2n5sjdw50vj9gfnrxjbptj4c0000gn/T/tmpv4zh_btu/test_config.json
2025-06-06 02:12:07,243 - DEBUG - Saved configuration to /var/folders/3f/2n5sjdw50vj9gfnrxjbptj4c0000gn/T/tmp_gx1fgz7/test_config.json
2025-06-06 02:12:07,243 - DEBUG - Loaded configuration from /var/folders/3f/2n5sjdw50vj9gfnrxjbptj4c0000gn/T/tmp_gx1fgz7/test_config.json
2025-06-06 02:12:07,243 - DEBUG - Loaded configuration from /var/folders/3f/2n5sjdw50vj9gfnrxjbptj4c0000gn/T/tmp_gx1fgz7/test_config.json
2025-06-06 02:12:07,244 - WARNING - Invalid workspace_url provided, using default instead
2025-06-06 02:12:07,244 - DEBUG - Saved configuration to /var/folders/3f/2n5sjdw50vj9gfnrxjbptj4c0000gn/T/tmp_gx1fgz7/test_config.json
2025-06-06 02:12:07,244 - DEBUG - Loaded configuration from /var/folders/3f/2n5sjdw50vj9gfnrxjbptj4c0000gn/T/tmp_gx1fgz7/test_config.json
2025-06-06 02:12:07,244 - DEBUG - Loaded configuration from /var/folders/3f/2n5sjdw50vj9gfnrxjbptj4c0000gn/T/tmp_gx1fgz7/test_config.json
2025-06-06 02:12:07,245 - DEBUG - Saved configuration to /var/folders/3f/2n5sjdw50vj9gfnrxjbptj4c0000gn/T/tmp_gx1fgz7/test_config.json
2025-06-06 02:12:07,245 - DEBUG - Loaded configuration from /var/folders/3f/2n5sjdw50vj9gfnrxjbptj4c0000gn/T/tmp_gx1fgz7/test_config.json
2025-06-06 02:12:07,247 - DEBUG - Using workspace_url from environment variable CHUCK_WORKSPACE_URL
2025-06-06 02:12:07,248 - DEBUG - Using workspace_url from environment variable CHUCK_WORKSPACE_URL
2025-06-06 02:12:07,248 - DEBUG - Using active_model from environment variable CHUCK_ACTIVE_MODEL
2025-06-06 02:12:07,248 - DEBUG - Using amperity_token from environment variable CHUCK_AMPERITY_TOKEN
2025-06-06 02:12:07,248 - DEBUG - Using databricks_token from environment variable CHUCK_DATABRICKS_TOKEN
2025-06-06 02:12:07,249 - DEBUG - Saved configuration to /var/folders/3f/2n5sjdw50vj9gfnrxjbptj4c0000gn/T/tmpppx9qkuc/test_config.json
2025-06-06 02:12:07,249 - DEBUG - Loaded configuration from /var/folders/3f/2n5sjdw50vj9gfnrxjbptj4c0000gn/T/tmpppx9qkuc/test_config.json
2025-06-06 02:12:07,252 - DEBUG - Saved configuration to /var/folders/3f/2n5sjdw50vj9gfnrxjbptj4c0000gn/T/tmpfqebq6o9/test_config.json
2025-06-06 02:12:07,273 - DEBUG - GET request to: https://adb-3856707039489412.12.azuredatabricks.net/test-endpoint
2025-06-06 02:12:07,281 - DEBUG - GET request to: https://test-workspace.cloud.databricks.com/test-endpoint
2025-06-06 02:12:07,281 - DEBUG - Connection error: Connection failed
2025-06-06 02:12:07,284 - DEBUG - GET request to: https://test-workspace.cloud.databricks.com/test-endpoint
2025-06-06 02:12:07,284 - DEBUG - HTTP error: HTTP 404, Response: Not Found
2025-06-06 02:12:07,287 - WARNING - Model 'nonexistent-model' not found
2025-06-06 02:12:07,289 - DEBUG - GET request to: https://test-workspace.cloud.databricks.com/test-endpoint
2025-06-06 02:12:07,300 - DEBUG - POST request to: https://test-workspace.cloud.databricks.com/test-endpoint
2025-06-06 02:12:07,300 - DEBUG - Connection error: Connection failed
2025-06-06 02:12:07,302 - DEBUG - POST request to: https://test-workspace.cloud.databricks.com/test-endpoint
2025-06-06 02:12:07,302 - DEBUG - HTTP error: HTTP 400, Response: Bad Request
2025-06-06 02:12:07,304 - DEBUG - POST request to: https://test-workspace.cloud.databricks.com/test-endpoint
2025-06-06 02:12:07,308 - DEBUG - File upload request to: https://test-workspace.cloud.databricks.com/api/2.0/fs/files/test/path.txt
2025-06-06 02:12:07,312 - DEBUG - File upload request to: https://test-workspace.cloud.databricks.com/api/2.0/fs/files/test/path.txt
2025-06-06 02:12:07,315 - DEBUG - Token validation failed: Token validation failed
2025-06-06 02:12:07,327 - ERROR - Error listing catalogs: Random failure 3
2025-06-06 02:12:07,333 - ERROR - Error listing catalogs: Random failure 6
2025-06-06 02:12:07,338 - ERROR - Error listing catalogs: Random failure 9
2025-06-06 02:12:07,917 - ERROR - Error displaying table: Console error
2025-06-06 02:12:07,921 - ERROR - Error listing catalogs: 403 Forbidden: Insufficient permissions
2025-06-06 02:12:07,924 - ERROR - Error listing catalogs: 401 Unauthorized: Invalid token
2025-06-06 02:12:07,926 - ERROR - Error listing catalogs: Access denied to resource
2025-06-06 02:12:07,931 - ERROR - Error listing catalogs: 'NoneType' object has no attribute 'get'
2025-06-06 02:12:07,939 - ERROR - Error listing catalogs: 'str' object has no attribute 'get'
2025-06-06 02:12:08,125 - ERROR - Error listing catalogs: Connection failed
2025-06-06 02:12:08,127 - ERROR - Error listing catalogs: Request timed out
2025-06-06 02:12:08,129 - ERROR - Error listing catalogs: 404 Not Found
2025-06-06 02:12:08,190 - DEBUG - Saved configuration to /tmp/.test_chuck_integration_config.json
2025-06-06 02:12:08,190 - DEBUG - Saved configuration to /tmp/.test_chuck_integration_config.json
2025-06-06 02:12:08,193 - DEBUG - Saved configuration to /tmp/.test_chuck_integration_config.json
2025-06-06 02:12:08,193 - DEBUG - Saved configuration to /tmp/.test_chuck_integration_config.json
2025-06-06 02:12:08,195 - DEBUG - Saved configuration to /tmp/.test_chuck_integration_config.json
2025-06-06 02:12:08,196 - DEBUG - Saved configuration to /tmp/.test_chuck_integration_config.json
2025-06-06 02:12:08,222 - DEBUG - Sending metric: {"event": "USAGE", "prompt": "test prompt"}...
2025-06-06 02:12:08,222 - DEBUG - Error sending metrics: Test exception
Traceback (most recent call last):
  File "/Users/johnrush/repos/chuck-data/src/metrics_collector.py", line 123, in send_metric
    return self._client.submit_metrics(payload, token)
           ^^^^^^^^^^^^^^^^^^^^^^^^^^^^^^^^^^^^^^^^^^^
  File "/Users/johnrush/repos/chuck-data/tests/fixtures.py", line 60, in submit_metrics
    raise Exception("Test exception")
Exception: Test exception
2025-06-06 02:12:08,224 - DEBUG - Sending metric: {"event": "USAGE", "prompt": "test prompt"}...
2025-06-06 02:12:08,226 - DEBUG - Cannot send metrics - no authentication token available
2025-06-06 02:12:08,228 - DEBUG - Sending metric: {"event": "USAGE", "prompt": "test prompt"}...
2025-06-06 02:12:08,233 - DEBUG - Metrics tracking skipped - user has not provided consent
2025-06-06 02:12:08,237 - ERROR - Connection error when getting model: Connection failed
2025-06-06 02:12:08,239 - ERROR - Failed to get model: HTTP error occurred: 500 Internal Server Error
2025-06-06 02:12:08,242 - ERROR - Connection error when listing models: Connection failed
2025-06-06 02:12:08,244 - ERROR - Failed to list models: HTTP error occurred: 404 Not Found
2025-06-06 02:12:08,308 - ERROR - Error executing handler for command 'test_command': Command failed
Traceback (most recent call last):
  File "/Users/johnrush/repos/chuck-data/src/service.py", line 395, in execute_command
    result: CommandResult = command_def.handler(
                            ^^^^^^^^^^^^^^^^^^^^
  File "/usr/local/Cellar/python@3.11/3.11.4_1/Frameworks/Python.framework/Versions/3.11/lib/python3.11/unittest/mock.py", line 1124, in __call__
    return self._mock_call(*args, **kwargs)
           ^^^^^^^^^^^^^^^^^^^^^^^^^^^^^^^^
  File "/usr/local/Cellar/python@3.11/3.11.4_1/Frameworks/Python.framework/Versions/3.11/lib/python3.11/unittest/mock.py", line 1128, in _mock_call
    return self._execute_mock_call(*args, **kwargs)
           ^^^^^^^^^^^^^^^^^^^^^^^^^^^^^^^^^^^^^^^^
  File "/usr/local/Cellar/python@3.11/3.11.4_1/Frameworks/Python.framework/Versions/3.11/lib/python3.11/unittest/mock.py", line 1183, in _execute_mock_call
    raise effect
Exception: Command failed
2025-06-06 02:12:08,490 - DEBUG - Executing SQL: SELECT * INVALID SQL
2025-06-06 02:12:08,492 - DEBUG - Executing SQL: SELECT * INVALID SQL
2025-06-06 02:12:08,494 - DEBUG - Executing SQL: SELECT * FROM table
2025-06-06 02:12:08,496 - DEBUG - Executing SQL: SELECT * FROM table
2025-06-06 02:12:08,498 - DEBUG - Executing SQL: SELECT * FROM table
2025-06-06 02:12:08,500 - DEBUG - Executing SQL: SELECT * FROM table
2025-06-06 02:12:08,509 - ERROR - Authentication state polling received 401
2025-06-06 02:12:08,514 - ERROR - Error creating Stitch report: API Error
Traceback (most recent call last):
  File "/Users/johnrush/repos/chuck-data/src/commands/add_stitch_report.py", line 62, in handle_command
    result = client.create_stitch_notebook(table_path, custom_name)
             ^^^^^^^^^^^^^^^^^^^^^^^^^^^^^^^^^^^^^^^^^^^^^^^^^^^^^^
  File "/Users/johnrush/repos/chuck-data/tests/fixtures.py", line 509, in create_stitch_notebook
    raise self._create_stitch_notebook_error
ValueError: API Error
2025-06-06 02:12:08,521 - ERROR - Agent error: Agent error
Traceback (most recent call last):
  File "/Users/johnrush/repos/chuck-data/src/commands/agent.py", line 79, in handle_command
    agent = AgentManager(client, tool_output_callback=tool_output_callback)
            ^^^^^^^^^^^^^^^^^^^^^^^^^^^^^^^^^^^^^^^^^^^^^^^^^^^^^^^^^^^^^^^
  File "/usr/local/Cellar/python@3.11/3.11.4_1/Frameworks/Python.framework/Versions/3.11/lib/python3.11/unittest/mock.py", line 1124, in __call__
    return self._mock_call(*args, **kwargs)
           ^^^^^^^^^^^^^^^^^^^^^^^^^^^^^^^^
  File "/usr/local/Cellar/python@3.11/3.11.4_1/Frameworks/Python.framework/Versions/3.11/lib/python3.11/unittest/mock.py", line 1128, in _mock_call
    return self._execute_mock_call(*args, **kwargs)
           ^^^^^^^^^^^^^^^^^^^^^^^^^^^^^^^^^^^^^^^^
  File "/usr/local/Cellar/python@3.11/3.11.4_1/Frameworks/Python.framework/Versions/3.11/lib/python3.11/unittest/mock.py", line 1183, in _execute_mock_call
    raise effect
Exception: Agent error
2025-06-06 02:12:08,524 - DEBUG - Sending metric: {"event": "USAGE", "configuration": {"workspace_url": "https://dbc-df998298-4c7e.cloud.databricks.co...
2025-06-06 02:12:08,540 - DEBUG - Starting new HTTPS connection (1): chuck.amperity.com:443
2025-06-06 02:12:08,687 - DEBUG - https://chuck.amperity.com:443 "POST /api/usage HTTP/1.1" 204 0
2025-06-06 02:12:08,688 - DEBUG - Failed to send metrics: 204 - 
2025-06-06 02:12:08,692 - DEBUG - Sending metric: {"event": "USAGE", "configuration": {"workspace_url": "https://dbc-df998298-4c7e.cloud.databricks.co...
2025-06-06 02:12:08,694 - DEBUG - Starting new HTTPS connection (1): chuck.amperity.com:443
2025-06-06 02:12:08,814 - DEBUG - https://chuck.amperity.com:443 "POST /api/usage HTTP/1.1" 204 0
2025-06-06 02:12:08,814 - DEBUG - Failed to send metrics: 204 - 
2025-06-06 02:12:08,826 - DEBUG - Sending metric: {"event": "USAGE", "configuration": {"workspace_url": "https://dbc-df998298-4c7e.cloud.databricks.co...
2025-06-06 02:12:08,828 - DEBUG - Starting new HTTPS connection (1): chuck.amperity.com:443
2025-06-06 02:12:08,963 - DEBUG - https://chuck.amperity.com:443 "POST /api/usage HTTP/1.1" 204 0
2025-06-06 02:12:08,964 - DEBUG - Failed to send metrics: 204 - 
2025-06-06 02:12:08,971 - DEBUG - Sending metric: {"event": "USAGE", "configuration": {"workspace_url": "https://dbc-df998298-4c7e.cloud.databricks.co...
2025-06-06 02:12:08,974 - DEBUG - Starting new HTTPS connection (1): chuck.amperity.com:443
2025-06-06 02:12:09,096 - DEBUG - https://chuck.amperity.com:443 "POST /api/usage HTTP/1.1" 204 0
2025-06-06 02:12:09,098 - DEBUG - Failed to send metrics: 204 - 
2025-06-06 02:12:09,106 - DEBUG - Sending metric: {"event": "USAGE", "configuration": {"workspace_url": "https://dbc-df998298-4c7e.cloud.databricks.co...
2025-06-06 02:12:09,109 - DEBUG - Starting new HTTPS connection (1): chuck.amperity.com:443
2025-06-06 02:12:09,227 - DEBUG - https://chuck.amperity.com:443 "POST /api/usage HTTP/1.1" 204 0
2025-06-06 02:12:09,228 - DEBUG - Failed to send metrics: 204 - 
2025-06-06 02:12:09,243 - INFO - Databricks token set successfully
2025-06-06 02:12:09,246 - INFO - Databricks token cleared
2025-06-06 02:12:09,246 - INFO - Amperity token cleared
2025-06-06 02:12:09,247 - INFO - Amperity token cleared
2025-06-06 02:12:09,249 - INFO - Databricks token cleared
2025-06-06 02:12:09,251 - INFO - Amperity token cleared
2025-06-06 02:12:09,269 - DEBUG - Bug report submitted successfully
2025-06-06 02:12:09,325 - ERROR - Error submitting bug report: Network error
Traceback (most recent call last):
  File "/Users/johnrush/repos/chuck-data/src/commands/bug.py", line 72, in handle_command
    success, message = amperity_client.submit_bug_report(payload, amperity_token)
                       ^^^^^^^^^^^^^^^^^^^^^^^^^^^^^^^^^^^^^^^^^^^^^^^^^^^^^^^^^^
  File "/Users/johnrush/repos/chuck-data/tests/commands/test_bug.py", line 115, in submit_bug_report
    raise Exception("Network error")
Exception: Network error
2025-06-06 02:12:09,328 - DEBUG - Loaded configuration from /var/folders/3f/2n5sjdw50vj9gfnrxjbptj4c0000gn/T/tmp6lv0gk22.json
2025-06-06 02:12:09,331 - DEBUG - Loaded configuration from /var/folders/3f/2n5sjdw50vj9gfnrxjbptj4c0000gn/T/tmph7vsxs58.json
2025-06-06 02:12:09,342 - DEBUG - Bug report submitted successfully
2025-06-06 02:12:09,345 - ERROR - Error saving config: [Errno 30] Read-only file system: '/invalid'
2025-06-06 02:12:09,345 - DEBUG - Saved configuration to /var/folders/3f/2n5sjdw50vj9gfnrxjbptj4c0000gn/T/tmp52lztczw/test_config.json
2025-06-06 02:12:09,348 - DEBUG - Saved configuration to /var/folders/3f/2n5sjdw50vj9gfnrxjbptj4c0000gn/T/tmp0y751e1g/test_config.json
2025-06-06 02:12:09,348 - DEBUG - Loaded configuration from /var/folders/3f/2n5sjdw50vj9gfnrxjbptj4c0000gn/T/tmp0y751e1g/test_config.json
2025-06-06 02:12:09,351 - DEBUG - Saved configuration to /var/folders/3f/2n5sjdw50vj9gfnrxjbptj4c0000gn/T/tmpnxug3b3g/test_config.json
2025-06-06 02:12:09,351 - DEBUG - Loaded configuration from /var/folders/3f/2n5sjdw50vj9gfnrxjbptj4c0000gn/T/tmpnxug3b3g/test_config.json
2025-06-06 02:12:09,355 - INFO - Cluster init script uploaded successfully to /Volumes/main/default/chuck/cluster_init-2025-06-02_14-30.sh
2025-06-06 02:12:09,363 - DEBUG - Volume 'chuck' not found in main.default. Attempting to create.
2025-06-06 02:12:09,363 - DEBUG - Volume 'chuck' created successfully.
2025-06-06 02:12:09,363 - INFO - Cluster init script uploaded successfully to /Volumes/main/default/chuck/cluster_init-2025-06-02_14-30.sh
2025-06-06 02:12:09,366 - DEBUG - Volume 'chuck' not found in main.default. Attempting to create.
2025-06-06 02:12:09,366 - DEBUG - Volume 'chuck' created successfully.
2025-06-06 02:12:09,366 - INFO - Cluster init script uploaded successfully to /Volumes/main/default/chuck/cluster_init-2025-06-02_14-30.sh
2025-06-06 02:12:09,369 - DEBUG - Volume 'chuck' not found in main.default. Attempting to create.
2025-06-06 02:12:09,371 - DEBUG - Volume 'chuck' not found in main.default. Attempting to create.
2025-06-06 02:12:09,377 - INFO - Cluster init script uploaded successfully to /Volumes/test_catalog/test_schema/chuck/cluster_init-2025-12-31_23-59.sh
2025-06-06 02:12:09,379 - ERROR - Error generating help: Test error
Traceback (most recent call last):
  File "/Users/johnrush/repos/chuck-data/src/commands/help.py", line 27, in handle_command
    user_commands = get_user_commands()
                    ^^^^^^^^^^^^^^^^^^^
  File "/usr/local/Cellar/python@3.11/3.11.4_1/Frameworks/Python.framework/Versions/3.11/lib/python3.11/unittest/mock.py", line 1124, in __call__
    return self._mock_call(*args, **kwargs)
           ^^^^^^^^^^^^^^^^^^^^^^^^^^^^^^^^
  File "/usr/local/Cellar/python@3.11/3.11.4_1/Frameworks/Python.framework/Versions/3.11/lib/python3.11/unittest/mock.py", line 1128, in _mock_call
    return self._execute_mock_call(*args, **kwargs)
           ^^^^^^^^^^^^^^^^^^^^^^^^^^^^^^^^^^^^^^^^
  File "/usr/local/Cellar/python@3.11/3.11.4_1/Frameworks/Python.framework/Versions/3.11/lib/python3.11/unittest/mock.py", line 1183, in _execute_mock_call
    raise effect
Exception: Test error
2025-06-06 02:12:09,385 - ERROR - Failed to get job status for run '999999': Not Found
Traceback (most recent call last):
  File "/Users/johnrush/repos/chuck-data/src/commands/jobs.py", line 67, in handle_job_status
    data = client.get_job_run_status(run_id_str)
           ^^^^^^^^^^^^^^^^^^^^^^^^^^^^^^^^^^^^^
  File "/Users/johnrush/repos/chuck-data/tests/commands/test_jobs.py", line 119, in get_job_run_status
    raise Exception("Not Found")
Exception: Not Found
2025-06-06 02:12:09,390 - ERROR - Failed to submit job: Bad Request
Traceback (most recent call last):
  File "/Users/johnrush/repos/chuck-data/src/commands/jobs.py", line 32, in handle_launch_job
    run_data = client.submit_job_run(
               ^^^^^^^^^^^^^^^^^^^^^^
  File "/Users/johnrush/repos/chuck-data/tests/commands/test_jobs.py", line 70, in submit_job_run
    raise Exception("Bad Request")
Exception: Bad Request
2025-06-06 02:12:09,395 - ERROR - Failed to launch job, no run_id: {}
2025-06-06 02:12:09,400 - ERROR - Error listing catalogs: API error
2025-06-06 02:12:09,408 - DEBUG - Saved configuration to /var/folders/3f/2n5sjdw50vj9gfnrxjbptj4c0000gn/T/tmpa3xael8m/test_config.json
2025-06-06 02:12:09,408 - DEBUG - Loaded configuration from /var/folders/3f/2n5sjdw50vj9gfnrxjbptj4c0000gn/T/tmpa3xael8m/test_config.json
2025-06-06 02:12:09,410 - DEBUG - Saved configuration to /var/folders/3f/2n5sjdw50vj9gfnrxjbptj4c0000gn/T/tmpz4nfmxwk/test_config.json
2025-06-06 02:12:09,411 - DEBUG - Loaded configuration from /var/folders/3f/2n5sjdw50vj9gfnrxjbptj4c0000gn/T/tmpz4nfmxwk/test_config.json
2025-06-06 02:12:09,414 - DEBUG - Saved configuration to /var/folders/3f/2n5sjdw50vj9gfnrxjbptj4c0000gn/T/tmp33fplqrg/test_config.json
2025-06-06 02:12:09,414 - DEBUG - Loaded configuration from /var/folders/3f/2n5sjdw50vj9gfnrxjbptj4c0000gn/T/tmp33fplqrg/test_config.json
2025-06-06 02:12:09,416 - ERROR - Failed to list models: API error
Traceback (most recent call last):
  File "/Users/johnrush/repos/chuck-data/src/commands/list_models.py", line 31, in handle_command
    models_list = list_models_api(client)
                  ^^^^^^^^^^^^^^^^^^^^^^^
  File "/Users/johnrush/repos/chuck-data/src/models.py", line 19, in list_models
    return client.list_models()
           ^^^^^^^^^^^^^^^^^^^^
  File "/Users/johnrush/repos/chuck-data/tests/commands/test_list_models.py", line 112, in list_models
    raise Exception("API error")
Exception: API error
2025-06-06 02:12:09,421 - ERROR - Error listing tables: API error
2025-06-06 02:12:09,424 - DEBUG - Saved configuration to /var/folders/3f/2n5sjdw50vj9gfnrxjbptj4c0000gn/T/tmpgeiuzp78/test_config.json
2025-06-06 02:12:09,425 - DEBUG - Loaded configuration from /var/folders/3f/2n5sjdw50vj9gfnrxjbptj4c0000gn/T/tmpgeiuzp78/test_config.json
2025-06-06 02:12:09,425 - DEBUG - Loaded configuration from /var/folders/3f/2n5sjdw50vj9gfnrxjbptj4c0000gn/T/tmpgeiuzp78/test_config.json
2025-06-06 02:12:09,428 - DEBUG - Saved configuration to /var/folders/3f/2n5sjdw50vj9gfnrxjbptj4c0000gn/T/tmp19xhkbli/test_config.json
2025-06-06 02:12:09,429 - DEBUG - Loaded configuration from /var/folders/3f/2n5sjdw50vj9gfnrxjbptj4c0000gn/T/tmp19xhkbli/test_config.json
2025-06-06 02:12:09,429 - DEBUG - Saved configuration to /var/folders/3f/2n5sjdw50vj9gfnrxjbptj4c0000gn/T/tmp19xhkbli/test_config.json
2025-06-06 02:12:09,429 - DEBUG - Loaded configuration from /var/folders/3f/2n5sjdw50vj9gfnrxjbptj4c0000gn/T/tmp19xhkbli/test_config.json
2025-06-06 02:12:09,429 - DEBUG - Loaded configuration from /var/folders/3f/2n5sjdw50vj9gfnrxjbptj4c0000gn/T/tmp19xhkbli/test_config.json
2025-06-06 02:12:09,436 - ERROR - Failed to set model 'claude-v1': API error
Traceback (most recent call last):
  File "/Users/johnrush/repos/chuck-data/src/commands/model_selection.py", line 28, in handle_command
    models_list = list_models_api(client)
                  ^^^^^^^^^^^^^^^^^^^^^^^
  File "/Users/johnrush/repos/chuck-data/src/models.py", line 19, in list_models
    return client.list_models()
           ^^^^^^^^^^^^^^^^^^^^
  File "/Users/johnrush/repos/chuck-data/tests/commands/test_model_selection.py", line 79, in list_models
    raise Exception("API error")
Exception: API error
2025-06-06 02:12:09,439 - DEBUG - Saved configuration to /var/folders/3f/2n5sjdw50vj9gfnrxjbptj4c0000gn/T/tmpm5rpduob/test_config.json
2025-06-06 02:12:09,439 - DEBUG - Loaded configuration from /var/folders/3f/2n5sjdw50vj9gfnrxjbptj4c0000gn/T/tmpm5rpduob/test_config.json
2025-06-06 02:12:09,442 - DEBUG - Saved configuration to /var/folders/3f/2n5sjdw50vj9gfnrxjbptj4c0000gn/T/tmpqvmqn_57/test_config.json
2025-06-06 02:12:09,442 - DEBUG - Loaded configuration from /var/folders/3f/2n5sjdw50vj9gfnrxjbptj4c0000gn/T/tmpqvmqn_57/test_config.json
2025-06-06 02:12:09,444 - DEBUG - Saved configuration to /var/folders/3f/2n5sjdw50vj9gfnrxjbptj4c0000gn/T/tmpfb3xpn4s/test_config.json
2025-06-06 02:12:09,444 - DEBUG - Loaded configuration from /var/folders/3f/2n5sjdw50vj9gfnrxjbptj4c0000gn/T/tmpfb3xpn4s/test_config.json
2025-06-06 02:12:09,449 - DEBUG - Saved configuration to /var/folders/3f/2n5sjdw50vj9gfnrxjbptj4c0000gn/T/tmpmac8y384/test_config.json
2025-06-06 02:12:09,449 - DEBUG - Loaded configuration from /var/folders/3f/2n5sjdw50vj9gfnrxjbptj4c0000gn/T/tmpmac8y384/test_config.json
2025-06-06 02:12:09,457 - INFO - Starting PII Scan for 2 tables in test_cat.test_schema.
2025-06-06 02:12:09,468 - ERROR - Bulk PII scan error: LLM client error
Traceback (most recent call last):
  File "/Users/johnrush/repos/chuck-data/src/commands/scan_pii.py", line 46, in handle_command
    llm_client = LLMClient()
                 ^^^^^^^^^^^
  File "/usr/local/Cellar/python@3.11/3.11.4_1/Frameworks/Python.framework/Versions/3.11/lib/python3.11/unittest/mock.py", line 1124, in __call__
    return self._mock_call(*args, **kwargs)
           ^^^^^^^^^^^^^^^^^^^^^^^^^^^^^^^^
  File "/usr/local/Cellar/python@3.11/3.11.4_1/Frameworks/Python.framework/Versions/3.11/lib/python3.11/unittest/mock.py", line 1128, in _mock_call
    return self._execute_mock_call(*args, **kwargs)
           ^^^^^^^^^^^^^^^^^^^^^^^^^^^^^^^^^^^^^^^^
  File "/usr/local/Cellar/python@3.11/3.11.4_1/Frameworks/Python.framework/Versions/3.11/lib/python3.11/unittest/mock.py", line 1183, in _execute_mock_call
    raise effect
Exception: LLM client error
2025-06-06 02:12:09,477 - DEBUG - Saved configuration to /var/folders/3f/2n5sjdw50vj9gfnrxjbptj4c0000gn/T/tmp6awgiwdv/test_config.json
2025-06-06 02:12:09,477 - DEBUG - Loaded configuration from /var/folders/3f/2n5sjdw50vj9gfnrxjbptj4c0000gn/T/tmp6awgiwdv/test_config.json
2025-06-06 02:12:09,477 - DEBUG - Loaded configuration from /var/folders/3f/2n5sjdw50vj9gfnrxjbptj4c0000gn/T/tmp6awgiwdv/test_config.json
2025-06-06 02:12:09,478 - DEBUG - Saved configuration to /var/folders/3f/2n5sjdw50vj9gfnrxjbptj4c0000gn/T/tmp6awgiwdv/test_config.json
2025-06-06 02:12:09,479 - DEBUG - Saved configuration to /var/folders/3f/2n5sjdw50vj9gfnrxjbptj4c0000gn/T/tmpxn9gq1tp/test_config.json
2025-06-06 02:12:09,480 - DEBUG - Loaded configuration from /var/folders/3f/2n5sjdw50vj9gfnrxjbptj4c0000gn/T/tmpxn9gq1tp/test_config.json
2025-06-06 02:12:09,480 - DEBUG - Loaded configuration from /var/folders/3f/2n5sjdw50vj9gfnrxjbptj4c0000gn/T/tmpxn9gq1tp/test_config.json
2025-06-06 02:12:09,480 - DEBUG - Saved configuration to /var/folders/3f/2n5sjdw50vj9gfnrxjbptj4c0000gn/T/tmpxn9gq1tp/test_config.json
2025-06-06 02:12:09,480 - DEBUG - Loaded configuration from /var/folders/3f/2n5sjdw50vj9gfnrxjbptj4c0000gn/T/tmpxn9gq1tp/test_config.json
2025-06-06 02:12:09,482 - DEBUG - Saved configuration to /var/folders/3f/2n5sjdw50vj9gfnrxjbptj4c0000gn/T/tmpj7f3nqc9/test_config.json
2025-06-06 02:12:09,482 - DEBUG - Loaded configuration from /var/folders/3f/2n5sjdw50vj9gfnrxjbptj4c0000gn/T/tmpj7f3nqc9/test_config.json
2025-06-06 02:12:09,483 - DEBUG - Loaded configuration from /var/folders/3f/2n5sjdw50vj9gfnrxjbptj4c0000gn/T/tmpj7f3nqc9/test_config.json
2025-06-06 02:12:09,483 - DEBUG - Saved configuration to /var/folders/3f/2n5sjdw50vj9gfnrxjbptj4c0000gn/T/tmpj7f3nqc9/test_config.json
2025-06-06 02:12:09,483 - DEBUG - Loaded configuration from /var/folders/3f/2n5sjdw50vj9gfnrxjbptj4c0000gn/T/tmpj7f3nqc9/test_config.json
2025-06-06 02:12:09,490 - DEBUG - Sending metric: {"event": "USAGE", "configuration": {"workspace_url": "https://dbc-df998298-4c7e.cloud.databricks.co...
2025-06-06 02:12:09,493 - DEBUG - Starting new HTTPS connection (1): chuck.amperity.com:443
2025-06-06 02:12:09,624 - DEBUG - https://chuck.amperity.com:443 "POST /api/usage HTTP/1.1" 204 0
2025-06-06 02:12:09,624 - DEBUG - Failed to send metrics: 204 - 
2025-06-06 02:12:09,629 - ERROR - Stitch setup error: LLM client error
Traceback (most recent call last):
  File "/Users/johnrush/repos/chuck-data/src/commands/setup_stitch.py", line 111, in handle_command
    return _phase_1_prepare_config(
           ^^^^^^^^^^^^^^^^^^^^^^^^
  File "/Users/johnrush/repos/chuck-data/src/commands/setup_stitch.py", line 273, in _phase_1_prepare_config
    llm_client = LLMClient()
                 ^^^^^^^^^^^
  File "/usr/local/Cellar/python@3.11/3.11.4_1/Frameworks/Python.framework/Versions/3.11/lib/python3.11/unittest/mock.py", line 1124, in __call__
    return self._mock_call(*args, **kwargs)
           ^^^^^^^^^^^^^^^^^^^^^^^^^^^^^^^^
  File "/usr/local/Cellar/python@3.11/3.11.4_1/Frameworks/Python.framework/Versions/3.11/lib/python3.11/unittest/mock.py", line 1128, in _mock_call
    return self._execute_mock_call(*args, **kwargs)
           ^^^^^^^^^^^^^^^^^^^^^^^^^^^^^^^^^^^^^^^^
  File "/usr/local/Cellar/python@3.11/3.11.4_1/Frameworks/Python.framework/Versions/3.11/lib/python3.11/unittest/mock.py", line 1183, in _execute_mock_call
    raise effect
Exception: LLM client error
2025-06-06 02:12:09,644 - DEBUG - GET request to: https://.cloud.databricks.com/api/2.0/preview/scim/v2/Me
2025-06-06 02:12:09,644 - DEBUG - Connection error: URL has an invalid label.
2025-06-06 02:12:09,644 - DEBUG - Token validation failed: Connection error occurred: URL has an invalid label.
2025-06-06 02:12:09,649 - ERROR - Error validating token: Connection failed
2025-06-06 02:12:09,659 - DEBUG - GET request to: https://invalid-workspace.nonexistent.com.cloud.databricks.com/api/2.0/preview/scim/v2/Me
2025-06-06 02:12:09,661 - DEBUG - Starting new HTTPS connection (1): invalid-workspace.nonexistent.com.cloud.databricks.com:443
2025-06-06 02:12:09,663 - DEBUG - Connection error: HTTPSConnectionPool(host='invalid-workspace.nonexistent.com.cloud.databricks.com', port=443): Max retries exceeded with url: /api/2.0/preview/scim/v2/Me (Caused by NameResolutionError("<urllib3.connection.HTTPSConnection object at 0x1148b1610>: Failed to resolve 'invalid-workspace.nonexistent.com.cloud.databricks.com' ([Errno 8] nodename nor servname provided, or not known)"))
2025-06-06 02:12:09,663 - DEBUG - Token validation failed: Connection error occurred: HTTPSConnectionPool(host='invalid-workspace.nonexistent.com.cloud.databricks.com', port=443): Max retries exceeded with url: /api/2.0/preview/scim/v2/Me (Caused by NameResolutionError("<urllib3.connection.HTTPSConnection object at 0x1148b1610>: Failed to resolve 'invalid-workspace.nonexistent.com.cloud.databricks.com' ([Errno 8] nodename nor servname provided, or not known)"))
2025-06-06 02:12:09,777 - DEBUG - GET request to: https://invalid.nonexistent.com.cloud.databricks.com/api/2.0/preview/scim/v2/Me
2025-06-06 02:12:09,780 - DEBUG - Starting new HTTPS connection (1): invalid.nonexistent.com.cloud.databricks.com:443
2025-06-06 02:12:09,781 - DEBUG - Connection error: HTTPSConnectionPool(host='invalid.nonexistent.com.cloud.databricks.com', port=443): Max retries exceeded with url: /api/2.0/preview/scim/v2/Me (Caused by NameResolutionError("<urllib3.connection.HTTPSConnection object at 0x111c8f090>: Failed to resolve 'invalid.nonexistent.com.cloud.databricks.com' ([Errno 8] nodename nor servname provided, or not known)"))
2025-06-06 02:12:09,781 - DEBUG - Token validation failed: Connection error occurred: HTTPSConnectionPool(host='invalid.nonexistent.com.cloud.databricks.com', port=443): Max retries exceeded with url: /api/2.0/preview/scim/v2/Me (Caused by NameResolutionError("<urllib3.connection.HTTPSConnection object at 0x111c8f090>: Failed to resolve 'invalid.nonexistent.com.cloud.databricks.com' ([Errno 8] nodename nor servname provided, or not known)"))
2025-06-06 02:12:09,783 - ERROR - Error validating token: Validation failed
2025-06-06 02:12:09,912 - ERROR - Error validating token: Connection failed
2025-06-06 02:12:09,950 - ERROR - Error validating token: Network error with secret details
2025-06-06 02:12:09,989 - ERROR - Error validating token: Connection error: Failed to resolve 'workspace123.cloud.databricks.com'
2025-06-06 02:12:10,006 - ERROR - Error fetching Amperity init script: API Error
Traceback (most recent call last):
  File "/Users/johnrush/repos/chuck-data/src/commands/stitch_tools.py", line 179, in _helper_prepare_stitch_config
    init_script_data = client.fetch_amperity_job_init(amperity_token)
                       ^^^^^^^^^^^^^^^^^^^^^^^^^^^^^^^^^^^^^^^^^^^^^^
  File "/usr/local/Cellar/python@3.11/3.11.4_1/Frameworks/Python.framework/Versions/3.11/lib/python3.11/unittest/mock.py", line 1124, in __call__
    return self._mock_call(*args, **kwargs)
           ^^^^^^^^^^^^^^^^^^^^^^^^^^^^^^^^
  File "/usr/local/Cellar/python@3.11/3.11.4_1/Frameworks/Python.framework/Versions/3.11/lib/python3.11/unittest/mock.py", line 1128, in _mock_call
    return self._execute_mock_call(*args, **kwargs)
           ^^^^^^^^^^^^^^^^^^^^^^^^^^^^^^^^^^^^^^^^
  File "/usr/local/Cellar/python@3.11/3.11.4_1/Frameworks/Python.framework/Versions/3.11/lib/python3.11/unittest/mock.py", line 1183, in _execute_mock_call
    raise effect
Exception: API Error
2025-06-06 02:12:10,017 - DEBUG - Versioned cluster init script uploaded to /Volumes/test_catalog/test_schema/chuck/cluster_init-2025-06-02_14-30.sh
2025-06-06 02:12:10,020 - DEBUG - Versioned cluster init script uploaded to /Volumes/test_catalog/test_schema/chuck/cluster_init-2025-06-02_14-30.sh
2025-06-06 02:12:10,025 - DEBUG - Volume 'chuck' not found in test_catalog.test_schema. Attempting to create.
2025-06-06 02:12:10,037 - DEBUG - Saved configuration to /var/folders/3f/2n5sjdw50vj9gfnrxjbptj4c0000gn/T/tmpv_vvvvso/test_config.json
2025-06-06 02:12:10,038 - DEBUG - Loaded configuration from /var/folders/3f/2n5sjdw50vj9gfnrxjbptj4c0000gn/T/tmpv_vvvvso/test_config.json
2025-06-06 02:12:10,038 - DEBUG - Loaded configuration from /var/folders/3f/2n5sjdw50vj9gfnrxjbptj4c0000gn/T/tmpv_vvvvso/test_config.json
2025-06-06 02:12:10,038 - DEBUG - Loaded configuration from /var/folders/3f/2n5sjdw50vj9gfnrxjbptj4c0000gn/T/tmpv_vvvvso/test_config.json
2025-06-06 02:12:10,040 - DEBUG - Saved configuration to /var/folders/3f/2n5sjdw50vj9gfnrxjbptj4c0000gn/T/tmpoj7u5jpa/test_config.json
2025-06-06 02:12:10,040 - DEBUG - Loaded configuration from /var/folders/3f/2n5sjdw50vj9gfnrxjbptj4c0000gn/T/tmpoj7u5jpa/test_config.json
2025-06-06 02:12:10,041 - DEBUG - Saved configuration to /var/folders/3f/2n5sjdw50vj9gfnrxjbptj4c0000gn/T/tmpoj7u5jpa/test_config.json
2025-06-06 02:12:10,041 - DEBUG - Loaded configuration from /var/folders/3f/2n5sjdw50vj9gfnrxjbptj4c0000gn/T/tmpoj7u5jpa/test_config.json
2025-06-06 02:12:10,041 - DEBUG - Saved configuration to /var/folders/3f/2n5sjdw50vj9gfnrxjbptj4c0000gn/T/tmpoj7u5jpa/test_config.json
2025-06-06 02:12:10,042 - DEBUG - Loaded configuration from /var/folders/3f/2n5sjdw50vj9gfnrxjbptj4c0000gn/T/tmpoj7u5jpa/test_config.json
2025-06-06 02:12:10,042 - DEBUG - Loaded configuration from /var/folders/3f/2n5sjdw50vj9gfnrxjbptj4c0000gn/T/tmpoj7u5jpa/test_config.json
2025-06-06 02:12:10,042 - DEBUG - Loaded configuration from /var/folders/3f/2n5sjdw50vj9gfnrxjbptj4c0000gn/T/tmpoj7u5jpa/test_config.json
2025-06-06 02:12:10,044 - INFO - Applying tag 'email' to column 'email_col'
2025-06-06 02:12:10,044 - INFO - Applying tag 'given-name' to column 'name_col'
2025-06-06 02:12:10,045 - INFO - Applying tag 'phone' to column 'good_col'
2025-06-06 02:12:10,047 - INFO - Applying tag 'email' to column 'email_col'
2025-06-06 02:12:10,049 - INFO - Applying tag 'email' to column 'email_col'
2025-06-06 02:12:10,049 - ERROR - Error applying tag to email_col: Connection error
2025-06-06 02:12:10,053 - DEBUG - Saved configuration to /var/folders/3f/2n5sjdw50vj9gfnrxjbptj4c0000gn/T/tmpwjqw7916/test_config.json
2025-06-06 02:12:10,053 - DEBUG - Loaded configuration from /var/folders/3f/2n5sjdw50vj9gfnrxjbptj4c0000gn/T/tmpwjqw7916/test_config.json
2025-06-06 02:12:10,055 - DEBUG - Saved configuration to /var/folders/3f/2n5sjdw50vj9gfnrxjbptj4c0000gn/T/tmp0cuihngj/test_config.json
2025-06-06 02:12:10,057 - DEBUG - Saved configuration to /var/folders/3f/2n5sjdw50vj9gfnrxjbptj4c0000gn/T/tmpq9z6fd8a/test_config.json
2025-06-06 02:12:10,057 - DEBUG - Loaded configuration from /var/folders/3f/2n5sjdw50vj9gfnrxjbptj4c0000gn/T/tmpq9z6fd8a/test_config.json
2025-06-06 02:12:10,059 - DEBUG - Saved configuration to /var/folders/3f/2n5sjdw50vj9gfnrxjbptj4c0000gn/T/tmp086022d6/test_config.json
2025-06-06 02:12:10,059 - DEBUG - Loaded configuration from /var/folders/3f/2n5sjdw50vj9gfnrxjbptj4c0000gn/T/tmp086022d6/test_config.json
2025-06-06 02:12:10,066 - ERROR - Failed to set workspace URL: Validation error
Traceback (most recent call last):
  File "/Users/johnrush/repos/chuck-data/src/commands/workspace_selection.py", line 37, in handle_command
    is_valid, error_message = validate_workspace_url(workspace_url)
                              ^^^^^^^^^^^^^^^^^^^^^^^^^^^^^^^^^^^^^
  File "/usr/local/Cellar/python@3.11/3.11.4_1/Frameworks/Python.framework/Versions/3.11/lib/python3.11/unittest/mock.py", line 1124, in __call__
    return self._mock_call(*args, **kwargs)
           ^^^^^^^^^^^^^^^^^^^^^^^^^^^^^^^^
  File "/usr/local/Cellar/python@3.11/3.11.4_1/Frameworks/Python.framework/Versions/3.11/lib/python3.11/unittest/mock.py", line 1128, in _mock_call
    return self._execute_mock_call(*args, **kwargs)
           ^^^^^^^^^^^^^^^^^^^^^^^^^^^^^^^^^^^^^^^^
  File "/usr/local/Cellar/python@3.11/3.11.4_1/Frameworks/Python.framework/Versions/3.11/lib/python3.11/unittest/mock.py", line 1183, in _execute_mock_call
    raise effect
Exception: Validation error
