2025-06-05 15:38:06,788 - DEBUG - Logging initialized. Writing to /Users/johnrush/repos/chuck-data/log/sessions/2025-06-05_15-38-06.log
2025-06-05 15:38:06,792 - DEBUG - HTTP error: HTTP 401, Response: {"status":401,"message":"Unauthorized"}
2025-06-05 15:38:06,794 - DEBUG - GET request to: https://test-workspace.cloud.databricks.com/test-endpoint
2025-06-05 15:38:06,794 - DEBUG - Connection error: Connection failed
2025-06-05 15:38:06,795 - DEBUG - GET request to: https://test-workspace.cloud.databricks.com/test-endpoint
2025-06-05 15:38:06,795 - DEBUG - HTTP error: HTTP 404, Response: Not Found
2025-06-05 15:38:06,796 - DEBUG - GET request to: https://test-workspace.cloud.databricks.com/test-endpoint
2025-06-05 15:38:06,797 - DEBUG - POST request to: https://test-workspace.cloud.databricks.com/test-endpoint
2025-06-05 15:38:06,797 - DEBUG - Connection error: Connection failed
2025-06-05 15:38:06,798 - DEBUG - POST request to: https://test-workspace.cloud.databricks.com/test-endpoint
2025-06-05 15:38:06,798 - DEBUG - HTTP error: HTTP 400, Response: Bad Request
2025-06-05 15:38:06,800 - DEBUG - POST request to: https://test-workspace.cloud.databricks.com/test-endpoint
2025-06-05 15:38:06,803 - DEBUG - Saved configuration to /var/folders/3f/2n5sjdw50vj9gfnrxjbptj4c0000gn/T/tmpj_hrcl4n/test_config.json
2025-06-05 15:38:06,804 - DEBUG - Loaded configuration from /var/folders/3f/2n5sjdw50vj9gfnrxjbptj4c0000gn/T/tmpj_hrcl4n/test_config.json
2025-06-05 15:38:06,804 - DEBUG - Loaded configuration from /var/folders/3f/2n5sjdw50vj9gfnrxjbptj4c0000gn/T/tmpj_hrcl4n/test_config.json
2025-06-05 15:38:06,804 - DEBUG - Saved configuration to /var/folders/3f/2n5sjdw50vj9gfnrxjbptj4c0000gn/T/tmpj_hrcl4n/test_config.json
2025-06-05 15:38:06,804 - DEBUG - Loaded configuration from /var/folders/3f/2n5sjdw50vj9gfnrxjbptj4c0000gn/T/tmpj_hrcl4n/test_config.json
2025-06-05 15:38:06,805 - DEBUG - Saved configuration to /var/folders/3f/2n5sjdw50vj9gfnrxjbptj4c0000gn/T/tmpj_hrcl4n/test_config.json
2025-06-05 15:38:06,805 - DEBUG - Loaded configuration from /var/folders/3f/2n5sjdw50vj9gfnrxjbptj4c0000gn/T/tmpj_hrcl4n/test_config.json
2025-06-05 15:38:06,805 - DEBUG - Saved configuration to /var/folders/3f/2n5sjdw50vj9gfnrxjbptj4c0000gn/T/tmpj_hrcl4n/test_config.json
2025-06-05 15:38:06,806 - DEBUG - Loaded configuration from /var/folders/3f/2n5sjdw50vj9gfnrxjbptj4c0000gn/T/tmpj_hrcl4n/test_config.json
2025-06-05 15:38:06,806 - DEBUG - Saved configuration to /var/folders/3f/2n5sjdw50vj9gfnrxjbptj4c0000gn/T/tmpj_hrcl4n/test_config.json
2025-06-05 15:38:06,806 - DEBUG - Loaded configuration from /var/folders/3f/2n5sjdw50vj9gfnrxjbptj4c0000gn/T/tmpj_hrcl4n/test_config.json
2025-06-05 15:38:06,806 - DEBUG - Loaded configuration from /var/folders/3f/2n5sjdw50vj9gfnrxjbptj4c0000gn/T/tmpj_hrcl4n/test_config.json
2025-06-05 15:38:06,807 - DEBUG - Loaded configuration from /var/folders/3f/2n5sjdw50vj9gfnrxjbptj4c0000gn/T/tmpj_hrcl4n/test_config.json
2025-06-05 15:38:06,807 - DEBUG - Loaded configuration from /var/folders/3f/2n5sjdw50vj9gfnrxjbptj4c0000gn/T/tmpj_hrcl4n/test_config.json
2025-06-05 15:38:06,807 - DEBUG - Loaded configuration from /var/folders/3f/2n5sjdw50vj9gfnrxjbptj4c0000gn/T/tmpj_hrcl4n/test_config.json
2025-06-05 15:38:06,809 - DEBUG - Saved configuration to /var/folders/3f/2n5sjdw50vj9gfnrxjbptj4c0000gn/T/tmpuazh9xog/test_config.json
2025-06-05 15:38:06,809 - DEBUG - Loaded configuration from /var/folders/3f/2n5sjdw50vj9gfnrxjbptj4c0000gn/T/tmpuazh9xog/test_config.json
2025-06-05 15:38:06,811 - DEBUG - Saved configuration to /var/folders/3f/2n5sjdw50vj9gfnrxjbptj4c0000gn/T/tmpcv206aaq/test_config.json
2025-06-05 15:38:06,811 - DEBUG - Loaded configuration from /var/folders/3f/2n5sjdw50vj9gfnrxjbptj4c0000gn/T/tmpcv206aaq/test_config.json
2025-06-05 15:38:06,813 - DEBUG - Saved configuration to /var/folders/3f/2n5sjdw50vj9gfnrxjbptj4c0000gn/T/tmpf6vfbhc5/test_config.json
2025-06-05 15:38:06,813 - DEBUG - Loaded configuration from /var/folders/3f/2n5sjdw50vj9gfnrxjbptj4c0000gn/T/tmpf6vfbhc5/test_config.json
2025-06-05 15:38:06,813 - DEBUG - Loaded configuration from /var/folders/3f/2n5sjdw50vj9gfnrxjbptj4c0000gn/T/tmpf6vfbhc5/test_config.json
2025-06-05 15:38:06,813 - DEBUG - Saved configuration to /var/folders/3f/2n5sjdw50vj9gfnrxjbptj4c0000gn/T/tmpf6vfbhc5/test_config.json
2025-06-05 15:38:06,813 - DEBUG - Loaded configuration from /var/folders/3f/2n5sjdw50vj9gfnrxjbptj4c0000gn/T/tmpf6vfbhc5/test_config.json
2025-06-05 15:38:06,814 - DEBUG - Loaded configuration from /var/folders/3f/2n5sjdw50vj9gfnrxjbptj4c0000gn/T/tmpf6vfbhc5/test_config.json
2025-06-05 15:38:06,816 - DEBUG - Saved configuration to /var/folders/3f/2n5sjdw50vj9gfnrxjbptj4c0000gn/T/tmpirj7ugiq/test_config.json
2025-06-05 15:38:06,817 - DEBUG - Loaded configuration from /var/folders/3f/2n5sjdw50vj9gfnrxjbptj4c0000gn/T/tmpirj7ugiq/test_config.json
2025-06-05 15:38:06,817 - DEBUG - Loaded configuration from /var/folders/3f/2n5sjdw50vj9gfnrxjbptj4c0000gn/T/tmpirj7ugiq/test_config.json
2025-06-05 15:38:06,817 - DEBUG - Saved configuration to /var/folders/3f/2n5sjdw50vj9gfnrxjbptj4c0000gn/T/tmpirj7ugiq/test_config.json
2025-06-05 15:38:06,817 - DEBUG - Loaded configuration from /var/folders/3f/2n5sjdw50vj9gfnrxjbptj4c0000gn/T/tmpirj7ugiq/test_config.json
2025-06-05 15:38:06,817 - DEBUG - Saved configuration to /var/folders/3f/2n5sjdw50vj9gfnrxjbptj4c0000gn/T/tmpirj7ugiq/test_config.json
2025-06-05 15:38:06,818 - DEBUG - Loaded configuration from /var/folders/3f/2n5sjdw50vj9gfnrxjbptj4c0000gn/T/tmpirj7ugiq/test_config.json
2025-06-05 15:38:06,818 - DEBUG - Saved configuration to /var/folders/3f/2n5sjdw50vj9gfnrxjbptj4c0000gn/T/tmpirj7ugiq/test_config.json
2025-06-05 15:38:06,818 - DEBUG - Loaded configuration from /var/folders/3f/2n5sjdw50vj9gfnrxjbptj4c0000gn/T/tmpirj7ugiq/test_config.json
2025-06-05 15:38:06,818 - DEBUG - Saved configuration to /var/folders/3f/2n5sjdw50vj9gfnrxjbptj4c0000gn/T/tmpirj7ugiq/test_config.json
2025-06-05 15:38:06,818 - DEBUG - Loaded configuration from /var/folders/3f/2n5sjdw50vj9gfnrxjbptj4c0000gn/T/tmpirj7ugiq/test_config.json
2025-06-05 15:38:06,818 - DEBUG - Using workspace_url from environment variable CHUCK_WORKSPACE_URL
2025-06-05 15:38:06,818 - DEBUG - Using active_model from environment variable CHUCK_ACTIVE_MODEL
2025-06-05 15:38:06,818 - DEBUG - Using warehouse_id from environment variable CHUCK_WAREHOUSE_ID
2025-06-05 15:38:06,818 - DEBUG - Using active_catalog from environment variable CHUCK_ACTIVE_CATALOG
2025-06-05 15:38:06,818 - DEBUG - Using active_schema from environment variable CHUCK_ACTIVE_SCHEMA
2025-06-05 15:38:06,819 - DEBUG - Using usage_tracking_consent from environment variable CHUCK_USAGE_TRACKING_CONSENT
2025-06-05 15:38:06,819 - DEBUG - Loaded configuration from /var/folders/3f/2n5sjdw50vj9gfnrxjbptj4c0000gn/T/tmpirj7ugiq/test_config.json
2025-06-05 15:38:06,820 - DEBUG - Saved configuration to /var/folders/3f/2n5sjdw50vj9gfnrxjbptj4c0000gn/T/tmpct2uwa23/test_config.json
2025-06-05 15:38:06,820 - DEBUG - Loaded configuration from /var/folders/3f/2n5sjdw50vj9gfnrxjbptj4c0000gn/T/tmpct2uwa23/test_config.json
2025-06-05 15:38:06,821 - DEBUG - Loaded configuration from /var/folders/3f/2n5sjdw50vj9gfnrxjbptj4c0000gn/T/tmpct2uwa23/test_config.json
2025-06-05 15:38:06,821 - WARNING - Invalid workspace_url provided, using default instead
2025-06-05 15:38:06,821 - DEBUG - Saved configuration to /var/folders/3f/2n5sjdw50vj9gfnrxjbptj4c0000gn/T/tmpct2uwa23/test_config.json
2025-06-05 15:38:06,821 - DEBUG - Loaded configuration from /var/folders/3f/2n5sjdw50vj9gfnrxjbptj4c0000gn/T/tmpct2uwa23/test_config.json
2025-06-05 15:38:06,821 - DEBUG - Loaded configuration from /var/folders/3f/2n5sjdw50vj9gfnrxjbptj4c0000gn/T/tmpct2uwa23/test_config.json
2025-06-05 15:38:06,821 - DEBUG - Saved configuration to /var/folders/3f/2n5sjdw50vj9gfnrxjbptj4c0000gn/T/tmpct2uwa23/test_config.json
2025-06-05 15:38:06,822 - DEBUG - Loaded configuration from /var/folders/3f/2n5sjdw50vj9gfnrxjbptj4c0000gn/T/tmpct2uwa23/test_config.json
2025-06-05 15:38:06,823 - DEBUG - Using workspace_url from environment variable CHUCK_WORKSPACE_URL
2025-06-05 15:38:06,823 - DEBUG - Using workspace_url from environment variable CHUCK_WORKSPACE_URL
2025-06-05 15:38:06,823 - DEBUG - Using active_model from environment variable CHUCK_ACTIVE_MODEL
2025-06-05 15:38:06,823 - DEBUG - Using amperity_token from environment variable CHUCK_AMPERITY_TOKEN
2025-06-05 15:38:06,823 - DEBUG - Using databricks_token from environment variable CHUCK_DATABRICKS_TOKEN
2025-06-05 15:38:06,824 - DEBUG - Saved configuration to /var/folders/3f/2n5sjdw50vj9gfnrxjbptj4c0000gn/T/tmpksjqvhz6/test_config.json
2025-06-05 15:38:06,824 - DEBUG - Loaded configuration from /var/folders/3f/2n5sjdw50vj9gfnrxjbptj4c0000gn/T/tmpksjqvhz6/test_config.json
2025-06-05 15:38:06,826 - DEBUG - Saved configuration to /var/folders/3f/2n5sjdw50vj9gfnrxjbptj4c0000gn/T/tmptcz0xcnu/test_config.json
2025-06-05 15:38:06,837 - DEBUG - GET request to: https://adb-3856707039489412.12.azuredatabricks.net/test-endpoint
2025-06-05 15:38:06,841 - DEBUG - GET request to: https://test-workspace.cloud.databricks.com/test-endpoint
2025-06-05 15:38:06,841 - DEBUG - Connection error: Connection failed
2025-06-05 15:38:06,843 - DEBUG - GET request to: https://test-workspace.cloud.databricks.com/test-endpoint
2025-06-05 15:38:06,843 - DEBUG - HTTP error: HTTP 404, Response: Not Found
2025-06-05 15:38:06,844 - WARNING - Model 'nonexistent-model' not found
2025-06-05 15:38:06,845 - DEBUG - GET request to: https://test-workspace.cloud.databricks.com/test-endpoint
2025-06-05 15:38:06,851 - DEBUG - POST request to: https://test-workspace.cloud.databricks.com/test-endpoint
2025-06-05 15:38:06,851 - DEBUG - Connection error: Connection failed
2025-06-05 15:38:06,852 - DEBUG - POST request to: https://test-workspace.cloud.databricks.com/test-endpoint
2025-06-05 15:38:06,852 - DEBUG - HTTP error: HTTP 400, Response: Bad Request
2025-06-05 15:38:06,853 - DEBUG - POST request to: https://test-workspace.cloud.databricks.com/test-endpoint
2025-06-05 15:38:06,855 - DEBUG - File upload request to: https://test-workspace.cloud.databricks.com/api/2.0/fs/files/test/path.txt
2025-06-05 15:38:06,857 - DEBUG - File upload request to: https://test-workspace.cloud.databricks.com/api/2.0/fs/files/test/path.txt
2025-06-05 15:38:06,859 - DEBUG - Token validation failed: Token validation failed
2025-06-05 15:38:06,861 - DEBUG - Saved configuration to /tmp/.test_chuck_integration_config.json
2025-06-05 15:38:06,861 - DEBUG - Saved configuration to /tmp/.test_chuck_integration_config.json
2025-06-05 15:38:06,862 - DEBUG - Saved configuration to /tmp/.test_chuck_integration_config.json
2025-06-05 15:38:06,863 - DEBUG - Saved configuration to /tmp/.test_chuck_integration_config.json
2025-06-05 15:38:06,864 - DEBUG - Saved configuration to /tmp/.test_chuck_integration_config.json
2025-06-05 15:38:06,864 - DEBUG - Saved configuration to /tmp/.test_chuck_integration_config.json
2025-06-05 15:38:06,869 - DEBUG - Sending metric: {"event": "USAGE", "prompt": "test prompt"}...
2025-06-05 15:38:06,869 - DEBUG - Error sending metrics: Test exception
Traceback (most recent call last):
  File "/Users/johnrush/repos/chuck-data/src/metrics_collector.py", line 123, in send_metric
    return self._client.submit_metrics(payload, token)
           ^^^^^^^^^^^^^^^^^^^^^^^^^^^^^^^^^^^^^^^^^^^
  File "/Users/johnrush/repos/chuck-data/tests/fixtures.py", line 60, in submit_metrics
    raise Exception("Test exception")
Exception: Test exception
2025-06-05 15:38:06,871 - DEBUG - Sending metric: {"event": "USAGE", "prompt": "test prompt"}...
2025-06-05 15:38:06,872 - DEBUG - Cannot send metrics - no authentication token available
2025-06-05 15:38:06,873 - DEBUG - Sending metric: {"event": "USAGE", "prompt": "test prompt"}...
2025-06-05 15:38:06,875 - DEBUG - Metrics tracking skipped - user has not provided consent
2025-06-05 15:38:06,877 - ERROR - Connection error when getting model: Connection failed
2025-06-05 15:38:06,878 - ERROR - Failed to get model: HTTP error occurred: 500 Internal Server Error
2025-06-05 15:38:06,880 - ERROR - Connection error when listing models: Connection failed
2025-06-05 15:38:06,882 - ERROR - Failed to list models: HTTP error occurred: 404 Not Found
2025-06-05 15:38:06,918 - ERROR - Error executing handler for command 'test_command': Command failed
Traceback (most recent call last):
  File "/Users/johnrush/repos/chuck-data/src/service.py", line 395, in execute_command
    result: CommandResult = command_def.handler(
                            ^^^^^^^^^^^^^^^^^^^^
  File "/usr/local/Cellar/python@3.11/3.11.4_1/Frameworks/Python.framework/Versions/3.11/lib/python3.11/unittest/mock.py", line 1124, in __call__
    return self._mock_call(*args, **kwargs)
           ^^^^^^^^^^^^^^^^^^^^^^^^^^^^^^^^
  File "/usr/local/Cellar/python@3.11/3.11.4_1/Frameworks/Python.framework/Versions/3.11/lib/python3.11/unittest/mock.py", line 1128, in _mock_call
    return self._execute_mock_call(*args, **kwargs)
           ^^^^^^^^^^^^^^^^^^^^^^^^^^^^^^^^^^^^^^^^
  File "/usr/local/Cellar/python@3.11/3.11.4_1/Frameworks/Python.framework/Versions/3.11/lib/python3.11/unittest/mock.py", line 1183, in _execute_mock_call
    raise effect
Exception: Command failed
2025-06-05 15:38:06,957 - DEBUG - Executing SQL: SELECT * INVALID SQL
2025-06-05 15:38:06,958 - DEBUG - Executing SQL: SELECT * INVALID SQL
2025-06-05 15:38:06,959 - DEBUG - Executing SQL: SELECT * FROM table
2025-06-05 15:38:06,960 - DEBUG - Executing SQL: SELECT * FROM table
2025-06-05 15:38:06,961 - DEBUG - Executing SQL: SELECT * FROM table
2025-06-05 15:38:06,962 - DEBUG - Executing SQL: SELECT * FROM table
2025-06-05 15:38:06,967 - ERROR - Authentication state polling received 401
2025-06-05 15:38:06,970 - ERROR - Error creating Stitch report: API Error
Traceback (most recent call last):
  File "/Users/johnrush/repos/chuck-data/src/commands/add_stitch_report.py", line 62, in handle_command
    result = client.create_stitch_notebook(table_path, custom_name)
             ^^^^^^^^^^^^^^^^^^^^^^^^^^^^^^^^^^^^^^^^^^^^^^^^^^^^^^
  File "/Users/johnrush/repos/chuck-data/tests/fixtures.py", line 528, in create_stitch_notebook
    raise self._create_stitch_notebook_error
ValueError: API Error
2025-06-05 15:38:06,974 - ERROR - Agent error: Agent error
Traceback (most recent call last):
  File "/Users/johnrush/repos/chuck-data/src/commands/agent.py", line 79, in handle_command
    agent = AgentManager(client, tool_output_callback=tool_output_callback)
            ^^^^^^^^^^^^^^^^^^^^^^^^^^^^^^^^^^^^^^^^^^^^^^^^^^^^^^^^^^^^^^^
  File "/usr/local/Cellar/python@3.11/3.11.4_1/Frameworks/Python.framework/Versions/3.11/lib/python3.11/unittest/mock.py", line 1124, in __call__
    return self._mock_call(*args, **kwargs)
           ^^^^^^^^^^^^^^^^^^^^^^^^^^^^^^^^
  File "/usr/local/Cellar/python@3.11/3.11.4_1/Frameworks/Python.framework/Versions/3.11/lib/python3.11/unittest/mock.py", line 1128, in _mock_call
    return self._execute_mock_call(*args, **kwargs)
           ^^^^^^^^^^^^^^^^^^^^^^^^^^^^^^^^^^^^^^^^
  File "/usr/local/Cellar/python@3.11/3.11.4_1/Frameworks/Python.framework/Versions/3.11/lib/python3.11/unittest/mock.py", line 1183, in _execute_mock_call
    raise effect
Exception: Agent error
2025-06-05 15:38:06,975 - DEBUG - Sending metric: {"event": "USAGE", "configuration": {"workspace_url": "https://dbc-df998298-4c7e.cloud.databricks.co...
2025-06-05 15:38:07,074 - DEBUG - Starting new HTTPS connection (1): chuck.amperity.com:443
2025-06-05 15:38:07,257 - DEBUG - https://chuck.amperity.com:443 "POST /api/usage HTTP/1.1" 204 0
2025-06-05 15:38:07,258 - DEBUG - Failed to send metrics: 204 - 
2025-06-05 15:38:07,265 - DEBUG - Sending metric: {"event": "USAGE", "configuration": {"workspace_url": "https://dbc-df998298-4c7e.cloud.databricks.co...
2025-06-05 15:38:07,268 - DEBUG - Starting new HTTPS connection (1): chuck.amperity.com:443
2025-06-05 15:38:07,345 - DEBUG - https://chuck.amperity.com:443 "POST /api/usage HTTP/1.1" 204 0
2025-06-05 15:38:07,346 - DEBUG - Failed to send metrics: 204 - 
2025-06-05 15:38:07,382 - DEBUG - Sending metric: {"event": "USAGE", "configuration": {"workspace_url": "https://dbc-df998298-4c7e.cloud.databricks.co...
2025-06-05 15:38:07,384 - DEBUG - Starting new HTTPS connection (1): chuck.amperity.com:443
2025-06-05 15:38:07,447 - DEBUG - https://chuck.amperity.com:443 "POST /api/usage HTTP/1.1" 204 0
2025-06-05 15:38:07,448 - DEBUG - Failed to send metrics: 204 - 
2025-06-05 15:38:07,450 - DEBUG - Sending metric: {"event": "USAGE", "configuration": {"workspace_url": "https://dbc-df998298-4c7e.cloud.databricks.co...
2025-06-05 15:38:07,453 - DEBUG - Starting new HTTPS connection (1): chuck.amperity.com:443
2025-06-05 15:38:07,522 - DEBUG - https://chuck.amperity.com:443 "POST /api/usage HTTP/1.1" 204 0
2025-06-05 15:38:07,522 - DEBUG - Failed to send metrics: 204 - 
2025-06-05 15:38:07,525 - DEBUG - Sending metric: {"event": "USAGE", "configuration": {"workspace_url": "https://dbc-df998298-4c7e.cloud.databricks.co...
2025-06-05 15:38:07,528 - DEBUG - Starting new HTTPS connection (1): chuck.amperity.com:443
2025-06-05 15:38:07,598 - DEBUG - https://chuck.amperity.com:443 "POST /api/usage HTTP/1.1" 204 0
2025-06-05 15:38:07,598 - DEBUG - Failed to send metrics: 204 - 
2025-06-05 15:38:07,605 - INFO - Databricks token set successfully
2025-06-05 15:38:07,607 - INFO - Databricks token cleared
2025-06-05 15:38:07,607 - INFO - Amperity token cleared
2025-06-05 15:38:07,608 - INFO - Amperity token cleared
2025-06-05 15:38:07,609 - INFO - Databricks token cleared
2025-06-05 15:38:07,610 - INFO - Amperity token cleared
2025-06-05 15:38:07,621 - DEBUG - Bug report submitted successfully
2025-06-05 15:38:07,704 - ERROR - Error submitting bug report: Network error
Traceback (most recent call last):
  File "/Users/johnrush/repos/chuck-data/src/commands/bug.py", line 72, in handle_command
    success, message = amperity_client.submit_bug_report(payload, amperity_token)
                       ^^^^^^^^^^^^^^^^^^^^^^^^^^^^^^^^^^^^^^^^^^^^^^^^^^^^^^^^^^
  File "/Users/johnrush/repos/chuck-data/tests/commands/test_bug.py", line 115, in submit_bug_report
    raise Exception("Network error")
Exception: Network error
2025-06-05 15:38:07,706 - DEBUG - Loaded configuration from /var/folders/3f/2n5sjdw50vj9gfnrxjbptj4c0000gn/T/tmp7xuunbzg.json
2025-06-05 15:38:07,708 - DEBUG - Loaded configuration from /var/folders/3f/2n5sjdw50vj9gfnrxjbptj4c0000gn/T/tmphh2qchmh.json
2025-06-05 15:38:07,716 - DEBUG - Bug report submitted successfully
2025-06-05 15:38:07,717 - ERROR - Error saving config: [Errno 30] Read-only file system: '/invalid'
2025-06-05 15:38:07,718 - DEBUG - Saved configuration to /var/folders/3f/2n5sjdw50vj9gfnrxjbptj4c0000gn/T/tmpaca80kud/test_config.json
2025-06-05 15:38:07,720 - DEBUG - Saved configuration to /var/folders/3f/2n5sjdw50vj9gfnrxjbptj4c0000gn/T/tmpckmr2dsx/test_config.json
2025-06-05 15:38:07,720 - DEBUG - Loaded configuration from /var/folders/3f/2n5sjdw50vj9gfnrxjbptj4c0000gn/T/tmpckmr2dsx/test_config.json
2025-06-05 15:38:07,723 - DEBUG - Saved configuration to /var/folders/3f/2n5sjdw50vj9gfnrxjbptj4c0000gn/T/tmpm8vzxmk_/test_config.json
2025-06-05 15:38:07,723 - DEBUG - Loaded configuration from /var/folders/3f/2n5sjdw50vj9gfnrxjbptj4c0000gn/T/tmpm8vzxmk_/test_config.json
2025-06-05 15:38:07,726 - INFO - Cluster init script uploaded successfully to /Volumes/main/default/chuck/cluster_init-2025-06-02_14-30.sh
2025-06-05 15:38:07,730 - DEBUG - Volume 'chuck' not found in main.default. Attempting to create.
2025-06-05 15:38:07,730 - DEBUG - Volume 'chuck' created successfully.
2025-06-05 15:38:07,730 - INFO - Cluster init script uploaded successfully to /Volumes/main/default/chuck/cluster_init-2025-06-02_14-30.sh
2025-06-05 15:38:07,733 - DEBUG - Volume 'chuck' not found in main.default. Attempting to create.
2025-06-05 15:38:07,733 - DEBUG - Volume 'chuck' created successfully.
2025-06-05 15:38:07,733 - INFO - Cluster init script uploaded successfully to /Volumes/main/default/chuck/cluster_init-2025-06-02_14-30.sh
2025-06-05 15:38:07,734 - DEBUG - Volume 'chuck' not found in main.default. Attempting to create.
2025-06-05 15:38:07,735 - DEBUG - Volume 'chuck' not found in main.default. Attempting to create.
2025-06-05 15:38:07,739 - INFO - Cluster init script uploaded successfully to /Volumes/test_catalog/test_schema/chuck/cluster_init-2025-12-31_23-59.sh
2025-06-05 15:38:07,741 - ERROR - Error generating help: Test error
Traceback (most recent call last):
  File "/Users/johnrush/repos/chuck-data/src/commands/help.py", line 27, in handle_command
    user_commands = get_user_commands()
                    ^^^^^^^^^^^^^^^^^^^
  File "/usr/local/Cellar/python@3.11/3.11.4_1/Frameworks/Python.framework/Versions/3.11/lib/python3.11/unittest/mock.py", line 1124, in __call__
    return self._mock_call(*args, **kwargs)
           ^^^^^^^^^^^^^^^^^^^^^^^^^^^^^^^^
  File "/usr/local/Cellar/python@3.11/3.11.4_1/Frameworks/Python.framework/Versions/3.11/lib/python3.11/unittest/mock.py", line 1128, in _mock_call
    return self._execute_mock_call(*args, **kwargs)
           ^^^^^^^^^^^^^^^^^^^^^^^^^^^^^^^^^^^^^^^^
  File "/usr/local/Cellar/python@3.11/3.11.4_1/Frameworks/Python.framework/Versions/3.11/lib/python3.11/unittest/mock.py", line 1183, in _execute_mock_call
    raise effect
Exception: Test error
2025-06-05 15:38:07,744 - ERROR - Failed to get job status for run '999999': Not Found
Traceback (most recent call last):
  File "/Users/johnrush/repos/chuck-data/src/commands/jobs.py", line 67, in handle_job_status
    data = client.get_job_run_status(run_id_str)
           ^^^^^^^^^^^^^^^^^^^^^^^^^^^^^^^^^^^^^
  File "/Users/johnrush/repos/chuck-data/tests/commands/test_jobs.py", line 119, in get_job_run_status
    raise Exception("Not Found")
Exception: Not Found
2025-06-05 15:38:07,748 - ERROR - Failed to submit job: Bad Request
Traceback (most recent call last):
  File "/Users/johnrush/repos/chuck-data/src/commands/jobs.py", line 32, in handle_launch_job
    run_data = client.submit_job_run(
               ^^^^^^^^^^^^^^^^^^^^^^
  File "/Users/johnrush/repos/chuck-data/tests/commands/test_jobs.py", line 70, in submit_job_run
    raise Exception("Bad Request")
Exception: Bad Request
2025-06-05 15:38:07,751 - ERROR - Failed to launch job, no run_id: {}
2025-06-05 15:38:07,754 - ERROR - Error listing catalogs: API error
2025-06-05 15:38:07,760 - DEBUG - Saved configuration to /var/folders/3f/2n5sjdw50vj9gfnrxjbptj4c0000gn/T/tmp343ftlzg/test_config.json
2025-06-05 15:38:07,760 - DEBUG - Loaded configuration from /var/folders/3f/2n5sjdw50vj9gfnrxjbptj4c0000gn/T/tmp343ftlzg/test_config.json
2025-06-05 15:38:07,761 - DEBUG - Saved configuration to /var/folders/3f/2n5sjdw50vj9gfnrxjbptj4c0000gn/T/tmpyyj5v11q/test_config.json
2025-06-05 15:38:07,762 - DEBUG - Loaded configuration from /var/folders/3f/2n5sjdw50vj9gfnrxjbptj4c0000gn/T/tmpyyj5v11q/test_config.json
2025-06-05 15:38:07,764 - DEBUG - Saved configuration to /var/folders/3f/2n5sjdw50vj9gfnrxjbptj4c0000gn/T/tmpid_iuro2/test_config.json
2025-06-05 15:38:07,764 - DEBUG - Loaded configuration from /var/folders/3f/2n5sjdw50vj9gfnrxjbptj4c0000gn/T/tmpid_iuro2/test_config.json
2025-06-05 15:38:07,765 - ERROR - Failed to list models: API error
Traceback (most recent call last):
  File "/Users/johnrush/repos/chuck-data/src/commands/list_models.py", line 31, in handle_command
    models_list = list_models_api(client)
                  ^^^^^^^^^^^^^^^^^^^^^^^
  File "/Users/johnrush/repos/chuck-data/src/models.py", line 19, in list_models
    return client.list_models()
           ^^^^^^^^^^^^^^^^^^^^
  File "/Users/johnrush/repos/chuck-data/tests/commands/test_list_models.py", line 112, in list_models
    raise Exception("API error")
Exception: API error
2025-06-05 15:38:07,768 - ERROR - Error listing tables: API error
2025-06-05 15:38:07,771 - DEBUG - Saved configuration to /var/folders/3f/2n5sjdw50vj9gfnrxjbptj4c0000gn/T/tmpg56laj_w/test_config.json
2025-06-05 15:38:07,771 - DEBUG - Loaded configuration from /var/folders/3f/2n5sjdw50vj9gfnrxjbptj4c0000gn/T/tmpg56laj_w/test_config.json
2025-06-05 15:38:07,771 - DEBUG - Loaded configuration from /var/folders/3f/2n5sjdw50vj9gfnrxjbptj4c0000gn/T/tmpg56laj_w/test_config.json
2025-06-05 15:38:07,774 - DEBUG - Saved configuration to /var/folders/3f/2n5sjdw50vj9gfnrxjbptj4c0000gn/T/tmpfcn77b8g/test_config.json
2025-06-05 15:38:07,774 - DEBUG - Loaded configuration from /var/folders/3f/2n5sjdw50vj9gfnrxjbptj4c0000gn/T/tmpfcn77b8g/test_config.json
2025-06-05 15:38:07,774 - DEBUG - Saved configuration to /var/folders/3f/2n5sjdw50vj9gfnrxjbptj4c0000gn/T/tmpfcn77b8g/test_config.json
2025-06-05 15:38:07,774 - DEBUG - Loaded configuration from /var/folders/3f/2n5sjdw50vj9gfnrxjbptj4c0000gn/T/tmpfcn77b8g/test_config.json
2025-06-05 15:38:07,774 - DEBUG - Loaded configuration from /var/folders/3f/2n5sjdw50vj9gfnrxjbptj4c0000gn/T/tmpfcn77b8g/test_config.json
2025-06-05 15:38:07,777 - ERROR - Error fetching warehouses: API connection error
2025-06-05 15:38:07,784 - ERROR - Failed to set model 'claude-v1': API error
Traceback (most recent call last):
  File "/Users/johnrush/repos/chuck-data/src/commands/model_selection.py", line 28, in handle_command
    models_list = list_models_api(client)
                  ^^^^^^^^^^^^^^^^^^^^^^^
  File "/Users/johnrush/repos/chuck-data/src/models.py", line 19, in list_models
    return client.list_models()
           ^^^^^^^^^^^^^^^^^^^^
  File "/Users/johnrush/repos/chuck-data/tests/commands/test_model_selection.py", line 79, in list_models
    raise Exception("API error")
Exception: API error
2025-06-05 15:38:07,786 - DEBUG - Saved configuration to /var/folders/3f/2n5sjdw50vj9gfnrxjbptj4c0000gn/T/tmpw5bofkl5/test_config.json
2025-06-05 15:38:07,786 - DEBUG - Loaded configuration from /var/folders/3f/2n5sjdw50vj9gfnrxjbptj4c0000gn/T/tmpw5bofkl5/test_config.json
2025-06-05 15:38:07,788 - DEBUG - Saved configuration to /var/folders/3f/2n5sjdw50vj9gfnrxjbptj4c0000gn/T/tmpzm41qudo/test_config.json
2025-06-05 15:38:07,788 - DEBUG - Loaded configuration from /var/folders/3f/2n5sjdw50vj9gfnrxjbptj4c0000gn/T/tmpzm41qudo/test_config.json
2025-06-05 15:38:07,789 - DEBUG - Saved configuration to /var/folders/3f/2n5sjdw50vj9gfnrxjbptj4c0000gn/T/tmpd461n473/test_config.json
2025-06-05 15:38:07,790 - DEBUG - Loaded configuration from /var/folders/3f/2n5sjdw50vj9gfnrxjbptj4c0000gn/T/tmpd461n473/test_config.json
2025-06-05 15:38:07,793 - DEBUG - Saved configuration to /var/folders/3f/2n5sjdw50vj9gfnrxjbptj4c0000gn/T/tmpak4ejnrm/test_config.json
2025-06-05 15:38:07,793 - DEBUG - Loaded configuration from /var/folders/3f/2n5sjdw50vj9gfnrxjbptj4c0000gn/T/tmpak4ejnrm/test_config.json
2025-06-05 15:38:07,798 - INFO - Starting PII Scan for 2 tables in test_cat.test_schema.
2025-06-05 15:38:07,804 - ERROR - Bulk PII scan error: LLM client error
Traceback (most recent call last):
  File "/Users/johnrush/repos/chuck-data/src/commands/scan_pii.py", line 46, in handle_command
    llm_client = LLMClient()
                 ^^^^^^^^^^^
  File "/usr/local/Cellar/python@3.11/3.11.4_1/Frameworks/Python.framework/Versions/3.11/lib/python3.11/unittest/mock.py", line 1124, in __call__
    return self._mock_call(*args, **kwargs)
           ^^^^^^^^^^^^^^^^^^^^^^^^^^^^^^^^
  File "/usr/local/Cellar/python@3.11/3.11.4_1/Frameworks/Python.framework/Versions/3.11/lib/python3.11/unittest/mock.py", line 1128, in _mock_call
    return self._execute_mock_call(*args, **kwargs)
           ^^^^^^^^^^^^^^^^^^^^^^^^^^^^^^^^^^^^^^^^
  File "/usr/local/Cellar/python@3.11/3.11.4_1/Frameworks/Python.framework/Versions/3.11/lib/python3.11/unittest/mock.py", line 1183, in _execute_mock_call
    raise effect
Exception: LLM client error
2025-06-05 15:38:07,811 - DEBUG - Saved configuration to /var/folders/3f/2n5sjdw50vj9gfnrxjbptj4c0000gn/T/tmp_hoj432m/test_config.json
2025-06-05 15:38:07,811 - DEBUG - Loaded configuration from /var/folders/3f/2n5sjdw50vj9gfnrxjbptj4c0000gn/T/tmp_hoj432m/test_config.json
2025-06-05 15:38:07,811 - DEBUG - Loaded configuration from /var/folders/3f/2n5sjdw50vj9gfnrxjbptj4c0000gn/T/tmp_hoj432m/test_config.json
2025-06-05 15:38:07,811 - DEBUG - Saved configuration to /var/folders/3f/2n5sjdw50vj9gfnrxjbptj4c0000gn/T/tmp_hoj432m/test_config.json
2025-06-05 15:38:07,813 - DEBUG - Saved configuration to /var/folders/3f/2n5sjdw50vj9gfnrxjbptj4c0000gn/T/tmphkz23_jb/test_config.json
2025-06-05 15:38:07,813 - DEBUG - Loaded configuration from /var/folders/3f/2n5sjdw50vj9gfnrxjbptj4c0000gn/T/tmphkz23_jb/test_config.json
2025-06-05 15:38:07,813 - DEBUG - Loaded configuration from /var/folders/3f/2n5sjdw50vj9gfnrxjbptj4c0000gn/T/tmphkz23_jb/test_config.json
2025-06-05 15:38:07,813 - DEBUG - Saved configuration to /var/folders/3f/2n5sjdw50vj9gfnrxjbptj4c0000gn/T/tmphkz23_jb/test_config.json
2025-06-05 15:38:07,813 - DEBUG - Loaded configuration from /var/folders/3f/2n5sjdw50vj9gfnrxjbptj4c0000gn/T/tmphkz23_jb/test_config.json
2025-06-05 15:38:07,815 - DEBUG - Saved configuration to /var/folders/3f/2n5sjdw50vj9gfnrxjbptj4c0000gn/T/tmpx86gm2t9/test_config.json
2025-06-05 15:38:07,815 - DEBUG - Loaded configuration from /var/folders/3f/2n5sjdw50vj9gfnrxjbptj4c0000gn/T/tmpx86gm2t9/test_config.json
2025-06-05 15:38:07,815 - DEBUG - Loaded configuration from /var/folders/3f/2n5sjdw50vj9gfnrxjbptj4c0000gn/T/tmpx86gm2t9/test_config.json
2025-06-05 15:38:07,815 - DEBUG - Saved configuration to /var/folders/3f/2n5sjdw50vj9gfnrxjbptj4c0000gn/T/tmpx86gm2t9/test_config.json
2025-06-05 15:38:07,816 - DEBUG - Loaded configuration from /var/folders/3f/2n5sjdw50vj9gfnrxjbptj4c0000gn/T/tmpx86gm2t9/test_config.json
2025-06-05 15:38:07,820 - DEBUG - Sending metric: {"event": "USAGE", "configuration": {"workspace_url": "https://dbc-df998298-4c7e.cloud.databricks.co...
2025-06-05 15:38:07,822 - DEBUG - Starting new HTTPS connection (1): chuck.amperity.com:443
2025-06-05 15:38:07,888 - DEBUG - https://chuck.amperity.com:443 "POST /api/usage HTTP/1.1" 204 0
2025-06-05 15:38:07,888 - DEBUG - Failed to send metrics: 204 - 
2025-06-05 15:38:07,890 - ERROR - Stitch setup error: LLM client error
Traceback (most recent call last):
  File "/Users/johnrush/repos/chuck-data/src/commands/setup_stitch.py", line 111, in handle_command
    return _phase_1_prepare_config(
           ^^^^^^^^^^^^^^^^^^^^^^^^
  File "/Users/johnrush/repos/chuck-data/src/commands/setup_stitch.py", line 273, in _phase_1_prepare_config
    llm_client = LLMClient()
                 ^^^^^^^^^^^
  File "/usr/local/Cellar/python@3.11/3.11.4_1/Frameworks/Python.framework/Versions/3.11/lib/python3.11/unittest/mock.py", line 1124, in __call__
    return self._mock_call(*args, **kwargs)
           ^^^^^^^^^^^^^^^^^^^^^^^^^^^^^^^^
  File "/usr/local/Cellar/python@3.11/3.11.4_1/Frameworks/Python.framework/Versions/3.11/lib/python3.11/unittest/mock.py", line 1128, in _mock_call
    return self._execute_mock_call(*args, **kwargs)
           ^^^^^^^^^^^^^^^^^^^^^^^^^^^^^^^^^^^^^^^^
  File "/usr/local/Cellar/python@3.11/3.11.4_1/Frameworks/Python.framework/Versions/3.11/lib/python3.11/unittest/mock.py", line 1183, in _execute_mock_call
    raise effect
Exception: LLM client error
2025-06-05 15:38:07,899 - DEBUG - GET request to: https://.cloud.databricks.com/api/2.0/preview/scim/v2/Me
2025-06-05 15:38:07,899 - DEBUG - Connection error: URL has an invalid label.
2025-06-05 15:38:07,899 - DEBUG - Token validation failed: Connection error occurred: URL has an invalid label.
2025-06-05 15:38:07,902 - ERROR - Error validating token: Connection failed
2025-06-05 15:38:07,906 - DEBUG - GET request to: https://invalid-workspace.nonexistent.com.cloud.databricks.com/api/2.0/preview/scim/v2/Me
2025-06-05 15:38:07,947 - DEBUG - Starting new HTTPS connection (1): invalid-workspace.nonexistent.com.cloud.databricks.com:443
2025-06-05 15:38:07,949 - DEBUG - Connection error: HTTPSConnectionPool(host='invalid-workspace.nonexistent.com.cloud.databricks.com', port=443): Max retries exceeded with url: /api/2.0/preview/scim/v2/Me (Caused by NameResolutionError("<urllib3.connection.HTTPSConnection object at 0x1126ef610>: Failed to resolve 'invalid-workspace.nonexistent.com.cloud.databricks.com' ([Errno 8] nodename nor servname provided, or not known)"))
2025-06-05 15:38:07,949 - DEBUG - Token validation failed: Connection error occurred: HTTPSConnectionPool(host='invalid-workspace.nonexistent.com.cloud.databricks.com', port=443): Max retries exceeded with url: /api/2.0/preview/scim/v2/Me (Caused by NameResolutionError("<urllib3.connection.HTTPSConnection object at 0x1126ef610>: Failed to resolve 'invalid-workspace.nonexistent.com.cloud.databricks.com' ([Errno 8] nodename nor servname provided, or not known)"))
2025-06-05 15:38:08,054 - DEBUG - GET request to: https://invalid.nonexistent.com.cloud.databricks.com/api/2.0/preview/scim/v2/Me
2025-06-05 15:38:08,088 - DEBUG - Starting new HTTPS connection (1): invalid.nonexistent.com.cloud.databricks.com:443
2025-06-05 15:38:08,090 - DEBUG - Connection error: HTTPSConnectionPool(host='invalid.nonexistent.com.cloud.databricks.com', port=443): Max retries exceeded with url: /api/2.0/preview/scim/v2/Me (Caused by NameResolutionError("<urllib3.connection.HTTPSConnection object at 0x112a03610>: Failed to resolve 'invalid.nonexistent.com.cloud.databricks.com' ([Errno 8] nodename nor servname provided, or not known)"))
2025-06-05 15:38:08,090 - DEBUG - Token validation failed: Connection error occurred: HTTPSConnectionPool(host='invalid.nonexistent.com.cloud.databricks.com', port=443): Max retries exceeded with url: /api/2.0/preview/scim/v2/Me (Caused by NameResolutionError("<urllib3.connection.HTTPSConnection object at 0x112a03610>: Failed to resolve 'invalid.nonexistent.com.cloud.databricks.com' ([Errno 8] nodename nor servname provided, or not known)"))
2025-06-05 15:38:08,091 - ERROR - Error validating token: Validation failed
2025-06-05 15:38:08,202 - ERROR - Error validating token: Connection failed
2025-06-05 15:38:08,235 - ERROR - Error validating token: Network error with secret details
2025-06-05 15:38:08,270 - ERROR - Error validating token: Connection error: Failed to resolve 'workspace123.cloud.databricks.com'
2025-06-05 15:38:08,279 - ERROR - Error fetching Amperity init script: API Error
Traceback (most recent call last):
  File "/Users/johnrush/repos/chuck-data/src/commands/stitch_tools.py", line 179, in _helper_prepare_stitch_config
    init_script_data = client.fetch_amperity_job_init(amperity_token)
                       ^^^^^^^^^^^^^^^^^^^^^^^^^^^^^^^^^^^^^^^^^^^^^^
  File "/usr/local/Cellar/python@3.11/3.11.4_1/Frameworks/Python.framework/Versions/3.11/lib/python3.11/unittest/mock.py", line 1124, in __call__
    return self._mock_call(*args, **kwargs)
           ^^^^^^^^^^^^^^^^^^^^^^^^^^^^^^^^
  File "/usr/local/Cellar/python@3.11/3.11.4_1/Frameworks/Python.framework/Versions/3.11/lib/python3.11/unittest/mock.py", line 1128, in _mock_call
    return self._execute_mock_call(*args, **kwargs)
           ^^^^^^^^^^^^^^^^^^^^^^^^^^^^^^^^^^^^^^^^
  File "/usr/local/Cellar/python@3.11/3.11.4_1/Frameworks/Python.framework/Versions/3.11/lib/python3.11/unittest/mock.py", line 1183, in _execute_mock_call
    raise effect
Exception: API Error
2025-06-05 15:38:08,286 - DEBUG - Versioned cluster init script uploaded to /Volumes/test_catalog/test_schema/chuck/cluster_init-2025-06-02_14-30.sh
2025-06-05 15:38:08,288 - DEBUG - Versioned cluster init script uploaded to /Volumes/test_catalog/test_schema/chuck/cluster_init-2025-06-02_14-30.sh
2025-06-05 15:38:08,291 - DEBUG - Volume 'chuck' not found in test_catalog.test_schema. Attempting to create.
2025-06-05 15:38:08,300 - DEBUG - Saved configuration to /var/folders/3f/2n5sjdw50vj9gfnrxjbptj4c0000gn/T/tmp0k3bozbg/test_config.json
2025-06-05 15:38:08,300 - DEBUG - Loaded configuration from /var/folders/3f/2n5sjdw50vj9gfnrxjbptj4c0000gn/T/tmp0k3bozbg/test_config.json
2025-06-05 15:38:08,301 - DEBUG - Loaded configuration from /var/folders/3f/2n5sjdw50vj9gfnrxjbptj4c0000gn/T/tmp0k3bozbg/test_config.json
2025-06-05 15:38:08,301 - DEBUG - Loaded configuration from /var/folders/3f/2n5sjdw50vj9gfnrxjbptj4c0000gn/T/tmp0k3bozbg/test_config.json
2025-06-05 15:38:08,303 - DEBUG - Saved configuration to /var/folders/3f/2n5sjdw50vj9gfnrxjbptj4c0000gn/T/tmpkmxj4k5w/test_config.json
2025-06-05 15:38:08,303 - DEBUG - Loaded configuration from /var/folders/3f/2n5sjdw50vj9gfnrxjbptj4c0000gn/T/tmpkmxj4k5w/test_config.json
2025-06-05 15:38:08,303 - DEBUG - Saved configuration to /var/folders/3f/2n5sjdw50vj9gfnrxjbptj4c0000gn/T/tmpkmxj4k5w/test_config.json
2025-06-05 15:38:08,303 - DEBUG - Loaded configuration from /var/folders/3f/2n5sjdw50vj9gfnrxjbptj4c0000gn/T/tmpkmxj4k5w/test_config.json
2025-06-05 15:38:08,304 - DEBUG - Saved configuration to /var/folders/3f/2n5sjdw50vj9gfnrxjbptj4c0000gn/T/tmpkmxj4k5w/test_config.json
2025-06-05 15:38:08,304 - DEBUG - Loaded configuration from /var/folders/3f/2n5sjdw50vj9gfnrxjbptj4c0000gn/T/tmpkmxj4k5w/test_config.json
2025-06-05 15:38:08,304 - DEBUG - Loaded configuration from /var/folders/3f/2n5sjdw50vj9gfnrxjbptj4c0000gn/T/tmpkmxj4k5w/test_config.json
2025-06-05 15:38:08,304 - DEBUG - Loaded configuration from /var/folders/3f/2n5sjdw50vj9gfnrxjbptj4c0000gn/T/tmpkmxj4k5w/test_config.json
2025-06-05 15:38:08,305 - INFO - Applying tag 'email' to column 'email_col'
2025-06-05 15:38:08,305 - INFO - Applying tag 'given-name' to column 'name_col'
2025-06-05 15:38:08,306 - INFO - Applying tag 'phone' to column 'good_col'
2025-06-05 15:38:08,307 - INFO - Applying tag 'email' to column 'email_col'
2025-06-05 15:38:08,309 - INFO - Applying tag 'email' to column 'email_col'
2025-06-05 15:38:08,309 - ERROR - Error applying tag to email_col: Connection error
2025-06-05 15:38:08,313 - DEBUG - Saved configuration to /var/folders/3f/2n5sjdw50vj9gfnrxjbptj4c0000gn/T/tmp0ocaieye/test_config.json
2025-06-05 15:38:08,314 - DEBUG - Loaded configuration from /var/folders/3f/2n5sjdw50vj9gfnrxjbptj4c0000gn/T/tmp0ocaieye/test_config.json
2025-06-05 15:38:08,324 - ERROR - Failed to set workspace URL: Validation error
Traceback (most recent call last):
  File "/Users/johnrush/repos/chuck-data/src/commands/workspace_selection.py", line 37, in handle_command
    is_valid, error_message = validate_workspace_url(workspace_url)
                              ^^^^^^^^^^^^^^^^^^^^^^^^^^^^^^^^^^^^^
  File "/usr/local/Cellar/python@3.11/3.11.4_1/Frameworks/Python.framework/Versions/3.11/lib/python3.11/unittest/mock.py", line 1124, in __call__
    return self._mock_call(*args, **kwargs)
           ^^^^^^^^^^^^^^^^^^^^^^^^^^^^^^^^
  File "/usr/local/Cellar/python@3.11/3.11.4_1/Frameworks/Python.framework/Versions/3.11/lib/python3.11/unittest/mock.py", line 1128, in _mock_call
    return self._execute_mock_call(*args, **kwargs)
           ^^^^^^^^^^^^^^^^^^^^^^^^^^^^^^^^^^^^^^^^
  File "/usr/local/Cellar/python@3.11/3.11.4_1/Frameworks/Python.framework/Versions/3.11/lib/python3.11/unittest/mock.py", line 1183, in _execute_mock_call
    raise effect
Exception: Validation error
