2025-06-06 01:28:55,751 - DEBUG - Logging initialized. Writing to /Users/johnrush/repos/chuck-data/log/sessions/2025-06-06_01-28-55.log
2025-06-06 01:28:55,755 - DEBUG - HTTP error: HTTP 401, Response: {"status":401,"message":"Unauthorized"}
2025-06-06 01:28:55,756 - DEBUG - GET request to: https://test-workspace.cloud.databricks.com/test-endpoint
2025-06-06 01:28:55,756 - DEBUG - Connection error: Connection failed
2025-06-06 01:28:55,757 - DEBUG - GET request to: https://test-workspace.cloud.databricks.com/test-endpoint
2025-06-06 01:28:55,757 - DEBUG - HTTP error: HTTP 404, Response: Not Found
2025-06-06 01:28:55,759 - DEBUG - GET request to: https://test-workspace.cloud.databricks.com/test-endpoint
2025-06-06 01:28:55,760 - DEBUG - POST request to: https://test-workspace.cloud.databricks.com/test-endpoint
2025-06-06 01:28:55,760 - DEBUG - Connection error: Connection failed
2025-06-06 01:28:55,761 - DEBUG - POST request to: https://test-workspace.cloud.databricks.com/test-endpoint
2025-06-06 01:28:55,761 - DEBUG - HTTP error: HTTP 400, Response: Bad Request
2025-06-06 01:28:55,762 - DEBUG - POST request to: https://test-workspace.cloud.databricks.com/test-endpoint
2025-06-06 01:28:55,778 - ERROR - Error fetching warehouses: 'str' object has no attribute 'get'
2025-06-06 01:28:55,814 - ERROR - Error listing catalogs: Database connection failed
2025-06-06 01:28:55,817 - ERROR - Error listing schemas: Network error
2025-06-06 01:28:55,919 - ERROR - Error fetching warehouses: 'str' object has no attribute 'get'
2025-06-06 01:28:55,926 - DEBUG - Saved configuration to /var/folders/3f/2n5sjdw50vj9gfnrxjbptj4c0000gn/T/tmpqcyk6mqy/test_config.json
2025-06-06 01:28:55,926 - DEBUG - Loaded configuration from /var/folders/3f/2n5sjdw50vj9gfnrxjbptj4c0000gn/T/tmpqcyk6mqy/test_config.json
2025-06-06 01:28:55,927 - DEBUG - Loaded configuration from /var/folders/3f/2n5sjdw50vj9gfnrxjbptj4c0000gn/T/tmpqcyk6mqy/test_config.json
2025-06-06 01:28:55,927 - DEBUG - Saved configuration to /var/folders/3f/2n5sjdw50vj9gfnrxjbptj4c0000gn/T/tmpqcyk6mqy/test_config.json
2025-06-06 01:28:55,927 - DEBUG - Loaded configuration from /var/folders/3f/2n5sjdw50vj9gfnrxjbptj4c0000gn/T/tmpqcyk6mqy/test_config.json
2025-06-06 01:28:55,927 - DEBUG - Saved configuration to /var/folders/3f/2n5sjdw50vj9gfnrxjbptj4c0000gn/T/tmpqcyk6mqy/test_config.json
2025-06-06 01:28:55,928 - DEBUG - Loaded configuration from /var/folders/3f/2n5sjdw50vj9gfnrxjbptj4c0000gn/T/tmpqcyk6mqy/test_config.json
2025-06-06 01:28:55,928 - DEBUG - Saved configuration to /var/folders/3f/2n5sjdw50vj9gfnrxjbptj4c0000gn/T/tmpqcyk6mqy/test_config.json
2025-06-06 01:28:55,928 - DEBUG - Loaded configuration from /var/folders/3f/2n5sjdw50vj9gfnrxjbptj4c0000gn/T/tmpqcyk6mqy/test_config.json
2025-06-06 01:28:55,929 - DEBUG - Saved configuration to /var/folders/3f/2n5sjdw50vj9gfnrxjbptj4c0000gn/T/tmpqcyk6mqy/test_config.json
2025-06-06 01:28:55,929 - DEBUG - Loaded configuration from /var/folders/3f/2n5sjdw50vj9gfnrxjbptj4c0000gn/T/tmpqcyk6mqy/test_config.json
2025-06-06 01:28:55,929 - DEBUG - Loaded configuration from /var/folders/3f/2n5sjdw50vj9gfnrxjbptj4c0000gn/T/tmpqcyk6mqy/test_config.json
2025-06-06 01:28:55,929 - DEBUG - Loaded configuration from /var/folders/3f/2n5sjdw50vj9gfnrxjbptj4c0000gn/T/tmpqcyk6mqy/test_config.json
2025-06-06 01:28:55,929 - DEBUG - Loaded configuration from /var/folders/3f/2n5sjdw50vj9gfnrxjbptj4c0000gn/T/tmpqcyk6mqy/test_config.json
2025-06-06 01:28:55,929 - DEBUG - Loaded configuration from /var/folders/3f/2n5sjdw50vj9gfnrxjbptj4c0000gn/T/tmpqcyk6mqy/test_config.json
2025-06-06 01:28:55,931 - DEBUG - Saved configuration to /var/folders/3f/2n5sjdw50vj9gfnrxjbptj4c0000gn/T/tmplb_dgw95/test_config.json
2025-06-06 01:28:55,931 - DEBUG - Loaded configuration from /var/folders/3f/2n5sjdw50vj9gfnrxjbptj4c0000gn/T/tmplb_dgw95/test_config.json
2025-06-06 01:28:55,933 - DEBUG - Saved configuration to /var/folders/3f/2n5sjdw50vj9gfnrxjbptj4c0000gn/T/tmpwzztz42r/test_config.json
2025-06-06 01:28:55,933 - DEBUG - Loaded configuration from /var/folders/3f/2n5sjdw50vj9gfnrxjbptj4c0000gn/T/tmpwzztz42r/test_config.json
2025-06-06 01:28:55,935 - DEBUG - Saved configuration to /var/folders/3f/2n5sjdw50vj9gfnrxjbptj4c0000gn/T/tmpv9jmofsk/test_config.json
2025-06-06 01:28:55,935 - DEBUG - Loaded configuration from /var/folders/3f/2n5sjdw50vj9gfnrxjbptj4c0000gn/T/tmpv9jmofsk/test_config.json
2025-06-06 01:28:55,935 - DEBUG - Loaded configuration from /var/folders/3f/2n5sjdw50vj9gfnrxjbptj4c0000gn/T/tmpv9jmofsk/test_config.json
2025-06-06 01:28:55,935 - DEBUG - Saved configuration to /var/folders/3f/2n5sjdw50vj9gfnrxjbptj4c0000gn/T/tmpv9jmofsk/test_config.json
2025-06-06 01:28:55,936 - DEBUG - Loaded configuration from /var/folders/3f/2n5sjdw50vj9gfnrxjbptj4c0000gn/T/tmpv9jmofsk/test_config.json
2025-06-06 01:28:55,936 - DEBUG - Loaded configuration from /var/folders/3f/2n5sjdw50vj9gfnrxjbptj4c0000gn/T/tmpv9jmofsk/test_config.json
2025-06-06 01:28:55,939 - DEBUG - Saved configuration to /var/folders/3f/2n5sjdw50vj9gfnrxjbptj4c0000gn/T/tmp9nhaemws/test_config.json
2025-06-06 01:28:55,939 - DEBUG - Loaded configuration from /var/folders/3f/2n5sjdw50vj9gfnrxjbptj4c0000gn/T/tmp9nhaemws/test_config.json
2025-06-06 01:28:55,939 - DEBUG - Loaded configuration from /var/folders/3f/2n5sjdw50vj9gfnrxjbptj4c0000gn/T/tmp9nhaemws/test_config.json
2025-06-06 01:28:55,939 - DEBUG - Saved configuration to /var/folders/3f/2n5sjdw50vj9gfnrxjbptj4c0000gn/T/tmp9nhaemws/test_config.json
2025-06-06 01:28:55,940 - DEBUG - Loaded configuration from /var/folders/3f/2n5sjdw50vj9gfnrxjbptj4c0000gn/T/tmp9nhaemws/test_config.json
2025-06-06 01:28:55,940 - DEBUG - Saved configuration to /var/folders/3f/2n5sjdw50vj9gfnrxjbptj4c0000gn/T/tmp9nhaemws/test_config.json
2025-06-06 01:28:55,940 - DEBUG - Loaded configuration from /var/folders/3f/2n5sjdw50vj9gfnrxjbptj4c0000gn/T/tmp9nhaemws/test_config.json
2025-06-06 01:28:55,940 - DEBUG - Saved configuration to /var/folders/3f/2n5sjdw50vj9gfnrxjbptj4c0000gn/T/tmp9nhaemws/test_config.json
2025-06-06 01:28:55,940 - DEBUG - Loaded configuration from /var/folders/3f/2n5sjdw50vj9gfnrxjbptj4c0000gn/T/tmp9nhaemws/test_config.json
2025-06-06 01:28:55,941 - DEBUG - Saved configuration to /var/folders/3f/2n5sjdw50vj9gfnrxjbptj4c0000gn/T/tmp9nhaemws/test_config.json
2025-06-06 01:28:55,941 - DEBUG - Loaded configuration from /var/folders/3f/2n5sjdw50vj9gfnrxjbptj4c0000gn/T/tmp9nhaemws/test_config.json
2025-06-06 01:28:55,941 - DEBUG - Using workspace_url from environment variable CHUCK_WORKSPACE_URL
2025-06-06 01:28:55,941 - DEBUG - Using active_model from environment variable CHUCK_ACTIVE_MODEL
2025-06-06 01:28:55,941 - DEBUG - Using warehouse_id from environment variable CHUCK_WAREHOUSE_ID
2025-06-06 01:28:55,941 - DEBUG - Using active_catalog from environment variable CHUCK_ACTIVE_CATALOG
2025-06-06 01:28:55,941 - DEBUG - Using active_schema from environment variable CHUCK_ACTIVE_SCHEMA
2025-06-06 01:28:55,941 - DEBUG - Using usage_tracking_consent from environment variable CHUCK_USAGE_TRACKING_CONSENT
2025-06-06 01:28:55,941 - DEBUG - Loaded configuration from /var/folders/3f/2n5sjdw50vj9gfnrxjbptj4c0000gn/T/tmp9nhaemws/test_config.json
2025-06-06 01:28:55,943 - DEBUG - Saved configuration to /var/folders/3f/2n5sjdw50vj9gfnrxjbptj4c0000gn/T/tmp67zqor3h/test_config.json
2025-06-06 01:28:55,943 - DEBUG - Loaded configuration from /var/folders/3f/2n5sjdw50vj9gfnrxjbptj4c0000gn/T/tmp67zqor3h/test_config.json
2025-06-06 01:28:55,943 - DEBUG - Loaded configuration from /var/folders/3f/2n5sjdw50vj9gfnrxjbptj4c0000gn/T/tmp67zqor3h/test_config.json
2025-06-06 01:28:55,943 - WARNING - Invalid workspace_url provided, using default instead
2025-06-06 01:28:55,944 - DEBUG - Saved configuration to /var/folders/3f/2n5sjdw50vj9gfnrxjbptj4c0000gn/T/tmp67zqor3h/test_config.json
2025-06-06 01:28:55,944 - DEBUG - Loaded configuration from /var/folders/3f/2n5sjdw50vj9gfnrxjbptj4c0000gn/T/tmp67zqor3h/test_config.json
2025-06-06 01:28:55,944 - DEBUG - Loaded configuration from /var/folders/3f/2n5sjdw50vj9gfnrxjbptj4c0000gn/T/tmp67zqor3h/test_config.json
2025-06-06 01:28:55,944 - DEBUG - Saved configuration to /var/folders/3f/2n5sjdw50vj9gfnrxjbptj4c0000gn/T/tmp67zqor3h/test_config.json
2025-06-06 01:28:55,944 - DEBUG - Loaded configuration from /var/folders/3f/2n5sjdw50vj9gfnrxjbptj4c0000gn/T/tmp67zqor3h/test_config.json
2025-06-06 01:28:55,946 - DEBUG - Using workspace_url from environment variable CHUCK_WORKSPACE_URL
2025-06-06 01:28:55,946 - DEBUG - Using workspace_url from environment variable CHUCK_WORKSPACE_URL
2025-06-06 01:28:55,946 - DEBUG - Using active_model from environment variable CHUCK_ACTIVE_MODEL
2025-06-06 01:28:55,946 - DEBUG - Using amperity_token from environment variable CHUCK_AMPERITY_TOKEN
2025-06-06 01:28:55,946 - DEBUG - Using databricks_token from environment variable CHUCK_DATABRICKS_TOKEN
2025-06-06 01:28:55,947 - DEBUG - Saved configuration to /var/folders/3f/2n5sjdw50vj9gfnrxjbptj4c0000gn/T/tmpy3mlvr9f/test_config.json
2025-06-06 01:28:55,947 - DEBUG - Loaded configuration from /var/folders/3f/2n5sjdw50vj9gfnrxjbptj4c0000gn/T/tmpy3mlvr9f/test_config.json
2025-06-06 01:28:55,949 - DEBUG - Saved configuration to /var/folders/3f/2n5sjdw50vj9gfnrxjbptj4c0000gn/T/tmp19qt9bkj/test_config.json
2025-06-06 01:28:55,961 - DEBUG - GET request to: https://adb-3856707039489412.12.azuredatabricks.net/test-endpoint
2025-06-06 01:28:55,965 - DEBUG - GET request to: https://test-workspace.cloud.databricks.com/test-endpoint
2025-06-06 01:28:55,965 - DEBUG - Connection error: Connection failed
2025-06-06 01:28:55,966 - DEBUG - GET request to: https://test-workspace.cloud.databricks.com/test-endpoint
2025-06-06 01:28:55,966 - DEBUG - HTTP error: HTTP 404, Response: Not Found
2025-06-06 01:28:55,968 - WARNING - Model 'nonexistent-model' not found
2025-06-06 01:28:55,969 - DEBUG - GET request to: https://test-workspace.cloud.databricks.com/test-endpoint
2025-06-06 01:28:55,975 - DEBUG - POST request to: https://test-workspace.cloud.databricks.com/test-endpoint
2025-06-06 01:28:55,975 - DEBUG - Connection error: Connection failed
2025-06-06 01:28:55,977 - DEBUG - POST request to: https://test-workspace.cloud.databricks.com/test-endpoint
2025-06-06 01:28:55,977 - DEBUG - HTTP error: HTTP 400, Response: Bad Request
2025-06-06 01:28:55,978 - DEBUG - POST request to: https://test-workspace.cloud.databricks.com/test-endpoint
2025-06-06 01:28:55,980 - DEBUG - File upload request to: https://test-workspace.cloud.databricks.com/api/2.0/fs/files/test/path.txt
2025-06-06 01:28:55,982 - DEBUG - File upload request to: https://test-workspace.cloud.databricks.com/api/2.0/fs/files/test/path.txt
2025-06-06 01:28:55,983 - DEBUG - Token validation failed: Token validation failed
2025-06-06 01:28:55,989 - ERROR - Error listing catalogs: Random failure 3
2025-06-06 01:28:55,992 - ERROR - Error listing catalogs: Random failure 6
2025-06-06 01:28:55,994 - ERROR - Error listing catalogs: Random failure 9
2025-06-06 01:28:56,252 - ERROR - Error displaying table: Console error
2025-06-06 01:28:56,254 - ERROR - Error listing catalogs: 403 Forbidden: Insufficient permissions
2025-06-06 01:28:56,255 - ERROR - Error listing catalogs: 401 Unauthorized: Invalid token
2025-06-06 01:28:56,255 - ERROR - Error listing catalogs: Access denied to resource
2025-06-06 01:28:56,258 - ERROR - Error listing catalogs: 'NoneType' object has no attribute 'get'
2025-06-06 01:28:56,262 - ERROR - Error listing catalogs: 'str' object has no attribute 'get'
2025-06-06 01:28:56,370 - ERROR - Error listing catalogs: Connection failed
2025-06-06 01:28:56,371 - ERROR - Error listing catalogs: Request timed out
2025-06-06 01:28:56,372 - ERROR - Error listing catalogs: 404 Not Found
2025-06-06 01:28:56,408 - DEBUG - Saved configuration to /tmp/.test_chuck_integration_config.json
2025-06-06 01:28:56,409 - DEBUG - Saved configuration to /tmp/.test_chuck_integration_config.json
2025-06-06 01:28:56,411 - DEBUG - Saved configuration to /tmp/.test_chuck_integration_config.json
2025-06-06 01:28:56,411 - DEBUG - Saved configuration to /tmp/.test_chuck_integration_config.json
2025-06-06 01:28:56,412 - DEBUG - Saved configuration to /tmp/.test_chuck_integration_config.json
2025-06-06 01:28:56,413 - DEBUG - Saved configuration to /tmp/.test_chuck_integration_config.json
2025-06-06 01:28:56,586 - DEBUG - Sending metric: {"event": "USAGE", "prompt": "test prompt"}...
2025-06-06 01:28:56,586 - DEBUG - Error sending metrics: Test exception
Traceback (most recent call last):
  File "/Users/johnrush/repos/chuck-data/src/metrics_collector.py", line 123, in send_metric
    return self._client.submit_metrics(payload, token)
           ^^^^^^^^^^^^^^^^^^^^^^^^^^^^^^^^^^^^^^^^^^^
  File "/Users/johnrush/repos/chuck-data/tests/fixtures.py", line 60, in submit_metrics
    raise Exception("Test exception")
Exception: Test exception
2025-06-06 01:28:56,589 - DEBUG - Sending metric: {"event": "USAGE", "prompt": "test prompt"}...
2025-06-06 01:28:56,590 - DEBUG - Cannot send metrics - no authentication token available
2025-06-06 01:28:56,591 - DEBUG - Sending metric: {"event": "USAGE", "prompt": "test prompt"}...
2025-06-06 01:28:56,594 - DEBUG - Metrics tracking skipped - user has not provided consent
2025-06-06 01:28:56,596 - ERROR - Connection error when getting model: Connection failed
2025-06-06 01:28:56,597 - ERROR - Failed to get model: HTTP error occurred: 500 Internal Server Error
2025-06-06 01:28:56,599 - ERROR - Connection error when listing models: Connection failed
2025-06-06 01:28:56,601 - ERROR - Failed to list models: HTTP error occurred: 404 Not Found
2025-06-06 01:28:56,639 - ERROR - Error executing handler for command 'test_command': Command failed
Traceback (most recent call last):
  File "/Users/johnrush/repos/chuck-data/src/service.py", line 395, in execute_command
    result: CommandResult = command_def.handler(
                            ^^^^^^^^^^^^^^^^^^^^
  File "/usr/local/Cellar/python@3.11/3.11.4_1/Frameworks/Python.framework/Versions/3.11/lib/python3.11/unittest/mock.py", line 1124, in __call__
    return self._mock_call(*args, **kwargs)
           ^^^^^^^^^^^^^^^^^^^^^^^^^^^^^^^^
  File "/usr/local/Cellar/python@3.11/3.11.4_1/Frameworks/Python.framework/Versions/3.11/lib/python3.11/unittest/mock.py", line 1128, in _mock_call
    return self._execute_mock_call(*args, **kwargs)
           ^^^^^^^^^^^^^^^^^^^^^^^^^^^^^^^^^^^^^^^^
  File "/usr/local/Cellar/python@3.11/3.11.4_1/Frameworks/Python.framework/Versions/3.11/lib/python3.11/unittest/mock.py", line 1183, in _execute_mock_call
    raise effect
Exception: Command failed
2025-06-06 01:28:56,825 - DEBUG - Executing SQL: SELECT * INVALID SQL
2025-06-06 01:28:56,826 - DEBUG - Executing SQL: SELECT * INVALID SQL
2025-06-06 01:28:56,828 - DEBUG - Executing SQL: SELECT * FROM table
2025-06-06 01:28:56,829 - DEBUG - Executing SQL: SELECT * FROM table
2025-06-06 01:28:56,830 - DEBUG - Executing SQL: SELECT * FROM table
2025-06-06 01:28:56,831 - DEBUG - Executing SQL: SELECT * FROM table
2025-06-06 01:28:56,837 - ERROR - Authentication state polling received 401
2025-06-06 01:28:56,840 - ERROR - Error creating Stitch report: API Error
Traceback (most recent call last):
  File "/Users/johnrush/repos/chuck-data/src/commands/add_stitch_report.py", line 62, in handle_command
    result = client.create_stitch_notebook(table_path, custom_name)
             ^^^^^^^^^^^^^^^^^^^^^^^^^^^^^^^^^^^^^^^^^^^^^^^^^^^^^^
  File "/Users/johnrush/repos/chuck-data/tests/fixtures.py", line 509, in create_stitch_notebook
    raise self._create_stitch_notebook_error
ValueError: API Error
2025-06-06 01:28:56,845 - ERROR - Agent error: Agent error
Traceback (most recent call last):
  File "/Users/johnrush/repos/chuck-data/src/commands/agent.py", line 79, in handle_command
    agent = AgentManager(client, tool_output_callback=tool_output_callback)
            ^^^^^^^^^^^^^^^^^^^^^^^^^^^^^^^^^^^^^^^^^^^^^^^^^^^^^^^^^^^^^^^
  File "/usr/local/Cellar/python@3.11/3.11.4_1/Frameworks/Python.framework/Versions/3.11/lib/python3.11/unittest/mock.py", line 1124, in __call__
    return self._mock_call(*args, **kwargs)
           ^^^^^^^^^^^^^^^^^^^^^^^^^^^^^^^^
  File "/usr/local/Cellar/python@3.11/3.11.4_1/Frameworks/Python.framework/Versions/3.11/lib/python3.11/unittest/mock.py", line 1128, in _mock_call
    return self._execute_mock_call(*args, **kwargs)
           ^^^^^^^^^^^^^^^^^^^^^^^^^^^^^^^^^^^^^^^^
  File "/usr/local/Cellar/python@3.11/3.11.4_1/Frameworks/Python.framework/Versions/3.11/lib/python3.11/unittest/mock.py", line 1183, in _execute_mock_call
    raise effect
Exception: Agent error
2025-06-06 01:28:56,847 - DEBUG - Sending metric: {"event": "USAGE", "configuration": {"workspace_url": "https://dbc-df998298-4c7e.cloud.databricks.co...
2025-06-06 01:28:56,861 - DEBUG - Starting new HTTPS connection (1): chuck.amperity.com:443
2025-06-06 01:28:57,009 - DEBUG - https://chuck.amperity.com:443 "POST /api/usage HTTP/1.1" 204 0
2025-06-06 01:28:57,009 - DEBUG - Failed to send metrics: 204 - 
2025-06-06 01:28:57,013 - DEBUG - Sending metric: {"event": "USAGE", "configuration": {"workspace_url": "https://dbc-df998298-4c7e.cloud.databricks.co...
2025-06-06 01:28:57,015 - DEBUG - Starting new HTTPS connection (1): chuck.amperity.com:443
2025-06-06 01:28:57,149 - DEBUG - https://chuck.amperity.com:443 "POST /api/usage HTTP/1.1" 204 0
2025-06-06 01:28:57,149 - DEBUG - Failed to send metrics: 204 - 
2025-06-06 01:28:57,158 - DEBUG - Sending metric: {"event": "USAGE", "configuration": {"workspace_url": "https://dbc-df998298-4c7e.cloud.databricks.co...
2025-06-06 01:28:57,160 - DEBUG - Starting new HTTPS connection (1): chuck.amperity.com:443
2025-06-06 01:28:57,313 - DEBUG - https://chuck.amperity.com:443 "POST /api/usage HTTP/1.1" 204 0
2025-06-06 01:28:57,314 - DEBUG - Failed to send metrics: 204 - 
2025-06-06 01:28:57,316 - DEBUG - Sending metric: {"event": "USAGE", "configuration": {"workspace_url": "https://dbc-df998298-4c7e.cloud.databricks.co...
2025-06-06 01:28:57,317 - DEBUG - Starting new HTTPS connection (1): chuck.amperity.com:443
2025-06-06 01:28:57,445 - DEBUG - https://chuck.amperity.com:443 "POST /api/usage HTTP/1.1" 204 0
2025-06-06 01:28:57,445 - DEBUG - Failed to send metrics: 204 - 
2025-06-06 01:28:57,448 - DEBUG - Sending metric: {"event": "USAGE", "configuration": {"workspace_url": "https://dbc-df998298-4c7e.cloud.databricks.co...
2025-06-06 01:28:57,451 - DEBUG - Starting new HTTPS connection (1): chuck.amperity.com:443
2025-06-06 01:28:57,570 - DEBUG - https://chuck.amperity.com:443 "POST /api/usage HTTP/1.1" 204 0
2025-06-06 01:28:57,571 - DEBUG - Failed to send metrics: 204 - 
2025-06-06 01:28:57,577 - INFO - Databricks token set successfully
2025-06-06 01:28:57,579 - INFO - Databricks token cleared
2025-06-06 01:28:57,579 - INFO - Amperity token cleared
2025-06-06 01:28:57,580 - INFO - Amperity token cleared
2025-06-06 01:28:57,581 - INFO - Databricks token cleared
2025-06-06 01:28:57,582 - INFO - Amperity token cleared
2025-06-06 01:28:57,593 - DEBUG - Bug report submitted successfully
2025-06-06 01:28:57,644 - ERROR - Error submitting bug report: Network error
Traceback (most recent call last):
  File "/Users/johnrush/repos/chuck-data/src/commands/bug.py", line 72, in handle_command
    success, message = amperity_client.submit_bug_report(payload, amperity_token)
                       ^^^^^^^^^^^^^^^^^^^^^^^^^^^^^^^^^^^^^^^^^^^^^^^^^^^^^^^^^^
  File "/Users/johnrush/repos/chuck-data/tests/commands/test_bug.py", line 115, in submit_bug_report
    raise Exception("Network error")
Exception: Network error
2025-06-06 01:28:57,647 - DEBUG - Loaded configuration from /var/folders/3f/2n5sjdw50vj9gfnrxjbptj4c0000gn/T/tmpfdmtwj8p.json
2025-06-06 01:28:57,648 - DEBUG - Loaded configuration from /var/folders/3f/2n5sjdw50vj9gfnrxjbptj4c0000gn/T/tmpfyup9opx.json
2025-06-06 01:28:57,656 - DEBUG - Bug report submitted successfully
2025-06-06 01:28:57,658 - ERROR - Error saving config: [Errno 30] Read-only file system: '/invalid'
2025-06-06 01:28:57,659 - DEBUG - Saved configuration to /var/folders/3f/2n5sjdw50vj9gfnrxjbptj4c0000gn/T/tmpcnjykiqa/test_config.json
2025-06-06 01:28:57,660 - DEBUG - Saved configuration to /var/folders/3f/2n5sjdw50vj9gfnrxjbptj4c0000gn/T/tmpu3ucijiq/test_config.json
2025-06-06 01:28:57,660 - DEBUG - Loaded configuration from /var/folders/3f/2n5sjdw50vj9gfnrxjbptj4c0000gn/T/tmpu3ucijiq/test_config.json
2025-06-06 01:28:57,665 - DEBUG - Saved configuration to /var/folders/3f/2n5sjdw50vj9gfnrxjbptj4c0000gn/T/tmpv9spu0jz/test_config.json
2025-06-06 01:28:57,665 - DEBUG - Loaded configuration from /var/folders/3f/2n5sjdw50vj9gfnrxjbptj4c0000gn/T/tmpv9spu0jz/test_config.json
2025-06-06 01:28:57,668 - INFO - Cluster init script uploaded successfully to /Volumes/main/default/chuck/cluster_init-2025-06-02_14-30.sh
2025-06-06 01:28:57,673 - DEBUG - Volume 'chuck' not found in main.default. Attempting to create.
2025-06-06 01:28:57,673 - DEBUG - Volume 'chuck' created successfully.
2025-06-06 01:28:57,673 - INFO - Cluster init script uploaded successfully to /Volumes/main/default/chuck/cluster_init-2025-06-02_14-30.sh
2025-06-06 01:28:57,675 - DEBUG - Volume 'chuck' not found in main.default. Attempting to create.
2025-06-06 01:28:57,675 - DEBUG - Volume 'chuck' created successfully.
2025-06-06 01:28:57,675 - INFO - Cluster init script uploaded successfully to /Volumes/main/default/chuck/cluster_init-2025-06-02_14-30.sh
2025-06-06 01:28:57,677 - DEBUG - Volume 'chuck' not found in main.default. Attempting to create.
2025-06-06 01:28:57,678 - DEBUG - Volume 'chuck' not found in main.default. Attempting to create.
2025-06-06 01:28:57,681 - INFO - Cluster init script uploaded successfully to /Volumes/test_catalog/test_schema/chuck/cluster_init-2025-12-31_23-59.sh
2025-06-06 01:28:57,683 - ERROR - Error generating help: Test error
Traceback (most recent call last):
  File "/Users/johnrush/repos/chuck-data/src/commands/help.py", line 27, in handle_command
    user_commands = get_user_commands()
                    ^^^^^^^^^^^^^^^^^^^
  File "/usr/local/Cellar/python@3.11/3.11.4_1/Frameworks/Python.framework/Versions/3.11/lib/python3.11/unittest/mock.py", line 1124, in __call__
    return self._mock_call(*args, **kwargs)
           ^^^^^^^^^^^^^^^^^^^^^^^^^^^^^^^^
  File "/usr/local/Cellar/python@3.11/3.11.4_1/Frameworks/Python.framework/Versions/3.11/lib/python3.11/unittest/mock.py", line 1128, in _mock_call
    return self._execute_mock_call(*args, **kwargs)
           ^^^^^^^^^^^^^^^^^^^^^^^^^^^^^^^^^^^^^^^^
  File "/usr/local/Cellar/python@3.11/3.11.4_1/Frameworks/Python.framework/Versions/3.11/lib/python3.11/unittest/mock.py", line 1183, in _execute_mock_call
    raise effect
Exception: Test error
2025-06-06 01:28:57,687 - ERROR - Failed to get job status for run '999999': Not Found
Traceback (most recent call last):
  File "/Users/johnrush/repos/chuck-data/src/commands/jobs.py", line 67, in handle_job_status
    data = client.get_job_run_status(run_id_str)
           ^^^^^^^^^^^^^^^^^^^^^^^^^^^^^^^^^^^^^
  File "/Users/johnrush/repos/chuck-data/tests/commands/test_jobs.py", line 119, in get_job_run_status
    raise Exception("Not Found")
Exception: Not Found
2025-06-06 01:28:57,691 - ERROR - Failed to submit job: Bad Request
Traceback (most recent call last):
  File "/Users/johnrush/repos/chuck-data/src/commands/jobs.py", line 32, in handle_launch_job
    run_data = client.submit_job_run(
               ^^^^^^^^^^^^^^^^^^^^^^
  File "/Users/johnrush/repos/chuck-data/tests/commands/test_jobs.py", line 70, in submit_job_run
    raise Exception("Bad Request")
Exception: Bad Request
2025-06-06 01:28:57,695 - ERROR - Failed to launch job, no run_id: {}
2025-06-06 01:28:57,698 - ERROR - Error listing catalogs: API error
2025-06-06 01:28:57,703 - DEBUG - Saved configuration to /var/folders/3f/2n5sjdw50vj9gfnrxjbptj4c0000gn/T/tmpe6c8ke_o/test_config.json
2025-06-06 01:28:57,703 - DEBUG - Loaded configuration from /var/folders/3f/2n5sjdw50vj9gfnrxjbptj4c0000gn/T/tmpe6c8ke_o/test_config.json
2025-06-06 01:28:57,705 - DEBUG - Saved configuration to /var/folders/3f/2n5sjdw50vj9gfnrxjbptj4c0000gn/T/tmp6ukbnvij/test_config.json
2025-06-06 01:28:57,705 - DEBUG - Loaded configuration from /var/folders/3f/2n5sjdw50vj9gfnrxjbptj4c0000gn/T/tmp6ukbnvij/test_config.json
2025-06-06 01:28:57,708 - DEBUG - Saved configuration to /var/folders/3f/2n5sjdw50vj9gfnrxjbptj4c0000gn/T/tmp3ci14m8t/test_config.json
2025-06-06 01:28:57,708 - DEBUG - Loaded configuration from /var/folders/3f/2n5sjdw50vj9gfnrxjbptj4c0000gn/T/tmp3ci14m8t/test_config.json
2025-06-06 01:28:57,709 - ERROR - Failed to list models: API error
Traceback (most recent call last):
  File "/Users/johnrush/repos/chuck-data/src/commands/list_models.py", line 31, in handle_command
    models_list = list_models_api(client)
                  ^^^^^^^^^^^^^^^^^^^^^^^
  File "/Users/johnrush/repos/chuck-data/src/models.py", line 19, in list_models
    return client.list_models()
           ^^^^^^^^^^^^^^^^^^^^
  File "/Users/johnrush/repos/chuck-data/tests/commands/test_list_models.py", line 112, in list_models
    raise Exception("API error")
Exception: API error
2025-06-06 01:28:57,713 - ERROR - Error listing tables: API error
2025-06-06 01:28:57,715 - DEBUG - Saved configuration to /var/folders/3f/2n5sjdw50vj9gfnrxjbptj4c0000gn/T/tmpqr_d71rt/test_config.json
2025-06-06 01:28:57,715 - DEBUG - Loaded configuration from /var/folders/3f/2n5sjdw50vj9gfnrxjbptj4c0000gn/T/tmpqr_d71rt/test_config.json
2025-06-06 01:28:57,715 - DEBUG - Loaded configuration from /var/folders/3f/2n5sjdw50vj9gfnrxjbptj4c0000gn/T/tmpqr_d71rt/test_config.json
2025-06-06 01:28:57,718 - DEBUG - Saved configuration to /var/folders/3f/2n5sjdw50vj9gfnrxjbptj4c0000gn/T/tmpcl5rskrg/test_config.json
2025-06-06 01:28:57,718 - DEBUG - Loaded configuration from /var/folders/3f/2n5sjdw50vj9gfnrxjbptj4c0000gn/T/tmpcl5rskrg/test_config.json
2025-06-06 01:28:57,719 - DEBUG - Saved configuration to /var/folders/3f/2n5sjdw50vj9gfnrxjbptj4c0000gn/T/tmpcl5rskrg/test_config.json
2025-06-06 01:28:57,719 - DEBUG - Loaded configuration from /var/folders/3f/2n5sjdw50vj9gfnrxjbptj4c0000gn/T/tmpcl5rskrg/test_config.json
2025-06-06 01:28:57,719 - DEBUG - Loaded configuration from /var/folders/3f/2n5sjdw50vj9gfnrxjbptj4c0000gn/T/tmpcl5rskrg/test_config.json
2025-06-06 01:28:57,723 - ERROR - Failed to set model 'claude-v1': API error
Traceback (most recent call last):
  File "/Users/johnrush/repos/chuck-data/src/commands/model_selection.py", line 28, in handle_command
    models_list = list_models_api(client)
                  ^^^^^^^^^^^^^^^^^^^^^^^
  File "/Users/johnrush/repos/chuck-data/src/models.py", line 19, in list_models
    return client.list_models()
           ^^^^^^^^^^^^^^^^^^^^
  File "/Users/johnrush/repos/chuck-data/tests/commands/test_model_selection.py", line 79, in list_models
    raise Exception("API error")
Exception: API error
2025-06-06 01:28:57,726 - DEBUG - Saved configuration to /var/folders/3f/2n5sjdw50vj9gfnrxjbptj4c0000gn/T/tmpzfhl0bz6/test_config.json
2025-06-06 01:28:57,726 - DEBUG - Loaded configuration from /var/folders/3f/2n5sjdw50vj9gfnrxjbptj4c0000gn/T/tmpzfhl0bz6/test_config.json
2025-06-06 01:28:57,728 - DEBUG - Saved configuration to /var/folders/3f/2n5sjdw50vj9gfnrxjbptj4c0000gn/T/tmp3pi_mra4/test_config.json
2025-06-06 01:28:57,728 - DEBUG - Loaded configuration from /var/folders/3f/2n5sjdw50vj9gfnrxjbptj4c0000gn/T/tmp3pi_mra4/test_config.json
2025-06-06 01:28:57,730 - DEBUG - Saved configuration to /var/folders/3f/2n5sjdw50vj9gfnrxjbptj4c0000gn/T/tmp4y2vdxzh/test_config.json
2025-06-06 01:28:57,730 - DEBUG - Loaded configuration from /var/folders/3f/2n5sjdw50vj9gfnrxjbptj4c0000gn/T/tmp4y2vdxzh/test_config.json
2025-06-06 01:28:57,733 - DEBUG - Saved configuration to /var/folders/3f/2n5sjdw50vj9gfnrxjbptj4c0000gn/T/tmpkvhx5pzd/test_config.json
2025-06-06 01:28:57,734 - DEBUG - Loaded configuration from /var/folders/3f/2n5sjdw50vj9gfnrxjbptj4c0000gn/T/tmpkvhx5pzd/test_config.json
2025-06-06 01:28:57,739 - INFO - Starting PII Scan for 2 tables in test_cat.test_schema.
2025-06-06 01:28:57,745 - ERROR - Bulk PII scan error: LLM client error
Traceback (most recent call last):
  File "/Users/johnrush/repos/chuck-data/src/commands/scan_pii.py", line 46, in handle_command
    llm_client = LLMClient()
                 ^^^^^^^^^^^
  File "/usr/local/Cellar/python@3.11/3.11.4_1/Frameworks/Python.framework/Versions/3.11/lib/python3.11/unittest/mock.py", line 1124, in __call__
    return self._mock_call(*args, **kwargs)
           ^^^^^^^^^^^^^^^^^^^^^^^^^^^^^^^^
  File "/usr/local/Cellar/python@3.11/3.11.4_1/Frameworks/Python.framework/Versions/3.11/lib/python3.11/unittest/mock.py", line 1128, in _mock_call
    return self._execute_mock_call(*args, **kwargs)
           ^^^^^^^^^^^^^^^^^^^^^^^^^^^^^^^^^^^^^^^^
  File "/usr/local/Cellar/python@3.11/3.11.4_1/Frameworks/Python.framework/Versions/3.11/lib/python3.11/unittest/mock.py", line 1183, in _execute_mock_call
    raise effect
Exception: LLM client error
2025-06-06 01:28:57,753 - DEBUG - Saved configuration to /var/folders/3f/2n5sjdw50vj9gfnrxjbptj4c0000gn/T/tmpdquwd5no/test_config.json
2025-06-06 01:28:57,753 - DEBUG - Loaded configuration from /var/folders/3f/2n5sjdw50vj9gfnrxjbptj4c0000gn/T/tmpdquwd5no/test_config.json
2025-06-06 01:28:57,753 - DEBUG - Loaded configuration from /var/folders/3f/2n5sjdw50vj9gfnrxjbptj4c0000gn/T/tmpdquwd5no/test_config.json
2025-06-06 01:28:57,753 - DEBUG - Saved configuration to /var/folders/3f/2n5sjdw50vj9gfnrxjbptj4c0000gn/T/tmpdquwd5no/test_config.json
2025-06-06 01:28:57,755 - DEBUG - Saved configuration to /var/folders/3f/2n5sjdw50vj9gfnrxjbptj4c0000gn/T/tmpz6y3dqrs/test_config.json
2025-06-06 01:28:57,755 - DEBUG - Loaded configuration from /var/folders/3f/2n5sjdw50vj9gfnrxjbptj4c0000gn/T/tmpz6y3dqrs/test_config.json
2025-06-06 01:28:57,755 - DEBUG - Loaded configuration from /var/folders/3f/2n5sjdw50vj9gfnrxjbptj4c0000gn/T/tmpz6y3dqrs/test_config.json
2025-06-06 01:28:57,756 - DEBUG - Saved configuration to /var/folders/3f/2n5sjdw50vj9gfnrxjbptj4c0000gn/T/tmpz6y3dqrs/test_config.json
2025-06-06 01:28:57,756 - DEBUG - Loaded configuration from /var/folders/3f/2n5sjdw50vj9gfnrxjbptj4c0000gn/T/tmpz6y3dqrs/test_config.json
2025-06-06 01:28:57,757 - DEBUG - Saved configuration to /var/folders/3f/2n5sjdw50vj9gfnrxjbptj4c0000gn/T/tmpjuya3zqg/test_config.json
2025-06-06 01:28:57,758 - DEBUG - Loaded configuration from /var/folders/3f/2n5sjdw50vj9gfnrxjbptj4c0000gn/T/tmpjuya3zqg/test_config.json
2025-06-06 01:28:57,758 - DEBUG - Loaded configuration from /var/folders/3f/2n5sjdw50vj9gfnrxjbptj4c0000gn/T/tmpjuya3zqg/test_config.json
2025-06-06 01:28:57,758 - DEBUG - Saved configuration to /var/folders/3f/2n5sjdw50vj9gfnrxjbptj4c0000gn/T/tmpjuya3zqg/test_config.json
2025-06-06 01:28:57,758 - DEBUG - Loaded configuration from /var/folders/3f/2n5sjdw50vj9gfnrxjbptj4c0000gn/T/tmpjuya3zqg/test_config.json
2025-06-06 01:28:57,762 - DEBUG - Sending metric: {"event": "USAGE", "configuration": {"workspace_url": "https://dbc-df998298-4c7e.cloud.databricks.co...
2025-06-06 01:28:57,764 - DEBUG - Starting new HTTPS connection (1): chuck.amperity.com:443
2025-06-06 01:28:57,885 - DEBUG - https://chuck.amperity.com:443 "POST /api/usage HTTP/1.1" 204 0
2025-06-06 01:28:57,886 - DEBUG - Failed to send metrics: 204 - 
2025-06-06 01:28:57,888 - ERROR - Stitch setup error: LLM client error
Traceback (most recent call last):
  File "/Users/johnrush/repos/chuck-data/src/commands/setup_stitch.py", line 111, in handle_command
    return _phase_1_prepare_config(
           ^^^^^^^^^^^^^^^^^^^^^^^^
  File "/Users/johnrush/repos/chuck-data/src/commands/setup_stitch.py", line 273, in _phase_1_prepare_config
    llm_client = LLMClient()
                 ^^^^^^^^^^^
  File "/usr/local/Cellar/python@3.11/3.11.4_1/Frameworks/Python.framework/Versions/3.11/lib/python3.11/unittest/mock.py", line 1124, in __call__
    return self._mock_call(*args, **kwargs)
           ^^^^^^^^^^^^^^^^^^^^^^^^^^^^^^^^
  File "/usr/local/Cellar/python@3.11/3.11.4_1/Frameworks/Python.framework/Versions/3.11/lib/python3.11/unittest/mock.py", line 1128, in _mock_call
    return self._execute_mock_call(*args, **kwargs)
           ^^^^^^^^^^^^^^^^^^^^^^^^^^^^^^^^^^^^^^^^
  File "/usr/local/Cellar/python@3.11/3.11.4_1/Frameworks/Python.framework/Versions/3.11/lib/python3.11/unittest/mock.py", line 1183, in _execute_mock_call
    raise effect
Exception: LLM client error
2025-06-06 01:28:57,897 - DEBUG - GET request to: https://.cloud.databricks.com/api/2.0/preview/scim/v2/Me
2025-06-06 01:28:57,898 - DEBUG - Connection error: URL has an invalid label.
2025-06-06 01:28:57,898 - DEBUG - Token validation failed: Connection error occurred: URL has an invalid label.
2025-06-06 01:28:57,900 - ERROR - Error validating token: Connection failed
2025-06-06 01:28:57,904 - DEBUG - GET request to: https://invalid-workspace.nonexistent.com.cloud.databricks.com/api/2.0/preview/scim/v2/Me
2025-06-06 01:28:57,999 - DEBUG - Starting new HTTPS connection (1): invalid-workspace.nonexistent.com.cloud.databricks.com:443
2025-06-06 01:28:58,001 - DEBUG - Connection error: HTTPSConnectionPool(host='invalid-workspace.nonexistent.com.cloud.databricks.com', port=443): Max retries exceeded with url: /api/2.0/preview/scim/v2/Me (Caused by NameResolutionError("<urllib3.connection.HTTPSConnection object at 0x110946090>: Failed to resolve 'invalid-workspace.nonexistent.com.cloud.databricks.com' ([Errno 8] nodename nor servname provided, or not known)"))
2025-06-06 01:28:58,001 - DEBUG - Token validation failed: Connection error occurred: HTTPSConnectionPool(host='invalid-workspace.nonexistent.com.cloud.databricks.com', port=443): Max retries exceeded with url: /api/2.0/preview/scim/v2/Me (Caused by NameResolutionError("<urllib3.connection.HTTPSConnection object at 0x110946090>: Failed to resolve 'invalid-workspace.nonexistent.com.cloud.databricks.com' ([Errno 8] nodename nor servname provided, or not known)"))
2025-06-06 01:28:58,107 - DEBUG - GET request to: https://invalid.nonexistent.com.cloud.databricks.com/api/2.0/preview/scim/v2/Me
2025-06-06 01:28:58,249 - DEBUG - Starting new HTTPS connection (1): invalid.nonexistent.com.cloud.databricks.com:443
2025-06-06 01:28:58,251 - DEBUG - Connection error: HTTPSConnectionPool(host='invalid.nonexistent.com.cloud.databricks.com', port=443): Max retries exceeded with url: /api/2.0/preview/scim/v2/Me (Caused by NameResolutionError("<urllib3.connection.HTTPSConnection object at 0x110755490>: Failed to resolve 'invalid.nonexistent.com.cloud.databricks.com' ([Errno 8] nodename nor servname provided, or not known)"))
2025-06-06 01:28:58,251 - DEBUG - Token validation failed: Connection error occurred: HTTPSConnectionPool(host='invalid.nonexistent.com.cloud.databricks.com', port=443): Max retries exceeded with url: /api/2.0/preview/scim/v2/Me (Caused by NameResolutionError("<urllib3.connection.HTTPSConnection object at 0x110755490>: Failed to resolve 'invalid.nonexistent.com.cloud.databricks.com' ([Errno 8] nodename nor servname provided, or not known)"))
2025-06-06 01:28:58,253 - ERROR - Error validating token: Validation failed
2025-06-06 01:28:58,394 - ERROR - Error validating token: Connection failed
2025-06-06 01:28:58,429 - ERROR - Error validating token: Network error with secret details
2025-06-06 01:28:58,467 - ERROR - Error validating token: Connection error: Failed to resolve 'workspace123.cloud.databricks.com'
2025-06-06 01:28:58,478 - ERROR - Error fetching Amperity init script: API Error
Traceback (most recent call last):
  File "/Users/johnrush/repos/chuck-data/src/commands/stitch_tools.py", line 179, in _helper_prepare_stitch_config
    init_script_data = client.fetch_amperity_job_init(amperity_token)
                       ^^^^^^^^^^^^^^^^^^^^^^^^^^^^^^^^^^^^^^^^^^^^^^
  File "/usr/local/Cellar/python@3.11/3.11.4_1/Frameworks/Python.framework/Versions/3.11/lib/python3.11/unittest/mock.py", line 1124, in __call__
    return self._mock_call(*args, **kwargs)
           ^^^^^^^^^^^^^^^^^^^^^^^^^^^^^^^^
  File "/usr/local/Cellar/python@3.11/3.11.4_1/Frameworks/Python.framework/Versions/3.11/lib/python3.11/unittest/mock.py", line 1128, in _mock_call
    return self._execute_mock_call(*args, **kwargs)
           ^^^^^^^^^^^^^^^^^^^^^^^^^^^^^^^^^^^^^^^^
  File "/usr/local/Cellar/python@3.11/3.11.4_1/Frameworks/Python.framework/Versions/3.11/lib/python3.11/unittest/mock.py", line 1183, in _execute_mock_call
    raise effect
Exception: API Error
2025-06-06 01:28:58,486 - DEBUG - Versioned cluster init script uploaded to /Volumes/test_catalog/test_schema/chuck/cluster_init-2025-06-02_14-30.sh
2025-06-06 01:28:58,488 - DEBUG - Versioned cluster init script uploaded to /Volumes/test_catalog/test_schema/chuck/cluster_init-2025-06-02_14-30.sh
2025-06-06 01:28:58,490 - DEBUG - Volume 'chuck' not found in test_catalog.test_schema. Attempting to create.
2025-06-06 01:28:58,500 - DEBUG - Saved configuration to /var/folders/3f/2n5sjdw50vj9gfnrxjbptj4c0000gn/T/tmp6iz9ckha/test_config.json
2025-06-06 01:28:58,500 - DEBUG - Loaded configuration from /var/folders/3f/2n5sjdw50vj9gfnrxjbptj4c0000gn/T/tmp6iz9ckha/test_config.json
2025-06-06 01:28:58,500 - DEBUG - Loaded configuration from /var/folders/3f/2n5sjdw50vj9gfnrxjbptj4c0000gn/T/tmp6iz9ckha/test_config.json
2025-06-06 01:28:58,501 - DEBUG - Loaded configuration from /var/folders/3f/2n5sjdw50vj9gfnrxjbptj4c0000gn/T/tmp6iz9ckha/test_config.json
2025-06-06 01:28:58,503 - DEBUG - Saved configuration to /var/folders/3f/2n5sjdw50vj9gfnrxjbptj4c0000gn/T/tmpztu13r8n/test_config.json
2025-06-06 01:28:58,503 - DEBUG - Loaded configuration from /var/folders/3f/2n5sjdw50vj9gfnrxjbptj4c0000gn/T/tmpztu13r8n/test_config.json
2025-06-06 01:28:58,503 - DEBUG - Saved configuration to /var/folders/3f/2n5sjdw50vj9gfnrxjbptj4c0000gn/T/tmpztu13r8n/test_config.json
2025-06-06 01:28:58,504 - DEBUG - Loaded configuration from /var/folders/3f/2n5sjdw50vj9gfnrxjbptj4c0000gn/T/tmpztu13r8n/test_config.json
2025-06-06 01:28:58,504 - DEBUG - Saved configuration to /var/folders/3f/2n5sjdw50vj9gfnrxjbptj4c0000gn/T/tmpztu13r8n/test_config.json
2025-06-06 01:28:58,504 - DEBUG - Loaded configuration from /var/folders/3f/2n5sjdw50vj9gfnrxjbptj4c0000gn/T/tmpztu13r8n/test_config.json
2025-06-06 01:28:58,504 - DEBUG - Loaded configuration from /var/folders/3f/2n5sjdw50vj9gfnrxjbptj4c0000gn/T/tmpztu13r8n/test_config.json
2025-06-06 01:28:58,504 - DEBUG - Loaded configuration from /var/folders/3f/2n5sjdw50vj9gfnrxjbptj4c0000gn/T/tmpztu13r8n/test_config.json
2025-06-06 01:28:58,506 - INFO - Applying tag 'email' to column 'email_col'
2025-06-06 01:28:58,506 - INFO - Applying tag 'given-name' to column 'name_col'
2025-06-06 01:28:58,507 - INFO - Applying tag 'phone' to column 'good_col'
2025-06-06 01:28:58,508 - INFO - Applying tag 'email' to column 'email_col'
2025-06-06 01:28:58,509 - INFO - Applying tag 'email' to column 'email_col'
2025-06-06 01:28:58,509 - ERROR - Error applying tag to email_col: Connection error
2025-06-06 01:28:58,512 - DEBUG - Saved configuration to /var/folders/3f/2n5sjdw50vj9gfnrxjbptj4c0000gn/T/tmp9tx0uky6/test_config.json
2025-06-06 01:28:58,512 - DEBUG - Loaded configuration from /var/folders/3f/2n5sjdw50vj9gfnrxjbptj4c0000gn/T/tmp9tx0uky6/test_config.json
2025-06-06 01:28:58,514 - DEBUG - Saved configuration to /var/folders/3f/2n5sjdw50vj9gfnrxjbptj4c0000gn/T/tmph9o1rqot/test_config.json
2025-06-06 01:28:58,515 - DEBUG - Saved configuration to /var/folders/3f/2n5sjdw50vj9gfnrxjbptj4c0000gn/T/tmpakb6nejt/test_config.json
2025-06-06 01:28:58,516 - DEBUG - Loaded configuration from /var/folders/3f/2n5sjdw50vj9gfnrxjbptj4c0000gn/T/tmpakb6nejt/test_config.json
2025-06-06 01:28:58,517 - DEBUG - Saved configuration to /var/folders/3f/2n5sjdw50vj9gfnrxjbptj4c0000gn/T/tmp2u94hrtj/test_config.json
2025-06-06 01:28:58,517 - DEBUG - Loaded configuration from /var/folders/3f/2n5sjdw50vj9gfnrxjbptj4c0000gn/T/tmp2u94hrtj/test_config.json
2025-06-06 01:28:58,522 - ERROR - Failed to set workspace URL: Validation error
Traceback (most recent call last):
  File "/Users/johnrush/repos/chuck-data/src/commands/workspace_selection.py", line 37, in handle_command
    is_valid, error_message = validate_workspace_url(workspace_url)
                              ^^^^^^^^^^^^^^^^^^^^^^^^^^^^^^^^^^^^^
  File "/usr/local/Cellar/python@3.11/3.11.4_1/Frameworks/Python.framework/Versions/3.11/lib/python3.11/unittest/mock.py", line 1124, in __call__
    return self._mock_call(*args, **kwargs)
           ^^^^^^^^^^^^^^^^^^^^^^^^^^^^^^^^
  File "/usr/local/Cellar/python@3.11/3.11.4_1/Frameworks/Python.framework/Versions/3.11/lib/python3.11/unittest/mock.py", line 1128, in _mock_call
    return self._execute_mock_call(*args, **kwargs)
           ^^^^^^^^^^^^^^^^^^^^^^^^^^^^^^^^^^^^^^^^
  File "/usr/local/Cellar/python@3.11/3.11.4_1/Frameworks/Python.framework/Versions/3.11/lib/python3.11/unittest/mock.py", line 1183, in _execute_mock_call
    raise effect
Exception: Validation error
