2025-06-06 22:59:03,524 - DEBUG - Logging initialized. Writing to /Users/johnrush/repos/chuck-data/log/sessions/2025-06-06_22-59-03.log
2025-06-06 22:59:03,527 - DEBUG - HTTP error: HTTP 401, Response: {"status":401,"message":"Unauthorized"}
2025-06-06 22:59:03,529 - DEBUG - GET request to: https://test-workspace.cloud.databricks.com/test-endpoint
2025-06-06 22:59:03,529 - DEBUG - Connection error: Connection failed
2025-06-06 22:59:03,530 - DEBUG - GET request to: https://test-workspace.cloud.databricks.com/test-endpoint
2025-06-06 22:59:03,530 - DEBUG - HTTP error: HTTP 404, Response: Not Found
2025-06-06 22:59:03,531 - DEBUG - GET request to: https://test-workspace.cloud.databricks.com/test-endpoint
2025-06-06 22:59:03,532 - DEBUG - POST request to: https://test-workspace.cloud.databricks.com/test-endpoint
2025-06-06 22:59:03,532 - DEBUG - Connection error: Connection failed
2025-06-06 22:59:03,533 - DEBUG - POST request to: https://test-workspace.cloud.databricks.com/test-endpoint
2025-06-06 22:59:03,534 - DEBUG - HTTP error: HTTP 400, Response: Bad Request
2025-06-06 22:59:03,535 - DEBUG - POST request to: https://test-workspace.cloud.databricks.com/test-endpoint
2025-06-06 22:59:03,538 - DEBUG - Saved configuration to /var/folders/3f/2n5sjdw50vj9gfnrxjbptj4c0000gn/T/tmp4dpeujkd/test_config.json
2025-06-06 22:59:03,538 - DEBUG - Loaded configuration from /var/folders/3f/2n5sjdw50vj9gfnrxjbptj4c0000gn/T/tmp4dpeujkd/test_config.json
2025-06-06 22:59:03,538 - DEBUG - Loaded configuration from /var/folders/3f/2n5sjdw50vj9gfnrxjbptj4c0000gn/T/tmp4dpeujkd/test_config.json
2025-06-06 22:59:03,539 - DEBUG - Saved configuration to /var/folders/3f/2n5sjdw50vj9gfnrxjbptj4c0000gn/T/tmp4dpeujkd/test_config.json
2025-06-06 22:59:03,539 - DEBUG - Loaded configuration from /var/folders/3f/2n5sjdw50vj9gfnrxjbptj4c0000gn/T/tmp4dpeujkd/test_config.json
2025-06-06 22:59:03,539 - DEBUG - Saved configuration to /var/folders/3f/2n5sjdw50vj9gfnrxjbptj4c0000gn/T/tmp4dpeujkd/test_config.json
2025-06-06 22:59:03,539 - DEBUG - Loaded configuration from /var/folders/3f/2n5sjdw50vj9gfnrxjbptj4c0000gn/T/tmp4dpeujkd/test_config.json
2025-06-06 22:59:03,539 - DEBUG - Saved configuration to /var/folders/3f/2n5sjdw50vj9gfnrxjbptj4c0000gn/T/tmp4dpeujkd/test_config.json
2025-06-06 22:59:03,540 - DEBUG - Loaded configuration from /var/folders/3f/2n5sjdw50vj9gfnrxjbptj4c0000gn/T/tmp4dpeujkd/test_config.json
2025-06-06 22:59:03,540 - DEBUG - Saved configuration to /var/folders/3f/2n5sjdw50vj9gfnrxjbptj4c0000gn/T/tmp4dpeujkd/test_config.json
2025-06-06 22:59:03,540 - DEBUG - Loaded configuration from /var/folders/3f/2n5sjdw50vj9gfnrxjbptj4c0000gn/T/tmp4dpeujkd/test_config.json
2025-06-06 22:59:03,540 - DEBUG - Loaded configuration from /var/folders/3f/2n5sjdw50vj9gfnrxjbptj4c0000gn/T/tmp4dpeujkd/test_config.json
2025-06-06 22:59:03,540 - DEBUG - Loaded configuration from /var/folders/3f/2n5sjdw50vj9gfnrxjbptj4c0000gn/T/tmp4dpeujkd/test_config.json
2025-06-06 22:59:03,540 - DEBUG - Loaded configuration from /var/folders/3f/2n5sjdw50vj9gfnrxjbptj4c0000gn/T/tmp4dpeujkd/test_config.json
2025-06-06 22:59:03,540 - DEBUG - Loaded configuration from /var/folders/3f/2n5sjdw50vj9gfnrxjbptj4c0000gn/T/tmp4dpeujkd/test_config.json
2025-06-06 22:59:03,542 - DEBUG - Saved configuration to /var/folders/3f/2n5sjdw50vj9gfnrxjbptj4c0000gn/T/tmpnuawc9bb/test_config.json
2025-06-06 22:59:03,542 - DEBUG - Loaded configuration from /var/folders/3f/2n5sjdw50vj9gfnrxjbptj4c0000gn/T/tmpnuawc9bb/test_config.json
2025-06-06 22:59:03,544 - DEBUG - Saved configuration to /var/folders/3f/2n5sjdw50vj9gfnrxjbptj4c0000gn/T/tmpvp4otaqo/test_config.json
2025-06-06 22:59:03,544 - DEBUG - Loaded configuration from /var/folders/3f/2n5sjdw50vj9gfnrxjbptj4c0000gn/T/tmpvp4otaqo/test_config.json
2025-06-06 22:59:03,546 - DEBUG - Saved configuration to /var/folders/3f/2n5sjdw50vj9gfnrxjbptj4c0000gn/T/tmpr7dfiw40/test_config.json
2025-06-06 22:59:03,546 - DEBUG - Loaded configuration from /var/folders/3f/2n5sjdw50vj9gfnrxjbptj4c0000gn/T/tmpr7dfiw40/test_config.json
2025-06-06 22:59:03,546 - DEBUG - Loaded configuration from /var/folders/3f/2n5sjdw50vj9gfnrxjbptj4c0000gn/T/tmpr7dfiw40/test_config.json
2025-06-06 22:59:03,546 - DEBUG - Saved configuration to /var/folders/3f/2n5sjdw50vj9gfnrxjbptj4c0000gn/T/tmpr7dfiw40/test_config.json
2025-06-06 22:59:03,547 - DEBUG - Loaded configuration from /var/folders/3f/2n5sjdw50vj9gfnrxjbptj4c0000gn/T/tmpr7dfiw40/test_config.json
2025-06-06 22:59:03,547 - DEBUG - Loaded configuration from /var/folders/3f/2n5sjdw50vj9gfnrxjbptj4c0000gn/T/tmpr7dfiw40/test_config.json
2025-06-06 22:59:03,550 - DEBUG - Saved configuration to /var/folders/3f/2n5sjdw50vj9gfnrxjbptj4c0000gn/T/tmpxeb5r2y7/test_config.json
2025-06-06 22:59:03,550 - DEBUG - Loaded configuration from /var/folders/3f/2n5sjdw50vj9gfnrxjbptj4c0000gn/T/tmpxeb5r2y7/test_config.json
2025-06-06 22:59:03,550 - DEBUG - Loaded configuration from /var/folders/3f/2n5sjdw50vj9gfnrxjbptj4c0000gn/T/tmpxeb5r2y7/test_config.json
2025-06-06 22:59:03,550 - DEBUG - Saved configuration to /var/folders/3f/2n5sjdw50vj9gfnrxjbptj4c0000gn/T/tmpxeb5r2y7/test_config.json
2025-06-06 22:59:03,550 - DEBUG - Loaded configuration from /var/folders/3f/2n5sjdw50vj9gfnrxjbptj4c0000gn/T/tmpxeb5r2y7/test_config.json
2025-06-06 22:59:03,551 - DEBUG - Saved configuration to /var/folders/3f/2n5sjdw50vj9gfnrxjbptj4c0000gn/T/tmpxeb5r2y7/test_config.json
2025-06-06 22:59:03,551 - DEBUG - Loaded configuration from /var/folders/3f/2n5sjdw50vj9gfnrxjbptj4c0000gn/T/tmpxeb5r2y7/test_config.json
2025-06-06 22:59:03,551 - DEBUG - Saved configuration to /var/folders/3f/2n5sjdw50vj9gfnrxjbptj4c0000gn/T/tmpxeb5r2y7/test_config.json
2025-06-06 22:59:03,551 - DEBUG - Loaded configuration from /var/folders/3f/2n5sjdw50vj9gfnrxjbptj4c0000gn/T/tmpxeb5r2y7/test_config.json
2025-06-06 22:59:03,552 - DEBUG - Saved configuration to /var/folders/3f/2n5sjdw50vj9gfnrxjbptj4c0000gn/T/tmpxeb5r2y7/test_config.json
2025-06-06 22:59:03,552 - DEBUG - Loaded configuration from /var/folders/3f/2n5sjdw50vj9gfnrxjbptj4c0000gn/T/tmpxeb5r2y7/test_config.json
2025-06-06 22:59:03,552 - DEBUG - Using workspace_url from environment variable CHUCK_WORKSPACE_URL
2025-06-06 22:59:03,552 - DEBUG - Using active_model from environment variable CHUCK_ACTIVE_MODEL
2025-06-06 22:59:03,552 - DEBUG - Using warehouse_id from environment variable CHUCK_WAREHOUSE_ID
2025-06-06 22:59:03,552 - DEBUG - Using active_catalog from environment variable CHUCK_ACTIVE_CATALOG
2025-06-06 22:59:03,552 - DEBUG - Using active_schema from environment variable CHUCK_ACTIVE_SCHEMA
2025-06-06 22:59:03,552 - DEBUG - Using usage_tracking_consent from environment variable CHUCK_USAGE_TRACKING_CONSENT
2025-06-06 22:59:03,552 - DEBUG - Loaded configuration from /var/folders/3f/2n5sjdw50vj9gfnrxjbptj4c0000gn/T/tmpxeb5r2y7/test_config.json
2025-06-06 22:59:03,554 - DEBUG - Saved configuration to /var/folders/3f/2n5sjdw50vj9gfnrxjbptj4c0000gn/T/tmpxm8a8oec/test_config.json
2025-06-06 22:59:03,554 - DEBUG - Loaded configuration from /var/folders/3f/2n5sjdw50vj9gfnrxjbptj4c0000gn/T/tmpxm8a8oec/test_config.json
2025-06-06 22:59:03,554 - DEBUG - Loaded configuration from /var/folders/3f/2n5sjdw50vj9gfnrxjbptj4c0000gn/T/tmpxm8a8oec/test_config.json
2025-06-06 22:59:03,554 - WARNING - Invalid workspace_url provided, using default instead
2025-06-06 22:59:03,554 - DEBUG - Saved configuration to /var/folders/3f/2n5sjdw50vj9gfnrxjbptj4c0000gn/T/tmpxm8a8oec/test_config.json
2025-06-06 22:59:03,555 - DEBUG - Loaded configuration from /var/folders/3f/2n5sjdw50vj9gfnrxjbptj4c0000gn/T/tmpxm8a8oec/test_config.json
2025-06-06 22:59:03,555 - DEBUG - Loaded configuration from /var/folders/3f/2n5sjdw50vj9gfnrxjbptj4c0000gn/T/tmpxm8a8oec/test_config.json
2025-06-06 22:59:03,555 - DEBUG - Saved configuration to /var/folders/3f/2n5sjdw50vj9gfnrxjbptj4c0000gn/T/tmpxm8a8oec/test_config.json
2025-06-06 22:59:03,555 - DEBUG - Loaded configuration from /var/folders/3f/2n5sjdw50vj9gfnrxjbptj4c0000gn/T/tmpxm8a8oec/test_config.json
2025-06-06 22:59:03,556 - DEBUG - Using workspace_url from environment variable CHUCK_WORKSPACE_URL
2025-06-06 22:59:03,557 - DEBUG - Using workspace_url from environment variable CHUCK_WORKSPACE_URL
2025-06-06 22:59:03,557 - DEBUG - Using active_model from environment variable CHUCK_ACTIVE_MODEL
2025-06-06 22:59:03,557 - DEBUG - Using amperity_token from environment variable CHUCK_AMPERITY_TOKEN
2025-06-06 22:59:03,557 - DEBUG - Using databricks_token from environment variable CHUCK_DATABRICKS_TOKEN
2025-06-06 22:59:03,557 - DEBUG - Saved configuration to /var/folders/3f/2n5sjdw50vj9gfnrxjbptj4c0000gn/T/tmpamhtv5_c/test_config.json
2025-06-06 22:59:03,557 - DEBUG - Loaded configuration from /var/folders/3f/2n5sjdw50vj9gfnrxjbptj4c0000gn/T/tmpamhtv5_c/test_config.json
2025-06-06 22:59:03,559 - DEBUG - Saved configuration to /var/folders/3f/2n5sjdw50vj9gfnrxjbptj4c0000gn/T/tmpl9u6u5hh/test_config.json
2025-06-06 22:59:03,571 - DEBUG - GET request to: https://adb-3856707039489412.12.azuredatabricks.net/test-endpoint
2025-06-06 22:59:03,575 - DEBUG - GET request to: https://test-workspace.cloud.databricks.com/test-endpoint
2025-06-06 22:59:03,575 - DEBUG - Connection error: Connection failed
2025-06-06 22:59:03,576 - DEBUG - GET request to: https://test-workspace.cloud.databricks.com/test-endpoint
2025-06-06 22:59:03,576 - DEBUG - HTTP error: HTTP 404, Response: Not Found
2025-06-06 22:59:03,577 - WARNING - Model 'nonexistent-model' not found
2025-06-06 22:59:03,579 - DEBUG - GET request to: https://test-workspace.cloud.databricks.com/test-endpoint
2025-06-06 22:59:03,584 - DEBUG - POST request to: https://test-workspace.cloud.databricks.com/test-endpoint
2025-06-06 22:59:03,585 - DEBUG - Connection error: Connection failed
2025-06-06 22:59:03,586 - DEBUG - POST request to: https://test-workspace.cloud.databricks.com/test-endpoint
2025-06-06 22:59:03,586 - DEBUG - HTTP error: HTTP 400, Response: Bad Request
2025-06-06 22:59:03,587 - DEBUG - POST request to: https://test-workspace.cloud.databricks.com/test-endpoint
2025-06-06 22:59:03,589 - DEBUG - File upload request to: https://test-workspace.cloud.databricks.com/api/2.0/fs/files/test/path.txt
2025-06-06 22:59:03,591 - DEBUG - File upload request to: https://test-workspace.cloud.databricks.com/api/2.0/fs/files/test/path.txt
2025-06-06 22:59:03,593 - DEBUG - Token validation failed: Token validation failed
2025-06-06 22:59:03,595 - DEBUG - Saved configuration to /tmp/.test_chuck_integration_config.json
2025-06-06 22:59:03,596 - DEBUG - Saved configuration to /tmp/.test_chuck_integration_config.json
2025-06-06 22:59:03,597 - DEBUG - Saved configuration to /tmp/.test_chuck_integration_config.json
2025-06-06 22:59:03,597 - DEBUG - Saved configuration to /tmp/.test_chuck_integration_config.json
2025-06-06 22:59:03,599 - DEBUG - Saved configuration to /tmp/.test_chuck_integration_config.json
2025-06-06 22:59:03,599 - DEBUG - Saved configuration to /tmp/.test_chuck_integration_config.json
2025-06-06 22:59:03,604 - DEBUG - Sending metric: {"event": "USAGE", "prompt": "test prompt"}...
2025-06-06 22:59:03,604 - DEBUG - Error sending metrics: Test exception
Traceback (most recent call last):
  File "/Users/johnrush/repos/chuck-data/chuck_data/metrics_collector.py", line 123, in send_metric
    return self._client.submit_metrics(payload, token)
           ^^^^^^^^^^^^^^^^^^^^^^^^^^^^^^^^^^^^^^^^^^^
  File "/Users/johnrush/repos/chuck-data/tests/fixtures.py", line 60, in submit_metrics
    raise Exception("Test exception")
Exception: Test exception
2025-06-06 22:59:03,606 - DEBUG - Sending metric: {"event": "USAGE", "prompt": "test prompt"}...
2025-06-06 22:59:03,607 - DEBUG - Cannot send metrics - no authentication token available
2025-06-06 22:59:03,608 - DEBUG - Sending metric: {"event": "USAGE", "prompt": "test prompt"}...
2025-06-06 22:59:03,611 - DEBUG - Metrics tracking skipped - user has not provided consent
2025-06-06 22:59:03,613 - ERROR - Connection error when getting model: Connection failed
2025-06-06 22:59:03,614 - ERROR - Failed to get model: HTTP error occurred: 500 Internal Server Error
2025-06-06 22:59:03,616 - ERROR - Connection error when listing models: Connection failed
2025-06-06 22:59:03,617 - ERROR - Failed to list models: HTTP error occurred: 404 Not Found
2025-06-06 22:59:03,656 - ERROR - Error executing handler for command 'test_command': Command failed
Traceback (most recent call last):
  File "/Users/johnrush/repos/chuck-data/chuck_data/service.py", line 395, in execute_command
    result: CommandResult = command_def.handler(
                            ^^^^^^^^^^^^^^^^^^^^
  File "/usr/local/Cellar/python@3.11/3.11.4_1/Frameworks/Python.framework/Versions/3.11/lib/python3.11/unittest/mock.py", line 1124, in __call__
    return self._mock_call(*args, **kwargs)
           ^^^^^^^^^^^^^^^^^^^^^^^^^^^^^^^^
  File "/usr/local/Cellar/python@3.11/3.11.4_1/Frameworks/Python.framework/Versions/3.11/lib/python3.11/unittest/mock.py", line 1128, in _mock_call
    return self._execute_mock_call(*args, **kwargs)
           ^^^^^^^^^^^^^^^^^^^^^^^^^^^^^^^^^^^^^^^^
  File "/usr/local/Cellar/python@3.11/3.11.4_1/Frameworks/Python.framework/Versions/3.11/lib/python3.11/unittest/mock.py", line 1183, in _execute_mock_call
    raise effect
Exception: Command failed
2025-06-06 22:59:03,697 - DEBUG - Executing SQL: SELECT * INVALID SQL
2025-06-06 22:59:03,698 - DEBUG - Executing SQL: SELECT * INVALID SQL
2025-06-06 22:59:03,699 - DEBUG - Executing SQL: SELECT * FROM table
2025-06-06 22:59:03,700 - DEBUG - Executing SQL: SELECT * FROM table
2025-06-06 22:59:03,701 - DEBUG - Executing SQL: SELECT * FROM table
2025-06-06 22:59:03,703 - DEBUG - Executing SQL: SELECT * FROM table
2025-06-06 22:59:03,708 - ERROR - Authentication state polling received 401
2025-06-06 22:59:03,711 - ERROR - Error creating Stitch report: API Error
Traceback (most recent call last):
  File "/Users/johnrush/repos/chuck-data/chuck_data/commands/add_stitch_report.py", line 62, in handle_command
    result = client.create_stitch_notebook(table_path, custom_name)
             ^^^^^^^^^^^^^^^^^^^^^^^^^^^^^^^^^^^^^^^^^^^^^^^^^^^^^^
  File "/Users/johnrush/repos/chuck-data/tests/fixtures.py", line 528, in create_stitch_notebook
    raise self._create_stitch_notebook_error
ValueError: API Error
2025-06-06 22:59:03,715 - ERROR - Agent error: Agent error
Traceback (most recent call last):
  File "/Users/johnrush/repos/chuck-data/chuck_data/commands/agent.py", line 79, in handle_command
    agent = AgentManager(client, tool_output_callback=tool_output_callback)
            ^^^^^^^^^^^^^^^^^^^^^^^^^^^^^^^^^^^^^^^^^^^^^^^^^^^^^^^^^^^^^^^
  File "/usr/local/Cellar/python@3.11/3.11.4_1/Frameworks/Python.framework/Versions/3.11/lib/python3.11/unittest/mock.py", line 1124, in __call__
    return self._mock_call(*args, **kwargs)
           ^^^^^^^^^^^^^^^^^^^^^^^^^^^^^^^^
  File "/usr/local/Cellar/python@3.11/3.11.4_1/Frameworks/Python.framework/Versions/3.11/lib/python3.11/unittest/mock.py", line 1128, in _mock_call
    return self._execute_mock_call(*args, **kwargs)
           ^^^^^^^^^^^^^^^^^^^^^^^^^^^^^^^^^^^^^^^^
  File "/usr/local/Cellar/python@3.11/3.11.4_1/Frameworks/Python.framework/Versions/3.11/lib/python3.11/unittest/mock.py", line 1183, in _execute_mock_call
    raise effect
Exception: Agent error
2025-06-06 22:59:03,717 - DEBUG - Sending metric: {"event": "USAGE", "configuration": {"workspace_url": "https://dbc-df998298-4c7e.cloud.databricks.co...
2025-06-06 22:59:03,754 - DEBUG - Starting new HTTPS connection (1): chuck.amperity.com:443
2025-06-06 22:59:03,909 - DEBUG - https://chuck.amperity.com:443 "POST /api/usage HTTP/1.1" 204 0
2025-06-06 22:59:03,909 - DEBUG - Failed to send metrics: 204 - 
2025-06-06 22:59:03,912 - DEBUG - Sending metric: {"event": "USAGE", "configuration": {"workspace_url": "https://dbc-df998298-4c7e.cloud.databricks.co...
2025-06-06 22:59:03,915 - DEBUG - Starting new HTTPS connection (1): chuck.amperity.com:443
2025-06-06 22:59:04,034 - DEBUG - https://chuck.amperity.com:443 "POST /api/usage HTTP/1.1" 204 0
2025-06-06 22:59:04,034 - DEBUG - Failed to send metrics: 204 - 
2025-06-06 22:59:04,046 - DEBUG - Sending metric: {"event": "USAGE", "configuration": {"workspace_url": "https://dbc-df998298-4c7e.cloud.databricks.co...
2025-06-06 22:59:04,048 - DEBUG - Starting new HTTPS connection (1): chuck.amperity.com:443
2025-06-06 22:59:04,172 - DEBUG - https://chuck.amperity.com:443 "POST /api/usage HTTP/1.1" 204 0
2025-06-06 22:59:04,172 - DEBUG - Failed to send metrics: 204 - 
2025-06-06 22:59:04,176 - DEBUG - Sending metric: {"event": "USAGE", "configuration": {"workspace_url": "https://dbc-df998298-4c7e.cloud.databricks.co...
2025-06-06 22:59:04,178 - DEBUG - Starting new HTTPS connection (1): chuck.amperity.com:443
2025-06-06 22:59:04,294 - DEBUG - https://chuck.amperity.com:443 "POST /api/usage HTTP/1.1" 204 0
2025-06-06 22:59:04,295 - DEBUG - Failed to send metrics: 204 - 
2025-06-06 22:59:04,298 - DEBUG - Sending metric: {"event": "USAGE", "configuration": {"workspace_url": "https://dbc-df998298-4c7e.cloud.databricks.co...
2025-06-06 22:59:04,301 - DEBUG - Starting new HTTPS connection (1): chuck.amperity.com:443
2025-06-06 22:59:04,422 - DEBUG - https://chuck.amperity.com:443 "POST /api/usage HTTP/1.1" 204 0
2025-06-06 22:59:04,423 - DEBUG - Failed to send metrics: 204 - 
2025-06-06 22:59:04,435 - INFO - Databricks token set successfully
2025-06-06 22:59:04,438 - INFO - Databricks token cleared
2025-06-06 22:59:04,438 - INFO - Amperity token cleared
2025-06-06 22:59:04,440 - INFO - Amperity token cleared
2025-06-06 22:59:04,441 - INFO - Databricks token cleared
2025-06-06 22:59:04,443 - INFO - Amperity token cleared
2025-06-06 22:59:04,456 - DEBUG - Bug report submitted successfully
2025-06-06 22:59:04,514 - ERROR - Error submitting bug report: Network error
Traceback (most recent call last):
  File "/Users/johnrush/repos/chuck-data/chuck_data/commands/bug.py", line 72, in handle_command
    success, message = amperity_client.submit_bug_report(payload, amperity_token)
                       ^^^^^^^^^^^^^^^^^^^^^^^^^^^^^^^^^^^^^^^^^^^^^^^^^^^^^^^^^^
  File "/Users/johnrush/repos/chuck-data/tests/commands/test_bug.py", line 115, in submit_bug_report
    raise Exception("Network error")
Exception: Network error
2025-06-06 22:59:04,517 - DEBUG - Loaded configuration from /var/folders/3f/2n5sjdw50vj9gfnrxjbptj4c0000gn/T/tmpmzj_hk8c.json
2025-06-06 22:59:04,519 - DEBUG - Loaded configuration from /var/folders/3f/2n5sjdw50vj9gfnrxjbptj4c0000gn/T/tmps827uwxm.json
2025-06-06 22:59:04,527 - DEBUG - Bug report submitted successfully
2025-06-06 22:59:04,533 - DEBUG - Saved configuration to /var/folders/3f/2n5sjdw50vj9gfnrxjbptj4c0000gn/T/tmpmey7vbiw/test_config.json
2025-06-06 22:59:04,535 - DEBUG - Saved configuration to /var/folders/3f/2n5sjdw50vj9gfnrxjbptj4c0000gn/T/tmpj_opdirh/test_config.json
2025-06-06 22:59:04,536 - DEBUG - Saved configuration to /var/folders/3f/2n5sjdw50vj9gfnrxjbptj4c0000gn/T/tmpgboiwmdc/test_config.json
2025-06-06 22:59:04,537 - DEBUG - Loaded configuration from /var/folders/3f/2n5sjdw50vj9gfnrxjbptj4c0000gn/T/tmpgboiwmdc/test_config.json
2025-06-06 22:59:04,538 - INFO - Cluster init script uploaded successfully to /Volumes/main/default/chuck/cluster_init-2025-06-02_14-30.sh
2025-06-06 22:59:04,543 - DEBUG - Volume 'chuck' not found in main.default. Attempting to create.
2025-06-06 22:59:04,543 - DEBUG - Volume 'chuck' created successfully.
2025-06-06 22:59:04,543 - INFO - Cluster init script uploaded successfully to /Volumes/main/default/chuck/cluster_init-2025-06-02_14-30.sh
2025-06-06 22:59:04,545 - DEBUG - Volume 'chuck' not found in main.default. Attempting to create.
2025-06-06 22:59:04,545 - DEBUG - Volume 'chuck' created successfully.
2025-06-06 22:59:04,545 - INFO - Cluster init script uploaded successfully to /Volumes/main/default/chuck/cluster_init-2025-06-02_14-30.sh
2025-06-06 22:59:04,547 - DEBUG - Volume 'chuck' not found in main.default. Attempting to create.
2025-06-06 22:59:04,548 - DEBUG - Volume 'chuck' not found in main.default. Attempting to create.
2025-06-06 22:59:04,551 - INFO - Cluster init script uploaded successfully to /Volumes/test_catalog/test_schema/chuck/cluster_init-2025-12-31_23-59.sh
2025-06-06 22:59:04,552 - ERROR - Error generating help: Test error
Traceback (most recent call last):
  File "/Users/johnrush/repos/chuck-data/chuck_data/commands/help.py", line 31, in handle_command
    user_commands = get_user_commands()
                    ^^^^^^^^^^^^^^^^^^^
  File "/usr/local/Cellar/python@3.11/3.11.4_1/Frameworks/Python.framework/Versions/3.11/lib/python3.11/unittest/mock.py", line 1124, in __call__
    return self._mock_call(*args, **kwargs)
           ^^^^^^^^^^^^^^^^^^^^^^^^^^^^^^^^
  File "/usr/local/Cellar/python@3.11/3.11.4_1/Frameworks/Python.framework/Versions/3.11/lib/python3.11/unittest/mock.py", line 1128, in _mock_call
    return self._execute_mock_call(*args, **kwargs)
           ^^^^^^^^^^^^^^^^^^^^^^^^^^^^^^^^^^^^^^^^
  File "/usr/local/Cellar/python@3.11/3.11.4_1/Frameworks/Python.framework/Versions/3.11/lib/python3.11/unittest/mock.py", line 1183, in _execute_mock_call
    raise effect
Exception: Test error
2025-06-06 22:59:04,556 - ERROR - Failed to get job status for run '999999': Not Found
Traceback (most recent call last):
  File "/Users/johnrush/repos/chuck-data/chuck_data/commands/jobs.py", line 67, in handle_job_status
    data = client.get_job_run_status(run_id_str)
           ^^^^^^^^^^^^^^^^^^^^^^^^^^^^^^^^^^^^^
  File "/Users/johnrush/repos/chuck-data/tests/commands/test_jobs.py", line 119, in get_job_run_status
    raise Exception("Not Found")
Exception: Not Found
2025-06-06 22:59:04,560 - ERROR - Failed to submit job: Bad Request
Traceback (most recent call last):
  File "/Users/johnrush/repos/chuck-data/chuck_data/commands/jobs.py", line 32, in handle_launch_job
    run_data = client.submit_job_run(
               ^^^^^^^^^^^^^^^^^^^^^^
  File "/Users/johnrush/repos/chuck-data/tests/commands/test_jobs.py", line 70, in submit_job_run
    raise Exception("Bad Request")
Exception: Bad Request
2025-06-06 22:59:04,563 - ERROR - Failed to launch job, no run_id: {}
2025-06-06 22:59:04,567 - ERROR - Error listing catalogs: API error
2025-06-06 22:59:04,574 - DEBUG - Saved configuration to /var/folders/3f/2n5sjdw50vj9gfnrxjbptj4c0000gn/T/tmpntoyvjmf/test_config.json
2025-06-06 22:59:04,575 - DEBUG - Loaded configuration from /var/folders/3f/2n5sjdw50vj9gfnrxjbptj4c0000gn/T/tmpntoyvjmf/test_config.json
2025-06-06 22:59:04,576 - DEBUG - Saved configuration to /var/folders/3f/2n5sjdw50vj9gfnrxjbptj4c0000gn/T/tmp9zpfpr6_/test_config.json
2025-06-06 22:59:04,576 - DEBUG - Loaded configuration from /var/folders/3f/2n5sjdw50vj9gfnrxjbptj4c0000gn/T/tmp9zpfpr6_/test_config.json
2025-06-06 22:59:04,579 - DEBUG - Saved configuration to /var/folders/3f/2n5sjdw50vj9gfnrxjbptj4c0000gn/T/tmpqud9qoyb/test_config.json
2025-06-06 22:59:04,579 - DEBUG - Loaded configuration from /var/folders/3f/2n5sjdw50vj9gfnrxjbptj4c0000gn/T/tmpqud9qoyb/test_config.json
2025-06-06 22:59:04,580 - ERROR - Failed to list models: API error
Traceback (most recent call last):
  File "/Users/johnrush/repos/chuck-data/chuck_data/commands/list_models.py", line 31, in handle_command
    models_list = list_models_api(client)
                  ^^^^^^^^^^^^^^^^^^^^^^^
  File "/Users/johnrush/repos/chuck-data/chuck_data/models.py", line 19, in list_models
    return client.list_models()
           ^^^^^^^^^^^^^^^^^^^^
  File "/Users/johnrush/repos/chuck-data/tests/commands/test_list_models.py", line 112, in list_models
    raise Exception("API error")
Exception: API error
2025-06-06 22:59:04,583 - DEBUG - Saved configuration to /var/folders/3f/2n5sjdw50vj9gfnrxjbptj4c0000gn/T/tmpx4l91l6s/test_config.json
2025-06-06 22:59:04,583 - DEBUG - Loaded configuration from /var/folders/3f/2n5sjdw50vj9gfnrxjbptj4c0000gn/T/tmpx4l91l6s/test_config.json
2025-06-06 22:59:04,583 - DEBUG - Loaded configuration from /var/folders/3f/2n5sjdw50vj9gfnrxjbptj4c0000gn/T/tmpx4l91l6s/test_config.json
2025-06-06 22:59:04,585 - DEBUG - Saved configuration to /var/folders/3f/2n5sjdw50vj9gfnrxjbptj4c0000gn/T/tmpg8vqvsz4/test_config.json
2025-06-06 22:59:04,586 - DEBUG - Loaded configuration from /var/folders/3f/2n5sjdw50vj9gfnrxjbptj4c0000gn/T/tmpg8vqvsz4/test_config.json
2025-06-06 22:59:04,586 - DEBUG - Loaded configuration from /var/folders/3f/2n5sjdw50vj9gfnrxjbptj4c0000gn/T/tmpg8vqvsz4/test_config.json
2025-06-06 22:59:04,587 - DEBUG - Saved configuration to /var/folders/3f/2n5sjdw50vj9gfnrxjbptj4c0000gn/T/tmpsj92pixs/test_config.json
2025-06-06 22:59:04,587 - DEBUG - Loaded configuration from /var/folders/3f/2n5sjdw50vj9gfnrxjbptj4c0000gn/T/tmpsj92pixs/test_config.json
2025-06-06 22:59:04,588 - DEBUG - Loaded configuration from /var/folders/3f/2n5sjdw50vj9gfnrxjbptj4c0000gn/T/tmpsj92pixs/test_config.json
2025-06-06 22:59:04,589 - DEBUG - Saved configuration to /var/folders/3f/2n5sjdw50vj9gfnrxjbptj4c0000gn/T/tmpndl3ekno/test_config.json
2025-06-06 22:59:04,589 - DEBUG - Loaded configuration from /var/folders/3f/2n5sjdw50vj9gfnrxjbptj4c0000gn/T/tmpndl3ekno/test_config.json
2025-06-06 22:59:04,589 - DEBUG - Loaded configuration from /var/folders/3f/2n5sjdw50vj9gfnrxjbptj4c0000gn/T/tmpndl3ekno/test_config.json
2025-06-06 22:59:04,590 - DEBUG - Saved configuration to /var/folders/3f/2n5sjdw50vj9gfnrxjbptj4c0000gn/T/tmpndl3ekno/test_config.json
2025-06-06 22:59:04,590 - DEBUG - Loaded configuration from /var/folders/3f/2n5sjdw50vj9gfnrxjbptj4c0000gn/T/tmpndl3ekno/test_config.json
2025-06-06 22:59:04,591 - DEBUG - Saved configuration to /var/folders/3f/2n5sjdw50vj9gfnrxjbptj4c0000gn/T/tmpmsxm_mb_/test_config.json
2025-06-06 22:59:04,591 - DEBUG - Loaded configuration from /var/folders/3f/2n5sjdw50vj9gfnrxjbptj4c0000gn/T/tmpmsxm_mb_/test_config.json
2025-06-06 22:59:04,592 - DEBUG - Loaded configuration from /var/folders/3f/2n5sjdw50vj9gfnrxjbptj4c0000gn/T/tmpmsxm_mb_/test_config.json
2025-06-06 22:59:04,592 - DEBUG - Saved configuration to /var/folders/3f/2n5sjdw50vj9gfnrxjbptj4c0000gn/T/tmpmsxm_mb_/test_config.json
2025-06-06 22:59:04,592 - DEBUG - Loaded configuration from /var/folders/3f/2n5sjdw50vj9gfnrxjbptj4c0000gn/T/tmpmsxm_mb_/test_config.json
2025-06-06 22:59:04,596 - DEBUG - Saved configuration to /var/folders/3f/2n5sjdw50vj9gfnrxjbptj4c0000gn/T/tmpnkout_8x/test_config.json
2025-06-06 22:59:04,596 - DEBUG - Loaded configuration from /var/folders/3f/2n5sjdw50vj9gfnrxjbptj4c0000gn/T/tmpnkout_8x/test_config.json
2025-06-06 22:59:04,597 - DEBUG - Saved configuration to /var/folders/3f/2n5sjdw50vj9gfnrxjbptj4c0000gn/T/tmpx3g_do9x/test_config.json
2025-06-06 22:59:04,597 - DEBUG - Loaded configuration from /var/folders/3f/2n5sjdw50vj9gfnrxjbptj4c0000gn/T/tmpx3g_do9x/test_config.json
2025-06-06 22:59:04,598 - DEBUG - Loaded configuration from /var/folders/3f/2n5sjdw50vj9gfnrxjbptj4c0000gn/T/tmpx3g_do9x/test_config.json
2025-06-06 22:59:04,598 - DEBUG - Saved configuration to /var/folders/3f/2n5sjdw50vj9gfnrxjbptj4c0000gn/T/tmpx3g_do9x/test_config.json
2025-06-06 22:59:04,600 - ERROR - Error listing tables: API error
2025-06-06 22:59:04,604 - DEBUG - Saved configuration to /var/folders/3f/2n5sjdw50vj9gfnrxjbptj4c0000gn/T/tmpwewmw5ep/test_config.json
2025-06-06 22:59:04,605 - DEBUG - Loaded configuration from /var/folders/3f/2n5sjdw50vj9gfnrxjbptj4c0000gn/T/tmpwewmw5ep/test_config.json
2025-06-06 22:59:04,605 - DEBUG - Loaded configuration from /var/folders/3f/2n5sjdw50vj9gfnrxjbptj4c0000gn/T/tmpwewmw5ep/test_config.json
2025-06-06 22:59:04,607 - DEBUG - Saved configuration to /var/folders/3f/2n5sjdw50vj9gfnrxjbptj4c0000gn/T/tmptr3kp8nx/test_config.json
2025-06-06 22:59:04,607 - DEBUG - Loaded configuration from /var/folders/3f/2n5sjdw50vj9gfnrxjbptj4c0000gn/T/tmptr3kp8nx/test_config.json
2025-06-06 22:59:04,608 - DEBUG - Saved configuration to /var/folders/3f/2n5sjdw50vj9gfnrxjbptj4c0000gn/T/tmptr3kp8nx/test_config.json
2025-06-06 22:59:04,608 - DEBUG - Loaded configuration from /var/folders/3f/2n5sjdw50vj9gfnrxjbptj4c0000gn/T/tmptr3kp8nx/test_config.json
2025-06-06 22:59:04,608 - DEBUG - Loaded configuration from /var/folders/3f/2n5sjdw50vj9gfnrxjbptj4c0000gn/T/tmptr3kp8nx/test_config.json
2025-06-06 22:59:04,612 - ERROR - Error fetching warehouses: API connection error
2025-06-06 22:59:04,619 - ERROR - Failed to set model 'claude-v1': API error
Traceback (most recent call last):
  File "/Users/johnrush/repos/chuck-data/chuck_data/commands/model_selection.py", line 28, in handle_command
    models_list = list_models_api(client)
                  ^^^^^^^^^^^^^^^^^^^^^^^
  File "/Users/johnrush/repos/chuck-data/chuck_data/models.py", line 19, in list_models
    return client.list_models()
           ^^^^^^^^^^^^^^^^^^^^
  File "/Users/johnrush/repos/chuck-data/tests/commands/test_model_selection.py", line 79, in list_models
    raise Exception("API error")
Exception: API error
2025-06-06 22:59:04,621 - DEBUG - Saved configuration to /var/folders/3f/2n5sjdw50vj9gfnrxjbptj4c0000gn/T/tmptcfv0rg6/test_config.json
2025-06-06 22:59:04,621 - DEBUG - Loaded configuration from /var/folders/3f/2n5sjdw50vj9gfnrxjbptj4c0000gn/T/tmptcfv0rg6/test_config.json
2025-06-06 22:59:04,622 - DEBUG - Saved configuration to /var/folders/3f/2n5sjdw50vj9gfnrxjbptj4c0000gn/T/tmpjaef5hdf/test_config.json
2025-06-06 22:59:04,622 - DEBUG - Loaded configuration from /var/folders/3f/2n5sjdw50vj9gfnrxjbptj4c0000gn/T/tmpjaef5hdf/test_config.json
2025-06-06 22:59:04,624 - DEBUG - Saved configuration to /var/folders/3f/2n5sjdw50vj9gfnrxjbptj4c0000gn/T/tmpr0n4oaf4/test_config.json
2025-06-06 22:59:04,624 - DEBUG - Loaded configuration from /var/folders/3f/2n5sjdw50vj9gfnrxjbptj4c0000gn/T/tmpr0n4oaf4/test_config.json
2025-06-06 22:59:04,628 - DEBUG - Saved configuration to /var/folders/3f/2n5sjdw50vj9gfnrxjbptj4c0000gn/T/tmpqdia0v_s/test_config.json
2025-06-06 22:59:04,628 - DEBUG - Loaded configuration from /var/folders/3f/2n5sjdw50vj9gfnrxjbptj4c0000gn/T/tmpqdia0v_s/test_config.json
2025-06-06 22:59:04,632 - INFO - Starting PII Scan for 1 tables in test_cat.test_schema.
2025-06-06 22:59:04,634 - INFO - Starting PII Scan for 1 tables in test_cat.test_schema.
2025-06-06 22:59:04,637 - INFO - Starting PII Scan for 2 tables in test_cat.test_schema.
2025-06-06 22:59:04,643 - ERROR - Bulk PII scan error: LLM client error
Traceback (most recent call last):
  File "/Users/johnrush/repos/chuck-data/chuck_data/commands/scan_pii.py", line 48, in handle_command
    llm_client = LLMClient()
                 ^^^^^^^^^^^
  File "/usr/local/Cellar/python@3.11/3.11.4_1/Frameworks/Python.framework/Versions/3.11/lib/python3.11/unittest/mock.py", line 1124, in __call__
    return self._mock_call(*args, **kwargs)
           ^^^^^^^^^^^^^^^^^^^^^^^^^^^^^^^^
  File "/usr/local/Cellar/python@3.11/3.11.4_1/Frameworks/Python.framework/Versions/3.11/lib/python3.11/unittest/mock.py", line 1128, in _mock_call
    return self._execute_mock_call(*args, **kwargs)
           ^^^^^^^^^^^^^^^^^^^^^^^^^^^^^^^^^^^^^^^^
  File "/usr/local/Cellar/python@3.11/3.11.4_1/Frameworks/Python.framework/Versions/3.11/lib/python3.11/unittest/mock.py", line 1183, in _execute_mock_call
    raise effect
Exception: LLM client error
2025-06-06 22:59:04,647 - INFO - Starting PII Scan for 2 tables in test_catalog.test_schema.
2025-06-06 22:59:04,648 - ERROR - _helper_tag_pii_columns_logic error for 'products': LLM PII tag response format error. Expected 2 items, got 3.
Traceback (most recent call last):
  File "/Users/johnrush/repos/chuck-data/chuck_data/commands/pii_tools.py", line 114, in _helper_tag_pii_columns_logic
    raise ValueError(
ValueError: LLM PII tag response format error. Expected 2 items, got 3.
2025-06-06 22:59:04,650 - INFO - Starting PII Scan for 1 tables in test_catalog.test_schema.
2025-06-06 22:59:04,654 - DEBUG - Saved configuration to /var/folders/3f/2n5sjdw50vj9gfnrxjbptj4c0000gn/T/tmpbxed_6cf/test_config.json
2025-06-06 22:59:04,654 - DEBUG - Loaded configuration from /var/folders/3f/2n5sjdw50vj9gfnrxjbptj4c0000gn/T/tmpbxed_6cf/test_config.json
2025-06-06 22:59:04,654 - ERROR - Failed to set schema: Failed to list schemas
Traceback (most recent call last):
  File "/Users/johnrush/repos/chuck-data/chuck_data/commands/schema_selection.py", line 110, in handle_command
    result = get_schemas_list(client=client, catalog_name=catalog_name)
             ^^^^^^^^^^^^^^^^^^^^^^^^^^^^^^^^^^^^^^^^^^^^^^^^^^^^^^^^^^
  File "/Users/johnrush/repos/chuck-data/chuck_data/catalogs.py", line 56, in list_schemas
    return client.list_schemas(catalog_name, include_browse, max_results, page_token)
           ^^^^^^^^^^^^^^^^^^^^^^^^^^^^^^^^^^^^^^^^^^^^^^^^^^^^^^^^^^^^^^^^^^^^^^^^^^
  File "/Users/johnrush/repos/chuck-data/tests/commands/test_schema_selection.py", line 102, in list_schemas
    raise Exception("Failed to list schemas")
Exception: Failed to list schemas
2025-06-06 22:59:04,657 - DEBUG - Saved configuration to /var/folders/3f/2n5sjdw50vj9gfnrxjbptj4c0000gn/T/tmphcs7_wnp/test_config.json
2025-06-06 22:59:04,657 - DEBUG - Loaded configuration from /var/folders/3f/2n5sjdw50vj9gfnrxjbptj4c0000gn/T/tmphcs7_wnp/test_config.json
2025-06-06 22:59:04,658 - DEBUG - Saved configuration to /var/folders/3f/2n5sjdw50vj9gfnrxjbptj4c0000gn/T/tmp6m6vxohq/test_config.json
2025-06-06 22:59:04,659 - DEBUG - Loaded configuration from /var/folders/3f/2n5sjdw50vj9gfnrxjbptj4c0000gn/T/tmp6m6vxohq/test_config.json
2025-06-06 22:59:04,659 - DEBUG - Loaded configuration from /var/folders/3f/2n5sjdw50vj9gfnrxjbptj4c0000gn/T/tmp6m6vxohq/test_config.json
2025-06-06 22:59:04,659 - DEBUG - Saved configuration to /var/folders/3f/2n5sjdw50vj9gfnrxjbptj4c0000gn/T/tmp6m6vxohq/test_config.json
2025-06-06 22:59:04,659 - DEBUG - Loaded configuration from /var/folders/3f/2n5sjdw50vj9gfnrxjbptj4c0000gn/T/tmp6m6vxohq/test_config.json
2025-06-06 22:59:04,663 - DEBUG - Sending metric: {"event": "USAGE", "configuration": {"workspace_url": "https://dbc-df998298-4c7e.cloud.databricks.co...
2025-06-06 22:59:04,665 - DEBUG - Starting new HTTPS connection (1): chuck.amperity.com:443
2025-06-06 22:59:04,845 - DEBUG - https://chuck.amperity.com:443 "POST /api/usage HTTP/1.1" 204 0
2025-06-06 22:59:04,846 - DEBUG - Failed to send metrics: 204 - 
2025-06-06 22:59:04,849 - ERROR - Stitch setup error: LLM client error
Traceback (most recent call last):
  File "/Users/johnrush/repos/chuck-data/chuck_data/commands/setup_stitch.py", line 111, in handle_command
    return _phase_1_prepare_config(
           ^^^^^^^^^^^^^^^^^^^^^^^^
  File "/Users/johnrush/repos/chuck-data/chuck_data/commands/setup_stitch.py", line 273, in _phase_1_prepare_config
    llm_client = LLMClient()
                 ^^^^^^^^^^^
  File "/usr/local/Cellar/python@3.11/3.11.4_1/Frameworks/Python.framework/Versions/3.11/lib/python3.11/unittest/mock.py", line 1124, in __call__
    return self._mock_call(*args, **kwargs)
           ^^^^^^^^^^^^^^^^^^^^^^^^^^^^^^^^
  File "/usr/local/Cellar/python@3.11/3.11.4_1/Frameworks/Python.framework/Versions/3.11/lib/python3.11/unittest/mock.py", line 1128, in _mock_call
    return self._execute_mock_call(*args, **kwargs)
           ^^^^^^^^^^^^^^^^^^^^^^^^^^^^^^^^^^^^^^^^
  File "/usr/local/Cellar/python@3.11/3.11.4_1/Frameworks/Python.framework/Versions/3.11/lib/python3.11/unittest/mock.py", line 1183, in _execute_mock_call
    raise effect
Exception: LLM client error
2025-06-06 22:59:04,861 - DEBUG - GET request to: https://.cloud.databricks.com/api/2.0/preview/scim/v2/Me
2025-06-06 22:59:04,861 - DEBUG - Connection error: URL has an invalid label.
2025-06-06 22:59:04,861 - DEBUG - Token validation failed: Connection error occurred: URL has an invalid label.
2025-06-06 22:59:04,864 - ERROR - Error validating token: Connection failed
2025-06-06 22:59:04,869 - DEBUG - GET request to: https://invalid-workspace.nonexistent.com.cloud.databricks.com/api/2.0/preview/scim/v2/Me
2025-06-06 22:59:05,212 - DEBUG - Starting new HTTPS connection (1): invalid-workspace.nonexistent.com.cloud.databricks.com:443
2025-06-06 22:59:05,214 - DEBUG - Connection error: HTTPSConnectionPool(host='invalid-workspace.nonexistent.com.cloud.databricks.com', port=443): Max retries exceeded with url: /api/2.0/preview/scim/v2/Me (Caused by NameResolutionError("<urllib3.connection.HTTPSConnection object at 0x10e556690>: Failed to resolve 'invalid-workspace.nonexistent.com.cloud.databricks.com' ([Errno 8] nodename nor servname provided, or not known)"))
2025-06-06 22:59:05,214 - DEBUG - Token validation failed: Connection error occurred: HTTPSConnectionPool(host='invalid-workspace.nonexistent.com.cloud.databricks.com', port=443): Max retries exceeded with url: /api/2.0/preview/scim/v2/Me (Caused by NameResolutionError("<urllib3.connection.HTTPSConnection object at 0x10e556690>: Failed to resolve 'invalid-workspace.nonexistent.com.cloud.databricks.com' ([Errno 8] nodename nor servname provided, or not known)"))
2025-06-06 22:59:05,334 - DEBUG - GET request to: https://invalid.nonexistent.com.cloud.databricks.com/api/2.0/preview/scim/v2/Me
2025-06-06 22:59:05,450 - DEBUG - Starting new HTTPS connection (1): invalid.nonexistent.com.cloud.databricks.com:443
2025-06-06 22:59:05,452 - DEBUG - Connection error: HTTPSConnectionPool(host='invalid.nonexistent.com.cloud.databricks.com', port=443): Max retries exceeded with url: /api/2.0/preview/scim/v2/Me (Caused by NameResolutionError("<urllib3.connection.HTTPSConnection object at 0x10e515510>: Failed to resolve 'invalid.nonexistent.com.cloud.databricks.com' ([Errno 8] nodename nor servname provided, or not known)"))
2025-06-06 22:59:05,452 - DEBUG - Token validation failed: Connection error occurred: HTTPSConnectionPool(host='invalid.nonexistent.com.cloud.databricks.com', port=443): Max retries exceeded with url: /api/2.0/preview/scim/v2/Me (Caused by NameResolutionError("<urllib3.connection.HTTPSConnection object at 0x10e515510>: Failed to resolve 'invalid.nonexistent.com.cloud.databricks.com' ([Errno 8] nodename nor servname provided, or not known)"))
2025-06-06 22:59:05,454 - ERROR - Error validating token: Validation failed
2025-06-06 22:59:05,575 - ERROR - Error validating token: Connection failed
2025-06-06 22:59:05,607 - ERROR - Error validating token: Network error with secret details
2025-06-06 22:59:05,641 - ERROR - Error validating token: Connection error: Failed to resolve 'workspace123.cloud.databricks.com'
2025-06-06 22:59:05,651 - ERROR - Error fetching Amperity init script: API Error
Traceback (most recent call last):
  File "/Users/johnrush/repos/chuck-data/chuck_data/commands/stitch_tools.py", line 179, in _helper_prepare_stitch_config
    init_script_data = client.fetch_amperity_job_init(amperity_token)
                       ^^^^^^^^^^^^^^^^^^^^^^^^^^^^^^^^^^^^^^^^^^^^^^
  File "/usr/local/Cellar/python@3.11/3.11.4_1/Frameworks/Python.framework/Versions/3.11/lib/python3.11/unittest/mock.py", line 1124, in __call__
    return self._mock_call(*args, **kwargs)
           ^^^^^^^^^^^^^^^^^^^^^^^^^^^^^^^^
  File "/usr/local/Cellar/python@3.11/3.11.4_1/Frameworks/Python.framework/Versions/3.11/lib/python3.11/unittest/mock.py", line 1128, in _mock_call
    return self._execute_mock_call(*args, **kwargs)
           ^^^^^^^^^^^^^^^^^^^^^^^^^^^^^^^^^^^^^^^^
  File "/usr/local/Cellar/python@3.11/3.11.4_1/Frameworks/Python.framework/Versions/3.11/lib/python3.11/unittest/mock.py", line 1183, in _execute_mock_call
    raise effect
Exception: API Error
2025-06-06 22:59:05,658 - DEBUG - Versioned cluster init script uploaded to /Volumes/test_catalog/test_schema/chuck/cluster_init-2025-06-02_14-30.sh
2025-06-06 22:59:05,660 - DEBUG - Versioned cluster init script uploaded to /Volumes/test_catalog/test_schema/chuck/cluster_init-2025-06-02_14-30.sh
2025-06-06 22:59:05,662 - DEBUG - Volume 'chuck' not found in test_catalog.test_schema. Attempting to create.
2025-06-06 22:59:05,672 - DEBUG - Saved configuration to /var/folders/3f/2n5sjdw50vj9gfnrxjbptj4c0000gn/T/tmpl8gwpl5v/test_config.json
2025-06-06 22:59:05,672 - DEBUG - Loaded configuration from /var/folders/3f/2n5sjdw50vj9gfnrxjbptj4c0000gn/T/tmpl8gwpl5v/test_config.json
2025-06-06 22:59:05,672 - DEBUG - Loaded configuration from /var/folders/3f/2n5sjdw50vj9gfnrxjbptj4c0000gn/T/tmpl8gwpl5v/test_config.json
2025-06-06 22:59:05,672 - DEBUG - Loaded configuration from /var/folders/3f/2n5sjdw50vj9gfnrxjbptj4c0000gn/T/tmpl8gwpl5v/test_config.json
2025-06-06 22:59:05,674 - DEBUG - Saved configuration to /var/folders/3f/2n5sjdw50vj9gfnrxjbptj4c0000gn/T/tmph71ou1a6/test_config.json
2025-06-06 22:59:05,674 - DEBUG - Loaded configuration from /var/folders/3f/2n5sjdw50vj9gfnrxjbptj4c0000gn/T/tmph71ou1a6/test_config.json
2025-06-06 22:59:05,675 - DEBUG - Saved configuration to /var/folders/3f/2n5sjdw50vj9gfnrxjbptj4c0000gn/T/tmph71ou1a6/test_config.json
2025-06-06 22:59:05,675 - DEBUG - Loaded configuration from /var/folders/3f/2n5sjdw50vj9gfnrxjbptj4c0000gn/T/tmph71ou1a6/test_config.json
2025-06-06 22:59:05,675 - DEBUG - Saved configuration to /var/folders/3f/2n5sjdw50vj9gfnrxjbptj4c0000gn/T/tmph71ou1a6/test_config.json
2025-06-06 22:59:05,676 - DEBUG - Loaded configuration from /var/folders/3f/2n5sjdw50vj9gfnrxjbptj4c0000gn/T/tmph71ou1a6/test_config.json
2025-06-06 22:59:05,676 - DEBUG - Loaded configuration from /var/folders/3f/2n5sjdw50vj9gfnrxjbptj4c0000gn/T/tmph71ou1a6/test_config.json
2025-06-06 22:59:05,676 - DEBUG - Loaded configuration from /var/folders/3f/2n5sjdw50vj9gfnrxjbptj4c0000gn/T/tmph71ou1a6/test_config.json
2025-06-06 22:59:05,677 - INFO - Applying tag 'email' to column 'email_col'
2025-06-06 22:59:05,677 - INFO - Applying tag 'given-name' to column 'name_col'
2025-06-06 22:59:05,678 - INFO - Applying tag 'phone' to column 'good_col'
2025-06-06 22:59:05,680 - INFO - Applying tag 'email' to column 'email_col'
2025-06-06 22:59:05,681 - INFO - Applying tag 'email' to column 'email_col'
2025-06-06 22:59:05,681 - ERROR - Error applying tag to email_col: Connection error
2025-06-06 22:59:05,684 - DEBUG - Saved configuration to /var/folders/3f/2n5sjdw50vj9gfnrxjbptj4c0000gn/T/tmp9bnybxdp/test_config.json
2025-06-06 22:59:05,684 - DEBUG - Loaded configuration from /var/folders/3f/2n5sjdw50vj9gfnrxjbptj4c0000gn/T/tmp9bnybxdp/test_config.json
2025-06-06 22:59:05,686 - DEBUG - Saved configuration to /var/folders/3f/2n5sjdw50vj9gfnrxjbptj4c0000gn/T/tmpnxmrx9gm/test_config.json
2025-06-06 22:59:05,687 - ERROR - Failed to set warehouse: Failed to list warehouses
Traceback (most recent call last):
  File "/Users/johnrush/repos/chuck-data/chuck_data/commands/warehouse_selection.py", line 106, in handle_command
    warehouses = client.list_warehouses()
                 ^^^^^^^^^^^^^^^^^^^^^^^^
  File "/Users/johnrush/repos/chuck-data/tests/commands/test_warehouse_selection.py", line 110, in list_warehouses
    raise Exception("Failed to list warehouses")
Exception: Failed to list warehouses
2025-06-06 22:59:05,690 - DEBUG - Saved configuration to /var/folders/3f/2n5sjdw50vj9gfnrxjbptj4c0000gn/T/tmpqepyu_za/test_config.json
2025-06-06 22:59:05,697 - ERROR - Failed to set workspace URL: Validation error
Traceback (most recent call last):
  File "/Users/johnrush/repos/chuck-data/chuck_data/commands/workspace_selection.py", line 37, in handle_command
    is_valid, error_message = validate_workspace_url(workspace_url)
                              ^^^^^^^^^^^^^^^^^^^^^^^^^^^^^^^^^^^^^
  File "/usr/local/Cellar/python@3.11/3.11.4_1/Frameworks/Python.framework/Versions/3.11/lib/python3.11/unittest/mock.py", line 1124, in __call__
    return self._mock_call(*args, **kwargs)
           ^^^^^^^^^^^^^^^^^^^^^^^^^^^^^^^^
  File "/usr/local/Cellar/python@3.11/3.11.4_1/Frameworks/Python.framework/Versions/3.11/lib/python3.11/unittest/mock.py", line 1128, in _mock_call
    return self._execute_mock_call(*args, **kwargs)
           ^^^^^^^^^^^^^^^^^^^^^^^^^^^^^^^^^^^^^^^^
  File "/usr/local/Cellar/python@3.11/3.11.4_1/Frameworks/Python.framework/Versions/3.11/lib/python3.11/unittest/mock.py", line 1183, in _execute_mock_call
    raise effect
Exception: Validation error
