2025-06-04 12:50:23,365 - DEBUG - Logging initialized. Writing to /Users/johnrush/repos/clamp-internal/log/sessions/2025-06-04_12-50-23.log
2025-06-04 12:50:23,368 - DEBUG - HTTP error: HTTP 401, Response: {"status":401,"message":"Unauthorized"}
2025-06-04 12:50:23,370 - DEBUG - GET request to: https://test-workspace.cloud.databricks.com/test-endpoint
2025-06-04 12:50:23,370 - DEBUG - Connection error: Connection failed
2025-06-04 12:50:23,371 - DEBUG - GET request to: https://test-workspace.cloud.databricks.com/test-endpoint
2025-06-04 12:50:23,371 - DEBUG - HTTP error: HTTP 404, Response: Not Found
2025-06-04 12:50:23,372 - DEBUG - GET request to: https://test-workspace.cloud.databricks.com/test-endpoint
2025-06-04 12:50:23,374 - DEBUG - POST request to: https://test-workspace.cloud.databricks.com/test-endpoint
2025-06-04 12:50:23,374 - DEBUG - Connection error: Connection failed
2025-06-04 12:50:23,375 - DEBUG - POST request to: https://test-workspace.cloud.databricks.com/test-endpoint
2025-06-04 12:50:23,375 - DEBUG - HTTP error: HTTP 400, Response: Bad Request
2025-06-04 12:50:23,376 - DEBUG - POST request to: https://test-workspace.cloud.databricks.com/test-endpoint
2025-06-04 12:50:23,380 - DEBUG - Saved configuration to /var/folders/3f/2n5sjdw50vj9gfnrxjbptj4c0000gn/T/tmpg0if58yu/test_config.json
2025-06-04 12:50:23,380 - DEBUG - Loaded configuration from /var/folders/3f/2n5sjdw50vj9gfnrxjbptj4c0000gn/T/tmpg0if58yu/test_config.json
2025-06-04 12:50:23,380 - DEBUG - Loaded configuration from /var/folders/3f/2n5sjdw50vj9gfnrxjbptj4c0000gn/T/tmpg0if58yu/test_config.json
2025-06-04 12:50:23,380 - DEBUG - Saved configuration to /var/folders/3f/2n5sjdw50vj9gfnrxjbptj4c0000gn/T/tmpg0if58yu/test_config.json
2025-06-04 12:50:23,381 - DEBUG - Loaded configuration from /var/folders/3f/2n5sjdw50vj9gfnrxjbptj4c0000gn/T/tmpg0if58yu/test_config.json
2025-06-04 12:50:23,381 - DEBUG - Saved configuration to /var/folders/3f/2n5sjdw50vj9gfnrxjbptj4c0000gn/T/tmpg0if58yu/test_config.json
2025-06-04 12:50:23,381 - DEBUG - Loaded configuration from /var/folders/3f/2n5sjdw50vj9gfnrxjbptj4c0000gn/T/tmpg0if58yu/test_config.json
2025-06-04 12:50:23,381 - DEBUG - Saved configuration to /var/folders/3f/2n5sjdw50vj9gfnrxjbptj4c0000gn/T/tmpg0if58yu/test_config.json
2025-06-04 12:50:23,381 - DEBUG - Loaded configuration from /var/folders/3f/2n5sjdw50vj9gfnrxjbptj4c0000gn/T/tmpg0if58yu/test_config.json
2025-06-04 12:50:23,382 - DEBUG - Saved configuration to /var/folders/3f/2n5sjdw50vj9gfnrxjbptj4c0000gn/T/tmpg0if58yu/test_config.json
2025-06-04 12:50:23,382 - DEBUG - Loaded configuration from /var/folders/3f/2n5sjdw50vj9gfnrxjbptj4c0000gn/T/tmpg0if58yu/test_config.json
2025-06-04 12:50:23,382 - DEBUG - Loaded configuration from /var/folders/3f/2n5sjdw50vj9gfnrxjbptj4c0000gn/T/tmpg0if58yu/test_config.json
2025-06-04 12:50:23,382 - DEBUG - Loaded configuration from /var/folders/3f/2n5sjdw50vj9gfnrxjbptj4c0000gn/T/tmpg0if58yu/test_config.json
2025-06-04 12:50:23,382 - DEBUG - Loaded configuration from /var/folders/3f/2n5sjdw50vj9gfnrxjbptj4c0000gn/T/tmpg0if58yu/test_config.json
2025-06-04 12:50:23,383 - DEBUG - Loaded configuration from /var/folders/3f/2n5sjdw50vj9gfnrxjbptj4c0000gn/T/tmpg0if58yu/test_config.json
2025-06-04 12:50:23,385 - DEBUG - Saved configuration to /var/folders/3f/2n5sjdw50vj9gfnrxjbptj4c0000gn/T/tmpqietnam_/test_config.json
2025-06-04 12:50:23,385 - DEBUG - Loaded configuration from /var/folders/3f/2n5sjdw50vj9gfnrxjbptj4c0000gn/T/tmpqietnam_/test_config.json
2025-06-04 12:50:23,387 - DEBUG - Saved configuration to /var/folders/3f/2n5sjdw50vj9gfnrxjbptj4c0000gn/T/tmpe2b20468/test_config.json
2025-06-04 12:50:23,387 - DEBUG - Loaded configuration from /var/folders/3f/2n5sjdw50vj9gfnrxjbptj4c0000gn/T/tmpe2b20468/test_config.json
2025-06-04 12:50:23,389 - DEBUG - Saved configuration to /var/folders/3f/2n5sjdw50vj9gfnrxjbptj4c0000gn/T/tmp2q1q5cxo/test_config.json
2025-06-04 12:50:23,389 - DEBUG - Loaded configuration from /var/folders/3f/2n5sjdw50vj9gfnrxjbptj4c0000gn/T/tmp2q1q5cxo/test_config.json
2025-06-04 12:50:23,389 - DEBUG - Loaded configuration from /var/folders/3f/2n5sjdw50vj9gfnrxjbptj4c0000gn/T/tmp2q1q5cxo/test_config.json
2025-06-04 12:50:23,389 - DEBUG - Saved configuration to /var/folders/3f/2n5sjdw50vj9gfnrxjbptj4c0000gn/T/tmp2q1q5cxo/test_config.json
2025-06-04 12:50:23,389 - DEBUG - Loaded configuration from /var/folders/3f/2n5sjdw50vj9gfnrxjbptj4c0000gn/T/tmp2q1q5cxo/test_config.json
2025-06-04 12:50:23,390 - DEBUG - Loaded configuration from /var/folders/3f/2n5sjdw50vj9gfnrxjbptj4c0000gn/T/tmp2q1q5cxo/test_config.json
2025-06-04 12:50:23,393 - DEBUG - Saved configuration to /var/folders/3f/2n5sjdw50vj9gfnrxjbptj4c0000gn/T/tmp32cd5j7o/test_config.json
2025-06-04 12:50:23,393 - DEBUG - Loaded configuration from /var/folders/3f/2n5sjdw50vj9gfnrxjbptj4c0000gn/T/tmp32cd5j7o/test_config.json
2025-06-04 12:50:23,393 - DEBUG - Loaded configuration from /var/folders/3f/2n5sjdw50vj9gfnrxjbptj4c0000gn/T/tmp32cd5j7o/test_config.json
2025-06-04 12:50:23,393 - DEBUG - Saved configuration to /var/folders/3f/2n5sjdw50vj9gfnrxjbptj4c0000gn/T/tmp32cd5j7o/test_config.json
2025-06-04 12:50:23,394 - DEBUG - Loaded configuration from /var/folders/3f/2n5sjdw50vj9gfnrxjbptj4c0000gn/T/tmp32cd5j7o/test_config.json
2025-06-04 12:50:23,394 - DEBUG - Saved configuration to /var/folders/3f/2n5sjdw50vj9gfnrxjbptj4c0000gn/T/tmp32cd5j7o/test_config.json
2025-06-04 12:50:23,394 - DEBUG - Loaded configuration from /var/folders/3f/2n5sjdw50vj9gfnrxjbptj4c0000gn/T/tmp32cd5j7o/test_config.json
2025-06-04 12:50:23,394 - DEBUG - Saved configuration to /var/folders/3f/2n5sjdw50vj9gfnrxjbptj4c0000gn/T/tmp32cd5j7o/test_config.json
2025-06-04 12:50:23,394 - DEBUG - Loaded configuration from /var/folders/3f/2n5sjdw50vj9gfnrxjbptj4c0000gn/T/tmp32cd5j7o/test_config.json
2025-06-04 12:50:23,395 - DEBUG - Saved configuration to /var/folders/3f/2n5sjdw50vj9gfnrxjbptj4c0000gn/T/tmp32cd5j7o/test_config.json
2025-06-04 12:50:23,395 - DEBUG - Loaded configuration from /var/folders/3f/2n5sjdw50vj9gfnrxjbptj4c0000gn/T/tmp32cd5j7o/test_config.json
2025-06-04 12:50:23,395 - DEBUG - Using workspace_url from environment variable CHUCK_WORKSPACE_URL
2025-06-04 12:50:23,395 - DEBUG - Using active_model from environment variable CHUCK_ACTIVE_MODEL
2025-06-04 12:50:23,395 - DEBUG - Using warehouse_id from environment variable CHUCK_WAREHOUSE_ID
2025-06-04 12:50:23,395 - DEBUG - Using active_catalog from environment variable CHUCK_ACTIVE_CATALOG
2025-06-04 12:50:23,395 - DEBUG - Using active_schema from environment variable CHUCK_ACTIVE_SCHEMA
2025-06-04 12:50:23,395 - DEBUG - Using usage_tracking_consent from environment variable CHUCK_USAGE_TRACKING_CONSENT
2025-06-04 12:50:23,395 - DEBUG - Loaded configuration from /var/folders/3f/2n5sjdw50vj9gfnrxjbptj4c0000gn/T/tmp32cd5j7o/test_config.json
2025-06-04 12:50:23,397 - DEBUG - Saved configuration to /var/folders/3f/2n5sjdw50vj9gfnrxjbptj4c0000gn/T/tmpmlnflax9/test_config.json
2025-06-04 12:50:23,397 - DEBUG - Loaded configuration from /var/folders/3f/2n5sjdw50vj9gfnrxjbptj4c0000gn/T/tmpmlnflax9/test_config.json
2025-06-04 12:50:23,397 - DEBUG - Loaded configuration from /var/folders/3f/2n5sjdw50vj9gfnrxjbptj4c0000gn/T/tmpmlnflax9/test_config.json
2025-06-04 12:50:23,397 - WARNING - Invalid workspace_url provided, using default instead
2025-06-04 12:50:23,397 - DEBUG - Saved configuration to /var/folders/3f/2n5sjdw50vj9gfnrxjbptj4c0000gn/T/tmpmlnflax9/test_config.json
2025-06-04 12:50:23,398 - DEBUG - Loaded configuration from /var/folders/3f/2n5sjdw50vj9gfnrxjbptj4c0000gn/T/tmpmlnflax9/test_config.json
2025-06-04 12:50:23,398 - DEBUG - Loaded configuration from /var/folders/3f/2n5sjdw50vj9gfnrxjbptj4c0000gn/T/tmpmlnflax9/test_config.json
2025-06-04 12:50:23,398 - DEBUG - Saved configuration to /var/folders/3f/2n5sjdw50vj9gfnrxjbptj4c0000gn/T/tmpmlnflax9/test_config.json
2025-06-04 12:50:23,398 - DEBUG - Loaded configuration from /var/folders/3f/2n5sjdw50vj9gfnrxjbptj4c0000gn/T/tmpmlnflax9/test_config.json
2025-06-04 12:50:23,400 - DEBUG - Using workspace_url from environment variable CHUCK_WORKSPACE_URL
2025-06-04 12:50:23,400 - DEBUG - Using workspace_url from environment variable CHUCK_WORKSPACE_URL
2025-06-04 12:50:23,400 - DEBUG - Using active_model from environment variable CHUCK_ACTIVE_MODEL
2025-06-04 12:50:23,400 - DEBUG - Using amperity_token from environment variable CHUCK_AMPERITY_TOKEN
2025-06-04 12:50:23,400 - DEBUG - Using databricks_token from environment variable CHUCK_DATABRICKS_TOKEN
2025-06-04 12:50:23,401 - DEBUG - Saved configuration to /var/folders/3f/2n5sjdw50vj9gfnrxjbptj4c0000gn/T/tmpu5gs2sp5/test_config.json
2025-06-04 12:50:23,401 - DEBUG - Loaded configuration from /var/folders/3f/2n5sjdw50vj9gfnrxjbptj4c0000gn/T/tmpu5gs2sp5/test_config.json
2025-06-04 12:50:23,403 - DEBUG - Saved configuration to /var/folders/3f/2n5sjdw50vj9gfnrxjbptj4c0000gn/T/tmpibb5k1_d/test_config.json
2025-06-04 12:50:23,431 - DEBUG - GET request to: https://adb-3856707039489412.12.azuredatabricks.net/test-endpoint
2025-06-04 12:50:23,435 - DEBUG - GET request to: https://test-workspace.cloud.databricks.com/test-endpoint
2025-06-04 12:50:23,435 - DEBUG - Connection error: Connection failed
2025-06-04 12:50:23,436 - DEBUG - GET request to: https://test-workspace.cloud.databricks.com/test-endpoint
2025-06-04 12:50:23,436 - DEBUG - HTTP error: HTTP 404, Response: Not Found
2025-06-04 12:50:23,438 - WARNING - Model 'nonexistent-model' not found
2025-06-04 12:50:23,439 - DEBUG - GET request to: https://test-workspace.cloud.databricks.com/test-endpoint
2025-06-04 12:50:23,445 - DEBUG - POST request to: https://test-workspace.cloud.databricks.com/test-endpoint
2025-06-04 12:50:23,446 - DEBUG - Connection error: Connection failed
2025-06-04 12:50:23,447 - DEBUG - POST request to: https://test-workspace.cloud.databricks.com/test-endpoint
2025-06-04 12:50:23,447 - DEBUG - HTTP error: HTTP 400, Response: Bad Request
2025-06-04 12:50:23,448 - DEBUG - POST request to: https://test-workspace.cloud.databricks.com/test-endpoint
2025-06-04 12:50:23,450 - DEBUG - File upload request to: https://test-workspace.cloud.databricks.com/api/2.0/fs/files/test/path.txt
2025-06-04 12:50:23,452 - DEBUG - File upload request to: https://test-workspace.cloud.databricks.com/api/2.0/fs/files/test/path.txt
2025-06-04 12:50:23,453 - DEBUG - Token validation failed: Token validation failed
2025-06-04 12:50:23,459 - DEBUG - Saved configuration to /tmp/.test_chuck_integration_config.json
2025-06-04 12:50:23,459 - DEBUG - Saved configuration to /tmp/.test_chuck_integration_config.json
2025-06-04 12:50:23,460 - DEBUG - Saved configuration to /tmp/.test_chuck_integration_config.json
2025-06-04 12:50:23,461 - DEBUG - Saved configuration to /tmp/.test_chuck_integration_config.json
2025-06-04 12:50:23,462 - DEBUG - Saved configuration to /tmp/.test_chuck_integration_config.json
2025-06-04 12:50:23,462 - DEBUG - Saved configuration to /tmp/.test_chuck_integration_config.json
2025-06-04 12:50:23,467 - DEBUG - Sending metric: {"event": "USAGE", "prompt": "test prompt"}...
2025-06-04 12:50:23,467 - DEBUG - Error sending metrics: Test exception
Traceback (most recent call last):
  File "/Users/johnrush/repos/clamp-internal/src/metrics_collector.py", line 123, in send_metric
    return self._client.submit_metrics(payload, token)
           ^^^^^^^^^^^^^^^^^^^^^^^^^^^^^^^^^^^^^^^^^^^
  File "/Users/johnrush/repos/clamp-internal/tests/fixtures.py", line 60, in submit_metrics
    raise Exception("Test exception")
Exception: Test exception
2025-06-04 12:50:23,469 - DEBUG - Sending metric: {"event": "USAGE", "prompt": "test prompt"}...
2025-06-04 12:50:23,471 - DEBUG - Cannot send metrics - no authentication token available
2025-06-04 12:50:23,474 - DEBUG - Sending metric: {"event": "USAGE", "prompt": "test prompt"}...
2025-06-04 12:50:23,477 - DEBUG - Metrics tracking skipped - user has not provided consent
2025-06-04 12:50:23,479 - ERROR - Connection error when getting model: Connection failed
2025-06-04 12:50:23,480 - ERROR - Failed to get model: HTTP error occurred: 500 Internal Server Error
2025-06-04 12:50:23,482 - ERROR - Connection error when listing models: Connection failed
2025-06-04 12:50:23,483 - ERROR - Failed to list models: HTTP error occurred: 404 Not Found
2025-06-04 12:50:23,518 - ERROR - Error executing handler for command 'test_command': Command failed
Traceback (most recent call last):
  File "/Users/johnrush/repos/clamp-internal/src/service.py", line 395, in execute_command
    result: CommandResult = command_def.handler(
                            ^^^^^^^^^^^^^^^^^^^^
  File "/usr/local/Cellar/python@3.11/3.11.4_1/Frameworks/Python.framework/Versions/3.11/lib/python3.11/unittest/mock.py", line 1124, in __call__
    return self._mock_call(*args, **kwargs)
           ^^^^^^^^^^^^^^^^^^^^^^^^^^^^^^^^
  File "/usr/local/Cellar/python@3.11/3.11.4_1/Frameworks/Python.framework/Versions/3.11/lib/python3.11/unittest/mock.py", line 1128, in _mock_call
    return self._execute_mock_call(*args, **kwargs)
           ^^^^^^^^^^^^^^^^^^^^^^^^^^^^^^^^^^^^^^^^
  File "/usr/local/Cellar/python@3.11/3.11.4_1/Frameworks/Python.framework/Versions/3.11/lib/python3.11/unittest/mock.py", line 1183, in _execute_mock_call
    raise effect
Exception: Command failed
2025-06-04 12:50:23,551 - DEBUG - Executing SQL: SELECT * INVALID SQL
2025-06-04 12:50:23,552 - DEBUG - Executing SQL: SELECT * INVALID SQL
2025-06-04 12:50:23,554 - DEBUG - Executing SQL: SELECT * FROM table
2025-06-04 12:50:23,555 - DEBUG - Executing SQL: SELECT * FROM table
2025-06-04 12:50:23,556 - DEBUG - Executing SQL: SELECT * FROM table
2025-06-04 12:50:23,557 - DEBUG - Executing SQL: SELECT * FROM table
2025-06-04 12:50:23,563 - ERROR - Authentication state polling received 401
2025-06-04 12:50:23,566 - ERROR - Error creating Stitch report: API Error
Traceback (most recent call last):
  File "/Users/johnrush/repos/clamp-internal/src/commands/add_stitch_report.py", line 62, in handle_command
    result = client.create_stitch_notebook(table_path, custom_name)
             ^^^^^^^^^^^^^^^^^^^^^^^^^^^^^^^^^^^^^^^^^^^^^^^^^^^^^^
  File "/Users/johnrush/repos/clamp-internal/tests/fixtures.py", line 509, in create_stitch_notebook
    raise self._create_stitch_notebook_error
ValueError: API Error
2025-06-04 12:50:23,571 - ERROR - Agent error: Agent error
Traceback (most recent call last):
  File "/Users/johnrush/repos/clamp-internal/src/commands/agent.py", line 79, in handle_command
    agent = AgentManager(client, tool_output_callback=tool_output_callback)
            ^^^^^^^^^^^^^^^^^^^^^^^^^^^^^^^^^^^^^^^^^^^^^^^^^^^^^^^^^^^^^^^
  File "/usr/local/Cellar/python@3.11/3.11.4_1/Frameworks/Python.framework/Versions/3.11/lib/python3.11/unittest/mock.py", line 1124, in __call__
    return self._mock_call(*args, **kwargs)
           ^^^^^^^^^^^^^^^^^^^^^^^^^^^^^^^^
  File "/usr/local/Cellar/python@3.11/3.11.4_1/Frameworks/Python.framework/Versions/3.11/lib/python3.11/unittest/mock.py", line 1128, in _mock_call
    return self._execute_mock_call(*args, **kwargs)
           ^^^^^^^^^^^^^^^^^^^^^^^^^^^^^^^^^^^^^^^^
  File "/usr/local/Cellar/python@3.11/3.11.4_1/Frameworks/Python.framework/Versions/3.11/lib/python3.11/unittest/mock.py", line 1183, in _execute_mock_call
    raise effect
Exception: Agent error
2025-06-04 12:50:23,572 - DEBUG - Metrics tracking skipped - user has not provided consent
2025-06-04 12:50:23,573 - DEBUG - Metrics tracking skipped - user has not provided consent
2025-06-04 12:50:23,579 - DEBUG - Metrics tracking skipped - user has not provided consent
2025-06-04 12:50:23,580 - DEBUG - Metrics tracking skipped - user has not provided consent
2025-06-04 12:50:23,582 - DEBUG - Metrics tracking skipped - user has not provided consent
2025-06-04 12:50:23,586 - INFO - Databricks token set successfully
2025-06-04 12:50:23,587 - INFO - Databricks token cleared
2025-06-04 12:50:23,587 - INFO - Amperity token cleared
2025-06-04 12:50:23,588 - INFO - Amperity token cleared
2025-06-04 12:50:23,589 - INFO - Databricks token cleared
2025-06-04 12:50:23,590 - INFO - Amperity token cleared
2025-06-04 12:50:23,598 - DEBUG - Bug report submitted successfully
2025-06-04 12:50:23,654 - ERROR - Error submitting bug report: Network error
Traceback (most recent call last):
  File "/Users/johnrush/repos/clamp-internal/src/commands/bug.py", line 72, in handle_command
    success, message = amperity_client.submit_bug_report(payload, amperity_token)
                       ^^^^^^^^^^^^^^^^^^^^^^^^^^^^^^^^^^^^^^^^^^^^^^^^^^^^^^^^^^
  File "/Users/johnrush/repos/clamp-internal/tests/commands/test_bug.py", line 115, in submit_bug_report
    raise Exception("Network error")
Exception: Network error
2025-06-04 12:50:23,656 - DEBUG - Loaded configuration from /var/folders/3f/2n5sjdw50vj9gfnrxjbptj4c0000gn/T/tmp4cupd2jf.json
2025-06-04 12:50:23,658 - DEBUG - Loaded configuration from /var/folders/3f/2n5sjdw50vj9gfnrxjbptj4c0000gn/T/tmpcj74viwr.json
2025-06-04 12:50:23,666 - DEBUG - Bug report submitted successfully
2025-06-04 12:50:23,668 - ERROR - Error saving config: [Errno 30] Read-only file system: '/invalid'
2025-06-04 12:50:23,669 - DEBUG - Saved configuration to /var/folders/3f/2n5sjdw50vj9gfnrxjbptj4c0000gn/T/tmpd5ig7slq/test_config.json
2025-06-04 12:50:23,670 - DEBUG - Saved configuration to /var/folders/3f/2n5sjdw50vj9gfnrxjbptj4c0000gn/T/tmpgne1w85p/test_config.json
2025-06-04 12:50:23,671 - DEBUG - Loaded configuration from /var/folders/3f/2n5sjdw50vj9gfnrxjbptj4c0000gn/T/tmpgne1w85p/test_config.json
2025-06-04 12:50:23,673 - DEBUG - Saved configuration to /var/folders/3f/2n5sjdw50vj9gfnrxjbptj4c0000gn/T/tmpnbpvp7hu/test_config.json
2025-06-04 12:50:23,674 - DEBUG - Loaded configuration from /var/folders/3f/2n5sjdw50vj9gfnrxjbptj4c0000gn/T/tmpnbpvp7hu/test_config.json
2025-06-04 12:50:23,676 - INFO - Cluster init script uploaded successfully to /Volumes/main/default/chuck/cluster_init-2025-06-02_14-30.sh
2025-06-04 12:50:23,681 - DEBUG - Volume 'chuck' not found in main.default. Attempting to create.
2025-06-04 12:50:23,681 - DEBUG - Volume 'chuck' created successfully.
2025-06-04 12:50:23,681 - INFO - Cluster init script uploaded successfully to /Volumes/main/default/chuck/cluster_init-2025-06-02_14-30.sh
2025-06-04 12:50:23,683 - DEBUG - Volume 'chuck' not found in main.default. Attempting to create.
2025-06-04 12:50:23,683 - DEBUG - Volume 'chuck' created successfully.
2025-06-04 12:50:23,683 - INFO - Cluster init script uploaded successfully to /Volumes/main/default/chuck/cluster_init-2025-06-02_14-30.sh
2025-06-04 12:50:23,685 - DEBUG - Volume 'chuck' not found in main.default. Attempting to create.
2025-06-04 12:50:23,686 - DEBUG - Volume 'chuck' not found in main.default. Attempting to create.
2025-06-04 12:50:23,689 - INFO - Cluster init script uploaded successfully to /Volumes/test_catalog/test_schema/chuck/cluster_init-2025-12-31_23-59.sh
2025-06-04 12:50:23,691 - ERROR - Error generating help: Test error
Traceback (most recent call last):
  File "/Users/johnrush/repos/clamp-internal/src/commands/help.py", line 27, in handle_command
    user_commands = get_user_commands()
                    ^^^^^^^^^^^^^^^^^^^
  File "/usr/local/Cellar/python@3.11/3.11.4_1/Frameworks/Python.framework/Versions/3.11/lib/python3.11/unittest/mock.py", line 1124, in __call__
    return self._mock_call(*args, **kwargs)
           ^^^^^^^^^^^^^^^^^^^^^^^^^^^^^^^^
  File "/usr/local/Cellar/python@3.11/3.11.4_1/Frameworks/Python.framework/Versions/3.11/lib/python3.11/unittest/mock.py", line 1128, in _mock_call
    return self._execute_mock_call(*args, **kwargs)
           ^^^^^^^^^^^^^^^^^^^^^^^^^^^^^^^^^^^^^^^^
  File "/usr/local/Cellar/python@3.11/3.11.4_1/Frameworks/Python.framework/Versions/3.11/lib/python3.11/unittest/mock.py", line 1183, in _execute_mock_call
    raise effect
Exception: Test error
2025-06-04 12:50:23,695 - ERROR - Failed to get job status for run '999999': Not Found
Traceback (most recent call last):
  File "/Users/johnrush/repos/clamp-internal/src/commands/jobs.py", line 67, in handle_job_status
    data = client.get_job_run_status(run_id_str)
           ^^^^^^^^^^^^^^^^^^^^^^^^^^^^^^^^^^^^^
  File "/Users/johnrush/repos/clamp-internal/tests/commands/test_jobs.py", line 119, in get_job_run_status
    raise Exception("Not Found")
Exception: Not Found
2025-06-04 12:50:23,699 - ERROR - Failed to submit job: Bad Request
Traceback (most recent call last):
  File "/Users/johnrush/repos/clamp-internal/src/commands/jobs.py", line 32, in handle_launch_job
    run_data = client.submit_job_run(
               ^^^^^^^^^^^^^^^^^^^^^^
  File "/Users/johnrush/repos/clamp-internal/tests/commands/test_jobs.py", line 70, in submit_job_run
    raise Exception("Bad Request")
Exception: Bad Request
2025-06-04 12:50:23,702 - ERROR - Failed to launch job, no run_id: {}
2025-06-04 12:50:23,706 - ERROR - Error listing catalogs: API error
2025-06-04 12:50:23,710 - DEBUG - Saved configuration to /var/folders/3f/2n5sjdw50vj9gfnrxjbptj4c0000gn/T/tmp4mx3b2l9/test_config.json
2025-06-04 12:50:23,711 - DEBUG - Loaded configuration from /var/folders/3f/2n5sjdw50vj9gfnrxjbptj4c0000gn/T/tmp4mx3b2l9/test_config.json
2025-06-04 12:50:23,712 - DEBUG - Saved configuration to /var/folders/3f/2n5sjdw50vj9gfnrxjbptj4c0000gn/T/tmp8s4k4237/test_config.json
2025-06-04 12:50:23,712 - DEBUG - Loaded configuration from /var/folders/3f/2n5sjdw50vj9gfnrxjbptj4c0000gn/T/tmp8s4k4237/test_config.json
2025-06-04 12:50:23,715 - DEBUG - Saved configuration to /var/folders/3f/2n5sjdw50vj9gfnrxjbptj4c0000gn/T/tmp_gyzkbyk/test_config.json
2025-06-04 12:50:23,715 - DEBUG - Loaded configuration from /var/folders/3f/2n5sjdw50vj9gfnrxjbptj4c0000gn/T/tmp_gyzkbyk/test_config.json
2025-06-04 12:50:23,717 - ERROR - Failed to list models: API error
Traceback (most recent call last):
  File "/Users/johnrush/repos/clamp-internal/src/commands/list_models.py", line 31, in handle_command
    models_list = list_models_api(client)
                  ^^^^^^^^^^^^^^^^^^^^^^^
  File "/Users/johnrush/repos/clamp-internal/src/models.py", line 19, in list_models
    return client.list_models()
           ^^^^^^^^^^^^^^^^^^^^
  File "/Users/johnrush/repos/clamp-internal/tests/commands/test_list_models.py", line 112, in list_models
    raise Exception("API error")
Exception: API error
2025-06-04 12:50:23,720 - ERROR - Error listing tables: API error
2025-06-04 12:50:23,723 - DEBUG - Saved configuration to /var/folders/3f/2n5sjdw50vj9gfnrxjbptj4c0000gn/T/tmp0wbtjirv/test_config.json
2025-06-04 12:50:23,723 - DEBUG - Loaded configuration from /var/folders/3f/2n5sjdw50vj9gfnrxjbptj4c0000gn/T/tmp0wbtjirv/test_config.json
2025-06-04 12:50:23,723 - DEBUG - Loaded configuration from /var/folders/3f/2n5sjdw50vj9gfnrxjbptj4c0000gn/T/tmp0wbtjirv/test_config.json
2025-06-04 12:50:23,726 - DEBUG - Saved configuration to /var/folders/3f/2n5sjdw50vj9gfnrxjbptj4c0000gn/T/tmpen6k1ua6/test_config.json
2025-06-04 12:50:23,726 - DEBUG - Loaded configuration from /var/folders/3f/2n5sjdw50vj9gfnrxjbptj4c0000gn/T/tmpen6k1ua6/test_config.json
2025-06-04 12:50:23,726 - DEBUG - Saved configuration to /var/folders/3f/2n5sjdw50vj9gfnrxjbptj4c0000gn/T/tmpen6k1ua6/test_config.json
2025-06-04 12:50:23,726 - DEBUG - Loaded configuration from /var/folders/3f/2n5sjdw50vj9gfnrxjbptj4c0000gn/T/tmpen6k1ua6/test_config.json
2025-06-04 12:50:23,726 - DEBUG - Loaded configuration from /var/folders/3f/2n5sjdw50vj9gfnrxjbptj4c0000gn/T/tmpen6k1ua6/test_config.json
2025-06-04 12:50:23,731 - ERROR - Failed to set model 'claude-v1': API error
Traceback (most recent call last):
  File "/Users/johnrush/repos/clamp-internal/src/commands/model_selection.py", line 28, in handle_command
    models_list = list_models_api(client)
                  ^^^^^^^^^^^^^^^^^^^^^^^
  File "/Users/johnrush/repos/clamp-internal/src/models.py", line 19, in list_models
    return client.list_models()
           ^^^^^^^^^^^^^^^^^^^^
  File "/Users/johnrush/repos/clamp-internal/tests/commands/test_model_selection.py", line 79, in list_models
    raise Exception("API error")
Exception: API error
2025-06-04 12:50:23,733 - DEBUG - Saved configuration to /var/folders/3f/2n5sjdw50vj9gfnrxjbptj4c0000gn/T/tmpvs79y3ld/test_config.json
2025-06-04 12:50:23,733 - DEBUG - Loaded configuration from /var/folders/3f/2n5sjdw50vj9gfnrxjbptj4c0000gn/T/tmpvs79y3ld/test_config.json
2025-06-04 12:50:23,735 - DEBUG - Saved configuration to /var/folders/3f/2n5sjdw50vj9gfnrxjbptj4c0000gn/T/tmpmwumhn4a/test_config.json
2025-06-04 12:50:23,735 - DEBUG - Loaded configuration from /var/folders/3f/2n5sjdw50vj9gfnrxjbptj4c0000gn/T/tmpmwumhn4a/test_config.json
2025-06-04 12:50:23,737 - DEBUG - Saved configuration to /var/folders/3f/2n5sjdw50vj9gfnrxjbptj4c0000gn/T/tmpar9g4q55/test_config.json
2025-06-04 12:50:23,737 - DEBUG - Loaded configuration from /var/folders/3f/2n5sjdw50vj9gfnrxjbptj4c0000gn/T/tmpar9g4q55/test_config.json
2025-06-04 12:50:23,740 - DEBUG - Saved configuration to /var/folders/3f/2n5sjdw50vj9gfnrxjbptj4c0000gn/T/tmpbxa2ux07/test_config.json
2025-06-04 12:50:23,741 - DEBUG - Loaded configuration from /var/folders/3f/2n5sjdw50vj9gfnrxjbptj4c0000gn/T/tmpbxa2ux07/test_config.json
2025-06-04 12:50:23,745 - INFO - Starting PII Scan for 2 tables in test_cat.test_schema.
2025-06-04 12:50:23,751 - ERROR - Bulk PII scan error: LLM client error
Traceback (most recent call last):
  File "/Users/johnrush/repos/clamp-internal/src/commands/scan_pii.py", line 46, in handle_command
    llm_client = LLMClient()
                 ^^^^^^^^^^^
  File "/usr/local/Cellar/python@3.11/3.11.4_1/Frameworks/Python.framework/Versions/3.11/lib/python3.11/unittest/mock.py", line 1124, in __call__
    return self._mock_call(*args, **kwargs)
           ^^^^^^^^^^^^^^^^^^^^^^^^^^^^^^^^
  File "/usr/local/Cellar/python@3.11/3.11.4_1/Frameworks/Python.framework/Versions/3.11/lib/python3.11/unittest/mock.py", line 1128, in _mock_call
    return self._execute_mock_call(*args, **kwargs)
           ^^^^^^^^^^^^^^^^^^^^^^^^^^^^^^^^^^^^^^^^
  File "/usr/local/Cellar/python@3.11/3.11.4_1/Frameworks/Python.framework/Versions/3.11/lib/python3.11/unittest/mock.py", line 1183, in _execute_mock_call
    raise effect
Exception: LLM client error
2025-06-04 12:50:23,757 - DEBUG - Saved configuration to /var/folders/3f/2n5sjdw50vj9gfnrxjbptj4c0000gn/T/tmp31h37xnq/test_config.json
2025-06-04 12:50:23,758 - DEBUG - Loaded configuration from /var/folders/3f/2n5sjdw50vj9gfnrxjbptj4c0000gn/T/tmp31h37xnq/test_config.json
2025-06-04 12:50:23,758 - DEBUG - Loaded configuration from /var/folders/3f/2n5sjdw50vj9gfnrxjbptj4c0000gn/T/tmp31h37xnq/test_config.json
2025-06-04 12:50:23,758 - DEBUG - Saved configuration to /var/folders/3f/2n5sjdw50vj9gfnrxjbptj4c0000gn/T/tmp31h37xnq/test_config.json
2025-06-04 12:50:23,760 - DEBUG - Saved configuration to /var/folders/3f/2n5sjdw50vj9gfnrxjbptj4c0000gn/T/tmpc301_up7/test_config.json
2025-06-04 12:50:23,760 - DEBUG - Loaded configuration from /var/folders/3f/2n5sjdw50vj9gfnrxjbptj4c0000gn/T/tmpc301_up7/test_config.json
2025-06-04 12:50:23,760 - DEBUG - Loaded configuration from /var/folders/3f/2n5sjdw50vj9gfnrxjbptj4c0000gn/T/tmpc301_up7/test_config.json
2025-06-04 12:50:23,760 - DEBUG - Saved configuration to /var/folders/3f/2n5sjdw50vj9gfnrxjbptj4c0000gn/T/tmpc301_up7/test_config.json
2025-06-04 12:50:23,760 - DEBUG - Loaded configuration from /var/folders/3f/2n5sjdw50vj9gfnrxjbptj4c0000gn/T/tmpc301_up7/test_config.json
2025-06-04 12:50:23,762 - DEBUG - Saved configuration to /var/folders/3f/2n5sjdw50vj9gfnrxjbptj4c0000gn/T/tmpwppa6977/test_config.json
2025-06-04 12:50:23,762 - DEBUG - Loaded configuration from /var/folders/3f/2n5sjdw50vj9gfnrxjbptj4c0000gn/T/tmpwppa6977/test_config.json
2025-06-04 12:50:23,762 - DEBUG - Loaded configuration from /var/folders/3f/2n5sjdw50vj9gfnrxjbptj4c0000gn/T/tmpwppa6977/test_config.json
2025-06-04 12:50:23,762 - DEBUG - Saved configuration to /var/folders/3f/2n5sjdw50vj9gfnrxjbptj4c0000gn/T/tmpwppa6977/test_config.json
2025-06-04 12:50:23,763 - DEBUG - Loaded configuration from /var/folders/3f/2n5sjdw50vj9gfnrxjbptj4c0000gn/T/tmpwppa6977/test_config.json
2025-06-04 12:50:23,767 - DEBUG - Metrics tracking skipped - user has not provided consent
2025-06-04 12:50:23,770 - ERROR - Stitch setup error: LLM client error
Traceback (most recent call last):
  File "/Users/johnrush/repos/clamp-internal/src/commands/setup_stitch.py", line 111, in handle_command
    return _phase_1_prepare_config(
           ^^^^^^^^^^^^^^^^^^^^^^^^
  File "/Users/johnrush/repos/clamp-internal/src/commands/setup_stitch.py", line 273, in _phase_1_prepare_config
    llm_client = LLMClient()
                 ^^^^^^^^^^^
  File "/usr/local/Cellar/python@3.11/3.11.4_1/Frameworks/Python.framework/Versions/3.11/lib/python3.11/unittest/mock.py", line 1124, in __call__
    return self._mock_call(*args, **kwargs)
           ^^^^^^^^^^^^^^^^^^^^^^^^^^^^^^^^
  File "/usr/local/Cellar/python@3.11/3.11.4_1/Frameworks/Python.framework/Versions/3.11/lib/python3.11/unittest/mock.py", line 1128, in _mock_call
    return self._execute_mock_call(*args, **kwargs)
           ^^^^^^^^^^^^^^^^^^^^^^^^^^^^^^^^^^^^^^^^
  File "/usr/local/Cellar/python@3.11/3.11.4_1/Frameworks/Python.framework/Versions/3.11/lib/python3.11/unittest/mock.py", line 1183, in _execute_mock_call
    raise effect
Exception: LLM client error
2025-06-04 12:50:23,776 - DEBUG - GET request to: https://.cloud.databricks.com/api/2.0/preview/scim/v2/Me
2025-06-04 12:50:23,777 - DEBUG - Connection error: URL has an invalid label.
2025-06-04 12:50:23,777 - DEBUG - Token validation failed: Connection error occurred: URL has an invalid label.
2025-06-04 12:50:23,780 - ERROR - Error validating token: Connection failed
2025-06-04 12:50:23,783 - DEBUG - GET request to: https://invalid-workspace.nonexistent.com.cloud.databricks.com/api/2.0/preview/scim/v2/Me
2025-06-04 12:50:24,249 - DEBUG - Starting new HTTPS connection (1): invalid-workspace.nonexistent.com.cloud.databricks.com:443
2025-06-04 12:50:24,251 - DEBUG - Connection error: HTTPSConnectionPool(host='invalid-workspace.nonexistent.com.cloud.databricks.com', port=443): Max retries exceeded with url: /api/2.0/preview/scim/v2/Me (Caused by NameResolutionError("<urllib3.connection.HTTPSConnection object at 0x10dbca8d0>: Failed to resolve 'invalid-workspace.nonexistent.com.cloud.databricks.com' ([Errno 8] nodename nor servname provided, or not known)"))
2025-06-04 12:50:24,251 - DEBUG - Token validation failed: Connection error occurred: HTTPSConnectionPool(host='invalid-workspace.nonexistent.com.cloud.databricks.com', port=443): Max retries exceeded with url: /api/2.0/preview/scim/v2/Me (Caused by NameResolutionError("<urllib3.connection.HTTPSConnection object at 0x10dbca8d0>: Failed to resolve 'invalid-workspace.nonexistent.com.cloud.databricks.com' ([Errno 8] nodename nor servname provided, or not known)"))
2025-06-04 12:50:24,362 - DEBUG - GET request to: https://invalid.nonexistent.com.cloud.databricks.com/api/2.0/preview/scim/v2/Me
2025-06-04 12:50:24,464 - DEBUG - Starting new HTTPS connection (1): invalid.nonexistent.com.cloud.databricks.com:443
2025-06-04 12:50:24,466 - DEBUG - Connection error: HTTPSConnectionPool(host='invalid.nonexistent.com.cloud.databricks.com', port=443): Max retries exceeded with url: /api/2.0/preview/scim/v2/Me (Caused by NameResolutionError("<urllib3.connection.HTTPSConnection object at 0x10da6c890>: Failed to resolve 'invalid.nonexistent.com.cloud.databricks.com' ([Errno 8] nodename nor servname provided, or not known)"))
2025-06-04 12:50:24,466 - DEBUG - Token validation failed: Connection error occurred: HTTPSConnectionPool(host='invalid.nonexistent.com.cloud.databricks.com', port=443): Max retries exceeded with url: /api/2.0/preview/scim/v2/Me (Caused by NameResolutionError("<urllib3.connection.HTTPSConnection object at 0x10da6c890>: Failed to resolve 'invalid.nonexistent.com.cloud.databricks.com' ([Errno 8] nodename nor servname provided, or not known)"))
2025-06-04 12:50:24,467 - ERROR - Error validating token: Validation failed
2025-06-04 12:50:24,607 - ERROR - Error validating token: Connection failed
2025-06-04 12:50:24,642 - ERROR - Error validating token: Network error with secret details
2025-06-04 12:50:24,679 - ERROR - Error validating token: Connection error: Failed to resolve 'workspace123.cloud.databricks.com'
2025-06-04 12:50:24,689 - ERROR - Error fetching Amperity init script: API Error
Traceback (most recent call last):
  File "/Users/johnrush/repos/clamp-internal/src/commands/stitch_tools.py", line 179, in _helper_prepare_stitch_config
    init_script_data = client.fetch_amperity_job_init(amperity_token)
                       ^^^^^^^^^^^^^^^^^^^^^^^^^^^^^^^^^^^^^^^^^^^^^^
  File "/usr/local/Cellar/python@3.11/3.11.4_1/Frameworks/Python.framework/Versions/3.11/lib/python3.11/unittest/mock.py", line 1124, in __call__
    return self._mock_call(*args, **kwargs)
           ^^^^^^^^^^^^^^^^^^^^^^^^^^^^^^^^
  File "/usr/local/Cellar/python@3.11/3.11.4_1/Frameworks/Python.framework/Versions/3.11/lib/python3.11/unittest/mock.py", line 1128, in _mock_call
    return self._execute_mock_call(*args, **kwargs)
           ^^^^^^^^^^^^^^^^^^^^^^^^^^^^^^^^^^^^^^^^
  File "/usr/local/Cellar/python@3.11/3.11.4_1/Frameworks/Python.framework/Versions/3.11/lib/python3.11/unittest/mock.py", line 1183, in _execute_mock_call
    raise effect
Exception: API Error
2025-06-04 12:50:24,696 - DEBUG - Versioned cluster init script uploaded to /Volumes/test_catalog/test_schema/chuck/cluster_init-2025-06-02_14-30.sh
2025-06-04 12:50:24,698 - DEBUG - Versioned cluster init script uploaded to /Volumes/test_catalog/test_schema/chuck/cluster_init-2025-06-02_14-30.sh
2025-06-04 12:50:24,701 - DEBUG - Volume 'chuck' not found in test_catalog.test_schema. Attempting to create.
2025-06-04 12:50:24,710 - DEBUG - Saved configuration to /var/folders/3f/2n5sjdw50vj9gfnrxjbptj4c0000gn/T/tmpxosue0my/test_config.json
2025-06-04 12:50:24,710 - DEBUG - Loaded configuration from /var/folders/3f/2n5sjdw50vj9gfnrxjbptj4c0000gn/T/tmpxosue0my/test_config.json
2025-06-04 12:50:24,710 - DEBUG - Loaded configuration from /var/folders/3f/2n5sjdw50vj9gfnrxjbptj4c0000gn/T/tmpxosue0my/test_config.json
2025-06-04 12:50:24,710 - DEBUG - Loaded configuration from /var/folders/3f/2n5sjdw50vj9gfnrxjbptj4c0000gn/T/tmpxosue0my/test_config.json
2025-06-04 12:50:24,712 - DEBUG - Saved configuration to /var/folders/3f/2n5sjdw50vj9gfnrxjbptj4c0000gn/T/tmpeq9c8pco/test_config.json
2025-06-04 12:50:24,712 - DEBUG - Loaded configuration from /var/folders/3f/2n5sjdw50vj9gfnrxjbptj4c0000gn/T/tmpeq9c8pco/test_config.json
2025-06-04 12:50:24,712 - DEBUG - Saved configuration to /var/folders/3f/2n5sjdw50vj9gfnrxjbptj4c0000gn/T/tmpeq9c8pco/test_config.json
2025-06-04 12:50:24,712 - DEBUG - Loaded configuration from /var/folders/3f/2n5sjdw50vj9gfnrxjbptj4c0000gn/T/tmpeq9c8pco/test_config.json
2025-06-04 12:50:24,713 - DEBUG - Saved configuration to /var/folders/3f/2n5sjdw50vj9gfnrxjbptj4c0000gn/T/tmpeq9c8pco/test_config.json
2025-06-04 12:50:24,713 - DEBUG - Loaded configuration from /var/folders/3f/2n5sjdw50vj9gfnrxjbptj4c0000gn/T/tmpeq9c8pco/test_config.json
2025-06-04 12:50:24,713 - DEBUG - Loaded configuration from /var/folders/3f/2n5sjdw50vj9gfnrxjbptj4c0000gn/T/tmpeq9c8pco/test_config.json
2025-06-04 12:50:24,713 - DEBUG - Loaded configuration from /var/folders/3f/2n5sjdw50vj9gfnrxjbptj4c0000gn/T/tmpeq9c8pco/test_config.json
2025-06-04 12:50:24,714 - INFO - Applying tag 'email' to column 'email_col'
2025-06-04 12:50:24,714 - INFO - Applying tag 'given-name' to column 'name_col'
2025-06-04 12:50:24,715 - INFO - Applying tag 'phone' to column 'good_col'
2025-06-04 12:50:24,717 - INFO - Applying tag 'email' to column 'email_col'
2025-06-04 12:50:24,718 - INFO - Applying tag 'email' to column 'email_col'
2025-06-04 12:50:24,718 - ERROR - Error applying tag to email_col: Connection error
2025-06-04 12:50:24,721 - DEBUG - Saved configuration to /var/folders/3f/2n5sjdw50vj9gfnrxjbptj4c0000gn/T/tmpzv_5b8y7/test_config.json
2025-06-04 12:50:24,721 - DEBUG - Loaded configuration from /var/folders/3f/2n5sjdw50vj9gfnrxjbptj4c0000gn/T/tmpzv_5b8y7/test_config.json
2025-06-04 12:50:24,722 - DEBUG - Saved configuration to /var/folders/3f/2n5sjdw50vj9gfnrxjbptj4c0000gn/T/tmp7spgzt_j/test_config.json
2025-06-04 12:50:24,724 - DEBUG - Saved configuration to /var/folders/3f/2n5sjdw50vj9gfnrxjbptj4c0000gn/T/tmp22e_bpxw/test_config.json
2025-06-04 12:50:24,724 - DEBUG - Loaded configuration from /var/folders/3f/2n5sjdw50vj9gfnrxjbptj4c0000gn/T/tmp22e_bpxw/test_config.json
2025-06-04 12:50:24,726 - DEBUG - Saved configuration to /var/folders/3f/2n5sjdw50vj9gfnrxjbptj4c0000gn/T/tmp10tkb3hb/test_config.json
2025-06-04 12:50:24,726 - DEBUG - Loaded configuration from /var/folders/3f/2n5sjdw50vj9gfnrxjbptj4c0000gn/T/tmp10tkb3hb/test_config.json
2025-06-04 12:50:24,731 - ERROR - Failed to set workspace URL: Validation error
Traceback (most recent call last):
  File "/Users/johnrush/repos/clamp-internal/src/commands/workspace_selection.py", line 37, in handle_command
    is_valid, error_message = validate_workspace_url(workspace_url)
                              ^^^^^^^^^^^^^^^^^^^^^^^^^^^^^^^^^^^^^
  File "/usr/local/Cellar/python@3.11/3.11.4_1/Frameworks/Python.framework/Versions/3.11/lib/python3.11/unittest/mock.py", line 1124, in __call__
    return self._mock_call(*args, **kwargs)
           ^^^^^^^^^^^^^^^^^^^^^^^^^^^^^^^^
  File "/usr/local/Cellar/python@3.11/3.11.4_1/Frameworks/Python.framework/Versions/3.11/lib/python3.11/unittest/mock.py", line 1128, in _mock_call
    return self._execute_mock_call(*args, **kwargs)
           ^^^^^^^^^^^^^^^^^^^^^^^^^^^^^^^^^^^^^^^^
  File "/usr/local/Cellar/python@3.11/3.11.4_1/Frameworks/Python.framework/Versions/3.11/lib/python3.11/unittest/mock.py", line 1183, in _execute_mock_call
    raise effect
Exception: Validation error
