<?xml version="1.0" encoding="utf-8"?><testsuites name="pytest tests"><testsuite name="pytest" errors="0" failures="0" skipped="0" tests="4" time="9.080" timestamp="2025-06-12T07:19:28.325663+00:00" hostname="8062e6c8b32b"><testcase classname="tests.test_cli" name="test_cli_user_create" time="2.274" /><testcase classname="tests.test_cli" name="test_cli_user_list" time="2.825" /><testcase classname="tests.test_docs" name="test_readme_sync" time="1.862" /><testcase classname="tests.test_docs" name="test_readme_async" time="1.715" /></testsuite></testsuites>