<?xml version="1.0" encoding="utf-8"?><testsuites name="pytest tests"><testsuite name="pytest" errors="0" failures="0" skipped="0" tests="3" time="1.464" timestamp="2025-06-09T17:44:23.611827+00:00" hostname="runner-k4yvsi-eu-project-35843774-concurrent-0"><testcase classname="edea._type_utils" name="edea._type_utils.get_full_seq_type" time="0.002" /><testcase classname="edea._utils" name="edea._utils.remove_ref_number" time="0.001" /><testcase classname="edea.kicad.number" name="edea.kicad.number.number_to_str" time="0.001" /></testsuite></testsuites>